#
# There is insufficient memory for the Java Runtime Environment to continue.
# Native memory allocation (mmap) failed to map 307232768 bytes for G1 virtual space
# Possible reasons:
#   The system is out of physical RAM or swap space
#   The process is running with CompressedOops enabled, and the Java Heap may be blocking the growth of the native heap
# Possible solutions:
#   Reduce memory load on the system
#   Increase physical memory or swap space
#   Check if swap backing store is full
#   Decrease Java heap size (-Xmx/-Xms)
#   Decrease number of Java threads
#   Decrease Java thread stack sizes (-Xss)
#   Set larger code cache with -XX:ReservedCodeCacheSize=
#   JVM is running with Unscaled Compressed Oops mode in which the Java heap is
#     placed in the first 4GB address space. The Java Heap base address is the
#     maximum limit for the native heap growth. Please use -XX:HeapBaseMinAddress
#     to set the Java Heap base and to place the Java Heap above 4GB virtual address.
# This output file may be truncated or incomplete.
#
#  Out of Memory Error (os_windows.cpp:3541), pid=7448, tid=16668
#
# JRE version: OpenJDK Runtime Environment Temurin-17.0.4.1+1 (17.0.4.1+1) (build 17.0.4.1+1)
# Java VM: OpenJDK 64-Bit Server VM Temurin-17.0.4.1+1 (17.0.4.1+1, mixed mode, sharing, tiered, compressed oops, compressed class ptrs, g1 gc, windows-amd64)
# No core dump will be written. Minidumps are not enabled by default on client versions of Windows
#

---------------  S U M M A R Y ------------

Command Line: -XX:MaxGCPauseMillis=50 -agentlib:jdwp=transport=dt_shmem,address=javadebug -Dfile.encoding=UTF-8 bluej.runtime.ExecServer UTF-8

Host: Intel(R) Core(TM) i5-8265U CPU @ 1.60GHz, 8 cores, 7G,  Windows 11 , 64 bit Build 22621 (10.0.22621.3374)
Time: Tue May 28 18:24:37 2024  Windows 11 , 64 bit Build 22621 (10.0.22621.3374) elapsed time: 2152.804325 seconds (0d 0h 35m 52s)

---------------  T H R E A D  ---------------

Current thread (0x000001ccf8ef4f20):  VMThread "VM Thread" [stack: 0x0000005cba100000,0x0000005cba200000] [id=16668]

Stack: [0x0000005cba100000,0x0000005cba200000]
Native frames: (J=compiled Java code, j=interpreted, Vv=VM code, C=native code)
V  [jvm.dll+0x67731a]
V  [jvm.dll+0x832284]
V  [jvm.dll+0x833a2e]
V  [jvm.dll+0x834093]
V  [jvm.dll+0x245775]
V  [jvm.dll+0x674209]
V  [jvm.dll+0x668a92]
V  [jvm.dll+0x30471b]
V  [jvm.dll+0x30bc66]
V  [jvm.dll+0x35ba9e]
V  [jvm.dll+0x35bccf]
V  [jvm.dll+0x2db5b8]
V  [jvm.dll+0x2d986c]
V  [jvm.dll+0x2d8e3c]
V  [jvm.dll+0x31d0c1]
V  [jvm.dll+0x83853b]
V  [jvm.dll+0x839274]
V  [jvm.dll+0x83978c]
V  [jvm.dll+0x839b64]
V  [jvm.dll+0x839c30]
V  [jvm.dll+0x7e240a]
V  [jvm.dll+0x6761a5]
C  [ucrtbase.dll+0x29333]
C  [KERNEL32.DLL+0x1257d]
C  [ntdll.dll+0x5aa48]

VM_Operation (0x0000005cbc6feb50): G1TryInitiateConcMark, mode: safepoint, requested by thread 0x000001ccfac8abd0


---------------  P R O C E S S  ---------------

Threads class SMR info:
_java_thread_list=0x000001ccfae5cc40, length=25, elements={
0x000001ccf8ef8e20, 0x000001ccf8ef9ba0, 0x000001ccf8f11d90, 0x000001ccf8f12850,
0x000001ccf8f15220, 0x000001ccf8f19b00, 0x000001ccf8f1b7b0, 0x000001ccf8f1c160,
0x000001ccf8f1fa80, 0x000001ccf9a43840, 0x000001ccf9a49d20, 0x000001ccf9a4a210,
0x000001ccf9a50140, 0x000001ccf9a54880, 0x000001ccf9fa9040, 0x000001ccf9fb3200,
0x000001ccf9fc1750, 0x000001ccdac34c70, 0x000001ccfac8a230, 0x000001ccfac893c0,
0x000001ccfac89d60, 0x000001ccfac8abd0, 0x000001ccfac8ba40, 0x000001ccfac89890,
0x000001ccfb2f83c0
}

Java Threads: ( => current thread )
  0x000001ccf8ef8e20 JavaThread "Reference Handler" daemon [_thread_blocked, id=15612, stack(0x0000005cba200000,0x0000005cba300000)]
  0x000001ccf8ef9ba0 JavaThread "Finalizer" daemon [_thread_blocked, id=16792, stack(0x0000005cba300000,0x0000005cba400000)]
  0x000001ccf8f11d90 JavaThread "Signal Dispatcher" daemon [_thread_blocked, id=8864, stack(0x0000005cba400000,0x0000005cba500000)]
  0x000001ccf8f12850 JavaThread "Attach Listener" daemon [_thread_blocked, id=4048, stack(0x0000005cba500000,0x0000005cba600000)]
  0x000001ccf8f15220 JavaThread "Service Thread" daemon [_thread_blocked, id=7256, stack(0x0000005cba600000,0x0000005cba700000)]
  0x000001ccf8f19b00 JavaThread "Monitor Deflation Thread" daemon [_thread_blocked, id=17564, stack(0x0000005cba700000,0x0000005cba800000)]
  0x000001ccf8f1b7b0 JavaThread "C2 CompilerThread0" daemon [_thread_blocked, id=8276, stack(0x0000005cba800000,0x0000005cba900000)]
  0x000001ccf8f1c160 JavaThread "C1 CompilerThread0" daemon [_thread_blocked, id=14636, stack(0x0000005cba900000,0x0000005cbaa00000)]
  0x000001ccf8f1fa80 JavaThread "Sweeper thread" daemon [_thread_blocked, id=1920, stack(0x0000005cbaa00000,0x0000005cbab00000)]
  0x000001ccf9a43840 JavaThread "JDWP Transport Listener: dt_shmem" daemon [_thread_blocked, id=8448, stack(0x0000005cbab00000,0x0000005cbac00000)]
  0x000001ccf9a49d20 JavaThread "JDWP Event Helper Thread" daemon [_thread_blocked, id=14536, stack(0x0000005cbac00000,0x0000005cbad00000)]
  0x000001ccf9a4a210 JavaThread "JDWP Command Reader" daemon [_thread_in_native, id=4028, stack(0x0000005cbad00000,0x0000005cbae00000)]
  0x000001ccf9a50140 JavaThread "Notification Thread" daemon [_thread_blocked, id=10368, stack(0x0000005cbae00000,0x0000005cbaf00000)]
  0x000001ccf9a54880 JavaThread "Common-Cleaner" daemon [_thread_blocked, id=17848, stack(0x0000005cbb000000,0x0000005cbb100000)]
  0x000001ccf9fa9040 JavaThread "Java2D Disposer" daemon [_thread_blocked, id=19584, stack(0x0000005cbb100000,0x0000005cbb200000)]
  0x000001ccf9fb3200 JavaThread "AWT-Windows" daemon [_thread_in_native, id=14372, stack(0x0000005cbb300000,0x0000005cbb400000)]
  0x000001ccf9fc1750 JavaThread "BlueJ worker thread" [_thread_blocked, id=7488, stack(0x0000005cbb500000,0x0000005cbb600000)]
  0x000001ccdac34c70 JavaThread "DestroyJavaVM" [_thread_blocked, id=9268, stack(0x0000005cb9b00000,0x0000005cb9c00000)]
  0x000001ccfac8a230 JavaThread "QuantumRenderer-0" daemon [_thread_blocked, id=16252, stack(0x0000005cbc000000,0x0000005cbc100000)]
  0x000001ccfac893c0 JavaThread "InvokeLaterDispatcher" daemon [_thread_blocked, id=10660, stack(0x0000005cbc100000,0x0000005cbc200000)]
  0x000001ccfac89d60 JavaThread "JavaFX Application Thread" [_thread_in_native, id=11684, stack(0x0000005cbc200000,0x0000005cbc300000)]
  0x000001ccfac8abd0 JavaThread "VMCommsSimulation" [_thread_blocked, id=7164, stack(0x0000005cbc600000,0x0000005cbc700000)]
  0x000001ccfac8ba40 JavaThread "Thread-2" daemon [_thread_blocked, id=15320, stack(0x0000005cbb400000,0x0000005cbb500000)]
  0x000001ccfac89890 JavaThread "SimulationThread" [_thread_blocked, id=10816, stack(0x0000005cbc700000,0x0000005cbc800000)]
  0x000001ccfb2f83c0 JavaThread "main" [_thread_blocked, id=17012, stack(0x0000005cb9900000,0x0000005cb9a00000)]

Other Threads:
=>0x000001ccf8ef4f20 VMThread "VM Thread" [stack: 0x0000005cba100000,0x0000005cba200000] [id=16668]
  0x000001ccdacaad30 WatcherThread [stack: 0x0000005cbaf00000,0x0000005cbb000000] [id=2132]
  0x000001ccdac8dfa0 GCTaskThread "GC Thread#0" [stack: 0x0000005cb9c00000,0x0000005cb9d00000] [id=1356]
  0x000001ccfa1b5b20 GCTaskThread "GC Thread#1" [stack: 0x0000005cbb600000,0x0000005cbb700000] [id=5196]
  0x000001ccfa1aba70 GCTaskThread "GC Thread#2" [stack: 0x0000005cbb800000,0x0000005cbb900000] [id=15788]
  0x000001ccfa1b8e50 GCTaskThread "GC Thread#3" [stack: 0x0000005cbb900000,0x0000005cbba00000] [id=17692]
  0x000001ccfa1d5d60 GCTaskThread "GC Thread#4" [stack: 0x0000005cbba00000,0x0000005cbbb00000] [id=17268]
  0x000001ccfa1eb450 GCTaskThread "GC Thread#5" [stack: 0x0000005cbbb00000,0x0000005cbbc00000] [id=5872]
  0x000001ccfa1ec710 GCTaskThread "GC Thread#6" [stack: 0x0000005cbbc00000,0x0000005cbbd00000] [id=12440]
  0x000001ccfa1fafd0 GCTaskThread "GC Thread#7" [stack: 0x0000005cbbd00000,0x0000005cbbe00000] [id=13692]
  0x000001ccdaca0d90 ConcurrentGCThread "G1 Main Marker" [stack: 0x0000005cb9d00000,0x0000005cb9e00000] [id=10424]
  0x000001ccdaca16b0 ConcurrentGCThread "G1 Conc#0" [stack: 0x0000005cb9e00000,0x0000005cb9f00000] [id=14348]
  0x000001ccfaecd670 ConcurrentGCThread "G1 Conc#1" [stack: 0x0000005cbb200000,0x0000005cbb300000] [id=7856]
  0x000001ccdacfeb90 ConcurrentGCThread "G1 Refine#0" [stack: 0x0000005cb9f00000,0x0000005cba000000] [id=18020]
  0x000001ccf8db4620 ConcurrentGCThread "G1 Service" [stack: 0x0000005cba000000,0x0000005cba100000] [id=7560]

Threads with active compile tasks:

VM state: at safepoint (normal execution)

VM Mutex/Monitor currently owned by a thread:  ([mutex/lock_event])
[0x000001ccdac31990] Threads_lock - owner thread: 0x000001ccf8ef4f20
[0x000001ccdac31bd0] Heap_lock - owner thread: 0x000001ccfac8abd0

Heap address: 0x0000000082400000, size: 2012 MB, Compressed Oops mode: 32-bit

CDS archive(s) mapped at: [0x0000000800000000-0x0000000800bc0000-0x0000000800bc0000), size 12320768, SharedBaseAddress: 0x0000000800000000, ArchiveRelocationMode: 0.
Compressed class space mapped at: 0x0000000800c00000-0x0000000840c00000, reserved size: 1073741824
Narrow klass base: 0x0000000800000000, Narrow klass shift: 0, Narrow klass range: 0x100000000

GC Precious Log:
 CPUs: 8 total, 8 available
 Memory: 8043M
 Large Page Support: Disabled
 NUMA Support: Disabled
 Compressed Oops: Enabled (32-bit)
 Heap Region Size: 1M
 Heap Min Capacity: 8M
 Heap Initial Capacity: 126M
 Heap Max Capacity: 2012M
 Pre-touch: Disabled
 Parallel Workers: 8
 Concurrent Workers: 2
 Concurrent Refinement Workers: 8
 Periodic GC: Disabled

Heap:
 garbage-first heap   total 313344K, used 70023K [0x0000000082400000, 0x0000000100000000)
  region size 1024K, 1 young (1024K), 1 survivors (1024K)
 Metaspace       used 11453K, committed 11712K, reserved 1064960K
  class space    used 1059K, committed 1152K, reserved 1048576K

Heap Regions: E=young(eden), S=young(survivor), O=old, HS=humongous(starts), HC=humongous(continues), CS=collection set, F=free, OA=open archive, CA=closed archive, TAMS=top-at-mark-start (previous, next)
|   0|0x0000000082400000, 0x00000000824fb210, 0x0000000082500000| 98%| O|  |TAMS 0x00000000824fb210, 0x00000000824fb210| Untracked 
|   1|0x0000000082500000, 0x00000000825f06a8, 0x0000000082600000| 93%| O|  |TAMS 0x00000000825f06a8, 0x00000000825f06a8| Untracked 
|   2|0x0000000082600000, 0x0000000082700000, 0x0000000082700000|100%| O|  |TAMS 0x0000000082700000, 0x0000000082700000| Untracked 
|   3|0x0000000082700000, 0x00000000827e4310, 0x0000000082800000| 89%| O|  |TAMS 0x00000000827e4310, 0x00000000827e4310| Untracked 
|   4|0x0000000082800000, 0x00000000828e1d70, 0x0000000082900000| 88%| O|  |TAMS 0x00000000828e1d70, 0x00000000828e1d70| Untracked 
|   5|0x0000000082900000, 0x00000000829f6a90, 0x0000000082a00000| 96%| O|  |TAMS 0x00000000829f6a90, 0x00000000829f6a90| Untracked 
|   6|0x0000000082a00000, 0x0000000082ae0278, 0x0000000082b00000| 87%| O|  |TAMS 0x0000000082ae0278, 0x0000000082ae0278| Untracked 
|   7|0x0000000082b00000, 0x0000000082bc4798, 0x0000000082c00000| 76%| O|  |TAMS 0x0000000082bc4798, 0x0000000082bc4798| Untracked 
|   8|0x0000000082c00000, 0x0000000082c5fd58, 0x0000000082d00000| 37%| O|  |TAMS 0x0000000082c5fd58, 0x0000000082c5fd58| Untracked 
|   9|0x0000000082d00000, 0x0000000082e00000, 0x0000000082e00000|100%|HS|  |TAMS 0x0000000082e00000, 0x0000000082e00000| Complete 
|  10|0x0000000082e00000, 0x0000000082f00000, 0x0000000082f00000|100%|HS|  |TAMS 0x0000000082f00000, 0x0000000082f00000| Complete 
|  11|0x0000000082f00000, 0x0000000082f00000, 0x0000000083000000|  0%| F|  |TAMS 0x0000000082f00000, 0x0000000082f00000| Untracked 
|  12|0x0000000083000000, 0x0000000083100000, 0x0000000083100000|100%|HS|  |TAMS 0x0000000083100000, 0x0000000083100000| Complete 
|  13|0x0000000083100000, 0x0000000083200000, 0x0000000083200000|100%|HS|  |TAMS 0x0000000083200000, 0x0000000083200000| Complete 
|  14|0x0000000083200000, 0x0000000083300000, 0x0000000083300000|100%|HC|  |TAMS 0x0000000083300000, 0x0000000083300000| Complete 
|  15|0x0000000083300000, 0x0000000083400000, 0x0000000083400000|100%|HC|  |TAMS 0x0000000083400000, 0x0000000083400000| Complete 
|  16|0x0000000083400000, 0x0000000083500000, 0x0000000083500000|100%|HC|  |TAMS 0x0000000083500000, 0x0000000083500000| Complete 
|  17|0x0000000083500000, 0x0000000083600000, 0x0000000083600000|100%|HC|  |TAMS 0x0000000083600000, 0x0000000083600000| Complete 
|  18|0x0000000083600000, 0x0000000083700000, 0x0000000083700000|100%|HC|  |TAMS 0x0000000083700000, 0x0000000083700000| Complete 
|  19|0x0000000083700000, 0x0000000083800000, 0x0000000083800000|100%|HC|  |TAMS 0x0000000083800000, 0x0000000083800000| Complete 
|  20|0x0000000083800000, 0x0000000083900000, 0x0000000083900000|100%|HC|  |TAMS 0x0000000083900000, 0x0000000083900000| Complete 
|  21|0x0000000083900000, 0x0000000083900000, 0x0000000083a00000|  0%| F|  |TAMS 0x0000000083900000, 0x0000000083900000| Untracked 
|  22|0x0000000083a00000, 0x0000000083a00000, 0x0000000083b00000|  0%| F|  |TAMS 0x0000000083a00000, 0x0000000083a00000| Untracked 
|  23|0x0000000083b00000, 0x0000000083b00000, 0x0000000083c00000|  0%| F|  |TAMS 0x0000000083b00000, 0x0000000083b00000| Untracked 
|  24|0x0000000083c00000, 0x0000000083d00000, 0x0000000083d00000|100%|HS|  |TAMS 0x0000000083d00000, 0x0000000083d00000| Complete 
|  25|0x0000000083d00000, 0x0000000083e00000, 0x0000000083e00000|100%|HC|  |TAMS 0x0000000083e00000, 0x0000000083e00000| Complete 
|  26|0x0000000083e00000, 0x0000000083f00000, 0x0000000083f00000|100%|HC|  |TAMS 0x0000000083f00000, 0x0000000083f00000| Complete 
|  27|0x0000000083f00000, 0x0000000084000000, 0x0000000084000000|100%|HC|  |TAMS 0x0000000084000000, 0x0000000084000000| Complete 
|  28|0x0000000084000000, 0x0000000084100000, 0x0000000084100000|100%|HC|  |TAMS 0x0000000084100000, 0x0000000084100000| Complete 
|  29|0x0000000084100000, 0x0000000084200000, 0x0000000084200000|100%|HC|  |TAMS 0x0000000084200000, 0x0000000084200000| Complete 
|  30|0x0000000084200000, 0x0000000084300000, 0x0000000084300000|100%|HC|  |TAMS 0x0000000084300000, 0x0000000084300000| Complete 
|  31|0x0000000084300000, 0x0000000084400000, 0x0000000084400000|100%|HC|  |TAMS 0x0000000084400000, 0x0000000084400000| Complete 
|  32|0x0000000084400000, 0x0000000084500000, 0x0000000084500000|100%|HS|  |TAMS 0x0000000084500000, 0x0000000084500000| Complete 
|  33|0x0000000084500000, 0x0000000084600000, 0x0000000084600000|100%|HC|  |TAMS 0x0000000084600000, 0x0000000084600000| Complete 
|  34|0x0000000084600000, 0x0000000084700000, 0x0000000084700000|100%|HC|  |TAMS 0x0000000084700000, 0x0000000084700000| Complete 
|  35|0x0000000084700000, 0x0000000084800000, 0x0000000084800000|100%|HC|  |TAMS 0x0000000084800000, 0x0000000084800000| Complete 
|  36|0x0000000084800000, 0x0000000084900000, 0x0000000084900000|100%|HC|  |TAMS 0x0000000084900000, 0x0000000084900000| Complete 
|  37|0x0000000084900000, 0x0000000084a00000, 0x0000000084a00000|100%|HC|  |TAMS 0x0000000084a00000, 0x0000000084a00000| Complete 
|  38|0x0000000084a00000, 0x0000000084b00000, 0x0000000084b00000|100%|HC|  |TAMS 0x0000000084b00000, 0x0000000084b00000| Complete 
|  39|0x0000000084b00000, 0x0000000084c00000, 0x0000000084c00000|100%|HC|  |TAMS 0x0000000084c00000, 0x0000000084c00000| Complete 
|  40|0x0000000084c00000, 0x0000000084d00000, 0x0000000084d00000|100%|HS|  |TAMS 0x0000000084d00000, 0x0000000084d00000| Complete 
|  41|0x0000000084d00000, 0x0000000084e00000, 0x0000000084e00000|100%|HC|  |TAMS 0x0000000084e00000, 0x0000000084e00000| Complete 
|  42|0x0000000084e00000, 0x0000000084f00000, 0x0000000084f00000|100%|HC|  |TAMS 0x0000000084f00000, 0x0000000084f00000| Complete 
|  43|0x0000000084f00000, 0x0000000085000000, 0x0000000085000000|100%|HC|  |TAMS 0x0000000085000000, 0x0000000085000000| Complete 
|  44|0x0000000085000000, 0x0000000085100000, 0x0000000085100000|100%|HC|  |TAMS 0x0000000085100000, 0x0000000085100000| Complete 
|  45|0x0000000085100000, 0x0000000085200000, 0x0000000085200000|100%|HC|  |TAMS 0x0000000085200000, 0x0000000085200000| Complete 
|  46|0x0000000085200000, 0x0000000085300000, 0x0000000085300000|100%|HC|  |TAMS 0x0000000085300000, 0x0000000085300000| Complete 
|  47|0x0000000085300000, 0x0000000085400000, 0x0000000085400000|100%|HC|  |TAMS 0x0000000085400000, 0x0000000085400000| Complete 
|  48|0x0000000085400000, 0x0000000085500000, 0x0000000085500000|100%|HS|  |TAMS 0x0000000085500000, 0x0000000085500000| Complete 
|  49|0x0000000085500000, 0x0000000085600000, 0x0000000085600000|100%|HC|  |TAMS 0x0000000085600000, 0x0000000085600000| Complete 
|  50|0x0000000085600000, 0x0000000085700000, 0x0000000085700000|100%|HC|  |TAMS 0x0000000085700000, 0x0000000085700000| Complete 
|  51|0x0000000085700000, 0x0000000085800000, 0x0000000085800000|100%|HC|  |TAMS 0x0000000085800000, 0x0000000085800000| Complete 
|  52|0x0000000085800000, 0x0000000085900000, 0x0000000085900000|100%|HC|  |TAMS 0x0000000085900000, 0x0000000085900000| Complete 
|  53|0x0000000085900000, 0x0000000085a00000, 0x0000000085a00000|100%|HC|  |TAMS 0x0000000085a00000, 0x0000000085a00000| Complete 
|  54|0x0000000085a00000, 0x0000000085b00000, 0x0000000085b00000|100%|HC|  |TAMS 0x0000000085b00000, 0x0000000085b00000| Complete 
|  55|0x0000000085b00000, 0x0000000085c00000, 0x0000000085c00000|100%|HC|  |TAMS 0x0000000085c00000, 0x0000000085c00000| Complete 
|  56|0x0000000085c00000, 0x0000000085d00000, 0x0000000085d00000|100%|HS|  |TAMS 0x0000000085d00000, 0x0000000085d00000| Complete 
|  57|0x0000000085d00000, 0x0000000085e00000, 0x0000000085e00000|100%|HC|  |TAMS 0x0000000085e00000, 0x0000000085e00000| Complete 
|  58|0x0000000085e00000, 0x0000000085f00000, 0x0000000085f00000|100%|HC|  |TAMS 0x0000000085f00000, 0x0000000085f00000| Complete 
|  59|0x0000000085f00000, 0x0000000086000000, 0x0000000086000000|100%|HC|  |TAMS 0x0000000086000000, 0x0000000086000000| Complete 
|  60|0x0000000086000000, 0x0000000086100000, 0x0000000086100000|100%|HC|  |TAMS 0x0000000086100000, 0x0000000086100000| Complete 
|  61|0x0000000086100000, 0x0000000086200000, 0x0000000086200000|100%|HC|  |TAMS 0x0000000086200000, 0x0000000086200000| Complete 
|  62|0x0000000086200000, 0x0000000086300000, 0x0000000086300000|100%|HC|  |TAMS 0x0000000086300000, 0x0000000086300000| Complete 
|  63|0x0000000086300000, 0x0000000086400000, 0x0000000086400000|100%|HC|  |TAMS 0x0000000086400000, 0x0000000086400000| Complete 
|  64|0x0000000086400000, 0x0000000086400000, 0x0000000086500000|  0%| F|  |TAMS 0x0000000086400000, 0x0000000086400000| Untracked 
|  65|0x0000000086500000, 0x0000000086500000, 0x0000000086600000|  0%| F|  |TAMS 0x0000000086500000, 0x0000000086500000| Untracked 
|  66|0x0000000086600000, 0x0000000086600000, 0x0000000086700000|  0%| F|  |TAMS 0x0000000086600000, 0x0000000086600000| Untracked 
|  67|0x0000000086700000, 0x0000000086700000, 0x0000000086800000|  0%| F|  |TAMS 0x0000000086700000, 0x0000000086700000| Untracked 
|  68|0x0000000086800000, 0x0000000086800000, 0x0000000086900000|  0%| F|  |TAMS 0x0000000086800000, 0x0000000086800000| Untracked 
|  69|0x0000000086900000, 0x0000000086900000, 0x0000000086a00000|  0%| F|  |TAMS 0x0000000086900000, 0x0000000086900000| Untracked 
|  70|0x0000000086a00000, 0x0000000086a00000, 0x0000000086b00000|  0%| F|  |TAMS 0x0000000086a00000, 0x0000000086a00000| Untracked 
|  71|0x0000000086b00000, 0x0000000086b00000, 0x0000000086c00000|  0%| F|  |TAMS 0x0000000086b00000, 0x0000000086b00000| Untracked 
|  72|0x0000000086c00000, 0x0000000086d00000, 0x0000000086d00000|100%|HS|  |TAMS 0x0000000086d00000, 0x0000000086d00000| Complete 
|  73|0x0000000086d00000, 0x0000000086e00000, 0x0000000086e00000|100%|HC|  |TAMS 0x0000000086e00000, 0x0000000086e00000| Complete 
|  74|0x0000000086e00000, 0x0000000086f00000, 0x0000000086f00000|100%|HC|  |TAMS 0x0000000086f00000, 0x0000000086f00000| Complete 
|  75|0x0000000086f00000, 0x0000000087000000, 0x0000000087000000|100%|HC|  |TAMS 0x0000000087000000, 0x0000000087000000| Complete 
|  76|0x0000000087000000, 0x0000000087100000, 0x0000000087100000|100%|HC|  |TAMS 0x0000000087100000, 0x0000000087100000| Complete 
|  77|0x0000000087100000, 0x0000000087200000, 0x0000000087200000|100%|HC|  |TAMS 0x0000000087200000, 0x0000000087200000| Complete 
|  78|0x0000000087200000, 0x0000000087300000, 0x0000000087300000|100%|HC|  |TAMS 0x0000000087300000, 0x0000000087300000| Complete 
|  79|0x0000000087300000, 0x0000000087400000, 0x0000000087400000|100%|HC|  |TAMS 0x0000000087400000, 0x0000000087400000| Complete 
|  80|0x0000000087400000, 0x0000000087400000, 0x0000000087500000|  0%| F|  |TAMS 0x0000000087400000, 0x0000000087400000| Untracked 
|  81|0x0000000087500000, 0x0000000087600000, 0x0000000087600000|100%|HS|  |TAMS 0x0000000087600000, 0x0000000087600000| Complete 
|  82|0x0000000087600000, 0x0000000087600000, 0x0000000087700000|  0%| F|  |TAMS 0x0000000087600000, 0x0000000087600000| Untracked 
|  83|0x0000000087700000, 0x0000000087700000, 0x0000000087800000|  0%| F|  |TAMS 0x0000000087700000, 0x0000000087700000| Untracked 
|  84|0x0000000087800000, 0x0000000087800000, 0x0000000087900000|  0%| F|  |TAMS 0x0000000087800000, 0x0000000087800000| Untracked 
|  85|0x0000000087900000, 0x0000000087900000, 0x0000000087a00000|  0%| F|  |TAMS 0x0000000087900000, 0x0000000087900000| Untracked 
|  86|0x0000000087a00000, 0x0000000087a00000, 0x0000000087b00000|  0%| F|  |TAMS 0x0000000087a00000, 0x0000000087a00000| Untracked 
|  87|0x0000000087b00000, 0x0000000087b00000, 0x0000000087c00000|  0%| F|  |TAMS 0x0000000087b00000, 0x0000000087b00000| Untracked 
|  88|0x0000000087c00000, 0x0000000087c00000, 0x0000000087d00000|  0%| F|  |TAMS 0x0000000087c00000, 0x0000000087c00000| Untracked 
|  89|0x0000000087d00000, 0x0000000087d00000, 0x0000000087e00000|  0%| F|  |TAMS 0x0000000087d00000, 0x0000000087d00000| Untracked 
|  90|0x0000000087e00000, 0x0000000087e00000, 0x0000000087f00000|  0%| F|  |TAMS 0x0000000087e00000, 0x0000000087e00000| Untracked 
|  91|0x0000000087f00000, 0x0000000087f00000, 0x0000000088000000|  0%| F|  |TAMS 0x0000000087f00000, 0x0000000087f00000| Untracked 
|  92|0x0000000088000000, 0x0000000088000000, 0x0000000088100000|  0%| F|  |TAMS 0x0000000088000000, 0x0000000088000000| Untracked 
|  93|0x0000000088100000, 0x0000000088100000, 0x0000000088200000|  0%| F|  |TAMS 0x0000000088100000, 0x0000000088100000| Untracked 
|  94|0x0000000088200000, 0x0000000088200000, 0x0000000088300000|  0%| F|  |TAMS 0x0000000088200000, 0x0000000088200000| Untracked 
|  95|0x0000000088300000, 0x0000000088300000, 0x0000000088400000|  0%| F|  |TAMS 0x0000000088300000, 0x0000000088300000| Untracked 
|  96|0x0000000088400000, 0x0000000088400000, 0x0000000088500000|  0%| F|  |TAMS 0x0000000088400000, 0x0000000088400000| Untracked 
|  97|0x0000000088500000, 0x0000000088500000, 0x0000000088600000|  0%| F|  |TAMS 0x0000000088500000, 0x0000000088500000| Untracked 
|  98|0x0000000088600000, 0x0000000088600000, 0x0000000088700000|  0%| F|  |TAMS 0x0000000088600000, 0x0000000088600000| Untracked 
|  99|0x0000000088700000, 0x0000000088700000, 0x0000000088800000|  0%| F|  |TAMS 0x0000000088700000, 0x0000000088700000| Untracked 
| 100|0x0000000088800000, 0x0000000088800000, 0x0000000088900000|  0%| F|  |TAMS 0x0000000088800000, 0x0000000088800000| Untracked 
| 101|0x0000000088900000, 0x0000000088900000, 0x0000000088a00000|  0%| F|  |TAMS 0x0000000088900000, 0x0000000088900000| Untracked 
| 102|0x0000000088a00000, 0x0000000088a00000, 0x0000000088b00000|  0%| F|  |TAMS 0x0000000088a00000, 0x0000000088a00000| Untracked 
| 103|0x0000000088b00000, 0x0000000088b00000, 0x0000000088c00000|  0%| F|  |TAMS 0x0000000088b00000, 0x0000000088b00000| Untracked 
| 104|0x0000000088c00000, 0x0000000088c00000, 0x0000000088d00000|  0%| F|  |TAMS 0x0000000088c00000, 0x0000000088c00000| Untracked 
| 105|0x0000000088d00000, 0x0000000088d00000, 0x0000000088e00000|  0%| F|  |TAMS 0x0000000088d00000, 0x0000000088d00000| Untracked 
| 106|0x0000000088e00000, 0x0000000088e00000, 0x0000000088f00000|  0%| F|  |TAMS 0x0000000088e00000, 0x0000000088e00000| Untracked 
| 107|0x0000000088f00000, 0x0000000088f00000, 0x0000000089000000|  0%| F|  |TAMS 0x0000000088f00000, 0x0000000088f00000| Untracked 
| 108|0x0000000089000000, 0x0000000089000000, 0x0000000089100000|  0%| F|  |TAMS 0x0000000089000000, 0x0000000089000000| Untracked 
| 109|0x0000000089100000, 0x0000000089100000, 0x0000000089200000|  0%| F|  |TAMS 0x0000000089100000, 0x0000000089100000| Untracked 
| 110|0x0000000089200000, 0x0000000089200000, 0x0000000089300000|  0%| F|  |TAMS 0x0000000089200000, 0x0000000089200000| Untracked 
| 111|0x0000000089300000, 0x0000000089300000, 0x0000000089400000|  0%| F|  |TAMS 0x0000000089300000, 0x0000000089300000| Untracked 
| 112|0x0000000089400000, 0x0000000089400000, 0x0000000089500000|  0%| F|  |TAMS 0x0000000089400000, 0x0000000089400000| Untracked 
| 113|0x0000000089500000, 0x0000000089500000, 0x0000000089600000|  0%| F|  |TAMS 0x0000000089500000, 0x0000000089500000| Untracked 
| 114|0x0000000089600000, 0x0000000089600000, 0x0000000089700000|  0%| F|  |TAMS 0x0000000089600000, 0x0000000089600000| Untracked 
| 115|0x0000000089700000, 0x0000000089700000, 0x0000000089800000|  0%| F|  |TAMS 0x0000000089700000, 0x0000000089700000| Untracked 
| 116|0x0000000089800000, 0x0000000089800000, 0x0000000089900000|  0%| F|  |TAMS 0x0000000089800000, 0x0000000089800000| Untracked 
| 117|0x0000000089900000, 0x0000000089900000, 0x0000000089a00000|  0%| F|  |TAMS 0x0000000089900000, 0x0000000089900000| Untracked 
| 118|0x0000000089a00000, 0x0000000089a00000, 0x0000000089b00000|  0%| F|  |TAMS 0x0000000089a00000, 0x0000000089a00000| Untracked 
| 119|0x0000000089b00000, 0x0000000089b00000, 0x0000000089c00000|  0%| F|  |TAMS 0x0000000089b00000, 0x0000000089b00000| Untracked 
| 120|0x0000000089c00000, 0x0000000089c00000, 0x0000000089d00000|  0%| F|  |TAMS 0x0000000089c00000, 0x0000000089c00000| Untracked 
| 121|0x0000000089d00000, 0x0000000089d00000, 0x0000000089e00000|  0%| F|  |TAMS 0x0000000089d00000, 0x0000000089d00000| Untracked 
| 122|0x0000000089e00000, 0x0000000089e00000, 0x0000000089f00000|  0%| F|  |TAMS 0x0000000089e00000, 0x0000000089e00000| Untracked 
| 123|0x0000000089f00000, 0x0000000089f00000, 0x000000008a000000|  0%| F|  |TAMS 0x0000000089f00000, 0x0000000089f00000| Untracked 
| 124|0x000000008a000000, 0x000000008a000000, 0x000000008a100000|  0%| F|  |TAMS 0x000000008a000000, 0x000000008a000000| Untracked 
| 125|0x000000008a100000, 0x000000008a100000, 0x000000008a200000|  0%| F|  |TAMS 0x000000008a100000, 0x000000008a100000| Untracked 
| 126|0x000000008a200000, 0x000000008a200000, 0x000000008a300000|  0%| F|  |TAMS 0x000000008a200000, 0x000000008a200000| Untracked 
| 127|0x000000008a300000, 0x000000008a300000, 0x000000008a400000|  0%| F|  |TAMS 0x000000008a300000, 0x000000008a300000| Untracked 
| 128|0x000000008a400000, 0x000000008a400000, 0x000000008a500000|  0%| F|  |TAMS 0x000000008a400000, 0x000000008a400000| Untracked 
| 129|0x000000008a500000, 0x000000008a500000, 0x000000008a600000|  0%| F|  |TAMS 0x000000008a500000, 0x000000008a500000| Untracked 
| 130|0x000000008a600000, 0x000000008a600000, 0x000000008a700000|  0%| F|  |TAMS 0x000000008a600000, 0x000000008a600000| Untracked 
| 131|0x000000008a700000, 0x000000008a700000, 0x000000008a800000|  0%| F|  |TAMS 0x000000008a700000, 0x000000008a700000| Untracked 
| 132|0x000000008a800000, 0x000000008a800000, 0x000000008a900000|  0%| F|  |TAMS 0x000000008a800000, 0x000000008a800000| Untracked 
| 133|0x000000008a900000, 0x000000008a900000, 0x000000008aa00000|  0%| F|  |TAMS 0x000000008a900000, 0x000000008a900000| Untracked 
| 134|0x000000008aa00000, 0x000000008aa00000, 0x000000008ab00000|  0%| F|  |TAMS 0x000000008aa00000, 0x000000008aa00000| Untracked 
| 135|0x000000008ab00000, 0x000000008ab00000, 0x000000008ac00000|  0%| F|  |TAMS 0x000000008ab00000, 0x000000008ab00000| Untracked 
| 136|0x000000008ac00000, 0x000000008ac00000, 0x000000008ad00000|  0%| F|  |TAMS 0x000000008ac00000, 0x000000008ac00000| Untracked 
| 137|0x000000008ad00000, 0x000000008ad00000, 0x000000008ae00000|  0%| F|  |TAMS 0x000000008ad00000, 0x000000008ad00000| Untracked 
| 138|0x000000008ae00000, 0x000000008ae00000, 0x000000008af00000|  0%| F|  |TAMS 0x000000008ae00000, 0x000000008ae00000| Untracked 
| 139|0x000000008af00000, 0x000000008af00000, 0x000000008b000000|  0%| F|  |TAMS 0x000000008af00000, 0x000000008af00000| Untracked 
| 140|0x000000008b000000, 0x000000008b000000, 0x000000008b100000|  0%| F|  |TAMS 0x000000008b000000, 0x000000008b000000| Untracked 
| 141|0x000000008b100000, 0x000000008b100000, 0x000000008b200000|  0%| F|  |TAMS 0x000000008b100000, 0x000000008b100000| Untracked 
| 142|0x000000008b200000, 0x000000008b200000, 0x000000008b300000|  0%| F|  |TAMS 0x000000008b200000, 0x000000008b200000| Untracked 
| 143|0x000000008b300000, 0x000000008b300000, 0x000000008b400000|  0%| F|  |TAMS 0x000000008b300000, 0x000000008b300000| Untracked 
| 144|0x000000008b400000, 0x000000008b400000, 0x000000008b500000|  0%| F|  |TAMS 0x000000008b400000, 0x000000008b400000| Untracked 
| 145|0x000000008b500000, 0x000000008b500000, 0x000000008b600000|  0%| F|  |TAMS 0x000000008b500000, 0x000000008b500000| Untracked 
| 146|0x000000008b600000, 0x000000008b600000, 0x000000008b700000|  0%| F|  |TAMS 0x000000008b600000, 0x000000008b600000| Untracked 
| 147|0x000000008b700000, 0x000000008b700000, 0x000000008b800000|  0%| F|  |TAMS 0x000000008b700000, 0x000000008b700000| Untracked 
| 148|0x000000008b800000, 0x000000008b800000, 0x000000008b900000|  0%| F|  |TAMS 0x000000008b800000, 0x000000008b800000| Untracked 
| 149|0x000000008b900000, 0x000000008b900000, 0x000000008ba00000|  0%| F|  |TAMS 0x000000008b900000, 0x000000008b900000| Untracked 
| 150|0x000000008ba00000, 0x000000008ba00000, 0x000000008bb00000|  0%| F|  |TAMS 0x000000008ba00000, 0x000000008ba00000| Untracked 
| 151|0x000000008bb00000, 0x000000008bb00000, 0x000000008bc00000|  0%| F|  |TAMS 0x000000008bb00000, 0x000000008bb00000| Untracked 
| 152|0x000000008bc00000, 0x000000008bc00000, 0x000000008bd00000|  0%| F|  |TAMS 0x000000008bc00000, 0x000000008bc00000| Untracked 
| 153|0x000000008bd00000, 0x000000008bd00000, 0x000000008be00000|  0%| F|  |TAMS 0x000000008bd00000, 0x000000008bd00000| Untracked 
| 154|0x000000008be00000, 0x000000008be00000, 0x000000008bf00000|  0%| F|  |TAMS 0x000000008be00000, 0x000000008be00000| Untracked 
| 155|0x000000008bf00000, 0x000000008bf00000, 0x000000008c000000|  0%| F|  |TAMS 0x000000008bf00000, 0x000000008bf00000| Untracked 
| 156|0x000000008c000000, 0x000000008c000000, 0x000000008c100000|  0%| F|  |TAMS 0x000000008c000000, 0x000000008c000000| Untracked 
| 157|0x000000008c100000, 0x000000008c100000, 0x000000008c200000|  0%| F|  |TAMS 0x000000008c100000, 0x000000008c100000| Untracked 
| 158|0x000000008c200000, 0x000000008c200000, 0x000000008c300000|  0%| F|  |TAMS 0x000000008c200000, 0x000000008c200000| Untracked 
| 159|0x000000008c300000, 0x000000008c300000, 0x000000008c400000|  0%| F|  |TAMS 0x000000008c300000, 0x000000008c300000| Untracked 
| 160|0x000000008c400000, 0x000000008c400000, 0x000000008c500000|  0%| F|  |TAMS 0x000000008c400000, 0x000000008c400000| Untracked 
| 161|0x000000008c500000, 0x000000008c500000, 0x000000008c600000|  0%| F|  |TAMS 0x000000008c500000, 0x000000008c500000| Untracked 
| 162|0x000000008c600000, 0x000000008c600000, 0x000000008c700000|  0%| F|  |TAMS 0x000000008c600000, 0x000000008c600000| Untracked 
| 163|0x000000008c700000, 0x000000008c700000, 0x000000008c800000|  0%| F|  |TAMS 0x000000008c700000, 0x000000008c700000| Untracked 
| 164|0x000000008c800000, 0x000000008c800000, 0x000000008c900000|  0%| F|  |TAMS 0x000000008c800000, 0x000000008c800000| Untracked 
| 165|0x000000008c900000, 0x000000008c900000, 0x000000008ca00000|  0%| F|  |TAMS 0x000000008c900000, 0x000000008c900000| Untracked 
| 166|0x000000008ca00000, 0x000000008ca00000, 0x000000008cb00000|  0%| F|  |TAMS 0x000000008ca00000, 0x000000008ca00000| Untracked 
| 167|0x000000008cb00000, 0x000000008cb00000, 0x000000008cc00000|  0%| F|  |TAMS 0x000000008cb00000, 0x000000008cb00000| Untracked 
| 168|0x000000008cc00000, 0x000000008cc00000, 0x000000008cd00000|  0%| F|  |TAMS 0x000000008cc00000, 0x000000008cc00000| Untracked 
| 169|0x000000008cd00000, 0x000000008cd00000, 0x000000008ce00000|  0%| F|  |TAMS 0x000000008cd00000, 0x000000008cd00000| Untracked 
| 170|0x000000008ce00000, 0x000000008ce00000, 0x000000008cf00000|  0%| F|  |TAMS 0x000000008ce00000, 0x000000008ce00000| Untracked 
| 171|0x000000008cf00000, 0x000000008cf00000, 0x000000008d000000|  0%| F|  |TAMS 0x000000008cf00000, 0x000000008cf00000| Untracked 
| 172|0x000000008d000000, 0x000000008d000000, 0x000000008d100000|  0%| F|  |TAMS 0x000000008d000000, 0x000000008d000000| Untracked 
| 173|0x000000008d100000, 0x000000008d100000, 0x000000008d200000|  0%| F|  |TAMS 0x000000008d100000, 0x000000008d100000| Untracked 
| 174|0x000000008d200000, 0x000000008d200000, 0x000000008d300000|  0%| F|  |TAMS 0x000000008d200000, 0x000000008d200000| Untracked 
| 175|0x000000008d300000, 0x000000008d300000, 0x000000008d400000|  0%| F|  |TAMS 0x000000008d300000, 0x000000008d300000| Untracked 
| 176|0x000000008d400000, 0x000000008d400000, 0x000000008d500000|  0%| F|  |TAMS 0x000000008d400000, 0x000000008d400000| Untracked 
| 177|0x000000008d500000, 0x000000008d500000, 0x000000008d600000|  0%| F|  |TAMS 0x000000008d500000, 0x000000008d500000| Untracked 
| 178|0x000000008d600000, 0x000000008d600000, 0x000000008d700000|  0%| F|  |TAMS 0x000000008d600000, 0x000000008d600000| Untracked 
| 179|0x000000008d700000, 0x000000008d700000, 0x000000008d800000|  0%| F|  |TAMS 0x000000008d700000, 0x000000008d700000| Untracked 
| 180|0x000000008d800000, 0x000000008d800000, 0x000000008d900000|  0%| F|  |TAMS 0x000000008d800000, 0x000000008d800000| Untracked 
| 181|0x000000008d900000, 0x000000008d900000, 0x000000008da00000|  0%| F|  |TAMS 0x000000008d900000, 0x000000008d900000| Untracked 
| 182|0x000000008da00000, 0x000000008da00000, 0x000000008db00000|  0%| F|  |TAMS 0x000000008da00000, 0x000000008da00000| Untracked 
| 183|0x000000008db00000, 0x000000008db00000, 0x000000008dc00000|  0%| F|  |TAMS 0x000000008db00000, 0x000000008db00000| Untracked 
| 184|0x000000008dc00000, 0x000000008dc00000, 0x000000008dd00000|  0%| F|  |TAMS 0x000000008dc00000, 0x000000008dc00000| Untracked 
| 185|0x000000008dd00000, 0x000000008dd00000, 0x000000008de00000|  0%| F|  |TAMS 0x000000008dd00000, 0x000000008dd00000| Untracked 
| 186|0x000000008de00000, 0x000000008de00000, 0x000000008df00000|  0%| F|  |TAMS 0x000000008de00000, 0x000000008de00000| Untracked 
| 187|0x000000008df00000, 0x000000008df00000, 0x000000008e000000|  0%| F|  |TAMS 0x000000008df00000, 0x000000008df00000| Untracked 
| 188|0x000000008e000000, 0x000000008e000000, 0x000000008e100000|  0%| F|  |TAMS 0x000000008e000000, 0x000000008e000000| Untracked 
| 189|0x000000008e100000, 0x000000008e100000, 0x000000008e200000|  0%| F|  |TAMS 0x000000008e100000, 0x000000008e100000| Untracked 
| 190|0x000000008e200000, 0x000000008e200000, 0x000000008e300000|  0%| F|  |TAMS 0x000000008e200000, 0x000000008e200000| Untracked 
| 191|0x000000008e300000, 0x000000008e300000, 0x000000008e400000|  0%| F|  |TAMS 0x000000008e300000, 0x000000008e300000| Untracked 
| 192|0x000000008e400000, 0x000000008e400000, 0x000000008e500000|  0%| F|  |TAMS 0x000000008e400000, 0x000000008e400000| Untracked 
| 193|0x000000008e500000, 0x000000008e500000, 0x000000008e600000|  0%| F|  |TAMS 0x000000008e500000, 0x000000008e500000| Untracked 
| 194|0x000000008e600000, 0x000000008e600000, 0x000000008e700000|  0%| F|  |TAMS 0x000000008e600000, 0x000000008e600000| Untracked 
| 195|0x000000008e700000, 0x000000008e700000, 0x000000008e800000|  0%| F|  |TAMS 0x000000008e700000, 0x000000008e700000| Untracked 
| 196|0x000000008e800000, 0x000000008e800000, 0x000000008e900000|  0%| F|  |TAMS 0x000000008e800000, 0x000000008e800000| Untracked 
| 197|0x000000008e900000, 0x000000008e900000, 0x000000008ea00000|  0%| F|  |TAMS 0x000000008e900000, 0x000000008e900000| Untracked 
| 198|0x000000008ea00000, 0x000000008ea00000, 0x000000008eb00000|  0%| F|  |TAMS 0x000000008ea00000, 0x000000008ea00000| Untracked 
| 199|0x000000008eb00000, 0x000000008eb00000, 0x000000008ec00000|  0%| F|  |TAMS 0x000000008eb00000, 0x000000008eb00000| Untracked 
| 200|0x000000008ec00000, 0x000000008ec00000, 0x000000008ed00000|  0%| F|  |TAMS 0x000000008ec00000, 0x000000008ec00000| Untracked 
| 201|0x000000008ed00000, 0x000000008ed00000, 0x000000008ee00000|  0%| F|  |TAMS 0x000000008ed00000, 0x000000008ed00000| Untracked 
| 202|0x000000008ee00000, 0x000000008ee00000, 0x000000008ef00000|  0%| F|  |TAMS 0x000000008ee00000, 0x000000008ee00000| Untracked 
| 203|0x000000008ef00000, 0x000000008ef00000, 0x000000008f000000|  0%| F|  |TAMS 0x000000008ef00000, 0x000000008ef00000| Untracked 
| 204|0x000000008f000000, 0x000000008f000000, 0x000000008f100000|  0%| F|  |TAMS 0x000000008f000000, 0x000000008f000000| Untracked 
| 205|0x000000008f100000, 0x000000008f100000, 0x000000008f200000|  0%| F|  |TAMS 0x000000008f100000, 0x000000008f100000| Untracked 
| 206|0x000000008f200000, 0x000000008f200000, 0x000000008f300000|  0%| F|  |TAMS 0x000000008f200000, 0x000000008f200000| Untracked 
| 207|0x000000008f300000, 0x000000008f300000, 0x000000008f400000|  0%| F|  |TAMS 0x000000008f300000, 0x000000008f300000| Untracked 
| 208|0x000000008f400000, 0x000000008f400000, 0x000000008f500000|  0%| F|  |TAMS 0x000000008f400000, 0x000000008f400000| Untracked 
| 209|0x000000008f500000, 0x000000008f500000, 0x000000008f600000|  0%| F|  |TAMS 0x000000008f500000, 0x000000008f500000| Untracked 
| 210|0x000000008f600000, 0x000000008f600000, 0x000000008f700000|  0%| F|  |TAMS 0x000000008f600000, 0x000000008f600000| Untracked 
| 211|0x000000008f700000, 0x000000008f700000, 0x000000008f800000|  0%| F|  |TAMS 0x000000008f700000, 0x000000008f700000| Untracked 
| 212|0x000000008f800000, 0x000000008f800000, 0x000000008f900000|  0%| F|  |TAMS 0x000000008f800000, 0x000000008f800000| Untracked 
| 213|0x000000008f900000, 0x000000008f900000, 0x000000008fa00000|  0%| F|  |TAMS 0x000000008f900000, 0x000000008f900000| Untracked 
| 214|0x000000008fa00000, 0x000000008fa00000, 0x000000008fb00000|  0%| F|  |TAMS 0x000000008fa00000, 0x000000008fa00000| Untracked 
| 215|0x000000008fb00000, 0x000000008fb00000, 0x000000008fc00000|  0%| F|  |TAMS 0x000000008fb00000, 0x000000008fb00000| Untracked 
| 216|0x000000008fc00000, 0x000000008fc00000, 0x000000008fd00000|  0%| F|  |TAMS 0x000000008fc00000, 0x000000008fc00000| Untracked 
| 217|0x000000008fd00000, 0x000000008fd00000, 0x000000008fe00000|  0%| F|  |TAMS 0x000000008fd00000, 0x000000008fd00000| Untracked 
| 218|0x000000008fe00000, 0x000000008fe00000, 0x000000008ff00000|  0%| F|  |TAMS 0x000000008fe00000, 0x000000008fe00000| Untracked 
| 219|0x000000008ff00000, 0x000000008ff00000, 0x0000000090000000|  0%| F|  |TAMS 0x000000008ff00000, 0x000000008ff00000| Untracked 
| 220|0x0000000090000000, 0x0000000090000000, 0x0000000090100000|  0%| F|  |TAMS 0x0000000090000000, 0x0000000090000000| Untracked 
| 221|0x0000000090100000, 0x0000000090100000, 0x0000000090200000|  0%| F|  |TAMS 0x0000000090100000, 0x0000000090100000| Untracked 
| 222|0x0000000090200000, 0x0000000090200000, 0x0000000090300000|  0%| F|  |TAMS 0x0000000090200000, 0x0000000090200000| Untracked 
| 223|0x0000000090300000, 0x0000000090300000, 0x0000000090400000|  0%| F|  |TAMS 0x0000000090300000, 0x0000000090300000| Untracked 
| 224|0x0000000090400000, 0x0000000090400000, 0x0000000090500000|  0%| F|  |TAMS 0x0000000090400000, 0x0000000090400000| Untracked 
| 225|0x0000000090500000, 0x0000000090500000, 0x0000000090600000|  0%| F|  |TAMS 0x0000000090500000, 0x0000000090500000| Untracked 
| 226|0x0000000090600000, 0x0000000090600000, 0x0000000090700000|  0%| F|  |TAMS 0x0000000090600000, 0x0000000090600000| Untracked 
| 227|0x0000000090700000, 0x0000000090700000, 0x0000000090800000|  0%| F|  |TAMS 0x0000000090700000, 0x0000000090700000| Untracked 
| 228|0x0000000090800000, 0x0000000090800000, 0x0000000090900000|  0%| F|  |TAMS 0x0000000090800000, 0x0000000090800000| Untracked 
| 229|0x0000000090900000, 0x0000000090900000, 0x0000000090a00000|  0%| F|  |TAMS 0x0000000090900000, 0x0000000090900000| Untracked 
| 230|0x0000000090a00000, 0x0000000090a00000, 0x0000000090b00000|  0%| F|  |TAMS 0x0000000090a00000, 0x0000000090a00000| Untracked 
| 231|0x0000000090b00000, 0x0000000090b00000, 0x0000000090c00000|  0%| F|  |TAMS 0x0000000090b00000, 0x0000000090b00000| Untracked 
| 232|0x0000000090c00000, 0x0000000090c00000, 0x0000000090d00000|  0%| F|  |TAMS 0x0000000090c00000, 0x0000000090c00000| Untracked 
| 233|0x0000000090d00000, 0x0000000090d00000, 0x0000000090e00000|  0%| F|  |TAMS 0x0000000090d00000, 0x0000000090d00000| Untracked 
| 234|0x0000000090e00000, 0x0000000090e00000, 0x0000000090f00000|  0%| F|  |TAMS 0x0000000090e00000, 0x0000000090e00000| Untracked 
| 235|0x0000000090f00000, 0x0000000090f00000, 0x0000000091000000|  0%| F|  |TAMS 0x0000000090f00000, 0x0000000090f00000| Untracked 
| 236|0x0000000091000000, 0x0000000091000000, 0x0000000091100000|  0%| F|  |TAMS 0x0000000091000000, 0x0000000091000000| Untracked 
| 237|0x0000000091100000, 0x0000000091100000, 0x0000000091200000|  0%| F|  |TAMS 0x0000000091100000, 0x0000000091100000| Untracked 
| 238|0x0000000091200000, 0x0000000091200000, 0x0000000091300000|  0%| F|  |TAMS 0x0000000091200000, 0x0000000091200000| Untracked 
| 239|0x0000000091300000, 0x0000000091300000, 0x0000000091400000|  0%| F|  |TAMS 0x0000000091300000, 0x0000000091300000| Untracked 
| 240|0x0000000091400000, 0x0000000091400000, 0x0000000091500000|  0%| F|  |TAMS 0x0000000091400000, 0x0000000091400000| Untracked 
| 241|0x0000000091500000, 0x0000000091500000, 0x0000000091600000|  0%| F|  |TAMS 0x0000000091500000, 0x0000000091500000| Untracked 
| 242|0x0000000091600000, 0x0000000091600000, 0x0000000091700000|  0%| F|  |TAMS 0x0000000091600000, 0x0000000091600000| Untracked 
| 243|0x0000000091700000, 0x0000000091700000, 0x0000000091800000|  0%| F|  |TAMS 0x0000000091700000, 0x0000000091700000| Untracked 
| 244|0x0000000091800000, 0x0000000091800000, 0x0000000091900000|  0%| F|  |TAMS 0x0000000091800000, 0x0000000091800000| Untracked 
| 245|0x0000000091900000, 0x0000000091900000, 0x0000000091a00000|  0%| F|  |TAMS 0x0000000091900000, 0x0000000091900000| Untracked 
| 246|0x0000000091a00000, 0x0000000091a00000, 0x0000000091b00000|  0%| F|  |TAMS 0x0000000091a00000, 0x0000000091a00000| Untracked 
| 247|0x0000000091b00000, 0x0000000091b00000, 0x0000000091c00000|  0%| F|  |TAMS 0x0000000091b00000, 0x0000000091b00000| Untracked 
| 248|0x0000000091c00000, 0x0000000091c00000, 0x0000000091d00000|  0%| F|  |TAMS 0x0000000091c00000, 0x0000000091c00000| Untracked 
| 249|0x0000000091d00000, 0x0000000091d00000, 0x0000000091e00000|  0%| F|  |TAMS 0x0000000091d00000, 0x0000000091d00000| Untracked 
| 250|0x0000000091e00000, 0x0000000091e00000, 0x0000000091f00000|  0%| F|  |TAMS 0x0000000091e00000, 0x0000000091e00000| Untracked 
| 251|0x0000000091f00000, 0x0000000091f00000, 0x0000000092000000|  0%| F|  |TAMS 0x0000000091f00000, 0x0000000091f00000| Untracked 
| 252|0x0000000092000000, 0x0000000092000000, 0x0000000092100000|  0%| F|  |TAMS 0x0000000092000000, 0x0000000092000000| Untracked 
| 253|0x0000000092100000, 0x0000000092100000, 0x0000000092200000|  0%| F|  |TAMS 0x0000000092100000, 0x0000000092100000| Untracked 
| 254|0x0000000092200000, 0x0000000092200000, 0x0000000092300000|  0%| F|  |TAMS 0x0000000092200000, 0x0000000092200000| Untracked 
| 255|0x0000000092300000, 0x0000000092300000, 0x0000000092400000|  0%| F|  |TAMS 0x0000000092300000, 0x0000000092300000| Untracked 
| 256|0x0000000092400000, 0x0000000092400000, 0x0000000092500000|  0%| F|  |TAMS 0x0000000092400000, 0x0000000092400000| Untracked 
| 257|0x0000000092500000, 0x0000000092500000, 0x0000000092600000|  0%| F|  |TAMS 0x0000000092500000, 0x0000000092500000| Untracked 
| 258|0x0000000092600000, 0x0000000092600000, 0x0000000092700000|  0%| F|  |TAMS 0x0000000092600000, 0x0000000092600000| Untracked 
| 259|0x0000000092700000, 0x0000000092700000, 0x0000000092800000|  0%| F|  |TAMS 0x0000000092700000, 0x0000000092700000| Untracked 
| 260|0x0000000092800000, 0x0000000092800000, 0x0000000092900000|  0%| F|  |TAMS 0x0000000092800000, 0x0000000092800000| Untracked 
| 261|0x0000000092900000, 0x0000000092900000, 0x0000000092a00000|  0%| F|  |TAMS 0x0000000092900000, 0x0000000092900000| Untracked 
| 262|0x0000000092a00000, 0x0000000092a00000, 0x0000000092b00000|  0%| F|  |TAMS 0x0000000092a00000, 0x0000000092a00000| Untracked 
| 263|0x0000000092b00000, 0x0000000092b00000, 0x0000000092c00000|  0%| F|  |TAMS 0x0000000092b00000, 0x0000000092b00000| Untracked 
| 264|0x0000000092c00000, 0x0000000092c00000, 0x0000000092d00000|  0%| F|  |TAMS 0x0000000092c00000, 0x0000000092c00000| Untracked 
| 265|0x0000000092d00000, 0x0000000092d00000, 0x0000000092e00000|  0%| F|  |TAMS 0x0000000092d00000, 0x0000000092d00000| Untracked 
| 266|0x0000000092e00000, 0x0000000092e00000, 0x0000000092f00000|  0%| F|  |TAMS 0x0000000092e00000, 0x0000000092e00000| Untracked 
| 267|0x0000000092f00000, 0x0000000092f00000, 0x0000000093000000|  0%| F|  |TAMS 0x0000000092f00000, 0x0000000092f00000| Untracked 
| 268|0x0000000093000000, 0x0000000093000000, 0x0000000093100000|  0%| F|  |TAMS 0x0000000093000000, 0x0000000093000000| Untracked 
| 269|0x0000000093100000, 0x0000000093100000, 0x0000000093200000|  0%| F|  |TAMS 0x0000000093100000, 0x0000000093100000| Untracked 
| 270|0x0000000093200000, 0x0000000093200000, 0x0000000093300000|  0%| F|  |TAMS 0x0000000093200000, 0x0000000093200000| Untracked 
| 271|0x0000000093300000, 0x0000000093300000, 0x0000000093400000|  0%| F|  |TAMS 0x0000000093300000, 0x0000000093300000| Untracked 
| 272|0x0000000093400000, 0x0000000093400000, 0x0000000093500000|  0%| F|  |TAMS 0x0000000093400000, 0x0000000093400000| Untracked 
| 273|0x0000000093500000, 0x0000000093500000, 0x0000000093600000|  0%| F|  |TAMS 0x0000000093500000, 0x0000000093500000| Untracked 
| 274|0x0000000093600000, 0x0000000093600000, 0x0000000093700000|  0%| F|  |TAMS 0x0000000093600000, 0x0000000093600000| Untracked 
| 275|0x0000000093700000, 0x0000000093700000, 0x0000000093800000|  0%| F|  |TAMS 0x0000000093700000, 0x0000000093700000| Untracked 
| 276|0x0000000093800000, 0x0000000093800000, 0x0000000093900000|  0%| F|  |TAMS 0x0000000093800000, 0x0000000093800000| Untracked 
| 277|0x0000000093900000, 0x0000000093900000, 0x0000000093a00000|  0%| F|  |TAMS 0x0000000093900000, 0x0000000093900000| Untracked 
| 278|0x0000000093a00000, 0x0000000093a00000, 0x0000000093b00000|  0%| F|  |TAMS 0x0000000093a00000, 0x0000000093a00000| Untracked 
| 279|0x0000000093b00000, 0x0000000093b00000, 0x0000000093c00000|  0%| F|  |TAMS 0x0000000093b00000, 0x0000000093b00000| Untracked 
| 280|0x0000000093c00000, 0x0000000093c00000, 0x0000000093d00000|  0%| F|  |TAMS 0x0000000093c00000, 0x0000000093c00000| Untracked 
| 281|0x0000000093d00000, 0x0000000093d00000, 0x0000000093e00000|  0%| F|  |TAMS 0x0000000093d00000, 0x0000000093d00000| Untracked 
| 282|0x0000000093e00000, 0x0000000093e00000, 0x0000000093f00000|  0%| F|  |TAMS 0x0000000093e00000, 0x0000000093e00000| Untracked 
| 283|0x0000000093f00000, 0x0000000093f00000, 0x0000000094000000|  0%| F|  |TAMS 0x0000000093f00000, 0x0000000093f00000| Untracked 
| 284|0x0000000094000000, 0x0000000094000000, 0x0000000094100000|  0%| F|  |TAMS 0x0000000094000000, 0x0000000094000000| Untracked 
| 285|0x0000000094100000, 0x0000000094100000, 0x0000000094200000|  0%| F|  |TAMS 0x0000000094100000, 0x0000000094100000| Untracked 
| 286|0x0000000094200000, 0x0000000094200000, 0x0000000094300000|  0%| F|  |TAMS 0x0000000094200000, 0x0000000094200000| Untracked 
| 287|0x0000000094300000, 0x0000000094300000, 0x0000000094400000|  0%| F|  |TAMS 0x0000000094300000, 0x0000000094300000| Untracked 
| 288|0x0000000094400000, 0x0000000094400000, 0x0000000094500000|  0%| F|  |TAMS 0x0000000094400000, 0x0000000094400000| Untracked 
| 289|0x0000000094500000, 0x0000000094500000, 0x0000000094600000|  0%| F|  |TAMS 0x0000000094500000, 0x0000000094500000| Untracked 
| 290|0x0000000094600000, 0x0000000094600000, 0x0000000094700000|  0%| F|  |TAMS 0x0000000094600000, 0x0000000094600000| Untracked 
| 291|0x0000000094700000, 0x0000000094700000, 0x0000000094800000|  0%| F|  |TAMS 0x0000000094700000, 0x0000000094700000| Untracked 
| 292|0x0000000094800000, 0x0000000094800000, 0x0000000094900000|  0%| F|  |TAMS 0x0000000094800000, 0x0000000094800000| Untracked 
| 293|0x0000000094900000, 0x0000000094900000, 0x0000000094a00000|  0%| F|  |TAMS 0x0000000094900000, 0x0000000094900000| Untracked 
| 294|0x0000000094a00000, 0x0000000094a00000, 0x0000000094b00000|  0%| F|  |TAMS 0x0000000094a00000, 0x0000000094a00000| Untracked 
| 295|0x0000000094b00000, 0x0000000094b00000, 0x0000000094c00000|  0%| F|  |TAMS 0x0000000094b00000, 0x0000000094b00000| Untracked 
| 296|0x0000000094c00000, 0x0000000094c00000, 0x0000000094d00000|  0%| F|  |TAMS 0x0000000094c00000, 0x0000000094c00000| Untracked 
| 297|0x0000000094d00000, 0x0000000094d00000, 0x0000000094e00000|  0%| F|  |TAMS 0x0000000094d00000, 0x0000000094d00000| Untracked 
| 298|0x0000000094e00000, 0x0000000094e00000, 0x0000000094f00000|  0%| F|  |TAMS 0x0000000094e00000, 0x0000000094e00000| Untracked 
| 299|0x0000000094f00000, 0x0000000094f00000, 0x0000000095000000|  0%| F|  |TAMS 0x0000000094f00000, 0x0000000094f00000| Untracked 
| 300|0x0000000095000000, 0x0000000095000000, 0x0000000095100000|  0%| F|  |TAMS 0x0000000095000000, 0x0000000095000000| Untracked 
| 301|0x0000000095100000, 0x0000000095100000, 0x0000000095200000|  0%| F|  |TAMS 0x0000000095100000, 0x0000000095100000| Untracked 
| 302|0x0000000095200000, 0x0000000095200000, 0x0000000095300000|  0%| F|  |TAMS 0x0000000095200000, 0x0000000095200000| Untracked 
| 303|0x0000000095300000, 0x0000000095300000, 0x0000000095400000|  0%| F|  |TAMS 0x0000000095300000, 0x0000000095300000| Untracked 
| 304|0x0000000095400000, 0x00000000954b54c8, 0x0000000095500000| 70%| S|CS|TAMS 0x0000000095400000, 0x0000000095400000| Complete 
| 305|0x0000000095500000, 0x0000000095500000, 0x0000000095600000|  0%| F|  |TAMS 0x0000000095500000, 0x0000000095500000| Untracked 

Card table byte_map: [0x000001ccf1e30000,0x000001ccf2220000] _byte_map_base: 0x000001ccf1a1e000

Marking Bits (Prev, Next): (CMBitMap*) 0x000001ccdac8f910, (CMBitMap*) 0x000001ccdac8f8d0
 Prev Bits: [0x000001ccf4580000, 0x000001ccf64f0000)
 Next Bits: [0x000001ccf2610000, 0x000001ccf4580000)

Polling page: 0x000001ccd8bd0000

Metaspace:

Usage:
  Non-class:     10.15 MB used.
      Class:      1.03 MB used.
       Both:     11.18 MB used.

Virtual space:
  Non-class space:       16.00 MB reserved,      10.31 MB ( 64%) committed,  2 nodes.
      Class space:        1.00 GB reserved,       1.12 MB ( <1%) committed,  1 nodes.
             Both:        1.02 GB reserved,      11.44 MB (  1%) committed. 

Chunk freelists:
   Non-Class:  952.00 KB
       Class:  2.72 MB
        Both:  3.65 MB

MaxMetaspaceSize: unlimited
CompressedClassSpaceSize: 1.00 GB
Initial GC threshold: 21.00 MB
Current GC threshold: 21.00 MB
CDS: on
MetaspaceReclaimPolicy: balanced
 - commit_granule_bytes: 65536.
 - commit_granule_words: 8192.
 - virtual_space_node_default_size: 1048576.
 - enlarge_chunks_in_place: 1.
 - new_chunks_are_fully_committed: 0.
 - uncommit_free_chunks: 1.
 - use_allocation_guard: 0.
 - handle_deallocations: 1.


Internal statistics:

num_allocs_failed_limit: 0.
num_arena_births: 158.
num_arena_deaths: 54.
num_vsnodes_births: 3.
num_vsnodes_deaths: 0.
num_space_committed: 183.
num_space_uncommitted: 0.
num_chunks_returned_to_freelist: 65.
num_chunks_taken_from_freelist: 363.
num_chunk_merges: 21.
num_chunk_splits: 224.
num_chunks_enlarged: 154.
num_purges: 6.
num_inconsistent_stats: 0.

CodeHeap 'non-profiled nmethods': size=120000Kb used=2387Kb max_used=2387Kb free=117613Kb
 bounds [0x000001ccea1e0000, 0x000001ccea450000, 0x000001ccf1710000]
CodeHeap 'profiled nmethods': size=120000Kb used=5400Kb max_used=5400Kb free=114599Kb
 bounds [0x000001cce2cb0000, 0x000001cce3200000, 0x000001ccea1e0000]
CodeHeap 'non-nmethods': size=5760Kb used=1410Kb max_used=1488Kb free=4349Kb
 bounds [0x000001cce2710000, 0x000001cce2980000, 0x000001cce2cb0000]
 total_blobs=3327 nmethods=2642 adapters=598
 compilation: enabled
              stopped_count=0, restarted_count=0
 full_count=0

Compilation events (20 events):
Event: 2147.167 Thread 0x000001ccf8f1c160 2634       1       javax.imageio.IIOParam::getSourceXSubsampling (5 bytes)
Event: 2147.168 Thread 0x000001ccf8f1c160 nmethod 2634 0x000001ccea433b90 code [0x000001ccea433d20, 0x000001ccea433df8]
Event: 2147.168 Thread 0x000001ccf8f1c160 2635       1       javax.imageio.IIOParam::getSourceYSubsampling (5 bytes)
Event: 2147.168 Thread 0x000001ccf8f1c160 nmethod 2635 0x000001ccea433e90 code [0x000001ccea434020, 0x000001ccea4340f8]
Event: 2147.168 Thread 0x000001ccf8f1c160 2636       3       sun.awt.image.SunWritableRaster::stealData (11 bytes)
Event: 2147.169 Thread 0x000001ccf8f1c160 nmethod 2636 0x000001cce31f0010 code [0x000001cce31f01c0, 0x000001cce31f0398]
Event: 2147.169 Thread 0x000001ccf8f1c160 2637       3       java.awt.image.DataBuffer$1::getData (7 bytes)
Event: 2147.170 Thread 0x000001ccf8f1c160 nmethod 2637 0x000001cce31f0510 code [0x000001cce31f06a0, 0x000001cce31f07d8]
Event: 2147.194 Thread 0x000001ccf8f1b7b0 2638       4       sun.java2d.loops.GraphicsPrimitiveMgr::locate (104 bytes)
Event: 2147.202 Thread 0x000001ccf8f1c160 2640       3       java.lang.invoke.MethodHandles::argumentsWithCombinerChecks (197 bytes)
Event: 2147.209 Thread 0x000001ccf8f1c160 nmethod 2640 0x000001cce31f0910 code [0x000001cce31f0d60, 0x000001cce31f2778]
Event: 2147.209 Thread 0x000001ccf8f1c160 2639       3       java.lang.invoke.MethodHandles::argumentsWithCombiner (130 bytes)
Event: 2147.211 Thread 0x000001ccf8f1b7b0 nmethod 2638 0x000001ccea434190 code [0x000001ccea434320, 0x000001ccea4345d8]
Event: 2147.211 Thread 0x000001ccf8f1b7b0 2641       4       java.lang.invoke.DirectMethodHandle::internalMemberName (8 bytes)
Event: 2147.213 Thread 0x000001ccf8f1b7b0 nmethod 2641 0x000001ccea434910 code [0x000001ccea434a80, 0x000001ccea434b18]
Event: 2147.214 Thread 0x000001ccf8f1c160 nmethod 2639 0x000001cce31f3310 code [0x000001cce31f35c0, 0x000001cce31f4498]
Event: 2148.765 Thread 0x000001ccf8f1c160 2642       3       Car::act (28 bytes)
Event: 2148.766 Thread 0x000001ccf8f1c160 nmethod 2642 0x000001cce31f4b90 code [0x000001cce31f4d60, 0x000001cce31f5128]
Event: 2151.382 Thread 0x000001ccf8f1c160 2643       3       Quiz::act (66 bytes)
Event: 2151.384 Thread 0x000001ccf8f1c160 nmethod 2643 0x000001cce31f5290 code [0x000001cce31f5540, 0x000001cce31f5f58]

GC Heap History (20 events):
Event: 2144.375 GC heap after
{Heap after GC invocations=3897 (full 19):
 garbage-first heap   total 178176K, used 68491K [0x0000000082400000, 0x0000000100000000)
  region size 1024K, 1 young (1024K), 1 survivors (1024K)
 Metaspace       used 11433K, committed 11648K, reserved 1064960K
  class space    used 1059K, committed 1152K, reserved 1048576K
}
Event: 2144.378 GC heap before
{Heap before GC invocations=3897 (full 19):
 garbage-first heap   total 178176K, used 76683K [0x0000000082400000, 0x0000000100000000)
  region size 1024K, 2 young (2048K), 1 survivors (1024K)
 Metaspace       used 11433K, committed 11648K, reserved 1064960K
  class space    used 1059K, committed 1152K, reserved 1048576K
}
Event: 2144.384 GC heap after
{Heap after GC invocations=3898 (full 19):
 garbage-first heap   total 313344K, used 76684K [0x0000000082400000, 0x0000000100000000)
  region size 1024K, 1 young (1024K), 1 survivors (1024K)
 Metaspace       used 11433K, committed 11648K, reserved 1064960K
  class space    used 1059K, committed 1152K, reserved 1048576K
}
Event: 2145.205 GC heap before
{Heap before GC invocations=3898 (full 19):
 garbage-first heap   total 313344K, used 141196K [0x0000000082400000, 0x0000000100000000)
  region size 1024K, 4 young (4096K), 1 survivors (1024K)
 Metaspace       used 11437K, committed 11712K, reserved 1064960K
  class space    used 1059K, committed 1152K, reserved 1048576K
}
Event: 2145.208 GC heap after
{Heap after GC invocations=3899 (full 19):
 garbage-first heap   total 313344K, used 99345K [0x0000000082400000, 0x0000000100000000)
  region size 1024K, 1 young (1024K), 1 survivors (1024K)
 Metaspace       used 11437K, committed 11712K, reserved 1064960K
  class space    used 1059K, committed 1152K, reserved 1048576K
}
Event: 2145.860 GC heap before
{Heap before GC invocations=3900 (full 19):
 garbage-first heap   total 313344K, used 139281K [0x0000000082400000, 0x0000000100000000)
  region size 1024K, 2 young (2048K), 1 survivors (1024K)
 Metaspace       used 11437K, committed 11712K, reserved 1064960K
  class space    used 1059K, committed 1152K, reserved 1048576K
}
Event: 2145.862 GC heap after
{Heap after GC invocations=3901 (full 19):
 garbage-first heap   total 313344K, used 68623K [0x0000000082400000, 0x0000000100000000)
  region size 1024K, 1 young (1024K), 1 survivors (1024K)
 Metaspace       used 11437K, committed 11712K, reserved 1064960K
  class space    used 1059K, committed 1152K, reserved 1048576K
}
Event: 2146.999 GC heap before
{Heap before GC invocations=3901 (full 19):
 garbage-first heap   total 313344K, used 139279K [0x0000000082400000, 0x0000000100000000)
  region size 1024K, 2 young (2048K), 1 survivors (1024K)
 Metaspace       used 11437K, committed 11712K, reserved 1064960K
  class space    used 1059K, committed 1152K, reserved 1048576K
}
Event: 2147.002 GC heap after
{Heap after GC invocations=3902 (full 19):
 garbage-first heap   total 313344K, used 68619K [0x0000000082400000, 0x0000000100000000)
  region size 1024K, 1 young (1024K), 1 survivors (1024K)
 Metaspace       used 11437K, committed 11712K, reserved 1064960K
  class space    used 1059K, committed 1152K, reserved 1048576K
}
Event: 2148.103 GC heap before
{Heap before GC invocations=3902 (full 19):
 garbage-first heap   total 313344K, used 141323K [0x0000000082400000, 0x0000000100000000)
  region size 1024K, 4 young (4096K), 1 survivors (1024K)
 Metaspace       used 11447K, committed 11712K, reserved 1064960K
  class space    used 1059K, committed 1152K, reserved 1048576K
}
Event: 2148.107 GC heap after
{Heap after GC invocations=3903 (full 19):
 garbage-first heap   total 313344K, used 73098K [0x0000000082400000, 0x0000000100000000)
  region size 1024K, 1 young (1024K), 1 survivors (1024K)
 Metaspace       used 11447K, committed 11712K, reserved 1064960K
  class space    used 1059K, committed 1152K, reserved 1048576K
}
Event: 2149.189 GC heap before
{Heap before GC invocations=3903 (full 19):
 garbage-first heap   total 313344K, used 139658K [0x0000000082400000, 0x0000000100000000)
  region size 1024K, 2 young (2048K), 1 survivors (1024K)
 Metaspace       used 11451K, committed 11712K, reserved 1064960K
  class space    used 1059K, committed 1152K, reserved 1048576K
}
Event: 2149.192 GC heap after
{Heap after GC invocations=3904 (full 19):
 garbage-first heap   total 313344K, used 70023K [0x0000000082400000, 0x0000000100000000)
  region size 1024K, 1 young (1024K), 1 survivors (1024K)
 Metaspace       used 11451K, committed 11712K, reserved 1064960K
  class space    used 1059K, committed 1152K, reserved 1048576K
}
Event: 2150.324 GC heap before
{Heap before GC invocations=3904 (full 19):
 garbage-first heap   total 313344K, used 139655K [0x0000000082400000, 0x0000000100000000)
  region size 1024K, 2 young (2048K), 1 survivors (1024K)
 Metaspace       used 11451K, committed 11712K, reserved 1064960K
  class space    used 1059K, committed 1152K, reserved 1048576K
}
Event: 2150.327 GC heap after
{Heap after GC invocations=3905 (full 19):
 garbage-first heap   total 313344K, used 70029K [0x0000000082400000, 0x0000000100000000)
  region size 1024K, 1 young (1024K), 1 survivors (1024K)
 Metaspace       used 11451K, committed 11712K, reserved 1064960K
  class space    used 1059K, committed 1152K, reserved 1048576K
}
Event: 2151.448 GC heap before
{Heap before GC invocations=3905 (full 19):
 garbage-first heap   total 313344K, used 139661K [0x0000000082400000, 0x0000000100000000)
  region size 1024K, 2 young (2048K), 1 survivors (1024K)
 Metaspace       used 11453K, committed 11712K, reserved 1064960K
  class space    used 1059K, committed 1152K, reserved 1048576K
}
Event: 2151.450 GC heap after
{Heap after GC invocations=3906 (full 19):
 garbage-first heap   total 313344K, used 70022K [0x0000000082400000, 0x0000000100000000)
  region size 1024K, 1 young (1024K), 1 survivors (1024K)
 Metaspace       used 11453K, committed 11712K, reserved 1064960K
  class space    used 1059K, committed 1152K, reserved 1048576K
}
Event: 2152.119 GC heap before
{Heap before GC invocations=3907 (full 19):
 garbage-first heap   total 249856K, used 110982K [0x0000000082400000, 0x0000000100000000)
  region size 1024K, 2 young (2048K), 1 survivors (1024K)
 Metaspace       used 11453K, committed 11712K, reserved 1064960K
  class space    used 1059K, committed 1152K, reserved 1048576K
}
Event: 2152.122 GC heap after
{Heap after GC invocations=3908 (full 19):
 garbage-first heap   total 249856K, used 70025K [0x0000000082400000, 0x0000000100000000)
  region size 1024K, 1 young (1024K), 1 survivors (1024K)
 Metaspace       used 11453K, committed 11712K, reserved 1064960K
  class space    used 1059K, committed 1152K, reserved 1048576K
}
Event: 2152.790 GC heap before
{Heap before GC invocations=3909 (full 19):
 garbage-first heap   total 249856K, used 110985K [0x0000000082400000, 0x0000000100000000)
  region size 1024K, 2 young (2048K), 1 survivors (1024K)
 Metaspace       used 11453K, committed 11712K, reserved 1064960K
  class space    used 1059K, committed 1152K, reserved 1048576K
}

Deoptimization events (20 events):
Event: 2143.833 Thread 0x000001ccfac8abd0 DEOPT PACKING pc=0x000001ccea3e7100 sp=0x0000005cbc6fdd70
Event: 2143.833 Thread 0x000001ccfac8abd0 DEOPT UNPACKING pc=0x000001cce2762b43 sp=0x0000005cbc6fd0d8 mode 1
Event: 2143.833 Thread 0x000001ccfac8abd0 DEOPT PACKING pc=0x000001cce31cc0f4 sp=0x0000005cbc6fddd0
Event: 2143.833 Thread 0x000001ccfac8abd0 DEOPT UNPACKING pc=0x000001cce2762b43 sp=0x0000005cbc6fd300 mode 1
Event: 2143.833 Thread 0x000001ccfac8abd0 DEOPT PACKING pc=0x000001cce315e76c sp=0x0000005cbc6fdec0
Event: 2143.833 Thread 0x000001ccfac8abd0 DEOPT UNPACKING pc=0x000001cce2762b43 sp=0x0000005cbc6fd3e0 mode 1
Event: 2143.833 Thread 0x000001ccfac8abd0 DEOPT PACKING pc=0x000001cce315d5cc sp=0x0000005cbc6fdfa0
Event: 2143.833 Thread 0x000001ccfac8abd0 DEOPT UNPACKING pc=0x000001cce2762b43 sp=0x0000005cbc6fd440 mode 1
Event: 2143.833 Thread 0x000001ccfac8abd0 DEOPT PACKING pc=0x000001cce2d4b98c sp=0x0000005cbc6fdfe0
Event: 2143.833 Thread 0x000001ccfac8abd0 DEOPT UNPACKING pc=0x000001cce2762b43 sp=0x0000005cbc6fd440 mode 1
Event: 2143.833 Thread 0x000001ccfac8abd0 DEOPT PACKING pc=0x000001cce31c2744 sp=0x0000005cbc6fe070
Event: 2143.833 Thread 0x000001ccfac8abd0 DEOPT UNPACKING pc=0x000001cce2762b43 sp=0x0000005cbc6fd560 mode 1
Event: 2143.839 Thread 0x000001ccfac89890 DEOPT PACKING pc=0x000001cce2dc646c sp=0x0000005cbc7fae50
Event: 2143.839 Thread 0x000001ccfac89890 DEOPT UNPACKING pc=0x000001cce2762b43 sp=0x0000005cbc7fa300 mode 1
Event: 2143.842 Thread 0x000001ccfac89890 DEOPT PACKING pc=0x000001cce2dc646c sp=0x0000005cbc7fae50
Event: 2143.842 Thread 0x000001ccfac89890 DEOPT UNPACKING pc=0x000001cce2762b43 sp=0x0000005cbc7fa300 mode 1
Event: 2143.845 Thread 0x000001ccfac89890 DEOPT PACKING pc=0x000001cce2dc646c sp=0x0000005cbc7fae50
Event: 2143.845 Thread 0x000001ccfac89890 DEOPT UNPACKING pc=0x000001cce2762b43 sp=0x0000005cbc7fa300 mode 1
Event: 2143.847 Thread 0x000001ccfac89890 DEOPT PACKING pc=0x000001cce2dc646c sp=0x0000005cbc7fae50
Event: 2143.847 Thread 0x000001ccfac89890 DEOPT UNPACKING pc=0x000001cce2762b43 sp=0x0000005cbc7fa300 mode 1

Classes unloaded (20 events):
Event: 1971.839 Thread 0x000001ccf8ef4f20 Unloading class 0x0000000800c19c00 'java/lang/invoke/LambdaForm$DMH+0x0000000800c19c00'
Event: 1971.839 Thread 0x000001ccf8ef4f20 Unloading class 0x0000000800c19400 'java/lang/invoke/LambdaForm$DMH+0x0000000800c19400'
Event: 1971.839 Thread 0x000001ccf8ef4f20 Unloading class 0x0000000800c18800 'java/lang/invoke/LambdaForm$MH+0x0000000800c18800'
Event: 1971.839 Thread 0x000001ccf8ef4f20 Unloading class 0x0000000800c18400 'java/lang/invoke/LambdaForm$MH+0x0000000800c18400'
Event: 1971.839 Thread 0x000001ccf8ef4f20 Unloading class 0x0000000800c18000 'java/lang/invoke/LambdaForm$MH+0x0000000800c18000'
Event: 1971.839 Thread 0x000001ccf8ef4f20 Unloading class 0x0000000800c0cc00 'java/lang/invoke/LambdaForm$MH+0x0000000800c0cc00'
Event: 1971.839 Thread 0x000001ccf8ef4f20 Unloading class 0x0000000800c06400 'java/lang/invoke/LambdaForm$MH+0x0000000800c06400'
Event: 1971.839 Thread 0x000001ccf8ef4f20 Unloading class 0x0000000800c06000 'java/lang/invoke/LambdaForm$MH+0x0000000800c06000'
Event: 1971.839 Thread 0x000001ccf8ef4f20 Unloading class 0x0000000800c05c00 'java/lang/invoke/LambdaForm$MH+0x0000000800c05c00'
Event: 1971.839 Thread 0x000001ccf8ef4f20 Unloading class 0x0000000800c05800 'java/lang/invoke/LambdaForm$MH+0x0000000800c05800'
Event: 1971.840 Thread 0x000001ccf8ef4f20 Unloading class 0x0000000800c05400 'java/lang/invoke/LambdaForm$MH+0x0000000800c05400'
Event: 1971.840 Thread 0x000001ccf8ef4f20 Unloading class 0x0000000800c05000 'java/lang/invoke/LambdaForm$MH+0x0000000800c05000'
Event: 1971.840 Thread 0x000001ccf8ef4f20 Unloading class 0x0000000800c04c00 'java/lang/invoke/LambdaForm$MH+0x0000000800c04c00'
Event: 1971.840 Thread 0x000001ccf8ef4f20 Unloading class 0x0000000800c04800 'java/lang/invoke/LambdaForm$MH+0x0000000800c04800'
Event: 1971.840 Thread 0x000001ccf8ef4f20 Unloading class 0x0000000800c04000 'java/lang/invoke/LambdaForm$MH+0x0000000800c04000'
Event: 1971.840 Thread 0x000001ccf8ef4f20 Unloading class 0x0000000800c03800 'java/lang/invoke/LambdaForm$MH+0x0000000800c03800'
Event: 1971.840 Thread 0x000001ccf8ef4f20 Unloading class 0x0000000800c03400 'java/lang/invoke/LambdaForm$MH+0x0000000800c03400'
Event: 1971.840 Thread 0x000001ccf8ef4f20 Unloading class 0x0000000800c02c00 'java/lang/invoke/LambdaForm$MH+0x0000000800c02c00'
Event: 1971.840 Thread 0x000001ccf8ef4f20 Unloading class 0x0000000800c02800 'java/lang/invoke/LambdaForm$MH+0x0000000800c02800'
Event: 1971.840 Thread 0x000001ccf8ef4f20 Unloading class 0x0000000800c02000 'java/lang/invoke/LambdaForm$MH+0x0000000800c02000'

Classes redefined (0 events):
No events

Internal exceptions (20 events):
Event: 0.492 Thread 0x000001ccdac34c70 Exception <a 'java/lang/ClassNotFoundException'{0x0000000089f63f38}: sun/awt/resources/spi/awtProvider> (0x0000000089f63f38) 
thrown [s\src\hotspot\share\classfile\systemDictionary.cpp, line 256]
Event: 0.525 Thread 0x000001ccdac34c70 Exception <a 'java/io/FileNotFoundException'{0x0000000089fbeeb0}> (0x0000000089fbeeb0) 
thrown [s\src\hotspot\share\prims\jni.cpp, line 516]
Event: 0.533 Thread 0x000001ccdac34c70 Exception <a 'java/io/FileNotFoundException'{0x0000000089fec9c8}> (0x0000000089fec9c8) 
thrown [s\src\hotspot\share\prims\jni.cpp, line 516]
Event: 0.586 Thread 0x000001ccdac34c70 Exception <a 'java/lang/NoSuchMethodError'{0x0000000089eaefb8}: 'java.lang.Object java.lang.invoke.DirectMethodHandle$Holder.invokeStaticInit(java.lang.Object)'> (0x0000000089eaefb8) 
thrown [s\src\hotspot\share\interpreter\linkResolver.cpp, line 759]
Event: 0.824 Thread 0x000001ccf9fd1630 Exception <a 'java/lang/NoSuchMethodError'{0x0000000089de7520}: 'void java.lang.invoke.DirectMethodHandle$Holder.invokeStatic(java.lang.Object, java.lang.Object)'> (0x0000000089de7520) 
thrown [s\src\hotspot\share\interpreter\linkResolver.cpp, line 759]
Event: 0.892 Thread 0x000001ccfa0ba620 Exception <a 'java/lang/ClassNotFoundException'{0x000000008a1b0268}: sun/net/www/protocol/c/Handler> (0x000000008a1b0268) 
thrown [s\src\hotspot\share\classfile\systemDictionary.cpp, line 256]
Event: 0.946 Thread 0x000001ccfa0ba620 Exception <a 'java/lang/NoSuchMethodError'{0x000000008a015130}: 'java.lang.Object java.lang.invoke.DirectMethodHandle$Holder.invokeStaticInit(java.lang.Object, int, int, int, int)'> (0x000000008a015130) 
thrown [s\src\hotspot\share\interpreter\linkResolver.cpp, line 759]
Event: 0.991 Thread 0x000001ccfa0ba620 Exception <a 'java/lang/NoSuchMethodError'{0x000000008a053c08}: 'java.lang.Object java.lang.invoke.DirectMethodHandle$Holder.invokeStaticInit(java.lang.Object, java.lang.Object, int, int, int, int)'> (0x000000008a053c08) 
thrown [s\src\hotspot\share\interpreter\linkResolver.cpp, line 759]
Event: 1.064 Thread 0x000001ccfa35c8b0 Exception <a 'java/lang/NoSuchMethodError'{0x0000000089f1dc58}: 'void java.lang.invoke.DirectMethodHandle$Holder.invokeSpecial(java.lang.Object, java.lang.Object, java.lang.Object)'> (0x0000000089f1dc58) 
thrown [s\src\hotspot\share\interpreter\linkResolver.cpp, line 759]
Event: 1.069 Thread 0x000001ccfa35c8b0 Exception <a 'java/lang/NoSuchMethodError'{0x0000000089f295a8}: 'void java.lang.invoke.DirectMethodHandle$Holder.invokeStatic(java.lang.Object, java.lang.Object, java.lang.Object)'> (0x0000000089f295a8) 
thrown [s\src\hotspot\share\interpreter\linkResolver.cpp, line 759]
Event: 1.120 Thread 0x000001ccfa690fe0 Exception <a 'java/lang/NoSuchMethodError'{0x0000000089e01250}: 'java.lang.Object java.lang.invoke.DirectMethodHandle$Holder.invokeStatic(java.lang.Object, int, java.lang.Object)'> (0x0000000089e01250) 
thrown [s\src\hotspot\share\interpreter\linkResolver.cpp, line 759]
Event: 1.126 Thread 0x000001ccfa690fe0 Exception <a 'java/lang/ClassNotFoundException'{0x0000000089e13828}: sun/util/logging/resources/spi/loggingProvider> (0x0000000089e13828) 
thrown [s\src\hotspot\share\classfile\systemDictionary.cpp, line 256]
Event: 1.405 Thread 0x000001ccfa690fe0 Exception <a 'java/lang/NoSuchMethodError'{0x0000000089e936a8}: 'int java.lang.invoke.DirectMethodHandle$Holder.invokeStaticInit(java.lang.Object, java.lang.Object, java.lang.Object)'> (0x0000000089e936a8) 
thrown [s\src\hotspot\share\interpreter\linkResolver.cpp, line 759]
Event: 1.438 Thread 0x000001ccfa690fe0 Exception <a 'java/lang/NoSuchMethodError'{0x0000000089d3a3f8}: 'java.lang.Object java.lang.invoke.DirectMethodHandle$Holder.newInvokeSpecial(java.lang.Object, java.lang.Object, int, java.lang.Object)'> (0x0000000089d3a3f8) 
thrown [s\src\hotspot\share\interpreter\linkResolver.cpp, line 759]
Event: 1.439 Thread 0x000001ccfa690fe0 Exception <a 'java/lang/NoSuchMethodError'{0x0000000089d3e770}: 'java.lang.Object java.lang.invoke.DirectMethodHandle$Holder.invokeSpecial(java.lang.Object, java.lang.Object, java.lang.Object, int, java.lang.Object)'> (0x0000000089d3e770) 
thrown [s\src\hotspot\share\interpreter\linkResolver.cpp, line 759]
Event: 1.504 Thread 0x000001ccfac89d60 Exception <a 'java/lang/NoSuchMethodError'{0x000000008a14ea68}: 'void java.lang.invoke.DirectMethodHandle$Holder.invokeStaticInit(java.lang.Object)'> (0x000000008a14ea68) 
thrown [s\src\hotspot\share\interpreter\linkResolver.cpp, line 759]
Event: 1.514 Thread 0x000001ccfa35c8b0 Exception <a 'java/lang/NoSuchMethodError'{0x000000008a1befa0}: 'java.lang.Object java.lang.invoke.Invokers$Holder.invoke_MT(java.lang.Object, java.lang.Object, java.lang.Object)'> (0x000000008a1befa0) 
thrown [s\src\hotspot\share\interpreter\linkResolver.cpp, line 759]
Event: 2.636 Thread 0x000001ccfa1156c0 Exception <a 'java/lang/NoSuchMethodError'{0x0000000083b52b78}: 'void java.lang.invoke.DirectMethodHandle$Holder.invokeInterface(java.lang.Object, java.lang.Object)'> (0x0000000083b52b78) 
thrown [s\src\hotspot\share\interpreter\linkResolver.cpp, line 759]
Event: 14.884 Thread 0x000001ccfac89890 Exception <a 'java/lang/InterruptedException'{0x000000008e916ad0}: sleep interrupted> (0x000000008e916ad0) 
thrown [s\src\hotspot\share\prims\jvm.cpp, line 3070]
Event: 165.303 Thread 0x000001ccfac8abd0 Implicit null exception at 0x000001ccea311d64 to 0x000001ccea311e30

VM Operations (20 events):
Event: 2150.324 Executing VM operation: G1TryInitiateConcMark done
Event: 2150.324 Executing VM operation: G1TryInitiateConcMark
Event: 2150.328 Executing VM operation: G1TryInitiateConcMark done
Event: 2151.447 Executing VM operation: G1TryInitiateConcMark
Event: 2151.447 Executing VM operation: G1TryInitiateConcMark done
Event: 2151.447 Executing VM operation: G1CollectForAllocation
Event: 2151.450 Executing VM operation: G1CollectForAllocation done
Event: 2151.469 Executing VM operation: G1Concurrent
Event: 2151.475 Executing VM operation: G1Concurrent done
Event: 2151.486 Executing VM operation: G1Concurrent
Event: 2151.488 Executing VM operation: G1Concurrent done
Event: 2152.117 Executing VM operation: G1TryInitiateConcMark
Event: 2152.118 Executing VM operation: G1TryInitiateConcMark done
Event: 2152.119 Executing VM operation: G1CollectForAllocation
Event: 2152.122 Executing VM operation: G1CollectForAllocation done
Event: 2152.136 Executing VM operation: G1Concurrent
Event: 2152.142 Executing VM operation: G1Concurrent done
Event: 2152.148 Executing VM operation: G1Concurrent
Event: 2152.149 Executing VM operation: G1Concurrent done
Event: 2152.790 Executing VM operation: G1TryInitiateConcMark

Events (20 events):
Event: 3.062 loading class sun/java2d/marlin/ArrayCacheConst done
Event: 3.063 loading class java/awt/geom/Line2D
Event: 3.064 loading class java/awt/geom/Line2D done
Event: 3.068 loading class sun/java2d/marlin/MergeSort
Event: 3.069 loading class sun/java2d/marlin/MergeSort done
Event: 3.604 Thread 0x000001ccfb235420 Thread exited: 0x000001ccfb235420
Event: 4.381 Thread 0x000001ccfb235420 Thread added: 0x000001ccfb235420
Event: 4.542 Thread 0x000001ccfb3977c0 Thread added: 0x000001ccfb3977c0
Event: 4.635 loading class java/lang/NoSuchFieldError
Event: 4.635 loading class java/lang/NoSuchFieldError done
Event: 5.262 Thread 0x000001ccfb3977c0 Thread exited: 0x000001ccfb3977c0
Event: 6.760 Thread 0x000001ccfb235420 Thread exited: 0x000001ccfb235420
Event: 7.875 loading class sun/java2d/loops/FontInfo
Event: 7.875 loading class sun/java2d/loops/FontInfo done
Event: 144.693 Thread 0x000001ccfb2f7ef0 Thread added: 0x000001ccfb2f7ef0
Event: 144.693 Thread 0x000001ccfac8b570 Thread exited: 0x000001ccfac8b570
Event: 144.796 Thread 0x000001ccfb2f83c0 Thread added: 0x000001ccfb2f83c0
Event: 144.796 Thread 0x000001ccfb2f7ef0 Thread exited: 0x000001ccfb2f7ef0
Event: 1436.240 Thread 0x000001ccfb2f7ef0 Thread added: 0x000001ccfb2f7ef0
Event: 1437.255 Thread 0x000001ccfb2f7ef0 Thread exited: 0x000001ccfb2f7ef0


Dynamic libraries:
0x00007ff799a60000 - 0x00007ff799a6e000 	C:\Program Files\Greenfoot\jdk\bin\java.exe
0x00007ff84b510000 - 0x00007ff84b726000 	C:\WINDOWS\SYSTEM32\ntdll.dll
0x00007ff849970000 - 0x00007ff849a34000 	C:\WINDOWS\System32\KERNEL32.DLL
0x00007ff848c50000 - 0x00007ff848ff7000 	C:\WINDOWS\System32\KERNELBASE.dll
0x00007ff848b30000 - 0x00007ff848c41000 	C:\WINDOWS\System32\ucrtbase.dll
0x00007ff835fb0000 - 0x00007ff835fc8000 	C:\Program Files\Greenfoot\jdk\bin\jli.dll
0x00007ff841ba0000 - 0x00007ff841bb9000 	C:\Program Files\Greenfoot\jdk\bin\VCRUNTIME140.dll
0x00007ff84ada0000 - 0x00007ff84af4e000 	C:\WINDOWS\System32\USER32.dll
0x00007ff83d230000 - 0x00007ff83d4c3000 	C:\WINDOWS\WinSxS\amd64_microsoft.windows.common-controls_6595b64144ccf1df_6.0.22621.3235_none_270f74e173860f98\COMCTL32.dll
0x00007ff848830000 - 0x00007ff848856000 	C:\WINDOWS\System32\win32u.dll
0x00007ff84b250000 - 0x00007ff84b2f7000 	C:\WINDOWS\System32\msvcrt.dll
0x00007ff849940000 - 0x00007ff849969000 	C:\WINDOWS\System32\GDI32.dll
0x00007ff849000000 - 0x00007ff849119000 	C:\WINDOWS\System32\gdi32full.dll
0x00007ff8491a0000 - 0x00007ff84923a000 	C:\WINDOWS\System32\msvcp_win.dll
0x00007ff84af50000 - 0x00007ff84af81000 	C:\WINDOWS\System32\IMM32.DLL
0x00007ff8430e0000 - 0x00007ff8430ec000 	C:\Program Files\Greenfoot\jdk\bin\vcruntime140_1.dll
0x00007ff8257e0000 - 0x00007ff825871000 	C:\Program Files\Greenfoot\jdk\bin\msvcp140.dll
0x00007ff805730000 - 0x00007ff806376000 	C:\Program Files\Greenfoot\jdk\bin\server\jvm.dll
0x00007ff84b410000 - 0x00007ff84b4c2000 	C:\WINDOWS\System32\ADVAPI32.dll
0x00007ff84a5e0000 - 0x00007ff84a688000 	C:\WINDOWS\System32\sechost.dll
0x00007ff8488d0000 - 0x00007ff8488f8000 	C:\WINDOWS\System32\bcrypt.dll
0x00007ff84a4c0000 - 0x00007ff84a5d5000 	C:\WINDOWS\System32\RPCRT4.dll
0x00007ff84ab40000 - 0x00007ff84ab48000 	C:\WINDOWS\System32\PSAPI.DLL
0x00007ff841b90000 - 0x00007ff841b99000 	C:\WINDOWS\SYSTEM32\WSOCK32.dll
0x00007ff841d60000 - 0x00007ff841d6a000 	C:\WINDOWS\SYSTEM32\VERSION.dll
0x00007ff842b40000 - 0x00007ff842b74000 	C:\WINDOWS\SYSTEM32\WINMM.dll
0x00007ff84b390000 - 0x00007ff84b401000 	C:\WINDOWS\System32\WS2_32.dll
0x00007ff847870000 - 0x00007ff847888000 	C:\WINDOWS\SYSTEM32\kernel.appcore.dll
0x00007ff83a6d0000 - 0x00007ff83a6da000 	C:\Program Files\Greenfoot\jdk\bin\jimage.dll
0x00007ff846310000 - 0x00007ff846543000 	C:\WINDOWS\SYSTEM32\DBGHELP.DLL
0x00007ff84a740000 - 0x00007ff84aac8000 	C:\WINDOWS\System32\combase.dll
0x00007ff84ac60000 - 0x00007ff84ad37000 	C:\WINDOWS\System32\OLEAUT32.dll
0x00007ff841e60000 - 0x00007ff841e92000 	C:\WINDOWS\SYSTEM32\dbgcore.DLL
0x00007ff849120000 - 0x00007ff849199000 	C:\WINDOWS\System32\bcryptPrimitives.dll
0x00007ff830cc0000 - 0x00007ff830cfb000 	C:\Program Files\Greenfoot\jdk\bin\jdwp.dll
0x00007ff832400000 - 0x00007ff832425000 	C:\Program Files\Greenfoot\jdk\bin\java.dll
0x00007ff820950000 - 0x00007ff820a26000 	C:\Program Files\Greenfoot\jdk\bin\jsvml.dll
0x00007ff849a40000 - 0x00007ff84a29c000 	C:\WINDOWS\System32\SHELL32.dll
0x00007ff846790000 - 0x00007ff847089000 	C:\WINDOWS\SYSTEM32\windows.storage.dll
0x00007ff846650000 - 0x00007ff84678e000 	C:\WINDOWS\SYSTEM32\wintypes.dll
0x00007ff84af90000 - 0x00007ff84b083000 	C:\WINDOWS\System32\SHCORE.dll
0x00007ff84ad40000 - 0x00007ff84ad9e000 	C:\WINDOWS\System32\shlwapi.dll
0x00007ff848760000 - 0x00007ff848781000 	C:\WINDOWS\SYSTEM32\profapi.dll
0x00007ff8394f0000 - 0x00007ff8394fb000 	C:\Program Files\Greenfoot\jdk\bin\dt_shmem.dll
0x00007ff830d40000 - 0x00007ff830d59000 	C:\Program Files\Greenfoot\jdk\bin\net.dll
0x00007ff842a00000 - 0x00007ff842b36000 	C:\WINDOWS\SYSTEM32\WINHTTP.dll
0x00007ff847ce0000 - 0x00007ff847d49000 	C:\WINDOWS\system32\mswsock.dll
0x00007ff830d20000 - 0x00007ff830d35000 	C:\Program Files\Greenfoot\jdk\bin\nio.dll
0x00007ff830d00000 - 0x00007ff830d18000 	C:\Program Files\Greenfoot\jdk\bin\zip.dll
0x00007ff8117d0000 - 0x00007ff81195e000 	C:\Program Files\Greenfoot\jdk\bin\awt.dll
0x00007ff845830000 - 0x00007ff8458c7000 	C:\WINDOWS\SYSTEM32\apphelp.dll
0x00007ff8459c0000 - 0x00007ff845a6b000 	C:\WINDOWS\system32\uxtheme.dll
0x00007ff84b090000 - 0x00007ff84b1e3000 	C:\WINDOWS\System32\MSCTF.dll
0x00007ff84a310000 - 0x00007ff84a4b5000 	C:\WINDOWS\System32\ole32.dll
0x00007ff847f40000 - 0x00007ff847f5b000 	C:\WINDOWS\SYSTEM32\CRYPTSP.dll
0x00007ff8477d0000 - 0x00007ff847805000 	C:\WINDOWS\system32\rsaenh.dll
0x00007ff847de0000 - 0x00007ff847e08000 	C:\WINDOWS\SYSTEM32\USERENV.dll
0x00007ff847f60000 - 0x00007ff847f6c000 	C:\WINDOWS\SYSTEM32\CRYPTBASE.dll
0x00007ff8472f0000 - 0x00007ff84731d000 	C:\WINDOWS\SYSTEM32\IPHLPAPI.DLL
0x00007ff84ab50000 - 0x00007ff84ab59000 	C:\WINDOWS\System32\NSI.dll
0x00007ff842840000 - 0x00007ff842859000 	C:\WINDOWS\SYSTEM32\dhcpcsvc6.DLL
0x00007ff842820000 - 0x00007ff84283f000 	C:\WINDOWS\SYSTEM32\dhcpcsvc.DLL
0x00007ff847360000 - 0x00007ff847459000 	C:\WINDOWS\SYSTEM32\DNSAPI.dll
0x00007ff845df0000 - 0x00007ff845e1b000 	C:\WINDOWS\system32\DWMAPI.DLL
0x00007ff82f4d0000 - 0x00007ff82f5d0000 	C:\WINDOWS\system32\opengl32.dll
0x00007ff840c70000 - 0x00007ff840c9d000 	C:\WINDOWS\SYSTEM32\GLU32.dll
0x00007ff845ac0000 - 0x00007ff845af9000 	C:\WINDOWS\SYSTEM32\dxcore.dll
0x000001ccdabf0000 - 0x000001ccdabf3000 	C:\Users\elena\.openjfx\cache\20.0.1+2\amd64\api-ms-win-core-console-l1-1-0.dll
0x000001ccf8fa0000 - 0x000001ccf8fa3000 	C:\Users\elena\.openjfx\cache\20.0.1+2\amd64\api-ms-win-core-console-l1-2-0.dll
0x000001ccf8fb0000 - 0x000001ccf8fb3000 	C:\Users\elena\.openjfx\cache\20.0.1+2\amd64\api-ms-win-core-datetime-l1-1-0.dll
0x000001ccf8fc0000 - 0x000001ccf8fc3000 	C:\Users\elena\.openjfx\cache\20.0.1+2\amd64\api-ms-win-core-debug-l1-1-0.dll
0x000001ccf8fd0000 - 0x000001ccf8fd3000 	C:\Users\elena\.openjfx\cache\20.0.1+2\amd64\api-ms-win-core-errorhandling-l1-1-0.dll
0x000001ccf8fe0000 - 0x000001ccf8fe4000 	C:\Users\elena\.openjfx\cache\20.0.1+2\amd64\api-ms-win-core-file-l1-1-0.dll
0x000001ccf8ff0000 - 0x000001ccf8ff3000 	C:\Users\elena\.openjfx\cache\20.0.1+2\amd64\api-ms-win-core-file-l1-2-0.dll
0x000001ccfa7c0000 - 0x000001ccfa7c3000 	C:\Users\elena\.openjfx\cache\20.0.1+2\amd64\api-ms-win-core-file-l2-1-0.dll
0x000001ccfa7d0000 - 0x000001ccfa7d3000 	C:\Users\elena\.openjfx\cache\20.0.1+2\amd64\api-ms-win-core-handle-l1-1-0.dll
0x000001ccfa7e0000 - 0x000001ccfa7e3000 	C:\Users\elena\.openjfx\cache\20.0.1+2\amd64\api-ms-win-core-heap-l1-1-0.dll
0x000001ccfa7f0000 - 0x000001ccfa7f3000 	C:\Users\elena\.openjfx\cache\20.0.1+2\amd64\api-ms-win-core-interlocked-l1-1-0.dll
0x000001ccfbb20000 - 0x000001ccfbb23000 	C:\Users\elena\.openjfx\cache\20.0.1+2\amd64\api-ms-win-core-libraryloader-l1-1-0.dll
0x000001ccfbb30000 - 0x000001ccfbb33000 	C:\Users\elena\.openjfx\cache\20.0.1+2\amd64\api-ms-win-core-localization-l1-2-0.dll
0x000001ccfbb40000 - 0x000001ccfbb43000 	C:\Users\elena\.openjfx\cache\20.0.1+2\amd64\api-ms-win-core-memory-l1-1-0.dll
0x000001ccfbb50000 - 0x000001ccfbb53000 	C:\Users\elena\.openjfx\cache\20.0.1+2\amd64\api-ms-win-core-namedpipe-l1-1-0.dll
0x000001ccfbb60000 - 0x000001ccfbb63000 	C:\Users\elena\.openjfx\cache\20.0.1+2\amd64\api-ms-win-core-processenvironment-l1-1-0.dll
0x000001ccfbb70000 - 0x000001ccfbb73000 	C:\Users\elena\.openjfx\cache\20.0.1+2\amd64\api-ms-win-core-processthreads-l1-1-0.dll
0x000001ccfbb80000 - 0x000001ccfbb83000 	C:\Users\elena\.openjfx\cache\20.0.1+2\amd64\api-ms-win-core-processthreads-l1-1-1.dll
0x000001ccfbb90000 - 0x000001ccfbb93000 	C:\Users\elena\.openjfx\cache\20.0.1+2\amd64\api-ms-win-core-profile-l1-1-0.dll
0x000001ccfbba0000 - 0x000001ccfbba3000 	C:\Users\elena\.openjfx\cache\20.0.1+2\amd64\api-ms-win-core-rtlsupport-l1-1-0.dll
0x000001ccfbbb0000 - 0x000001ccfbbb3000 	C:\Users\elena\.openjfx\cache\20.0.1+2\amd64\api-ms-win-core-string-l1-1-0.dll
0x000001ccfbbc0000 - 0x000001ccfbbc3000 	C:\Users\elena\.openjfx\cache\20.0.1+2\amd64\api-ms-win-core-synch-l1-1-0.dll
0x000001ccfbbd0000 - 0x000001ccfbbd3000 	C:\Users\elena\.openjfx\cache\20.0.1+2\amd64\api-ms-win-core-synch-l1-2-0.dll
0x000001ccfbbe0000 - 0x000001ccfbbe3000 	C:\Users\elena\.openjfx\cache\20.0.1+2\amd64\api-ms-win-core-sysinfo-l1-1-0.dll
0x000001ccfbbf0000 - 0x000001ccfbbf3000 	C:\Users\elena\.openjfx\cache\20.0.1+2\amd64\api-ms-win-core-timezone-l1-1-0.dll
0x000001ccfbc00000 - 0x000001ccfbc03000 	C:\Users\elena\.openjfx\cache\20.0.1+2\amd64\api-ms-win-core-util-l1-1-0.dll
0x000001ccfbc10000 - 0x000001ccfbc13000 	C:\Users\elena\.openjfx\cache\20.0.1+2\amd64\api-ms-win-crt-conio-l1-1-0.dll
0x000001ccfbc20000 - 0x000001ccfbc24000 	C:\Users\elena\.openjfx\cache\20.0.1+2\amd64\api-ms-win-crt-convert-l1-1-0.dll
0x000001ccfbc30000 - 0x000001ccfbc33000 	C:\Users\elena\.openjfx\cache\20.0.1+2\amd64\api-ms-win-crt-environment-l1-1-0.dll
0x000001ccfbc40000 - 0x000001ccfbc43000 	C:\Users\elena\.openjfx\cache\20.0.1+2\amd64\api-ms-win-crt-filesystem-l1-1-0.dll
0x000001ccfbc50000 - 0x000001ccfbc53000 	C:\Users\elena\.openjfx\cache\20.0.1+2\amd64\api-ms-win-crt-heap-l1-1-0.dll
0x000001ccfbc60000 - 0x000001ccfbc63000 	C:\Users\elena\.openjfx\cache\20.0.1+2\amd64\api-ms-win-crt-locale-l1-1-0.dll
0x000001ccfbc70000 - 0x000001ccfbc75000 	C:\Users\elena\.openjfx\cache\20.0.1+2\amd64\api-ms-win-crt-math-l1-1-0.dll
0x000001ccfbc80000 - 0x000001ccfbc85000 	C:\Users\elena\.openjfx\cache\20.0.1+2\amd64\api-ms-win-crt-multibyte-l1-1-0.dll
0x000001ccfbc90000 - 0x000001ccfbca0000 	C:\Users\elena\.openjfx\cache\20.0.1+2\amd64\api-ms-win-crt-private-l1-1-0.dll
0x000001ccfbca0000 - 0x000001ccfbca3000 	C:\Users\elena\.openjfx\cache\20.0.1+2\amd64\api-ms-win-crt-process-l1-1-0.dll
0x000001ccfbcb0000 - 0x000001ccfbcb4000 	C:\Users\elena\.openjfx\cache\20.0.1+2\amd64\api-ms-win-crt-runtime-l1-1-0.dll
0x000001ccfbcc0000 - 0x000001ccfbcc4000 	C:\Users\elena\.openjfx\cache\20.0.1+2\amd64\api-ms-win-crt-stdio-l1-1-0.dll
0x000001ccfbcd0000 - 0x000001ccfbcd4000 	C:\Users\elena\.openjfx\cache\20.0.1+2\amd64\api-ms-win-crt-string-l1-1-0.dll
0x000001ccfbce0000 - 0x000001ccfbce3000 	C:\Users\elena\.openjfx\cache\20.0.1+2\amd64\api-ms-win-crt-time-l1-1-0.dll
0x000001ccfbcf0000 - 0x000001ccfbcf3000 	C:\Users\elena\.openjfx\cache\20.0.1+2\amd64\api-ms-win-crt-utility-l1-1-0.dll
0x00007ff813650000 - 0x00007ff81374c000 	C:\Users\elena\.openjfx\cache\20.0.1+2\amd64\ucrtbase.dll
0x00007ff830b70000 - 0x00007ff830b8b000 	C:\Users\elena\.openjfx\cache\20.0.1+2\amd64\vcruntime140.dll
0x00007ff83a540000 - 0x00007ff83a54c000 	C:\Users\elena\.openjfx\cache\20.0.1+2\amd64\vcruntime140_1.dll
0x00007ff813450000 - 0x00007ff8134de000 	C:\Users\elena\.openjfx\cache\20.0.1+2\amd64\msvcp140.dll
0x00007ff83a150000 - 0x00007ff83a159000 	C:\Users\elena\.openjfx\cache\20.0.1+2\amd64\msvcp140_1.dll
0x00007ff8309d0000 - 0x00007ff830a00000 	C:\Users\elena\.openjfx\cache\20.0.1+2\amd64\msvcp140_2.dll
0x00007ff8309a0000 - 0x00007ff8309cf000 	C:\Users\elena\.openjfx\cache\20.0.1+2\amd64\prism_d3d.dll
0x00007ff8112f0000 - 0x00007ff811499000 	C:\WINDOWS\system32\d3d9.dll
0x00007ff80d050000 - 0x00007ff80d1b3000 	C:\WINDOWS\System32\DriverStore\FileRepository\iigd_dch.inf_amd64_e9b40d45ab4dc6b8\igdumdim64.dll
0x00007fffbcd70000 - 0x00007fffc0774000 	C:\WINDOWS\System32\DriverStore\FileRepository\iigd_dch.inf_amd64_e9b40d45ab4dc6b8\igd9dxva64.dll
0x00007ff849240000 - 0x00007ff8496b4000 	C:\WINDOWS\System32\SETUPAPI.dll
0x00007ff848400000 - 0x00007ff84844e000 	C:\WINDOWS\SYSTEM32\cfgmgr32.dll
0x00007ff82ce70000 - 0x00007ff82d0af000 	C:\WINDOWS\System32\DriverStore\FileRepository\iigd_dch.inf_amd64_e9b40d45ab4dc6b8\igdgmm64.dll
0x00007ff831990000 - 0x00007ff8319da000 	C:\WINDOWS\SYSTEM32\directxdatabasehelper.dll
0x00007ff824140000 - 0x00007ff824182000 	C:\Users\elena\.openjfx\cache\20.0.1+2\amd64\glass.dll
0x00007ff84ab60000 - 0x00007ff84ac59000 	C:\WINDOWS\System32\COMDLG32.dll
0x00007ff8264a0000 - 0x00007ff8264c7000 	C:\WINDOWS\System32\DriverStore\FileRepository\iigd_dch.inf_amd64_e9b40d45ab4dc6b8\igdinfo64.dll
0x00007ff82a040000 - 0x00007ff82cca2000 	C:\WINDOWS\System32\DriverStore\FileRepository\iigd_dch.inf_amd64_e9b40d45ab4dc6b8\igc64.dll
0x00007ff81ea70000 - 0x00007ff81eaf6000 	C:\Program Files\Greenfoot\jdk\bin\freetype.dll
0x00007ff811720000 - 0x00007ff8117c8000 	C:\Program Files\Greenfoot\jdk\bin\fontmanager.dll

dbghelp: loaded successfully - version: 4.0.5 - missing functions: none
symbol engine: initialized successfully - sym options: 0x614 - pdb path: .;C:\Program Files\Greenfoot\jdk\bin;C:\WINDOWS\SYSTEM32;C:\WINDOWS\WinSxS\amd64_microsoft.windows.common-controls_6595b64144ccf1df_6.0.22621.3235_none_270f74e173860f98;C:\Program Files\Greenfoot\jdk\bin\server;C:\Users\elena\.openjfx\cache\20.0.1+2\amd64;C:\WINDOWS\System32\DriverStore\FileRepository\iigd_dch.inf_amd64_e9b40d45ab4dc6b8

VM Arguments:
jvm_args: -XX:MaxGCPauseMillis=50 -agentlib:jdwp=transport=dt_shmem,address=javadebug -Dfile.encoding=UTF-8 
java_command: bluej.runtime.ExecServer UTF-8
java_class_path (initial): C:\Program Files\Greenfoot\lib\greenfoot.jar;C:\Program Files\Greenfoot\lib\javafx-base-20.0.1-win.jar;C:\Program Files\Greenfoot\lib\javafx-base-20.0.1.jar;C:\Program Files\Greenfoot\lib\javafx-controls-20.0.1-win.jar;C:\Program Files\Greenfoot\lib\javafx-controls-20.0.1.jar;C:\Program Files\Greenfoot\lib\javafx-fxml-20.0.1-win.jar;C:\Program Files\Greenfoot\lib\javafx-graphics-20.0.1-win.jar;C:\Program Files\Greenfoot\lib\javafx-graphics-20.0.1.jar;C:\Program Files\Greenfoot\lib\javafx-media-20.0.1-win.jar;C:\Program Files\Greenfoot\lib\javafx-media-20.0.1.jar;C:\Program Files\Greenfoot\lib\javafx-swing-20.0.1-win.jar;C:\Program Files\Greenfoot\lib\javafx-web-20.0.1-win.jar;C:\Program Files\Greenfoot\lib\junit-4.12.jar;C:\Program Files\Greenfoot\lib\junit-jupiter-5.5.2.jar;C:\Program Files\Greenfoot\lib\junit-jupiter-api-5.5.2.jar;C:\Program Files\Greenfoot\lib\junit-jupiter-engine-5.5.2.jar;C:\Program Files\Greenfoot\lib\junit-jupiter-params-5.5.2.jar;C:\Program Files\Greenfoot\lib\junit-platform-commons-1.5.2.jar;C:\Program Files\Greenfoot\lib\junit-platform-engine-1.5.2.jar;C:\Program Files\Greenfoot\lib\junit-platform-launcher-1.5.2.jar;C:\Program Files\Greenfoot\lib\junit-platform-suite-api-1.5.2.jar;C:\Program Files\Greenfoot\lib\junit-vintage-engine-5.5.2.jar;C:\Program Files\Greenfoot\lib\hamcrest-core-1.3.jar;C:\Program Files\Greenfoot\lib\opentest4j-1.2.0.jar;C:\Program Files\Greenfoot\lib\bluej.jar;C:\Program Files\Greenfoot\lib\classgraph-4.8.90.jar;C:\Program Files\Greenfoot\lib\diffutils-1.2.1.jar;C:\Program Files\Greenfoot\lib\commons-logging-1.2.jar;C:\Program Files\Greenfoot\lib\jl1.0.1.jar;C:\Program Files\Greenfoot\lib\opencsv-2.3.jar;C:\Program Files\Greenfoot\lib\opencsv-2.4.jar;C:\Program Files\Greenfoot\lib\xom-1.3.7.jar;C:\Program Files\Greenfoot\lib\lang-stride.jar;C:\Program Files\Greenfoot\lib\nsmenufx-2.1.8.jar;C:\Program Files\Greenfoot\lib\wellbehavedfx-0.3.3.jar;C:\Program Files\Greenfoot\lib\guava-17.0.j
Launcher Type: SUN_STANDARD

[Global flags]
     intx CICompilerCount                          = 4                                         {product} {ergonomic}
     uint ConcGCThreads                            = 2                                         {product} {ergonomic}
     uint G1ConcRefinementThreads                  = 8                                         {product} {ergonomic}
   size_t G1HeapRegionSize                         = 1048576                                   {product} {ergonomic}
    uintx GCDrainStackTargetSize                   = 64                                        {product} {ergonomic}
   size_t InitialHeapSize                          = 132120576                                 {product} {ergonomic}
   size_t MarkStackSize                            = 4194304                                   {product} {ergonomic}
    uintx MaxGCPauseMillis                         = 50                                        {product} {command line}
   size_t MaxHeapSize                              = 2109734912                                {product} {ergonomic}
   size_t MaxNewSize                               = 1265631232                                {product} {ergonomic}
   size_t MinHeapDeltaBytes                        = 1048576                                   {product} {ergonomic}
   size_t MinHeapSize                              = 8388608                                   {product} {ergonomic}
    uintx NonNMethodCodeHeapSize                   = 5839372                                {pd product} {ergonomic}
    uintx NonProfiledCodeHeapSize                  = 122909434                              {pd product} {ergonomic}
    uintx ProfiledCodeHeapSize                     = 122909434                              {pd product} {ergonomic}
    uintx ReservedCodeCacheSize                    = 251658240                              {pd product} {ergonomic}
     bool SegmentedCodeCache                       = true                                      {product} {ergonomic}
   size_t SoftMaxHeapSize                          = 2109734912                             {manageable} {ergonomic}
     bool UseCompressedClassPointers               = true                           {product lp64_product} {ergonomic}
     bool UseCompressedOops                        = true                           {product lp64_product} {ergonomic}
     bool UseG1GC                                  = true                                      {product} {ergonomic}
     bool UseLargePagesIndividualAllocation        = false                                  {pd product} {ergonomic}

Logging:
Log output configuration:
 #0: stdout all=warning uptime,level,tags
 #1: stderr all=off uptime,level,tags

Environment Variables:
PATH=C:\Python312\Scripts\;C:\Python312\;C:\Program Files (x86)\Common Files\Oracle\Java\javapath;C:\ProgramData\Oracle\Java\javapath;C:\WINDOWS\system32;C:\WINDOWS;C:\WINDOWS\System32\Wbem;C:\WINDOWS\System32\WindowsPowerShell\v1.0\;C:\WINDOWS\System32\OpenSSH\;C:\Program Files\Common Files\Autodesk Shared\;C:\Program Files\Microsoft SQL Server\120\Tools\Binn\;C:\Program Files\nodejs\;C:\ProgramData\chocolatey\bin;C:\Program Files\Git\cmd;C:\Users\elena\AppData\Local\Microsoft\WindowsApps;;C:\Users\elena\AppData\Local\Programs\Microsoft VS Code\bin;C:\Users\elena\AppData\Roaming\npm
USERNAME=elena
OS=Windows_NT
PROCESSOR_IDENTIFIER=Intel64 Family 6 Model 142 Stepping 11, GenuineIntel
TMP=C:\Users\elena\AppData\Local\Temp
TEMP=C:\Users\elena\AppData\Local\Temp



---------------  S Y S T E M  ---------------

OS:
 Windows 11 , 64 bit Build 22621 (10.0.22621.3374)
OS uptime: 24 days 19:07 hours

CPU: total 8 (initial active 8) (4 cores per cpu, 2 threads per core) family 6 model 142 stepping 11 microcode 0xde, cx8, cmov, fxsr, ht, mmx, 3dnowpref, sse, sse2, sse3, ssse3, sse4.1, sse4.2, popcnt, lzcnt, tsc, tscinvbit, avx, avx2, aes, erms, clmul, bmi1, bmi2, adx, fma, vzeroupper, clflush, clflushopt

Memory: 4k page, system-wide physical 8043M (1842M free)
TotalPageFile size 9944M (AvailPageFile size 255M)
current process WorkingSet (physical memory assigned to process): 218M, peak: 235M
current process commit charge ("private bytes"): 455M, peak: 748M

vm_info: OpenJDK 64-Bit Server VM (17.0.4.1+1) for windows-amd64 JRE (17.0.4.1+1), built on Aug 17 2022 07:42:43 by "temurin" with MS VC++ 16.7 (VS2019)

END.
