#
# There is insufficient memory for the Java Runtime Environment to continue.
# Native memory allocation (mmap) failed to map 469762048 bytes for G1 virtual space
# Possible reasons:
#   The system is out of physical RAM or swap space
#   The process is running with CompressedOops enabled, and the Java Heap may be blocking the growth of the native heap
# Possible solutions:
#   Reduce memory load on the system
#   Increase physical memory or swap space
#   Check if swap backing store is full
#   Decrease Java heap size (-Xmx/-Xms)
#   Decrease number of Java threads
#   Decrease Java thread stack sizes (-Xss)
#   Set larger code cache with -XX:ReservedCodeCacheSize=
#   JVM is running with Unscaled Compressed Oops mode in which the Java heap is
#     placed in the first 4GB address space. The Java Heap base address is the
#     maximum limit for the native heap growth. Please use -XX:HeapBaseMinAddress
#     to set the Java Heap base and to place the Java Heap above 4GB virtual address.
# This output file may be truncated or incomplete.
#
#  Out of Memory Error (os_windows.cpp:3541), pid=5208, tid=14332
#
# JRE version: OpenJDK Runtime Environment Temurin-17.0.4.1+1 (17.0.4.1+1) (build 17.0.4.1+1)
# Java VM: OpenJDK 64-Bit Server VM Temurin-17.0.4.1+1 (17.0.4.1+1, mixed mode, sharing, tiered, compressed oops, compressed class ptrs, g1 gc, windows-amd64)
# No core dump will be written. Minidumps are not enabled by default on client versions of Windows
#

---------------  S U M M A R Y ------------

Command Line: -XX:MaxGCPauseMillis=50 -agentlib:jdwp=transport=dt_shmem,address=javadebug -Dfile.encoding=UTF-8 bluej.runtime.ExecServer UTF-8

Host: Intel(R) Core(TM) i5-8265U CPU @ 1.60GHz, 8 cores, 7G,  Windows 11 , 64 bit Build 22621 (10.0.22621.3374)
Time: Tue May 28 18:33:07 2024  Windows 11 , 64 bit Build 22621 (10.0.22621.3374) elapsed time: 510.155828 seconds (0d 0h 8m 30s)

---------------  T H R E A D  ---------------

Current thread (0x0000023ed9b95670):  VMThread "VM Thread" [stack: 0x0000005f45a00000,0x0000005f45b00000] [id=14332]

Stack: [0x0000005f45a00000,0x0000005f45b00000]
Native frames: (J=compiled Java code, j=interpreted, Vv=VM code, C=native code)
V  [jvm.dll+0x67731a]
V  [jvm.dll+0x832284]
V  [jvm.dll+0x833a2e]
V  [jvm.dll+0x834093]
V  [jvm.dll+0x245775]
V  [jvm.dll+0x674209]
V  [jvm.dll+0x668a92]
V  [jvm.dll+0x30471b]
V  [jvm.dll+0x30bc66]
V  [jvm.dll+0x35ba9e]
V  [jvm.dll+0x35bccf]
V  [jvm.dll+0x2db5b8]
V  [jvm.dll+0x2d986c]
V  [jvm.dll+0x2d8e3c]
V  [jvm.dll+0x31d0c1]
V  [jvm.dll+0x83853b]
V  [jvm.dll+0x839274]
V  [jvm.dll+0x83978c]
V  [jvm.dll+0x839b64]
V  [jvm.dll+0x839c30]
V  [jvm.dll+0x7e240a]
V  [jvm.dll+0x6761a5]
C  [ucrtbase.dll+0x29333]
C  [KERNEL32.DLL+0x1257d]
C  [ntdll.dll+0x5aa48]

VM_Operation (0x0000005f47efd8c0): G1TryInitiateConcMark, mode: safepoint, requested by thread 0x0000023edbcaabd0


---------------  P R O C E S S  ---------------

Threads class SMR info:
_java_thread_list=0x0000023edc161a20, length=25, elements={
0x0000023ed9b99260, 0x0000023ed9b9a0d0, 0x0000023ed9bb4450, 0x0000023ed9bb5000,
0x0000023ed9bb5bb0, 0x0000023ed9bb8570, 0x0000023ed9bbb260, 0x0000023ed9bbc310,
0x0000023ed9bc4140, 0x0000023eda8ec800, 0x0000023eda9014c0, 0x0000023eda903cc0,
0x0000023eda9068a0, 0x0000023eda90ddc0, 0x0000023edabfd800, 0x0000023edabfe1a0,
0x0000023edacd7e80, 0x0000023eb97ae7e0, 0x0000023edba045d0, 0x0000023edbad2230,
0x0000023edbad6af0, 0x0000023edbd17af0, 0x0000023edb030d10, 0x0000023edbcaabd0,
0x0000023edbd30f90
}

Java Threads: ( => current thread )
  0x0000023ed9b99260 JavaThread "Reference Handler" daemon [_thread_blocked, id=9872, stack(0x0000005f45b00000,0x0000005f45c00000)]
  0x0000023ed9b9a0d0 JavaThread "Finalizer" daemon [_thread_blocked, id=4536, stack(0x0000005f45c00000,0x0000005f45d00000)]
  0x0000023ed9bb4450 JavaThread "Signal Dispatcher" daemon [_thread_blocked, id=14476, stack(0x0000005f45d00000,0x0000005f45e00000)]
  0x0000023ed9bb5000 JavaThread "Attach Listener" daemon [_thread_blocked, id=2020, stack(0x0000005f45e00000,0x0000005f45f00000)]
  0x0000023ed9bb5bb0 JavaThread "Service Thread" daemon [_thread_blocked, id=12892, stack(0x0000005f45f00000,0x0000005f46000000)]
  0x0000023ed9bb8570 JavaThread "Monitor Deflation Thread" daemon [_thread_blocked, id=6072, stack(0x0000005f46000000,0x0000005f46100000)]
  0x0000023ed9bbb260 JavaThread "C2 CompilerThread0" daemon [_thread_blocked, id=14448, stack(0x0000005f46100000,0x0000005f46200000)]
  0x0000023ed9bbc310 JavaThread "C1 CompilerThread0" daemon [_thread_blocked, id=7676, stack(0x0000005f46200000,0x0000005f46300000)]
  0x0000023ed9bc4140 JavaThread "Sweeper thread" daemon [_thread_blocked, id=18232, stack(0x0000005f46300000,0x0000005f46400000)]
  0x0000023eda8ec800 JavaThread "JDWP Transport Listener: dt_shmem" daemon [_thread_blocked, id=12136, stack(0x0000005f46400000,0x0000005f46500000)]
  0x0000023eda9014c0 JavaThread "JDWP Event Helper Thread" daemon [_thread_blocked, id=6796, stack(0x0000005f46500000,0x0000005f46600000)]
  0x0000023eda903cc0 JavaThread "JDWP Command Reader" daemon [_thread_in_native, id=15984, stack(0x0000005f46600000,0x0000005f46700000)]
  0x0000023eda9068a0 JavaThread "Notification Thread" daemon [_thread_blocked, id=18820, stack(0x0000005f46700000,0x0000005f46800000)]
  0x0000023eda90ddc0 JavaThread "Common-Cleaner" daemon [_thread_blocked, id=18752, stack(0x0000005f46900000,0x0000005f46a00000)]
  0x0000023edabfd800 JavaThread "Java2D Disposer" daemon [_thread_blocked, id=1388, stack(0x0000005f46a00000,0x0000005f46b00000)]
  0x0000023edabfe1a0 JavaThread "AWT-Windows" daemon [_thread_in_native, id=3892, stack(0x0000005f46c00000,0x0000005f46d00000)]
  0x0000023edacd7e80 JavaThread "BlueJ worker thread" [_thread_blocked, id=17952, stack(0x0000005f46e00000,0x0000005f46f00000)]
  0x0000023eb97ae7e0 JavaThread "DestroyJavaVM" [_thread_blocked, id=16624, stack(0x0000005f45400000,0x0000005f45500000)]
  0x0000023edba045d0 JavaThread "QuantumRenderer-0" daemon [_thread_blocked, id=7660, stack(0x0000005f47800000,0x0000005f47900000)]
  0x0000023edbad2230 JavaThread "InvokeLaterDispatcher" daemon [_thread_blocked, id=2224, stack(0x0000005f46b00000,0x0000005f46c00000)]
  0x0000023edbad6af0 JavaThread "JavaFX Application Thread" [_thread_in_native, id=12276, stack(0x0000005f47900000,0x0000005f47a00000)]
  0x0000023edbd17af0 JavaThread "VMCommsSimulation" [_thread_blocked, id=7972, stack(0x0000005f47d00000,0x0000005f47e00000)]
  0x0000023edb030d10 JavaThread "Thread-2" daemon [_thread_blocked, id=16020, stack(0x0000005f46d00000,0x0000005f46e00000)]
  0x0000023edbcaabd0 JavaThread "SimulationThread" [_thread_blocked, id=19548, stack(0x0000005f47e00000,0x0000005f47f00000)]
  0x0000023edbd30f90 JavaThread "main" [_thread_blocked, id=9648, stack(0x0000005f47000000,0x0000005f47100000)]

Other Threads:
=>0x0000023ed9b95670 VMThread "VM Thread" [stack: 0x0000005f45a00000,0x0000005f45b00000] [id=14332]
  0x0000023ebb94a290 WatcherThread [stack: 0x0000005f46800000,0x0000005f46900000] [id=7064]
  0x0000023ebb92f5a0 GCTaskThread "GC Thread#0" [stack: 0x0000005f45500000,0x0000005f45600000] [id=13024]
  0x0000023edaeed770 GCTaskThread "GC Thread#1" [stack: 0x0000005f46f00000,0x0000005f47000000] [id=17228]
  0x0000023edadb2850 GCTaskThread "GC Thread#2" [stack: 0x0000005f47100000,0x0000005f47200000] [id=14844]
  0x0000023edadb2b00 GCTaskThread "GC Thread#3" [stack: 0x0000005f47200000,0x0000005f47300000] [id=13236]
  0x0000023edaee28d0 GCTaskThread "GC Thread#4" [stack: 0x0000005f47300000,0x0000005f47400000] [id=12868]
  0x0000023edaee2b80 GCTaskThread "GC Thread#5" [stack: 0x0000005f47400000,0x0000005f47500000] [id=12192]
  0x0000023edaee2e30 GCTaskThread "GC Thread#6" [stack: 0x0000005f47500000,0x0000005f47600000] [id=19492]
  0x0000023edaf26030 GCTaskThread "GC Thread#7" [stack: 0x0000005f47600000,0x0000005f47700000] [id=16892]
  0x0000023ebb941070 ConcurrentGCThread "G1 Main Marker" [stack: 0x0000005f45600000,0x0000005f45700000] [id=19676]
  0x0000023ebb943230 ConcurrentGCThread "G1 Conc#0" [stack: 0x0000005f45700000,0x0000005f45800000] [id=8840]
  0x0000023edb062950 ConcurrentGCThread "G1 Conc#1" [stack: 0x0000005f47700000,0x0000005f47800000] [id=2812]
  0x0000023ed9a530d0 ConcurrentGCThread "G1 Refine#0" [stack: 0x0000005f45800000,0x0000005f45900000] [id=10920]
  0x0000023ed9a53af0 ConcurrentGCThread "G1 Service" [stack: 0x0000005f45900000,0x0000005f45a00000] [id=4620]

Threads with active compile tasks:
C1 CompilerThread0   510277 2489       1       java.awt.color.ColorSpace::getNumComponents (5 bytes)

VM state: at safepoint (normal execution)

VM Mutex/Monitor currently owned by a thread:  ([mutex/lock_event])
[0x0000023eb97aaf30] Threads_lock - owner thread: 0x0000023ed9b95670
[0x0000023eb97aafc0] Heap_lock - owner thread: 0x0000023edbcaabd0

Heap address: 0x0000000082400000, size: 2012 MB, Compressed Oops mode: 32-bit

CDS archive(s) mapped at: [0x0000000800000000-0x0000000800bc0000-0x0000000800bc0000), size 12320768, SharedBaseAddress: 0x0000000800000000, ArchiveRelocationMode: 0.
Compressed class space mapped at: 0x0000000800c00000-0x0000000840c00000, reserved size: 1073741824
Narrow klass base: 0x0000000800000000, Narrow klass shift: 0, Narrow klass range: 0x100000000

GC Precious Log:
 CPUs: 8 total, 8 available
 Memory: 8043M
 Large Page Support: Disabled
 NUMA Support: Disabled
 Compressed Oops: Enabled (32-bit)
 Heap Region Size: 1M
 Heap Min Capacity: 8M
 Heap Initial Capacity: 126M
 Heap Max Capacity: 2012M
 Pre-touch: Disabled
 Parallel Workers: 8
 Concurrent Workers: 2
 Concurrent Refinement Workers: 8
 Periodic GC: Disabled

Heap:
 garbage-first heap   total 229376K, used 93115K [0x0000000082400000, 0x0000000100000000)
  region size 1024K, 1 young (1024K), 1 survivors (1024K)
 Metaspace       used 11344K, committed 11520K, reserved 1064960K
  class space    used 1065K, committed 1152K, reserved 1048576K

Heap Regions: E=young(eden), S=young(survivor), O=old, HS=humongous(starts), HC=humongous(continues), CS=collection set, F=free, OA=open archive, CA=closed archive, TAMS=top-at-mark-start (previous, next)
|   0|0x0000000082400000, 0x0000000082500000, 0x0000000082500000|100%| O|  |TAMS 0x0000000082500000, 0x0000000082500000| Untracked 
|   1|0x0000000082500000, 0x00000000825ee2d0, 0x0000000082600000| 93%| O|  |TAMS 0x0000000082500000, 0x00000000825ee2d0| Untracked 
|   2|0x0000000082600000, 0x0000000082700000, 0x0000000082700000|100%| O|  |TAMS 0x0000000082700000, 0x0000000082700000| Untracked 
|   3|0x0000000082700000, 0x00000000827eb580, 0x0000000082800000| 91%| O|  |TAMS 0x0000000082700000, 0x00000000827eb580| Untracked 
|   4|0x0000000082800000, 0x00000000828fffd8, 0x0000000082900000| 99%| O|  |TAMS 0x00000000828fffd8, 0x00000000828fffd8| Untracked 
|   5|0x0000000082900000, 0x00000000829fb780, 0x0000000082a00000| 98%| O|  |TAMS 0x00000000829fb780, 0x00000000829fb780| Untracked 
|   6|0x0000000082a00000, 0x0000000082af37b8, 0x0000000082b00000| 95%| O|  |TAMS 0x0000000082af37b8, 0x0000000082af37b8| Untracked 
|   7|0x0000000082b00000, 0x0000000082c00000, 0x0000000082c00000|100%|HS|  |TAMS 0x0000000082c00000, 0x0000000082c00000| Untracked 
|   8|0x0000000082c00000, 0x0000000082ce5848, 0x0000000082d00000| 89%| O|  |TAMS 0x0000000082c00000, 0x0000000082ce5848| Untracked 
|   9|0x0000000082d00000, 0x0000000082e00000, 0x0000000082e00000|100%|HS|  |TAMS 0x0000000082e00000, 0x0000000082e00000| Untracked 
|  10|0x0000000082e00000, 0x0000000082e00000, 0x0000000082f00000|  0%| F|  |TAMS 0x0000000082e00000, 0x0000000082e00000| Untracked 
|  11|0x0000000082f00000, 0x0000000082f00000, 0x0000000083000000|  0%| F|  |TAMS 0x0000000082f00000, 0x0000000082f00000| Untracked 
|  12|0x0000000083000000, 0x0000000083000000, 0x0000000083100000|  0%| F|  |TAMS 0x0000000083000000, 0x0000000083000000| Untracked 
|  13|0x0000000083100000, 0x0000000083100000, 0x0000000083200000|  0%| F|  |TAMS 0x0000000083100000, 0x0000000083100000| Untracked 
|  14|0x0000000083200000, 0x0000000083300000, 0x0000000083300000|100%|HS|  |TAMS 0x0000000083300000, 0x0000000083300000| Untracked 
|  15|0x0000000083300000, 0x0000000083400000, 0x0000000083400000|100%|HS|  |TAMS 0x0000000083400000, 0x0000000083400000| Untracked 
|  16|0x0000000083400000, 0x0000000083500000, 0x0000000083500000|100%|HC|  |TAMS 0x0000000083500000, 0x0000000083500000| Untracked 
|  17|0x0000000083500000, 0x0000000083600000, 0x0000000083600000|100%|HC|  |TAMS 0x0000000083600000, 0x0000000083600000| Untracked 
|  18|0x0000000083600000, 0x0000000083700000, 0x0000000083700000|100%|HC|  |TAMS 0x0000000083700000, 0x0000000083700000| Untracked 
|  19|0x0000000083700000, 0x0000000083800000, 0x0000000083800000|100%|HC|  |TAMS 0x0000000083800000, 0x0000000083800000| Untracked 
|  20|0x0000000083800000, 0x0000000083900000, 0x0000000083900000|100%|HC|  |TAMS 0x0000000083900000, 0x0000000083900000| Untracked 
|  21|0x0000000083900000, 0x0000000083a00000, 0x0000000083a00000|100%|HC|  |TAMS 0x0000000083a00000, 0x0000000083a00000| Untracked 
|  22|0x0000000083a00000, 0x0000000083b00000, 0x0000000083b00000|100%|HC|  |TAMS 0x0000000083b00000, 0x0000000083b00000| Untracked 
|  23|0x0000000083b00000, 0x0000000083b00000, 0x0000000083c00000|  0%| F|  |TAMS 0x0000000083b00000, 0x0000000083b00000| Untracked 
|  24|0x0000000083c00000, 0x0000000083d00000, 0x0000000083d00000|100%|HS|  |TAMS 0x0000000083d00000, 0x0000000083d00000| Untracked 
|  25|0x0000000083d00000, 0x0000000083e00000, 0x0000000083e00000|100%|HC|  |TAMS 0x0000000083e00000, 0x0000000083e00000| Untracked 
|  26|0x0000000083e00000, 0x0000000083f00000, 0x0000000083f00000|100%|HC|  |TAMS 0x0000000083f00000, 0x0000000083f00000| Untracked 
|  27|0x0000000083f00000, 0x0000000084000000, 0x0000000084000000|100%|HC|  |TAMS 0x0000000084000000, 0x0000000084000000| Untracked 
|  28|0x0000000084000000, 0x0000000084100000, 0x0000000084100000|100%|HC|  |TAMS 0x0000000084100000, 0x0000000084100000| Untracked 
|  29|0x0000000084100000, 0x0000000084200000, 0x0000000084200000|100%|HC|  |TAMS 0x0000000084200000, 0x0000000084200000| Untracked 
|  30|0x0000000084200000, 0x0000000084300000, 0x0000000084300000|100%|HC|  |TAMS 0x0000000084300000, 0x0000000084300000| Untracked 
|  31|0x0000000084300000, 0x0000000084400000, 0x0000000084400000|100%|HC|  |TAMS 0x0000000084400000, 0x0000000084400000| Untracked 
|  32|0x0000000084400000, 0x0000000084500000, 0x0000000084500000|100%|HS|  |TAMS 0x0000000084500000, 0x0000000084500000| Untracked 
|  33|0x0000000084500000, 0x0000000084600000, 0x0000000084600000|100%|HC|  |TAMS 0x0000000084600000, 0x0000000084600000| Untracked 
|  34|0x0000000084600000, 0x0000000084700000, 0x0000000084700000|100%|HC|  |TAMS 0x0000000084700000, 0x0000000084700000| Untracked 
|  35|0x0000000084700000, 0x0000000084800000, 0x0000000084800000|100%|HC|  |TAMS 0x0000000084800000, 0x0000000084800000| Untracked 
|  36|0x0000000084800000, 0x0000000084900000, 0x0000000084900000|100%|HC|  |TAMS 0x0000000084900000, 0x0000000084900000| Untracked 
|  37|0x0000000084900000, 0x0000000084a00000, 0x0000000084a00000|100%|HC|  |TAMS 0x0000000084a00000, 0x0000000084a00000| Untracked 
|  38|0x0000000084a00000, 0x0000000084b00000, 0x0000000084b00000|100%|HC|  |TAMS 0x0000000084b00000, 0x0000000084b00000| Untracked 
|  39|0x0000000084b00000, 0x0000000084c00000, 0x0000000084c00000|100%|HC|  |TAMS 0x0000000084c00000, 0x0000000084c00000| Untracked 
|  40|0x0000000084c00000, 0x0000000084c00000, 0x0000000084d00000|  0%| F|  |TAMS 0x0000000084c00000, 0x0000000084c00000| Untracked 
|  41|0x0000000084d00000, 0x0000000084d00000, 0x0000000084e00000|  0%| F|  |TAMS 0x0000000084d00000, 0x0000000084d00000| Untracked 
|  42|0x0000000084e00000, 0x0000000084e00000, 0x0000000084f00000|  0%| F|  |TAMS 0x0000000084e00000, 0x0000000084e00000| Untracked 
|  43|0x0000000084f00000, 0x0000000084f00000, 0x0000000085000000|  0%| F|  |TAMS 0x0000000084f00000, 0x0000000084f00000| Untracked 
|  44|0x0000000085000000, 0x0000000085000000, 0x0000000085100000|  0%| F|  |TAMS 0x0000000085000000, 0x0000000085000000| Untracked 
|  45|0x0000000085100000, 0x0000000085100000, 0x0000000085200000|  0%| F|  |TAMS 0x0000000085100000, 0x0000000085100000| Untracked 
|  46|0x0000000085200000, 0x0000000085200000, 0x0000000085300000|  0%| F|  |TAMS 0x0000000085200000, 0x0000000085200000| Untracked 
|  47|0x0000000085300000, 0x0000000085300000, 0x0000000085400000|  0%| F|  |TAMS 0x0000000085300000, 0x0000000085300000| Untracked 
|  48|0x0000000085400000, 0x0000000085500000, 0x0000000085500000|100%|HS|  |TAMS 0x0000000085500000, 0x0000000085500000| Untracked 
|  49|0x0000000085500000, 0x0000000085600000, 0x0000000085600000|100%|HC|  |TAMS 0x0000000085600000, 0x0000000085600000| Untracked 
|  50|0x0000000085600000, 0x0000000085700000, 0x0000000085700000|100%|HC|  |TAMS 0x0000000085700000, 0x0000000085700000| Untracked 
|  51|0x0000000085700000, 0x0000000085800000, 0x0000000085800000|100%|HC|  |TAMS 0x0000000085800000, 0x0000000085800000| Untracked 
|  52|0x0000000085800000, 0x0000000085900000, 0x0000000085900000|100%|HC|  |TAMS 0x0000000085900000, 0x0000000085900000| Untracked 
|  53|0x0000000085900000, 0x0000000085a00000, 0x0000000085a00000|100%|HC|  |TAMS 0x0000000085a00000, 0x0000000085a00000| Untracked 
|  54|0x0000000085a00000, 0x0000000085b00000, 0x0000000085b00000|100%|HC|  |TAMS 0x0000000085b00000, 0x0000000085b00000| Untracked 
|  55|0x0000000085b00000, 0x0000000085c00000, 0x0000000085c00000|100%|HC|  |TAMS 0x0000000085c00000, 0x0000000085c00000| Untracked 
|  56|0x0000000085c00000, 0x0000000085d00000, 0x0000000085d00000|100%|HS|  |TAMS 0x0000000085d00000, 0x0000000085d00000| Untracked 
|  57|0x0000000085d00000, 0x0000000085e00000, 0x0000000085e00000|100%|HC|  |TAMS 0x0000000085e00000, 0x0000000085e00000| Untracked 
|  58|0x0000000085e00000, 0x0000000085f00000, 0x0000000085f00000|100%|HC|  |TAMS 0x0000000085f00000, 0x0000000085f00000| Untracked 
|  59|0x0000000085f00000, 0x0000000086000000, 0x0000000086000000|100%|HC|  |TAMS 0x0000000086000000, 0x0000000086000000| Untracked 
|  60|0x0000000086000000, 0x0000000086100000, 0x0000000086100000|100%|HC|  |TAMS 0x0000000086100000, 0x0000000086100000| Untracked 
|  61|0x0000000086100000, 0x0000000086200000, 0x0000000086200000|100%|HC|  |TAMS 0x0000000086200000, 0x0000000086200000| Untracked 
|  62|0x0000000086200000, 0x0000000086300000, 0x0000000086300000|100%|HC|  |TAMS 0x0000000086300000, 0x0000000086300000| Untracked 
|  63|0x0000000086300000, 0x0000000086400000, 0x0000000086400000|100%|HC|  |TAMS 0x0000000086400000, 0x0000000086400000| Untracked 
|  64|0x0000000086400000, 0x0000000086500000, 0x0000000086500000|100%|HS|  |TAMS 0x0000000086500000, 0x0000000086500000| Untracked 
|  65|0x0000000086500000, 0x0000000086600000, 0x0000000086600000|100%|HC|  |TAMS 0x0000000086600000, 0x0000000086600000| Untracked 
|  66|0x0000000086600000, 0x0000000086700000, 0x0000000086700000|100%|HC|  |TAMS 0x0000000086700000, 0x0000000086700000| Untracked 
|  67|0x0000000086700000, 0x0000000086800000, 0x0000000086800000|100%|HC|  |TAMS 0x0000000086800000, 0x0000000086800000| Untracked 
|  68|0x0000000086800000, 0x0000000086900000, 0x0000000086900000|100%|HC|  |TAMS 0x0000000086900000, 0x0000000086900000| Untracked 
|  69|0x0000000086900000, 0x0000000086a00000, 0x0000000086a00000|100%|HC|  |TAMS 0x0000000086a00000, 0x0000000086a00000| Untracked 
|  70|0x0000000086a00000, 0x0000000086b00000, 0x0000000086b00000|100%|HC|  |TAMS 0x0000000086b00000, 0x0000000086b00000| Untracked 
|  71|0x0000000086b00000, 0x0000000086c00000, 0x0000000086c00000|100%|HC|  |TAMS 0x0000000086c00000, 0x0000000086c00000| Untracked 
|  72|0x0000000086c00000, 0x0000000086c00000, 0x0000000086d00000|  0%| F|  |TAMS 0x0000000086c00000, 0x0000000086c00000| Untracked 
|  73|0x0000000086d00000, 0x0000000086d00000, 0x0000000086e00000|  0%| F|  |TAMS 0x0000000086d00000, 0x0000000086d00000| Untracked 
|  74|0x0000000086e00000, 0x0000000086e00000, 0x0000000086f00000|  0%| F|  |TAMS 0x0000000086e00000, 0x0000000086e00000| Untracked 
|  75|0x0000000086f00000, 0x0000000087000000, 0x0000000087000000|100%|HS|  |TAMS 0x0000000087000000, 0x0000000087000000| Untracked 
|  76|0x0000000087000000, 0x0000000087100000, 0x0000000087100000|100%|HC|  |TAMS 0x0000000087100000, 0x0000000087100000| Untracked 
|  77|0x0000000087100000, 0x0000000087200000, 0x0000000087200000|100%|HC|  |TAMS 0x0000000087200000, 0x0000000087200000| Untracked 
|  78|0x0000000087200000, 0x0000000087300000, 0x0000000087300000|100%|HC|  |TAMS 0x0000000087300000, 0x0000000087300000| Untracked 
|  79|0x0000000087300000, 0x0000000087400000, 0x0000000087400000|100%|HC|  |TAMS 0x0000000087400000, 0x0000000087400000| Untracked 
|  80|0x0000000087400000, 0x0000000087500000, 0x0000000087500000|100%|HC|  |TAMS 0x0000000087500000, 0x0000000087500000| Untracked 
|  81|0x0000000087500000, 0x0000000087600000, 0x0000000087600000|100%|HC|  |TAMS 0x0000000087600000, 0x0000000087600000| Untracked 
|  82|0x0000000087600000, 0x0000000087700000, 0x0000000087700000|100%|HC|  |TAMS 0x0000000087700000, 0x0000000087700000| Untracked 
|  83|0x0000000087700000, 0x0000000087800000, 0x0000000087800000|100%|HS|  |TAMS 0x0000000087700000, 0x0000000087800000| Complete 
|  84|0x0000000087800000, 0x0000000087900000, 0x0000000087900000|100%|HC|  |TAMS 0x0000000087800000, 0x0000000087900000| Complete 
|  85|0x0000000087900000, 0x0000000087a00000, 0x0000000087a00000|100%|HC|  |TAMS 0x0000000087900000, 0x0000000087a00000| Complete 
|  86|0x0000000087a00000, 0x0000000087b00000, 0x0000000087b00000|100%|HC|  |TAMS 0x0000000087a00000, 0x0000000087b00000| Complete 
|  87|0x0000000087b00000, 0x0000000087c00000, 0x0000000087c00000|100%|HC|  |TAMS 0x0000000087b00000, 0x0000000087c00000| Complete 
|  88|0x0000000087c00000, 0x0000000087d00000, 0x0000000087d00000|100%|HC|  |TAMS 0x0000000087c00000, 0x0000000087d00000| Complete 
|  89|0x0000000087d00000, 0x0000000087e00000, 0x0000000087e00000|100%|HC|  |TAMS 0x0000000087d00000, 0x0000000087e00000| Complete 
|  90|0x0000000087e00000, 0x0000000087f00000, 0x0000000087f00000|100%|HC|  |TAMS 0x0000000087e00000, 0x0000000087f00000| Complete 
|  91|0x0000000087f00000, 0x0000000087f00000, 0x0000000088000000|  0%| F|  |TAMS 0x0000000087f00000, 0x0000000087f00000| Untracked 
|  92|0x0000000088000000, 0x0000000088000000, 0x0000000088100000|  0%| F|  |TAMS 0x0000000088000000, 0x0000000088000000| Untracked 
|  93|0x0000000088100000, 0x0000000088100000, 0x0000000088200000|  0%| F|  |TAMS 0x0000000088100000, 0x0000000088100000| Untracked 
|  94|0x0000000088200000, 0x0000000088200000, 0x0000000088300000|  0%| F|  |TAMS 0x0000000088200000, 0x0000000088200000| Untracked 
|  95|0x0000000088300000, 0x0000000088300000, 0x0000000088400000|  0%| F|  |TAMS 0x0000000088300000, 0x0000000088300000| Untracked 
|  96|0x0000000088400000, 0x0000000088400000, 0x0000000088500000|  0%| F|  |TAMS 0x0000000088400000, 0x0000000088400000| Untracked 
|  97|0x0000000088500000, 0x0000000088500000, 0x0000000088600000|  0%| F|  |TAMS 0x0000000088500000, 0x0000000088500000| Untracked 
|  98|0x0000000088600000, 0x0000000088600000, 0x0000000088700000|  0%| F|  |TAMS 0x0000000088600000, 0x0000000088600000| Untracked 
|  99|0x0000000088700000, 0x0000000088800000, 0x0000000088800000|100%|HS|  |TAMS 0x0000000088700000, 0x0000000088800000| Complete 
| 100|0x0000000088800000, 0x0000000088900000, 0x0000000088900000|100%|HC|  |TAMS 0x0000000088800000, 0x0000000088900000| Complete 
| 101|0x0000000088900000, 0x0000000088a00000, 0x0000000088a00000|100%|HC|  |TAMS 0x0000000088900000, 0x0000000088a00000| Complete 
| 102|0x0000000088a00000, 0x0000000088b00000, 0x0000000088b00000|100%|HC|  |TAMS 0x0000000088a00000, 0x0000000088b00000| Complete 
| 103|0x0000000088b00000, 0x0000000088c00000, 0x0000000088c00000|100%|HC|  |TAMS 0x0000000088b00000, 0x0000000088c00000| Complete 
| 104|0x0000000088c00000, 0x0000000088d00000, 0x0000000088d00000|100%|HC|  |TAMS 0x0000000088c00000, 0x0000000088d00000| Complete 
| 105|0x0000000088d00000, 0x0000000088e00000, 0x0000000088e00000|100%|HC|  |TAMS 0x0000000088d00000, 0x0000000088e00000| Complete 
| 106|0x0000000088e00000, 0x0000000088f00000, 0x0000000088f00000|100%|HC|  |TAMS 0x0000000088e00000, 0x0000000088f00000| Complete 
| 107|0x0000000088f00000, 0x0000000089000000, 0x0000000089000000|100%|HS|  |TAMS 0x0000000088f00000, 0x0000000089000000| Complete 
| 108|0x0000000089000000, 0x0000000089100000, 0x0000000089100000|100%|HC|  |TAMS 0x0000000089000000, 0x0000000089100000| Complete 
| 109|0x0000000089100000, 0x0000000089200000, 0x0000000089200000|100%|HC|  |TAMS 0x0000000089100000, 0x0000000089200000| Complete 
| 110|0x0000000089200000, 0x0000000089300000, 0x0000000089300000|100%|HC|  |TAMS 0x0000000089200000, 0x0000000089300000| Complete 
| 111|0x0000000089300000, 0x0000000089400000, 0x0000000089400000|100%|HC|  |TAMS 0x0000000089300000, 0x0000000089400000| Complete 
| 112|0x0000000089400000, 0x0000000089500000, 0x0000000089500000|100%|HC|  |TAMS 0x0000000089400000, 0x0000000089500000| Complete 
| 113|0x0000000089500000, 0x0000000089600000, 0x0000000089600000|100%|HC|  |TAMS 0x0000000089500000, 0x0000000089600000| Complete 
| 114|0x0000000089600000, 0x0000000089700000, 0x0000000089700000|100%|HC|  |TAMS 0x0000000089600000, 0x0000000089700000| Complete 
| 115|0x0000000089700000, 0x0000000089700000, 0x0000000089800000|  0%| F|  |TAMS 0x0000000089700000, 0x0000000089700000| Untracked 
| 116|0x0000000089800000, 0x0000000089800000, 0x0000000089900000|  0%| F|  |TAMS 0x0000000089800000, 0x0000000089800000| Untracked 
| 117|0x0000000089900000, 0x0000000089900000, 0x0000000089a00000|  0%| F|  |TAMS 0x0000000089900000, 0x0000000089900000| Untracked 
| 118|0x0000000089a00000, 0x0000000089a00000, 0x0000000089b00000|  0%| F|  |TAMS 0x0000000089a00000, 0x0000000089a00000| Untracked 
| 119|0x0000000089b00000, 0x0000000089b00000, 0x0000000089c00000|  0%| F|  |TAMS 0x0000000089b00000, 0x0000000089b00000| Untracked 
| 120|0x0000000089c00000, 0x0000000089c00000, 0x0000000089d00000|  0%| F|  |TAMS 0x0000000089c00000, 0x0000000089c00000| Untracked 
| 121|0x0000000089d00000, 0x0000000089d00000, 0x0000000089e00000|  0%| F|  |TAMS 0x0000000089d00000, 0x0000000089d00000| Untracked 
| 122|0x0000000089e00000, 0x0000000089e00000, 0x0000000089f00000|  0%| F|  |TAMS 0x0000000089e00000, 0x0000000089e00000| Untracked 
| 123|0x0000000089f00000, 0x0000000089f00000, 0x000000008a000000|  0%| F|  |TAMS 0x0000000089f00000, 0x0000000089f00000| Untracked 
| 124|0x000000008a000000, 0x000000008a000000, 0x000000008a100000|  0%| F|  |TAMS 0x000000008a000000, 0x000000008a000000| Untracked 
| 125|0x000000008a100000, 0x000000008a100000, 0x000000008a200000|  0%| F|  |TAMS 0x000000008a100000, 0x000000008a100000| Untracked 
| 126|0x000000008a200000, 0x000000008a200000, 0x000000008a300000|  0%| F|  |TAMS 0x000000008a200000, 0x000000008a200000| Untracked 
| 127|0x000000008a300000, 0x000000008a300000, 0x000000008a400000|  0%| F|  |TAMS 0x000000008a300000, 0x000000008a300000| Untracked 
| 128|0x000000008a400000, 0x000000008a400000, 0x000000008a500000|  0%| F|  |TAMS 0x000000008a400000, 0x000000008a400000| Untracked 
| 129|0x000000008a500000, 0x000000008a500000, 0x000000008a600000|  0%| F|  |TAMS 0x000000008a500000, 0x000000008a500000| Untracked 
| 130|0x000000008a600000, 0x000000008a600000, 0x000000008a700000|  0%| F|  |TAMS 0x000000008a600000, 0x000000008a600000| Untracked 
| 131|0x000000008a700000, 0x000000008a700000, 0x000000008a800000|  0%| F|  |TAMS 0x000000008a700000, 0x000000008a700000| Untracked 
| 132|0x000000008a800000, 0x000000008a800000, 0x000000008a900000|  0%| F|  |TAMS 0x000000008a800000, 0x000000008a800000| Untracked 
| 133|0x000000008a900000, 0x000000008a900000, 0x000000008aa00000|  0%| F|  |TAMS 0x000000008a900000, 0x000000008a900000| Untracked 
| 134|0x000000008aa00000, 0x000000008aa00000, 0x000000008ab00000|  0%| F|  |TAMS 0x000000008aa00000, 0x000000008aa00000| Untracked 
| 135|0x000000008ab00000, 0x000000008ab00000, 0x000000008ac00000|  0%| F|  |TAMS 0x000000008ab00000, 0x000000008ab00000| Untracked 
| 136|0x000000008ac00000, 0x000000008ac00000, 0x000000008ad00000|  0%| F|  |TAMS 0x000000008ac00000, 0x000000008ac00000| Untracked 
| 137|0x000000008ad00000, 0x000000008ad00000, 0x000000008ae00000|  0%| F|  |TAMS 0x000000008ad00000, 0x000000008ad00000| Untracked 
| 138|0x000000008ae00000, 0x000000008ae00000, 0x000000008af00000|  0%| F|  |TAMS 0x000000008ae00000, 0x000000008ae00000| Untracked 
| 139|0x000000008af00000, 0x000000008af00000, 0x000000008b000000|  0%| F|  |TAMS 0x000000008af00000, 0x000000008af00000| Untracked 
| 140|0x000000008b000000, 0x000000008b000000, 0x000000008b100000|  0%| F|  |TAMS 0x000000008b000000, 0x000000008b000000| Untracked 
| 141|0x000000008b100000, 0x000000008b100000, 0x000000008b200000|  0%| F|  |TAMS 0x000000008b100000, 0x000000008b100000| Untracked 
| 142|0x000000008b200000, 0x000000008b200000, 0x000000008b300000|  0%| F|  |TAMS 0x000000008b200000, 0x000000008b200000| Untracked 
| 143|0x000000008b300000, 0x000000008b300000, 0x000000008b400000|  0%| F|  |TAMS 0x000000008b300000, 0x000000008b300000| Untracked 
| 144|0x000000008b400000, 0x000000008b400000, 0x000000008b500000|  0%| F|  |TAMS 0x000000008b400000, 0x000000008b400000| Untracked 
| 145|0x000000008b500000, 0x000000008b500000, 0x000000008b600000|  0%| F|  |TAMS 0x000000008b500000, 0x000000008b500000| Untracked 
| 146|0x000000008b600000, 0x000000008b600000, 0x000000008b700000|  0%| F|  |TAMS 0x000000008b600000, 0x000000008b600000| Untracked 
| 147|0x000000008b700000, 0x000000008b700000, 0x000000008b800000|  0%| F|  |TAMS 0x000000008b700000, 0x000000008b700000| Untracked 
| 148|0x000000008b800000, 0x000000008b800000, 0x000000008b900000|  0%| F|  |TAMS 0x000000008b800000, 0x000000008b800000| Untracked 
| 149|0x000000008b900000, 0x000000008b900000, 0x000000008ba00000|  0%| F|  |TAMS 0x000000008b900000, 0x000000008b900000| Untracked 
| 150|0x000000008ba00000, 0x000000008ba00000, 0x000000008bb00000|  0%| F|  |TAMS 0x000000008ba00000, 0x000000008ba00000| Untracked 
| 151|0x000000008bb00000, 0x000000008bb00000, 0x000000008bc00000|  0%| F|  |TAMS 0x000000008bb00000, 0x000000008bb00000| Untracked 
| 152|0x000000008bc00000, 0x000000008bc00000, 0x000000008bd00000|  0%| F|  |TAMS 0x000000008bc00000, 0x000000008bc00000| Untracked 
| 153|0x000000008bd00000, 0x000000008bd00000, 0x000000008be00000|  0%| F|  |TAMS 0x000000008bd00000, 0x000000008bd00000| Untracked 
| 154|0x000000008be00000, 0x000000008be00000, 0x000000008bf00000|  0%| F|  |TAMS 0x000000008be00000, 0x000000008be00000| Untracked 
| 155|0x000000008bf00000, 0x000000008bf00000, 0x000000008c000000|  0%| F|  |TAMS 0x000000008bf00000, 0x000000008bf00000| Untracked 
| 156|0x000000008c000000, 0x000000008c000000, 0x000000008c100000|  0%| F|  |TAMS 0x000000008c000000, 0x000000008c000000| Untracked 
| 157|0x000000008c100000, 0x000000008c100000, 0x000000008c200000|  0%| F|  |TAMS 0x000000008c100000, 0x000000008c100000| Untracked 
| 158|0x000000008c200000, 0x000000008c200000, 0x000000008c300000|  0%| F|  |TAMS 0x000000008c200000, 0x000000008c200000| Untracked 
| 159|0x000000008c300000, 0x000000008c300000, 0x000000008c400000|  0%| F|  |TAMS 0x000000008c300000, 0x000000008c300000| Untracked 
| 160|0x000000008c400000, 0x000000008c400000, 0x000000008c500000|  0%| F|  |TAMS 0x000000008c400000, 0x000000008c400000| Untracked 
| 161|0x000000008c500000, 0x000000008c500000, 0x000000008c600000|  0%| F|  |TAMS 0x000000008c500000, 0x000000008c500000| Untracked 
| 162|0x000000008c600000, 0x000000008c600000, 0x000000008c700000|  0%| F|  |TAMS 0x000000008c600000, 0x000000008c600000| Untracked 
| 163|0x000000008c700000, 0x000000008c700000, 0x000000008c800000|  0%| F|  |TAMS 0x000000008c700000, 0x000000008c700000| Untracked 
| 164|0x000000008c800000, 0x000000008c800000, 0x000000008c900000|  0%| F|  |TAMS 0x000000008c800000, 0x000000008c800000| Untracked 
| 165|0x000000008c900000, 0x000000008c900000, 0x000000008ca00000|  0%| F|  |TAMS 0x000000008c900000, 0x000000008c900000| Untracked 
| 166|0x000000008ca00000, 0x000000008ca00000, 0x000000008cb00000|  0%| F|  |TAMS 0x000000008ca00000, 0x000000008ca00000| Untracked 
| 167|0x000000008cb00000, 0x000000008cb00000, 0x000000008cc00000|  0%| F|  |TAMS 0x000000008cb00000, 0x000000008cb00000| Untracked 
| 168|0x000000008cc00000, 0x000000008cc00000, 0x000000008cd00000|  0%| F|  |TAMS 0x000000008cc00000, 0x000000008cc00000| Untracked 
| 169|0x000000008cd00000, 0x000000008cd00000, 0x000000008ce00000|  0%| F|  |TAMS 0x000000008cd00000, 0x000000008cd00000| Untracked 
| 170|0x000000008ce00000, 0x000000008ce00000, 0x000000008cf00000|  0%| F|  |TAMS 0x000000008ce00000, 0x000000008ce00000| Untracked 
| 171|0x000000008cf00000, 0x000000008cf00000, 0x000000008d000000|  0%| F|  |TAMS 0x000000008cf00000, 0x000000008cf00000| Untracked 
| 172|0x000000008d000000, 0x000000008d000000, 0x000000008d100000|  0%| F|  |TAMS 0x000000008d000000, 0x000000008d000000| Untracked 
| 173|0x000000008d100000, 0x000000008d100000, 0x000000008d200000|  0%| F|  |TAMS 0x000000008d100000, 0x000000008d100000| Untracked 
| 174|0x000000008d200000, 0x000000008d200000, 0x000000008d300000|  0%| F|  |TAMS 0x000000008d200000, 0x000000008d200000| Untracked 
| 175|0x000000008d300000, 0x000000008d300000, 0x000000008d400000|  0%| F|  |TAMS 0x000000008d300000, 0x000000008d300000| Untracked 
| 176|0x000000008d400000, 0x000000008d400000, 0x000000008d500000|  0%| F|  |TAMS 0x000000008d400000, 0x000000008d400000| Untracked 
| 177|0x000000008d500000, 0x000000008d500000, 0x000000008d600000|  0%| F|  |TAMS 0x000000008d500000, 0x000000008d500000| Untracked 
| 178|0x000000008d600000, 0x000000008d600000, 0x000000008d700000|  0%| F|  |TAMS 0x000000008d600000, 0x000000008d600000| Untracked 
| 179|0x000000008d700000, 0x000000008d700000, 0x000000008d800000|  0%| F|  |TAMS 0x000000008d700000, 0x000000008d700000| Untracked 
| 180|0x000000008d800000, 0x000000008d800000, 0x000000008d900000|  0%| F|  |TAMS 0x000000008d800000, 0x000000008d800000| Untracked 
| 181|0x000000008d900000, 0x000000008d900000, 0x000000008da00000|  0%| F|  |TAMS 0x000000008d900000, 0x000000008d900000| Untracked 
| 182|0x000000008da00000, 0x000000008da00000, 0x000000008db00000|  0%| F|  |TAMS 0x000000008da00000, 0x000000008da00000| Untracked 
| 183|0x000000008db00000, 0x000000008db00000, 0x000000008dc00000|  0%| F|  |TAMS 0x000000008db00000, 0x000000008db00000| Untracked 
| 184|0x000000008dc00000, 0x000000008dc00000, 0x000000008dd00000|  0%| F|  |TAMS 0x000000008dc00000, 0x000000008dc00000| Untracked 
| 185|0x000000008dd00000, 0x000000008dd00000, 0x000000008de00000|  0%| F|  |TAMS 0x000000008dd00000, 0x000000008dd00000| Untracked 
| 186|0x000000008de00000, 0x000000008de00000, 0x000000008df00000|  0%| F|  |TAMS 0x000000008de00000, 0x000000008de00000| Untracked 
| 187|0x000000008df00000, 0x000000008df00000, 0x000000008e000000|  0%| F|  |TAMS 0x000000008df00000, 0x000000008df00000| Untracked 
| 188|0x000000008e000000, 0x000000008e000000, 0x000000008e100000|  0%| F|  |TAMS 0x000000008e000000, 0x000000008e000000| Untracked 
| 189|0x000000008e100000, 0x000000008e100000, 0x000000008e200000|  0%| F|  |TAMS 0x000000008e100000, 0x000000008e100000| Untracked 
| 190|0x000000008e200000, 0x000000008e200000, 0x000000008e300000|  0%| F|  |TAMS 0x000000008e200000, 0x000000008e200000| Untracked 
| 191|0x000000008e300000, 0x000000008e300000, 0x000000008e400000|  0%| F|  |TAMS 0x000000008e300000, 0x000000008e300000| Untracked 
| 192|0x000000008e400000, 0x000000008e400000, 0x000000008e500000|  0%| F|  |TAMS 0x000000008e400000, 0x000000008e400000| Untracked 
| 193|0x000000008e500000, 0x000000008e500000, 0x000000008e600000|  0%| F|  |TAMS 0x000000008e500000, 0x000000008e500000| Untracked 
| 194|0x000000008e600000, 0x000000008e600000, 0x000000008e700000|  0%| F|  |TAMS 0x000000008e600000, 0x000000008e600000| Untracked 
| 195|0x000000008e700000, 0x000000008e700000, 0x000000008e800000|  0%| F|  |TAMS 0x000000008e700000, 0x000000008e700000| Untracked 
| 196|0x000000008e800000, 0x000000008e800000, 0x000000008e900000|  0%| F|  |TAMS 0x000000008e800000, 0x000000008e800000| Untracked 
| 197|0x000000008e900000, 0x000000008e900000, 0x000000008ea00000|  0%| F|  |TAMS 0x000000008e900000, 0x000000008e900000| Untracked 
| 198|0x000000008ea00000, 0x000000008ea00000, 0x000000008eb00000|  0%| F|  |TAMS 0x000000008ea00000, 0x000000008ea00000| Untracked 
| 199|0x000000008eb00000, 0x000000008eb00000, 0x000000008ec00000|  0%| F|  |TAMS 0x000000008eb00000, 0x000000008eb00000| Untracked 
| 200|0x000000008ec00000, 0x000000008ec00000, 0x000000008ed00000|  0%| F|  |TAMS 0x000000008ec00000, 0x000000008ec00000| Untracked 
| 201|0x000000008ed00000, 0x000000008ed00000, 0x000000008ee00000|  0%| F|  |TAMS 0x000000008ed00000, 0x000000008ed00000| Untracked 
| 202|0x000000008ee00000, 0x000000008ee00000, 0x000000008ef00000|  0%| F|  |TAMS 0x000000008ee00000, 0x000000008ee00000| Untracked 
| 203|0x000000008ef00000, 0x000000008ef00000, 0x000000008f000000|  0%| F|  |TAMS 0x000000008ef00000, 0x000000008ef00000| Untracked 
| 204|0x000000008f000000, 0x000000008f000000, 0x000000008f100000|  0%| F|  |TAMS 0x000000008f000000, 0x000000008f000000| Untracked 
| 205|0x000000008f100000, 0x000000008f100000, 0x000000008f200000|  0%| F|  |TAMS 0x000000008f100000, 0x000000008f100000| Untracked 
| 206|0x000000008f200000, 0x000000008f200000, 0x000000008f300000|  0%| F|  |TAMS 0x000000008f200000, 0x000000008f200000| Untracked 
| 207|0x000000008f300000, 0x000000008f300000, 0x000000008f400000|  0%| F|  |TAMS 0x000000008f300000, 0x000000008f300000| Untracked 
| 208|0x000000008f400000, 0x000000008f400000, 0x000000008f500000|  0%| F|  |TAMS 0x000000008f400000, 0x000000008f400000| Untracked 
| 209|0x000000008f500000, 0x000000008f500000, 0x000000008f600000|  0%| F|  |TAMS 0x000000008f500000, 0x000000008f500000| Untracked 
| 210|0x000000008f600000, 0x000000008f600000, 0x000000008f700000|  0%| F|  |TAMS 0x000000008f600000, 0x000000008f600000| Untracked 
| 211|0x000000008f700000, 0x000000008f700000, 0x000000008f800000|  0%| F|  |TAMS 0x000000008f700000, 0x000000008f700000| Untracked 
| 212|0x000000008f800000, 0x000000008f800000, 0x000000008f900000|  0%| F|  |TAMS 0x000000008f800000, 0x000000008f800000| Untracked 
| 213|0x000000008f900000, 0x000000008f900000, 0x000000008fa00000|  0%| F|  |TAMS 0x000000008f900000, 0x000000008f900000| Untracked 
| 214|0x000000008fa00000, 0x000000008fa00000, 0x000000008fb00000|  0%| F|  |TAMS 0x000000008fa00000, 0x000000008fa00000| Untracked 
| 215|0x000000008fb00000, 0x000000008fb00000, 0x000000008fc00000|  0%| F|  |TAMS 0x000000008fb00000, 0x000000008fb00000| Untracked 
| 216|0x000000008fc00000, 0x000000008fc00000, 0x000000008fd00000|  0%| F|  |TAMS 0x000000008fc00000, 0x000000008fc00000| Untracked 
| 217|0x000000008fd00000, 0x000000008fd00000, 0x000000008fe00000|  0%| F|  |TAMS 0x000000008fd00000, 0x000000008fd00000| Untracked 
| 218|0x000000008fe00000, 0x000000008fe00000, 0x000000008ff00000|  0%| F|  |TAMS 0x000000008fe00000, 0x000000008fe00000| Untracked 
| 219|0x000000008ff00000, 0x000000008ff00000, 0x0000000090000000|  0%| F|  |TAMS 0x000000008ff00000, 0x000000008ff00000| Untracked 
| 220|0x0000000090000000, 0x0000000090000000, 0x0000000090100000|  0%| F|  |TAMS 0x0000000090000000, 0x0000000090000000| Untracked 
| 221|0x0000000090100000, 0x0000000090100000, 0x0000000090200000|  0%| F|  |TAMS 0x0000000090100000, 0x0000000090100000| Untracked 
| 222|0x0000000090200000, 0x0000000090240cd8, 0x0000000090300000| 25%| S|CS|TAMS 0x0000000090200000, 0x0000000090200000| Complete 
| 223|0x0000000090300000, 0x0000000090300000, 0x0000000090400000|  0%| F|  |TAMS 0x0000000090300000, 0x0000000090300000| Untracked 

Card table byte_map: [0x0000023ed2ae0000,0x0000023ed2ed0000] _byte_map_base: 0x0000023ed26ce000

Marking Bits (Prev, Next): (CMBitMap*) 0x0000023ebb930bc0, (CMBitMap*) 0x0000023ebb930c00
 Prev Bits: [0x0000023ed32c0000, 0x0000023ed5230000)
 Next Bits: [0x0000023ed5230000, 0x0000023ed71a0000)

Polling page: 0x0000023eb9820000

Metaspace:

Usage:
  Non-class:     10.04 MB used.
      Class:      1.04 MB used.
       Both:     11.08 MB used.

Virtual space:
  Non-class space:       16.00 MB reserved,      10.12 MB ( 63%) committed,  2 nodes.
      Class space:        1.00 GB reserved,       1.12 MB ( <1%) committed,  1 nodes.
             Both:        1.02 GB reserved,      11.25 MB (  1%) committed. 

Chunk freelists:
   Non-Class:  960.00 KB
       Class:  2.70 MB
        Both:  3.64 MB

MaxMetaspaceSize: unlimited
CompressedClassSpaceSize: 1.00 GB
Initial GC threshold: 21.00 MB
Current GC threshold: 21.00 MB
CDS: on
MetaspaceReclaimPolicy: balanced
 - commit_granule_bytes: 65536.
 - commit_granule_words: 8192.
 - virtual_space_node_default_size: 1048576.
 - enlarge_chunks_in_place: 1.
 - new_chunks_are_fully_committed: 0.
 - uncommit_free_chunks: 1.
 - use_allocation_guard: 0.
 - handle_deallocations: 1.


Internal statistics:

num_allocs_failed_limit: 0.
num_arena_births: 148.
num_arena_deaths: 0.
num_vsnodes_births: 3.
num_vsnodes_deaths: 0.
num_space_committed: 180.
num_space_uncommitted: 0.
num_chunks_returned_to_freelist: 0.
num_chunks_taken_from_freelist: 333.
num_chunk_merges: 0.
num_chunk_splits: 214.
num_chunks_enlarged: 150.
num_purges: 0.
num_inconsistent_stats: 0.

CodeHeap 'non-profiled nmethods': size=120000Kb used=2667Kb max_used=2667Kb free=117332Kb
 bounds [0x0000023ecae80000, 0x0000023ecb120000, 0x0000023ed23b0000]
CodeHeap 'profiled nmethods': size=120000Kb used=4914Kb max_used=4914Kb free=115085Kb
 bounds [0x0000023ec3950000, 0x0000023ec3e20000, 0x0000023ecae80000]
CodeHeap 'non-nmethods': size=5760Kb used=1408Kb max_used=1525Kb free=4351Kb
 bounds [0x0000023ec33b0000, 0x0000023ec3620000, 0x0000023ec3950000]
 total_blobs=3165 nmethods=2482 adapters=596
 compilation: enabled
              stopped_count=0, restarted_count=0
 full_count=0

Compilation events (20 events):
Event: 509.632 Thread 0x0000023ed9bbc310 nmethod 2479 0x0000023ec3e17890 code [0x0000023ec3e17aa0, 0x0000023ec3e185a8]
Event: 509.776 Thread 0x0000023ed9bbc310 2480       3       java.awt.image.SampleModel::<init> (124 bytes)
Event: 509.778 Thread 0x0000023ed9bbc310 nmethod 2480 0x0000023ec3e18810 code [0x0000023ec3e18a60, 0x0000023ec3e19228]
Event: 509.861 Thread 0x0000023ed9bbc310 2481       3       sun.security.provider.DigestBase::engineDigest (112 bytes)
Event: 509.863 Thread 0x0000023ed9bbc310 nmethod 2481 0x0000023ec3e19590 code [0x0000023ec3e19860, 0x0000023ec3e1a4e8]
Event: 509.866 Thread 0x0000023ed9bbc310 2482       3       java.awt.image.ComponentSampleModel::getBandOffsets (11 bytes)
Event: 509.866 Thread 0x0000023ed9bbc310 nmethod 2482 0x0000023ec3e1a990 code [0x0000023ec3e1ab40, 0x0000023ec3e1ae08]
Event: 509.894 Thread 0x0000023ed9bbb260 2483       4       java.lang.String::startsWith (7 bytes)
Event: 509.919 Thread 0x0000023ed9bbb260 nmethod 2483 0x0000023ecb11a110 code [0x0000023ecb11a2a0, 0x0000023ecb11a5f8]
Event: 509.934 Thread 0x0000023ed9bbb260 2484       4       java.lang.StringConcatHelper::prepend (37 bytes)
Event: 509.940 Thread 0x0000023ed9bbb260 nmethod 2484 0x0000023ecb11a890 code [0x0000023ecb11aa20, 0x0000023ecb11abd8]
Event: 510.135 Thread 0x0000023ed9bbc310 2485       3       java.net.URI$Parser::at (23 bytes)
Event: 510.137 Thread 0x0000023ed9bbc310 nmethod 2485 0x0000023ec3e1af10 code [0x0000023ec3e1b120, 0x0000023ec3e1b778]
Event: 510.137 Thread 0x0000023ed9bbc310 2486       3       java.lang.StringUTF16::lastIndexOf (47 bytes)
Event: 510.138 Thread 0x0000023ed9bbc310 nmethod 2486 0x0000023ec3e1ba90 code [0x0000023ec3e1bc60, 0x0000023ec3e1bfc8]
Event: 510.138 Thread 0x0000023ed9bbc310 2487       3       java.security.MessageDigest::digest (12 bytes)
Event: 510.138 Thread 0x0000023ed9bbc310 nmethod 2487 0x0000023ec3e1c110 code [0x0000023ec3e1c2c0, 0x0000023ec3e1c588]
Event: 510.139 Thread 0x0000023ed9bbc310 2488       3       java.security.MessageDigest$Delegate::engineDigest (8 bytes)
Event: 510.139 Thread 0x0000023ed9bbc310 nmethod 2488 0x0000023ec3e1c690 code [0x0000023ec3e1c840, 0x0000023ec3e1ca28]
Event: 510.147 Thread 0x0000023ed9bbc310 2489       1       java.awt.color.ColorSpace::getNumComponents (5 bytes)

GC Heap History (20 events):
Event: 399.729 GC heap after
{Heap after GC invocations=303 (full 16):
 garbage-first heap   total 245760K, used 69304K [0x0000000082400000, 0x0000000100000000)
  region size 1024K, 0 young (0K), 0 survivors (0K)
 Metaspace       used 11315K, committed 11520K, reserved 1064960K
  class space    used 1062K, committed 1152K, reserved 1048576K
}
Event: 402.392 GC heap before
{Heap before GC invocations=303 (full 16):
 garbage-first heap   total 245760K, used 106168K [0x0000000082400000, 0x0000000100000000)
  region size 1024K, 1 young (1024K), 0 survivors (0K)
 Metaspace       used 11315K, committed 11520K, reserved 1064960K
  class space    used 1062K, committed 1152K, reserved 1048576K
}
Event: 402.394 GC heap after
{Heap after GC invocations=304 (full 16):
 garbage-first heap   total 245760K, used 69318K [0x0000000082400000, 0x0000000100000000)
  region size 1024K, 1 young (1024K), 1 survivors (1024K)
 Metaspace       used 11315K, committed 11520K, reserved 1064960K
  class space    used 1062K, committed 1152K, reserved 1048576K
}
Event: 403.000 GC heap before
{Heap before GC invocations=304 (full 16):
 garbage-first heap   total 245760K, used 106182K [0x0000000082400000, 0x0000000100000000)
  region size 1024K, 2 young (2048K), 1 survivors (1024K)
 Metaspace       used 11316K, committed 11520K, reserved 1064960K
  class space    used 1062K, committed 1152K, reserved 1048576K
}
Event: 403.003 GC heap after
{Heap after GC invocations=305 (full 16):
 garbage-first heap   total 245760K, used 69312K [0x0000000082400000, 0x0000000100000000)
  region size 1024K, 1 young (1024K), 1 survivors (1024K)
 Metaspace       used 11316K, committed 11520K, reserved 1064960K
  class space    used 1062K, committed 1152K, reserved 1048576K
}
Event: 403.403 GC heap before
{Heap before GC invocations=305 (full 16):
 garbage-first heap   total 245760K, used 93888K [0x0000000082400000, 0x0000000100000000)
  region size 1024K, 2 young (2048K), 1 survivors (1024K)
 Metaspace       used 11316K, committed 11520K, reserved 1064960K
  class space    used 1062K, committed 1152K, reserved 1048576K
}
Event: 403.429 GC heap after
{Heap after GC invocations=306 (full 17):
 garbage-first heap   total 239616K, used 69303K [0x0000000082400000, 0x0000000100000000)
  region size 1024K, 0 young (0K), 0 survivors (0K)
 Metaspace       used 11316K, committed 11520K, reserved 1064960K
  class space    used 1062K, committed 1152K, reserved 1048576K
}
Event: 483.103 GC heap before
{Heap before GC invocations=306 (full 17):
 garbage-first heap   total 239616K, used 72375K [0x0000000082400000, 0x0000000100000000)
  region size 1024K, 3 young (3072K), 0 survivors (0K)
 Metaspace       used 11316K, committed 11520K, reserved 1064960K
  class space    used 1062K, committed 1152K, reserved 1048576K
}
Event: 483.139 GC heap after
{Heap after GC invocations=307 (full 18):
 garbage-first heap   total 229376K, used 68279K [0x0000000082400000, 0x0000000100000000)
  region size 1024K, 0 young (0K), 0 survivors (0K)
 Metaspace       used 11316K, committed 11520K, reserved 1064960K
  class space    used 1062K, committed 1152K, reserved 1048576K
}
Event: 509.845 GC heap before
{Heap before GC invocations=307 (full 18):
 garbage-first heap   total 229376K, used 113335K [0x0000000082400000, 0x0000000100000000)
  region size 1024K, 12 young (12288K), 0 survivors (0K)
 Metaspace       used 11340K, committed 11520K, reserved 1064960K
  class space    used 1065K, committed 1152K, reserved 1048576K
}
Event: 509.847 GC heap after
{Heap after GC invocations=308 (full 18):
 garbage-first heap   total 229376K, used 102158K [0x0000000082400000, 0x0000000100000000)
  region size 1024K, 1 young (1024K), 1 survivors (1024K)
 Metaspace       used 11340K, committed 11520K, reserved 1064960K
  class space    used 1065K, committed 1152K, reserved 1048576K
}
Event: 509.848 GC heap before
{Heap before GC invocations=308 (full 18):
 garbage-first heap   total 229376K, used 103182K [0x0000000082400000, 0x0000000100000000)
  region size 1024K, 2 young (2048K), 1 survivors (1024K)
 Metaspace       used 11340K, committed 11520K, reserved 1064960K
  class space    used 1065K, committed 1152K, reserved 1048576K
}
Event: 509.851 GC heap after
{Heap after GC invocations=309 (full 18):
 garbage-first heap   total 229376K, used 86796K [0x0000000082400000, 0x0000000100000000)
  region size 1024K, 1 young (1024K), 1 survivors (1024K)
 Metaspace       used 11340K, committed 11520K, reserved 1064960K
  class space    used 1065K, committed 1152K, reserved 1048576K
}
Event: 510.094 GC heap before
{Heap before GC invocations=309 (full 18):
 garbage-first heap   total 229376K, used 110348K [0x0000000082400000, 0x0000000100000000)
  region size 1024K, 11 young (11264K), 1 survivors (1024K)
 Metaspace       used 11342K, committed 11520K, reserved 1064960K
  class space    used 1065K, committed 1152K, reserved 1048576K
}
Event: 510.096 GC heap after
{Heap after GC invocations=310 (full 18):
 garbage-first heap   total 229376K, used 100238K [0x0000000082400000, 0x0000000100000000)
  region size 1024K, 1 young (1024K), 1 survivors (1024K)
 Metaspace       used 11342K, committed 11520K, reserved 1064960K
  class space    used 1065K, committed 1152K, reserved 1048576K
}
Event: 510.101 GC heap before
{Heap before GC invocations=310 (full 18):
 garbage-first heap   total 229376K, used 108430K [0x0000000082400000, 0x0000000100000000)
  region size 1024K, 2 young (2048K), 1 survivors (1024K)
 Metaspace       used 11342K, committed 11520K, reserved 1064960K
  class space    used 1065K, committed 1152K, reserved 1048576K
}
Event: 510.104 GC heap after
{Heap after GC invocations=311 (full 18):
 garbage-first heap   total 229376K, used 93072K [0x0000000082400000, 0x0000000100000000)
  region size 1024K, 1 young (1024K), 1 survivors (1024K)
 Metaspace       used 11342K, committed 11520K, reserved 1064960K
  class space    used 1065K, committed 1152K, reserved 1048576K
}
Event: 510.125 GC heap before
{Heap before GC invocations=311 (full 18):
 garbage-first heap   total 229376K, used 101264K [0x0000000082400000, 0x0000000100000000)
  region size 1024K, 2 young (2048K), 1 survivors (1024K)
 Metaspace       used 11342K, committed 11520K, reserved 1064960K
  class space    used 1065K, committed 1152K, reserved 1048576K
}
Event: 510.129 GC heap after
{Heap after GC invocations=312 (full 18):
 garbage-first heap   total 229376K, used 101262K [0x0000000082400000, 0x0000000100000000)
  region size 1024K, 1 young (1024K), 1 survivors (1024K)
 Metaspace       used 11342K, committed 11520K, reserved 1064960K
  class space    used 1065K, committed 1152K, reserved 1048576K
}
Event: 510.147 GC heap before
{Heap before GC invocations=312 (full 18):
 garbage-first heap   total 229376K, used 109454K [0x0000000082400000, 0x0000000100000000)
  region size 1024K, 2 young (2048K), 1 survivors (1024K)
 Metaspace       used 11344K, committed 11520K, reserved 1064960K
  class space    used 1065K, committed 1152K, reserved 1048576K
}

Deoptimization events (20 events):
Event: 509.603 Thread 0x0000023edbd17af0 DEOPT PACKING pc=0x0000023ec39eb90c sp=0x0000005f47dfde80
Event: 509.603 Thread 0x0000023edbd17af0 DEOPT UNPACKING pc=0x0000023ec3402b43 sp=0x0000005f47dfd2f0 mode 1
Event: 509.603 Thread 0x0000023edbd17af0 DEOPT PACKING pc=0x0000023ecafe7a00 sp=0x0000005f47dfdcb0
Event: 509.603 Thread 0x0000023edbd17af0 DEOPT UNPACKING pc=0x0000023ec3402b43 sp=0x0000005f47dfd020 mode 1
Event: 509.603 Thread 0x0000023edbd17af0 DEOPT PACKING pc=0x0000023ec39eb90c sp=0x0000005f47dfde80
Event: 509.603 Thread 0x0000023edbd17af0 DEOPT UNPACKING pc=0x0000023ec3402b43 sp=0x0000005f47dfd2f0 mode 1
Event: 509.603 Thread 0x0000023edbd17af0 DEOPT PACKING pc=0x0000023ecafe7a00 sp=0x0000005f47dfdcb0
Event: 509.603 Thread 0x0000023edbd17af0 DEOPT UNPACKING pc=0x0000023ec3402b43 sp=0x0000005f47dfd020 mode 1
Event: 509.603 Thread 0x0000023edbd17af0 DEOPT PACKING pc=0x0000023ec39eb90c sp=0x0000005f47dfde80
Event: 509.603 Thread 0x0000023edbd17af0 DEOPT UNPACKING pc=0x0000023ec3402b43 sp=0x0000005f47dfd2f0 mode 1
Event: 509.604 Thread 0x0000023edbd17af0 DEOPT PACKING pc=0x0000023ecafe7a00 sp=0x0000005f47dfdcb0
Event: 509.604 Thread 0x0000023edbd17af0 DEOPT UNPACKING pc=0x0000023ec3402b43 sp=0x0000005f47dfd020 mode 1
Event: 509.604 Thread 0x0000023edbd17af0 DEOPT PACKING pc=0x0000023ec39eb90c sp=0x0000005f47dfde80
Event: 509.604 Thread 0x0000023edbd17af0 DEOPT UNPACKING pc=0x0000023ec3402b43 sp=0x0000005f47dfd2f0 mode 1
Event: 509.610 Thread 0x0000023edbcaabd0 DEOPT PACKING pc=0x0000023ec3a7086c sp=0x0000005f47efadb0
Event: 509.610 Thread 0x0000023edbcaabd0 DEOPT UNPACKING pc=0x0000023ec3402b43 sp=0x0000005f47efa260 mode 1
Event: 509.612 Thread 0x0000023edbcaabd0 DEOPT PACKING pc=0x0000023ec3a7086c sp=0x0000005f47efadb0
Event: 509.612 Thread 0x0000023edbcaabd0 DEOPT UNPACKING pc=0x0000023ec3402b43 sp=0x0000005f47efa260 mode 1
Event: 509.614 Thread 0x0000023edbcaabd0 DEOPT PACKING pc=0x0000023ec3a7086c sp=0x0000005f47efadb0
Event: 509.614 Thread 0x0000023edbcaabd0 DEOPT UNPACKING pc=0x0000023ec3402b43 sp=0x0000005f47efa260 mode 1

Classes unloaded (0 events):
No events

Classes redefined (0 events):
No events

Internal exceptions (20 events):
Event: 0.921 Thread 0x0000023eb97ae7e0 Exception <a 'java/io/FileNotFoundException'{0x0000000089fbeeb0}> (0x0000000089fbeeb0) 
thrown [s\src\hotspot\share\prims\jni.cpp, line 516]
Event: 0.947 Thread 0x0000023eb97ae7e0 Exception <a 'java/io/FileNotFoundException'{0x0000000089fec9c8}> (0x0000000089fec9c8) 
thrown [s\src\hotspot\share\prims\jni.cpp, line 516]
Event: 1.191 Thread 0x0000023eb97ae7e0 Exception <a 'java/lang/NoSuchMethodError'{0x0000000089eaea78}: 'java.lang.Object java.lang.invoke.DirectMethodHandle$Holder.invokeStaticInit(java.lang.Object)'> (0x0000000089eaea78) 
thrown [s\src\hotspot\share\interpreter\linkResolver.cpp, line 759]
Event: 1.968 Thread 0x0000023edaa2dc70 Exception <a 'java/lang/NoSuchMethodError'{0x0000000089de4138}: 'void java.lang.invoke.DirectMethodHandle$Holder.invokeStatic(java.lang.Object, java.lang.Object)'> (0x0000000089de4138) 
thrown [s\src\hotspot\share\interpreter\linkResolver.cpp, line 759]
Event: 2.145 Thread 0x0000023edacd9b70 Exception <a 'java/lang/ClassNotFoundException'{0x000000008a1b02b0}: sun/net/www/protocol/c/Handler> (0x000000008a1b02b0) 
thrown [s\src\hotspot\share\classfile\systemDictionary.cpp, line 256]
Event: 2.262 Thread 0x0000023edacd9b70 Exception <a 'java/lang/NoSuchMethodError'{0x000000008a01eff8}: 'java.lang.Object java.lang.invoke.DirectMethodHandle$Holder.invokeStaticInit(java.lang.Object, int, int, int, int)'> (0x000000008a01eff8) 
thrown [s\src\hotspot\share\interpreter\linkResolver.cpp, line 759]
Event: 2.389 Thread 0x0000023edacd9b70 Exception <a 'java/lang/NoSuchMethodError'{0x000000008a05d988}: 'java.lang.Object java.lang.invoke.DirectMethodHandle$Holder.invokeStaticInit(java.lang.Object, java.lang.Object, int, int, int, int)'> (0x000000008a05d988) 
thrown [s\src\hotspot\share\interpreter\linkResolver.cpp, line 759]
Event: 2.602 Thread 0x0000023edb05ec60 Exception <a 'java/lang/NoSuchMethodError'{0x0000000089f38d38}: 'void java.lang.invoke.DirectMethodHandle$Holder.invokeSpecial(java.lang.Object, java.lang.Object, java.lang.Object)'> (0x0000000089f38d38) 
thrown [s\src\hotspot\share\interpreter\linkResolver.cpp, line 759]
Event: 2.610 Thread 0x0000023edb05ec60 Exception <a 'java/lang/NoSuchMethodError'{0x0000000089f446b8}: 'void java.lang.invoke.DirectMethodHandle$Holder.invokeStatic(java.lang.Object, java.lang.Object, java.lang.Object)'> (0x0000000089f446b8) 
thrown [s\src\hotspot\share\interpreter\linkResolver.cpp, line 759]
Event: 2.698 Thread 0x0000023edb17c980 Exception <a 'java/lang/NoSuchMethodError'{0x0000000089e1c510}: 'java.lang.Object java.lang.invoke.DirectMethodHandle$Holder.invokeStatic(java.lang.Object, int, java.lang.Object)'> (0x0000000089e1c510) 
thrown [s\src\hotspot\share\interpreter\linkResolver.cpp, line 759]
Event: 2.710 Thread 0x0000023edb17c980 Exception <a 'java/lang/ClassNotFoundException'{0x0000000089e2ed00}: sun/util/logging/resources/spi/loggingProvider> (0x0000000089e2ed00) 
thrown [s\src\hotspot\share\classfile\systemDictionary.cpp, line 256]
Event: 3.641 Thread 0x0000023edb17c980 Exception <a 'java/lang/NoSuchMethodError'{0x0000000089eb5ef0}: 'int java.lang.invoke.DirectMethodHandle$Holder.invokeStaticInit(java.lang.Object, java.lang.Object, java.lang.Object)'> (0x0000000089eb5ef0) 
thrown [s\src\hotspot\share\interpreter\linkResolver.cpp, line 759]
Event: 3.721 Thread 0x0000023edb17c980 Exception <a 'java/lang/NoSuchMethodError'{0x0000000089d5bcf8}: 'java.lang.Object java.lang.invoke.DirectMethodHandle$Holder.newInvokeSpecial(java.lang.Object, java.lang.Object, int, java.lang.Object)'> (0x0000000089d5bcf8) 
thrown [s\src\hotspot\share\interpreter\linkResolver.cpp, line 759]
Event: 3.723 Thread 0x0000023edb17c980 Exception <a 'java/lang/NoSuchMethodError'{0x0000000089d5fe30}: 'java.lang.Object java.lang.invoke.DirectMethodHandle$Holder.invokeSpecial(java.lang.Object, java.lang.Object, java.lang.Object, int, java.lang.Object)'> (0x0000000089d5fe30) 
thrown [s\src\hotspot\share\interpreter\linkResolver.cpp, line 759]
Event: 3.940 Thread 0x0000023edbad6af0 Exception <a 'java/lang/NoSuchMethodError'{0x000000008a07ac00}: 'void java.lang.invoke.DirectMethodHandle$Holder.invokeStaticInit(java.lang.Object)'> (0x000000008a07ac00) 
thrown [s\src\hotspot\share\interpreter\linkResolver.cpp, line 759]
Event: 3.958 Thread 0x0000023edb05ec60 Exception <a 'java/lang/NoSuchMethodError'{0x000000008a0ea678}: 'java.lang.Object java.lang.invoke.Invokers$Holder.invoke_MT(java.lang.Object, java.lang.Object, java.lang.Object)'> (0x000000008a0ea678) 
thrown [s\src\hotspot\share\interpreter\linkResolver.cpp, line 759]
Event: 9.073 Thread 0x0000023edae2d6c0 Exception <a 'java/lang/NoSuchMethodError'{0x0000000083b523d0}: 'void java.lang.invoke.DirectMethodHandle$Holder.invokeInterface(java.lang.Object, java.lang.Object)'> (0x0000000083b523d0) 
thrown [s\src\hotspot\share\interpreter\linkResolver.cpp, line 759]
Event: 36.265 Thread 0x0000023edbcaabd0 Exception <a 'java/lang/InterruptedException'{0x000000008d7035d8}: sleep interrupted> (0x000000008d7035d8) 
thrown [s\src\hotspot\share\prims\jvm.cpp, line 3070]
Event: 98.130 Thread 0x0000023edbd17af0 Implicit null exception at 0x0000023ecafc5de4 to 0x0000023ecafc5eb0
Event: 403.397 Thread 0x0000023edbcaabd0 Exception <a 'java/lang/InterruptedException'{0x000000009131db68}: sleep interrupted> (0x000000009131db68) 
thrown [s\src\hotspot\share\prims\jvm.cpp, line 3070]

VM Operations (20 events):
Event: 483.140 Executing VM operation: G1CollectFull done
Event: 509.845 Executing VM operation: G1TryInitiateConcMark
Event: 509.847 Executing VM operation: G1TryInitiateConcMark done
Event: 509.848 Executing VM operation: Cleanup
Event: 509.848 Executing VM operation: Cleanup done
Event: 509.848 Executing VM operation: G1TryInitiateConcMark
Event: 509.851 Executing VM operation: G1TryInitiateConcMark done
Event: 509.899 Executing VM operation: get/set locals
Event: 509.899 Executing VM operation: get/set locals done
Event: 509.916 Executing VM operation: get/set locals
Event: 509.916 Executing VM operation: get/set locals done
Event: 509.940 Executing VM operation: get/set locals
Event: 509.940 Executing VM operation: get/set locals done
Event: 510.094 Executing VM operation: G1TryInitiateConcMark
Event: 510.097 Executing VM operation: G1TryInitiateConcMark done
Event: 510.100 Executing VM operation: G1TryInitiateConcMark
Event: 510.104 Executing VM operation: G1TryInitiateConcMark done
Event: 510.125 Executing VM operation: G1TryInitiateConcMark
Event: 510.129 Executing VM operation: G1TryInitiateConcMark done
Event: 510.147 Executing VM operation: G1TryInitiateConcMark

Events (20 events):
Event: 10.187 loading class sun/java2d/marlin/ArrayCacheConst done
Event: 10.193 loading class java/awt/geom/Line2D
Event: 10.193 loading class java/awt/geom/Line2D done
Event: 10.206 loading class sun/java2d/marlin/MergeSort
Event: 10.206 loading class sun/java2d/marlin/MergeSort done
Event: 12.069 Thread 0x0000023edb3c58a0 Thread exited: 0x0000023edb3c58a0
Event: 13.705 Thread 0x0000023edb3c58a0 Thread added: 0x0000023edb3c58a0
Event: 13.735 Thread 0x0000023ee31a3930 Thread added: 0x0000023ee31a3930
Event: 13.801 loading class java/lang/NoSuchFieldError
Event: 13.801 loading class java/lang/NoSuchFieldError done
Event: 14.775 Thread 0x0000023ee31a3930 Thread exited: 0x0000023ee31a3930
Event: 15.651 loading class sun/java2d/loops/FontInfo
Event: 15.651 loading class sun/java2d/loops/FontInfo done
Event: 17.239 Thread 0x0000023edb3c58a0 Thread exited: 0x0000023edb3c58a0
Event: 98.638 Thread 0x0000023ee5fbcac0 Thread added: 0x0000023ee5fbcac0
Event: 100.266 Thread 0x0000023ee5fbcac0 Thread exited: 0x0000023ee5fbcac0
Event: 110.174 Thread 0x0000023ee5fbcac0 Thread added: 0x0000023ee5fbcac0
Event: 111.752 Thread 0x0000023ee5fbcac0 Thread exited: 0x0000023ee5fbcac0
Event: 299.936 Thread 0x0000023edbd31e00 Thread added: 0x0000023edbd31e00
Event: 300.978 Thread 0x0000023edbd31e00 Thread exited: 0x0000023edbd31e00


Dynamic libraries:
0x00007ff799a60000 - 0x00007ff799a6e000 	C:\Program Files\Greenfoot\jdk\bin\java.exe
0x00007ff84b510000 - 0x00007ff84b726000 	C:\WINDOWS\SYSTEM32\ntdll.dll
0x00007ff849970000 - 0x00007ff849a34000 	C:\WINDOWS\System32\KERNEL32.DLL
0x00007ff848c50000 - 0x00007ff848ff7000 	C:\WINDOWS\System32\KERNELBASE.dll
0x00007ff848b30000 - 0x00007ff848c41000 	C:\WINDOWS\System32\ucrtbase.dll
0x00007ff835fb0000 - 0x00007ff835fc8000 	C:\Program Files\Greenfoot\jdk\bin\jli.dll
0x00007ff841ba0000 - 0x00007ff841bb9000 	C:\Program Files\Greenfoot\jdk\bin\VCRUNTIME140.dll
0x00007ff84ada0000 - 0x00007ff84af4e000 	C:\WINDOWS\System32\USER32.dll
0x00007ff848830000 - 0x00007ff848856000 	C:\WINDOWS\System32\win32u.dll
0x00007ff83d230000 - 0x00007ff83d4c3000 	C:\WINDOWS\WinSxS\amd64_microsoft.windows.common-controls_6595b64144ccf1df_6.0.22621.3235_none_270f74e173860f98\COMCTL32.dll
0x00007ff849940000 - 0x00007ff849969000 	C:\WINDOWS\System32\GDI32.dll
0x00007ff84b250000 - 0x00007ff84b2f7000 	C:\WINDOWS\System32\msvcrt.dll
0x00007ff849000000 - 0x00007ff849119000 	C:\WINDOWS\System32\gdi32full.dll
0x00007ff8491a0000 - 0x00007ff84923a000 	C:\WINDOWS\System32\msvcp_win.dll
0x00007ff84af50000 - 0x00007ff84af81000 	C:\WINDOWS\System32\IMM32.DLL
0x00007ff8430e0000 - 0x00007ff8430ec000 	C:\Program Files\Greenfoot\jdk\bin\vcruntime140_1.dll
0x00007ff8257e0000 - 0x00007ff825871000 	C:\Program Files\Greenfoot\jdk\bin\msvcp140.dll
0x00007ff805730000 - 0x00007ff806376000 	C:\Program Files\Greenfoot\jdk\bin\server\jvm.dll
0x00007ff84b410000 - 0x00007ff84b4c2000 	C:\WINDOWS\System32\ADVAPI32.dll
0x00007ff84a5e0000 - 0x00007ff84a688000 	C:\WINDOWS\System32\sechost.dll
0x00007ff8488d0000 - 0x00007ff8488f8000 	C:\WINDOWS\System32\bcrypt.dll
0x00007ff84a4c0000 - 0x00007ff84a5d5000 	C:\WINDOWS\System32\RPCRT4.dll
0x00007ff84ab40000 - 0x00007ff84ab48000 	C:\WINDOWS\System32\PSAPI.DLL
0x00007ff841b90000 - 0x00007ff841b99000 	C:\WINDOWS\SYSTEM32\WSOCK32.dll
0x00007ff842b40000 - 0x00007ff842b74000 	C:\WINDOWS\SYSTEM32\WINMM.dll
0x00007ff84b390000 - 0x00007ff84b401000 	C:\WINDOWS\System32\WS2_32.dll
0x00007ff841d60000 - 0x00007ff841d6a000 	C:\WINDOWS\SYSTEM32\VERSION.dll
0x00007ff847870000 - 0x00007ff847888000 	C:\WINDOWS\SYSTEM32\kernel.appcore.dll
0x00007ff83a6d0000 - 0x00007ff83a6da000 	C:\Program Files\Greenfoot\jdk\bin\jimage.dll
0x00007ff846310000 - 0x00007ff846543000 	C:\WINDOWS\SYSTEM32\DBGHELP.DLL
0x00007ff84a740000 - 0x00007ff84aac8000 	C:\WINDOWS\System32\combase.dll
0x00007ff84ac60000 - 0x00007ff84ad37000 	C:\WINDOWS\System32\OLEAUT32.dll
0x00007ff841e60000 - 0x00007ff841e92000 	C:\WINDOWS\SYSTEM32\dbgcore.DLL
0x00007ff849120000 - 0x00007ff849199000 	C:\WINDOWS\System32\bcryptPrimitives.dll
0x00007ff830cc0000 - 0x00007ff830cfb000 	C:\Program Files\Greenfoot\jdk\bin\jdwp.dll
0x00007ff832400000 - 0x00007ff832425000 	C:\Program Files\Greenfoot\jdk\bin\java.dll
0x00007ff820950000 - 0x00007ff820a26000 	C:\Program Files\Greenfoot\jdk\bin\jsvml.dll
0x00007ff849a40000 - 0x00007ff84a29c000 	C:\WINDOWS\System32\SHELL32.dll
0x00007ff846790000 - 0x00007ff847089000 	C:\WINDOWS\SYSTEM32\windows.storage.dll
0x00007ff846650000 - 0x00007ff84678e000 	C:\WINDOWS\SYSTEM32\wintypes.dll
0x00007ff84af90000 - 0x00007ff84b083000 	C:\WINDOWS\System32\SHCORE.dll
0x00007ff84ad40000 - 0x00007ff84ad9e000 	C:\WINDOWS\System32\shlwapi.dll
0x00007ff848760000 - 0x00007ff848781000 	C:\WINDOWS\SYSTEM32\profapi.dll
0x00007ff8394f0000 - 0x00007ff8394fb000 	C:\Program Files\Greenfoot\jdk\bin\dt_shmem.dll
0x00007ff830d40000 - 0x00007ff830d59000 	C:\Program Files\Greenfoot\jdk\bin\net.dll
0x00007ff842a00000 - 0x00007ff842b36000 	C:\WINDOWS\SYSTEM32\WINHTTP.dll
0x00007ff847ce0000 - 0x00007ff847d49000 	C:\WINDOWS\system32\mswsock.dll
0x00007ff830d20000 - 0x00007ff830d35000 	C:\Program Files\Greenfoot\jdk\bin\nio.dll
0x00007ff830d00000 - 0x00007ff830d18000 	C:\Program Files\Greenfoot\jdk\bin\zip.dll
0x00007ff8117d0000 - 0x00007ff81195e000 	C:\Program Files\Greenfoot\jdk\bin\awt.dll
0x00007ff845830000 - 0x00007ff8458c7000 	C:\WINDOWS\SYSTEM32\apphelp.dll
0x00007ff8459c0000 - 0x00007ff845a6b000 	C:\WINDOWS\system32\uxtheme.dll
0x00007ff84b090000 - 0x00007ff84b1e3000 	C:\WINDOWS\System32\MSCTF.dll
0x00007ff84a310000 - 0x00007ff84a4b5000 	C:\WINDOWS\System32\ole32.dll
0x00007ff847f40000 - 0x00007ff847f5b000 	C:\WINDOWS\SYSTEM32\CRYPTSP.dll
0x00007ff8477d0000 - 0x00007ff847805000 	C:\WINDOWS\system32\rsaenh.dll
0x00007ff847de0000 - 0x00007ff847e08000 	C:\WINDOWS\SYSTEM32\USERENV.dll
0x00007ff847f60000 - 0x00007ff847f6c000 	C:\WINDOWS\SYSTEM32\CRYPTBASE.dll
0x00007ff8472f0000 - 0x00007ff84731d000 	C:\WINDOWS\SYSTEM32\IPHLPAPI.DLL
0x00007ff84ab50000 - 0x00007ff84ab59000 	C:\WINDOWS\System32\NSI.dll
0x00007ff842840000 - 0x00007ff842859000 	C:\WINDOWS\SYSTEM32\dhcpcsvc6.DLL
0x00007ff842820000 - 0x00007ff84283f000 	C:\WINDOWS\SYSTEM32\dhcpcsvc.DLL
0x00007ff847360000 - 0x00007ff847459000 	C:\WINDOWS\SYSTEM32\DNSAPI.dll
0x00007ff845df0000 - 0x00007ff845e1b000 	C:\WINDOWS\system32\DWMAPI.DLL
0x00007ff82f4d0000 - 0x00007ff82f5d0000 	C:\WINDOWS\system32\opengl32.dll
0x00007ff840c70000 - 0x00007ff840c9d000 	C:\WINDOWS\SYSTEM32\GLU32.dll
0x00007ff845ac0000 - 0x00007ff845af9000 	C:\WINDOWS\SYSTEM32\dxcore.dll
0x0000023ebb870000 - 0x0000023ebb873000 	C:\Users\elena\.openjfx\cache\20.0.1+2\amd64\api-ms-win-core-console-l1-1-0.dll
0x0000023ebb880000 - 0x0000023ebb883000 	C:\Users\elena\.openjfx\cache\20.0.1+2\amd64\api-ms-win-core-console-l1-2-0.dll
0x0000023ebb890000 - 0x0000023ebb893000 	C:\Users\elena\.openjfx\cache\20.0.1+2\amd64\api-ms-win-core-datetime-l1-1-0.dll
0x0000023ed9fe0000 - 0x0000023ed9fe3000 	C:\Users\elena\.openjfx\cache\20.0.1+2\amd64\api-ms-win-core-debug-l1-1-0.dll
0x0000023ed9ff0000 - 0x0000023ed9ff3000 	C:\Users\elena\.openjfx\cache\20.0.1+2\amd64\api-ms-win-core-errorhandling-l1-1-0.dll
0x0000023edb400000 - 0x0000023edb404000 	C:\Users\elena\.openjfx\cache\20.0.1+2\amd64\api-ms-win-core-file-l1-1-0.dll
0x0000023edb410000 - 0x0000023edb413000 	C:\Users\elena\.openjfx\cache\20.0.1+2\amd64\api-ms-win-core-file-l1-2-0.dll
0x0000023edb420000 - 0x0000023edb423000 	C:\Users\elena\.openjfx\cache\20.0.1+2\amd64\api-ms-win-core-file-l2-1-0.dll
0x0000023edb430000 - 0x0000023edb433000 	C:\Users\elena\.openjfx\cache\20.0.1+2\amd64\api-ms-win-core-handle-l1-1-0.dll
0x0000023edb440000 - 0x0000023edb443000 	C:\Users\elena\.openjfx\cache\20.0.1+2\amd64\api-ms-win-core-heap-l1-1-0.dll
0x0000023edb450000 - 0x0000023edb453000 	C:\Users\elena\.openjfx\cache\20.0.1+2\amd64\api-ms-win-core-interlocked-l1-1-0.dll
0x0000023edb460000 - 0x0000023edb463000 	C:\Users\elena\.openjfx\cache\20.0.1+2\amd64\api-ms-win-core-libraryloader-l1-1-0.dll
0x0000023edb470000 - 0x0000023edb473000 	C:\Users\elena\.openjfx\cache\20.0.1+2\amd64\api-ms-win-core-localization-l1-2-0.dll
0x0000023edb480000 - 0x0000023edb483000 	C:\Users\elena\.openjfx\cache\20.0.1+2\amd64\api-ms-win-core-memory-l1-1-0.dll
0x0000023edb490000 - 0x0000023edb493000 	C:\Users\elena\.openjfx\cache\20.0.1+2\amd64\api-ms-win-core-namedpipe-l1-1-0.dll
0x0000023edb4a0000 - 0x0000023edb4a3000 	C:\Users\elena\.openjfx\cache\20.0.1+2\amd64\api-ms-win-core-processenvironment-l1-1-0.dll
0x0000023edb4b0000 - 0x0000023edb4b3000 	C:\Users\elena\.openjfx\cache\20.0.1+2\amd64\api-ms-win-core-processthreads-l1-1-0.dll
0x0000023edb4c0000 - 0x0000023edb4c3000 	C:\Users\elena\.openjfx\cache\20.0.1+2\amd64\api-ms-win-core-processthreads-l1-1-1.dll
0x0000023edb4d0000 - 0x0000023edb4d3000 	C:\Users\elena\.openjfx\cache\20.0.1+2\amd64\api-ms-win-core-profile-l1-1-0.dll
0x0000023edb4e0000 - 0x0000023edb4e3000 	C:\Users\elena\.openjfx\cache\20.0.1+2\amd64\api-ms-win-core-rtlsupport-l1-1-0.dll
0x0000023edb4f0000 - 0x0000023edb4f3000 	C:\Users\elena\.openjfx\cache\20.0.1+2\amd64\api-ms-win-core-string-l1-1-0.dll
0x0000023edb500000 - 0x0000023edb503000 	C:\Users\elena\.openjfx\cache\20.0.1+2\amd64\api-ms-win-core-synch-l1-1-0.dll
0x0000023edb510000 - 0x0000023edb513000 	C:\Users\elena\.openjfx\cache\20.0.1+2\amd64\api-ms-win-core-synch-l1-2-0.dll
0x0000023edb520000 - 0x0000023edb523000 	C:\Users\elena\.openjfx\cache\20.0.1+2\amd64\api-ms-win-core-sysinfo-l1-1-0.dll
0x0000023edb530000 - 0x0000023edb533000 	C:\Users\elena\.openjfx\cache\20.0.1+2\amd64\api-ms-win-core-timezone-l1-1-0.dll
0x0000023edc860000 - 0x0000023edc863000 	C:\Users\elena\.openjfx\cache\20.0.1+2\amd64\api-ms-win-core-util-l1-1-0.dll
0x0000023edc870000 - 0x0000023edc873000 	C:\Users\elena\.openjfx\cache\20.0.1+2\amd64\api-ms-win-crt-conio-l1-1-0.dll
0x0000023edc880000 - 0x0000023edc884000 	C:\Users\elena\.openjfx\cache\20.0.1+2\amd64\api-ms-win-crt-convert-l1-1-0.dll
0x0000023edc890000 - 0x0000023edc893000 	C:\Users\elena\.openjfx\cache\20.0.1+2\amd64\api-ms-win-crt-environment-l1-1-0.dll
0x0000023edc8a0000 - 0x0000023edc8a3000 	C:\Users\elena\.openjfx\cache\20.0.1+2\amd64\api-ms-win-crt-filesystem-l1-1-0.dll
0x0000023edc8b0000 - 0x0000023edc8b3000 	C:\Users\elena\.openjfx\cache\20.0.1+2\amd64\api-ms-win-crt-heap-l1-1-0.dll
0x0000023edc8c0000 - 0x0000023edc8c3000 	C:\Users\elena\.openjfx\cache\20.0.1+2\amd64\api-ms-win-crt-locale-l1-1-0.dll
0x0000023edc8d0000 - 0x0000023edc8d5000 	C:\Users\elena\.openjfx\cache\20.0.1+2\amd64\api-ms-win-crt-math-l1-1-0.dll
0x0000023edc8e0000 - 0x0000023edc8e5000 	C:\Users\elena\.openjfx\cache\20.0.1+2\amd64\api-ms-win-crt-multibyte-l1-1-0.dll
0x0000023edc8f0000 - 0x0000023edc900000 	C:\Users\elena\.openjfx\cache\20.0.1+2\amd64\api-ms-win-crt-private-l1-1-0.dll
0x0000023edc900000 - 0x0000023edc903000 	C:\Users\elena\.openjfx\cache\20.0.1+2\amd64\api-ms-win-crt-process-l1-1-0.dll
0x0000023edc910000 - 0x0000023edc914000 	C:\Users\elena\.openjfx\cache\20.0.1+2\amd64\api-ms-win-crt-runtime-l1-1-0.dll
0x0000023edc920000 - 0x0000023edc924000 	C:\Users\elena\.openjfx\cache\20.0.1+2\amd64\api-ms-win-crt-stdio-l1-1-0.dll
0x0000023edc930000 - 0x0000023edc934000 	C:\Users\elena\.openjfx\cache\20.0.1+2\amd64\api-ms-win-crt-string-l1-1-0.dll
0x0000023edc940000 - 0x0000023edc943000 	C:\Users\elena\.openjfx\cache\20.0.1+2\amd64\api-ms-win-crt-time-l1-1-0.dll
0x0000023edc950000 - 0x0000023edc953000 	C:\Users\elena\.openjfx\cache\20.0.1+2\amd64\api-ms-win-crt-utility-l1-1-0.dll
0x00007ff813650000 - 0x00007ff81374c000 	C:\Users\elena\.openjfx\cache\20.0.1+2\amd64\ucrtbase.dll
0x00007ff830b70000 - 0x00007ff830b8b000 	C:\Users\elena\.openjfx\cache\20.0.1+2\amd64\vcruntime140.dll
0x00007ff83a540000 - 0x00007ff83a54c000 	C:\Users\elena\.openjfx\cache\20.0.1+2\amd64\vcruntime140_1.dll
0x00007ff813450000 - 0x00007ff8134de000 	C:\Users\elena\.openjfx\cache\20.0.1+2\amd64\msvcp140.dll
0x00007ff83a150000 - 0x00007ff83a159000 	C:\Users\elena\.openjfx\cache\20.0.1+2\amd64\msvcp140_1.dll
0x00007ff8309d0000 - 0x00007ff830a00000 	C:\Users\elena\.openjfx\cache\20.0.1+2\amd64\msvcp140_2.dll
0x00007ff8309a0000 - 0x00007ff8309cf000 	C:\Users\elena\.openjfx\cache\20.0.1+2\amd64\prism_d3d.dll
0x00007ff8112f0000 - 0x00007ff811499000 	C:\WINDOWS\system32\d3d9.dll
0x00007ff80d050000 - 0x00007ff80d1b3000 	C:\WINDOWS\System32\DriverStore\FileRepository\iigd_dch.inf_amd64_e9b40d45ab4dc6b8\igdumdim64.dll
0x00007fffbcd70000 - 0x00007fffc0774000 	C:\WINDOWS\System32\DriverStore\FileRepository\iigd_dch.inf_amd64_e9b40d45ab4dc6b8\igd9dxva64.dll
0x00007ff849240000 - 0x00007ff8496b4000 	C:\WINDOWS\System32\SETUPAPI.dll
0x00007ff848400000 - 0x00007ff84844e000 	C:\WINDOWS\SYSTEM32\cfgmgr32.dll
0x00007ff82ce70000 - 0x00007ff82d0af000 	C:\WINDOWS\System32\DriverStore\FileRepository\iigd_dch.inf_amd64_e9b40d45ab4dc6b8\igdgmm64.dll
0x00007ff831990000 - 0x00007ff8319da000 	C:\WINDOWS\SYSTEM32\directxdatabasehelper.dll
0x00007ff824140000 - 0x00007ff824182000 	C:\Users\elena\.openjfx\cache\20.0.1+2\amd64\glass.dll
0x00007ff84ab60000 - 0x00007ff84ac59000 	C:\WINDOWS\System32\COMDLG32.dll
0x00007ff8264a0000 - 0x00007ff8264c7000 	C:\WINDOWS\System32\DriverStore\FileRepository\iigd_dch.inf_amd64_e9b40d45ab4dc6b8\igdinfo64.dll
0x00007ff82a040000 - 0x00007ff82cca2000 	C:\WINDOWS\System32\DriverStore\FileRepository\iigd_dch.inf_amd64_e9b40d45ab4dc6b8\igc64.dll
0x00007ff81ea70000 - 0x00007ff81eaf6000 	C:\Program Files\Greenfoot\jdk\bin\freetype.dll
0x00007ff8126c0000 - 0x00007ff812768000 	C:\Program Files\Greenfoot\jdk\bin\fontmanager.dll

dbghelp: loaded successfully - version: 4.0.5 - missing functions: none
symbol engine: initialized successfully - sym options: 0x614 - pdb path: .;C:\Program Files\Greenfoot\jdk\bin;C:\WINDOWS\SYSTEM32;C:\WINDOWS\WinSxS\amd64_microsoft.windows.common-controls_6595b64144ccf1df_6.0.22621.3235_none_270f74e173860f98;C:\Program Files\Greenfoot\jdk\bin\server;C:\Users\elena\.openjfx\cache\20.0.1+2\amd64;C:\WINDOWS\System32\DriverStore\FileRepository\iigd_dch.inf_amd64_e9b40d45ab4dc6b8

VM Arguments:
jvm_args: -XX:MaxGCPauseMillis=50 -agentlib:jdwp=transport=dt_shmem,address=javadebug -Dfile.encoding=UTF-8 
java_command: bluej.runtime.ExecServer UTF-8
java_class_path (initial): C:\Program Files\Greenfoot\lib\greenfoot.jar;C:\Program Files\Greenfoot\lib\javafx-base-20.0.1-win.jar;C:\Program Files\Greenfoot\lib\javafx-base-20.0.1.jar;C:\Program Files\Greenfoot\lib\javafx-controls-20.0.1-win.jar;C:\Program Files\Greenfoot\lib\javafx-controls-20.0.1.jar;C:\Program Files\Greenfoot\lib\javafx-fxml-20.0.1-win.jar;C:\Program Files\Greenfoot\lib\javafx-graphics-20.0.1-win.jar;C:\Program Files\Greenfoot\lib\javafx-graphics-20.0.1.jar;C:\Program Files\Greenfoot\lib\javafx-media-20.0.1-win.jar;C:\Program Files\Greenfoot\lib\javafx-media-20.0.1.jar;C:\Program Files\Greenfoot\lib\javafx-swing-20.0.1-win.jar;C:\Program Files\Greenfoot\lib\javafx-web-20.0.1-win.jar;C:\Program Files\Greenfoot\lib\junit-4.12.jar;C:\Program Files\Greenfoot\lib\junit-jupiter-5.5.2.jar;C:\Program Files\Greenfoot\lib\junit-jupiter-api-5.5.2.jar;C:\Program Files\Greenfoot\lib\junit-jupiter-engine-5.5.2.jar;C:\Program Files\Greenfoot\lib\junit-jupiter-params-5.5.2.jar;C:\Program Files\Greenfoot\lib\junit-platform-commons-1.5.2.jar;C:\Program Files\Greenfoot\lib\junit-platform-engine-1.5.2.jar;C:\Program Files\Greenfoot\lib\junit-platform-launcher-1.5.2.jar;C:\Program Files\Greenfoot\lib\junit-platform-suite-api-1.5.2.jar;C:\Program Files\Greenfoot\lib\junit-vintage-engine-5.5.2.jar;C:\Program Files\Greenfoot\lib\hamcrest-core-1.3.jar;C:\Program Files\Greenfoot\lib\opentest4j-1.2.0.jar;C:\Program Files\Greenfoot\lib\bluej.jar;C:\Program Files\Greenfoot\lib\classgraph-4.8.90.jar;C:\Program Files\Greenfoot\lib\diffutils-1.2.1.jar;C:\Program Files\Greenfoot\lib\commons-logging-1.2.jar;C:\Program Files\Greenfoot\lib\jl1.0.1.jar;C:\Program Files\Greenfoot\lib\opencsv-2.3.jar;C:\Program Files\Greenfoot\lib\opencsv-2.4.jar;C:\Program Files\Greenfoot\lib\xom-1.3.7.jar;C:\Program Files\Greenfoot\lib\lang-stride.jar;C:\Program Files\Greenfoot\lib\nsmenufx-2.1.8.jar;C:\Program Files\Greenfoot\lib\wellbehavedfx-0.3.3.jar;C:\Program Files\Greenfoot\lib\guava-17.0.j
Launcher Type: SUN_STANDARD

[Global flags]
     intx CICompilerCount                          = 4                                         {product} {ergonomic}
     uint ConcGCThreads                            = 2                                         {product} {ergonomic}
     uint G1ConcRefinementThreads                  = 8                                         {product} {ergonomic}
   size_t G1HeapRegionSize                         = 1048576                                   {product} {ergonomic}
    uintx GCDrainStackTargetSize                   = 64                                        {product} {ergonomic}
   size_t InitialHeapSize                          = 132120576                                 {product} {ergonomic}
   size_t MarkStackSize                            = 4194304                                   {product} {ergonomic}
    uintx MaxGCPauseMillis                         = 50                                        {product} {command line}
   size_t MaxHeapSize                              = 2109734912                                {product} {ergonomic}
   size_t MaxNewSize                               = 1265631232                                {product} {ergonomic}
   size_t MinHeapDeltaBytes                        = 1048576                                   {product} {ergonomic}
   size_t MinHeapSize                              = 8388608                                   {product} {ergonomic}
    uintx NonNMethodCodeHeapSize                   = 5839372                                {pd product} {ergonomic}
    uintx NonProfiledCodeHeapSize                  = 122909434                              {pd product} {ergonomic}
    uintx ProfiledCodeHeapSize                     = 122909434                              {pd product} {ergonomic}
    uintx ReservedCodeCacheSize                    = 251658240                              {pd product} {ergonomic}
     bool SegmentedCodeCache                       = true                                      {product} {ergonomic}
   size_t SoftMaxHeapSize                          = 2109734912                             {manageable} {ergonomic}
     bool UseCompressedClassPointers               = true                           {product lp64_product} {ergonomic}
     bool UseCompressedOops                        = true                           {product lp64_product} {ergonomic}
     bool UseG1GC                                  = true                                      {product} {ergonomic}
     bool UseLargePagesIndividualAllocation        = false                                  {pd product} {ergonomic}

Logging:
Log output configuration:
 #0: stdout all=warning uptime,level,tags
 #1: stderr all=off uptime,level,tags

Environment Variables:
PATH=C:\Python312\Scripts\;C:\Python312\;C:\Program Files (x86)\Common Files\Oracle\Java\javapath;C:\ProgramData\Oracle\Java\javapath;C:\WINDOWS\system32;C:\WINDOWS;C:\WINDOWS\System32\Wbem;C:\WINDOWS\System32\WindowsPowerShell\v1.0\;C:\WINDOWS\System32\OpenSSH\;C:\Program Files\Common Files\Autodesk Shared\;C:\Program Files\Microsoft SQL Server\120\Tools\Binn\;C:\Program Files\nodejs\;C:\ProgramData\chocolatey\bin;C:\Program Files\Git\cmd;C:\Users\elena\AppData\Local\Microsoft\WindowsApps;;C:\Users\elena\AppData\Local\Programs\Microsoft VS Code\bin;C:\Users\elena\AppData\Roaming\npm
USERNAME=elena
OS=Windows_NT
PROCESSOR_IDENTIFIER=Intel64 Family 6 Model 142 Stepping 11, GenuineIntel
TMP=C:\Users\elena\AppData\Local\Temp
TEMP=C:\Users\elena\AppData\Local\Temp



---------------  S Y S T E M  ---------------

OS:
 Windows 11 , 64 bit Build 22621 (10.0.22621.3374)
OS uptime: 24 days 19:15 hours

CPU: total 8 (initial active 8) (4 cores per cpu, 2 threads per core) family 6 model 142 stepping 11 microcode 0xde, cx8, cmov, fxsr, ht, mmx, 3dnowpref, sse, sse2, sse3, ssse3, sse4.1, sse4.2, popcnt, lzcnt, tsc, tscinvbit, avx, avx2, aes, erms, clmul, bmi1, bmi2, adx, fma, vzeroupper, clflush, clflushopt

Memory: 4k page, system-wide physical 8043M (1808M free)
TotalPageFile size 9944M (AvailPageFile size 407M)
current process WorkingSet (physical memory assigned to process): 256M, peak: 263M
current process commit charge ("private bytes"): 372M, peak: 820M

vm_info: OpenJDK 64-Bit Server VM (17.0.4.1+1) for windows-amd64 JRE (17.0.4.1+1), built on Aug 17 2022 07:42:43 by "temurin" with MS VC++ 16.7 (VS2019)

END.
