#
# There is insufficient memory for the Java Runtime Environment to continue.
# Native memory allocation (mmap) failed to map 469762048 bytes for G1 virtual space
# Possible reasons:
#   The system is out of physical RAM or swap space
#   The process is running with CompressedOops enabled, and the Java Heap may be blocking the growth of the native heap
# Possible solutions:
#   Reduce memory load on the system
#   Increase physical memory or swap space
#   Check if swap backing store is full
#   Decrease Java heap size (-Xmx/-Xms)
#   Decrease number of Java threads
#   Decrease Java thread stack sizes (-Xss)
#   Set larger code cache with -XX:ReservedCodeCacheSize=
#   JVM is running with Unscaled Compressed Oops mode in which the Java heap is
#     placed in the first 4GB address space. The Java Heap base address is the
#     maximum limit for the native heap growth. Please use -XX:HeapBaseMinAddress
#     to set the Java Heap base and to place the Java Heap above 4GB virtual address.
# This output file may be truncated or incomplete.
#
#  Out of Memory Error (os_windows.cpp:3541), pid=16540, tid=11800
#
# JRE version: OpenJDK Runtime Environment Temurin-17.0.4.1+1 (17.0.4.1+1) (build 17.0.4.1+1)
# Java VM: OpenJDK 64-Bit Server VM Temurin-17.0.4.1+1 (17.0.4.1+1, mixed mode, sharing, tiered, compressed oops, compressed class ptrs, g1 gc, windows-amd64)
# No core dump will be written. Minidumps are not enabled by default on client versions of Windows
#

---------------  S U M M A R Y ------------

Command Line: -XX:MaxGCPauseMillis=50 -agentlib:jdwp=transport=dt_shmem,address=javadebug -Dfile.encoding=UTF-8 bluej.runtime.ExecServer UTF-8

Host: Intel(R) Core(TM) i5-8265U CPU @ 1.60GHz, 8 cores, 7G,  Windows 11 , 64 bit Build 22621 (10.0.22621.3374)
Time: Tue May 28 17:48:44 2024  Windows 11 , 64 bit Build 22621 (10.0.22621.3374) elapsed time: 1398.878438 seconds (0d 0h 23m 18s)

---------------  T H R E A D  ---------------

Current thread (0x000001ee7aab5910):  VMThread "VM Thread" [stack: 0x0000006435000000,0x0000006435100000] [id=11800]

Stack: [0x0000006435000000,0x0000006435100000]
Native frames: (J=compiled Java code, j=interpreted, Vv=VM code, C=native code)
V  [jvm.dll+0x67731a]
V  [jvm.dll+0x832284]
V  [jvm.dll+0x833a2e]
V  [jvm.dll+0x834093]
V  [jvm.dll+0x245775]
V  [jvm.dll+0x674209]
V  [jvm.dll+0x668a92]
V  [jvm.dll+0x30471b]
V  [jvm.dll+0x30bc66]
V  [jvm.dll+0x35ba9e]
V  [jvm.dll+0x35bccf]
V  [jvm.dll+0x2db5b8]
V  [jvm.dll+0x2d986c]
V  [jvm.dll+0x2d8e3c]
V  [jvm.dll+0x31d0c1]
V  [jvm.dll+0x83853b]
V  [jvm.dll+0x839274]
V  [jvm.dll+0x83978c]
V  [jvm.dll+0x839b64]
V  [jvm.dll+0x839c30]
V  [jvm.dll+0x7e240a]
V  [jvm.dll+0x6761a5]
C  [ucrtbase.dll+0x29333]
C  [KERNEL32.DLL+0x1257d]
C  [ntdll.dll+0x5aa48]

VM_Operation (0x00000064374fedf0): G1TryInitiateConcMark, mode: safepoint, requested by thread 0x000001ee7c0498a0


---------------  P R O C E S S  ---------------

Threads class SMR info:
_java_thread_list=0x000001ee7c9b59d0, length=25, elements={
0x000001ee7aaba010, 0x000001ee7aabac80, 0x000001ee7aad3220, 0x000001ee7aad3ae0,
0x000001ee7aad43a0, 0x000001ee7aad6c70, 0x000001ee7aad7910, 0x000001ee7aada6d0,
0x000001ee7aae7400, 0x000001ee7b6359c0, 0x000001ee7b6392d0, 0x000001ee7b63a7e0,
0x000001ee7b643350, 0x000001ee7b65d010, 0x000001ee7bb309b0, 0x000001ee7bbad250,
0x000001ee7bb98dd0, 0x000001ee6b7e4ab0, 0x000001ee7c8a5470, 0x000001ee7c2ceb00,
0x000001ee7c9bbac0, 0x000001ee7c0498a0, 0x000001ee7cc8e4c0, 0x000001ee7c0bc470,
0x000001ee7cc81fa0
}

Java Threads: ( => current thread )
  0x000001ee7aaba010 JavaThread "Reference Handler" daemon [_thread_blocked, id=5192, stack(0x0000006435100000,0x0000006435200000)]
  0x000001ee7aabac80 JavaThread "Finalizer" daemon [_thread_blocked, id=13444, stack(0x0000006435200000,0x0000006435300000)]
  0x000001ee7aad3220 JavaThread "Signal Dispatcher" daemon [_thread_blocked, id=11024, stack(0x0000006435300000,0x0000006435400000)]
  0x000001ee7aad3ae0 JavaThread "Attach Listener" daemon [_thread_blocked, id=6872, stack(0x0000006435400000,0x0000006435500000)]
  0x000001ee7aad43a0 JavaThread "Service Thread" daemon [_thread_blocked, id=14432, stack(0x0000006435500000,0x0000006435600000)]
  0x000001ee7aad6c70 JavaThread "Monitor Deflation Thread" daemon [_thread_blocked, id=17016, stack(0x0000006435600000,0x0000006435700000)]
  0x000001ee7aad7910 JavaThread "C2 CompilerThread0" daemon [_thread_blocked, id=6360, stack(0x0000006435700000,0x0000006435800000)]
  0x000001ee7aada6d0 JavaThread "C1 CompilerThread0" daemon [_thread_blocked, id=18412, stack(0x0000006435800000,0x0000006435900000)]
  0x000001ee7aae7400 JavaThread "Sweeper thread" daemon [_thread_blocked, id=16728, stack(0x0000006435900000,0x0000006435a00000)]
  0x000001ee7b6359c0 JavaThread "JDWP Transport Listener: dt_shmem" daemon [_thread_blocked, id=11980, stack(0x0000006435a00000,0x0000006435b00000)]
  0x000001ee7b6392d0 JavaThread "JDWP Event Helper Thread" daemon [_thread_blocked, id=10004, stack(0x0000006435b00000,0x0000006435c00000)]
  0x000001ee7b63a7e0 JavaThread "JDWP Command Reader" daemon [_thread_in_native, id=5808, stack(0x0000006435c00000,0x0000006435d00000)]
  0x000001ee7b643350 JavaThread "Notification Thread" daemon [_thread_blocked, id=568, stack(0x0000006435d00000,0x0000006435e00000)]
  0x000001ee7b65d010 JavaThread "Common-Cleaner" daemon [_thread_blocked, id=19932, stack(0x0000006435f00000,0x0000006436000000)]
  0x000001ee7bb309b0 JavaThread "Java2D Disposer" daemon [_thread_blocked, id=17132, stack(0x0000006436000000,0x0000006436100000)]
  0x000001ee7bbad250 JavaThread "AWT-Windows" daemon [_thread_in_native, id=15416, stack(0x0000006436200000,0x0000006436300000)]
  0x000001ee7bb98dd0 JavaThread "BlueJ worker thread" [_thread_blocked, id=12668, stack(0x0000006436400000,0x0000006436500000)]
  0x000001ee6b7e4ab0 JavaThread "DestroyJavaVM" [_thread_blocked, id=6936, stack(0x0000006434a00000,0x0000006434b00000)]
  0x000001ee7c8a5470 JavaThread "QuantumRenderer-0" daemon [_thread_blocked, id=7668, stack(0x0000006436e00000,0x0000006436f00000)]
  0x000001ee7c2ceb00 JavaThread "InvokeLaterDispatcher" daemon [_thread_blocked, id=9652, stack(0x0000006436f00000,0x0000006437000000)]
  0x000001ee7c9bbac0 JavaThread "JavaFX Application Thread" [_thread_in_native, id=1792, stack(0x0000006437000000,0x0000006437100000)]
  0x000001ee7c0498a0 JavaThread "VMCommsSimulation" [_thread_blocked, id=9464, stack(0x0000006437400000,0x0000006437500000)]
  0x000001ee7cc8e4c0 JavaThread "Thread-2" daemon [_thread_blocked, id=11000, stack(0x0000006436300000,0x0000006436400000)]
  0x000001ee7c0bc470 JavaThread "SimulationThread" [_thread_blocked, id=5744, stack(0x0000006437500000,0x0000006437600000)]
  0x000001ee7cc81fa0 JavaThread "main" [_thread_blocked, id=11532, stack(0x0000006436600000,0x0000006436700000)]

Other Threads:
=>0x000001ee7aab5910 VMThread "VM Thread" [stack: 0x0000006435000000,0x0000006435100000] [id=11800]
  0x000001ee7b643820 WatcherThread [stack: 0x0000006435e00000,0x0000006435f00000] [id=18484]
  0x000001ee6b83f380 GCTaskThread "GC Thread#0" [stack: 0x0000006434b00000,0x0000006434c00000] [id=17980]
  0x000001ee7bdcb840 GCTaskThread "GC Thread#1" [stack: 0x0000006436500000,0x0000006436600000] [id=10528]
  0x000001ee7bdd37c0 GCTaskThread "GC Thread#2" [stack: 0x0000006436700000,0x0000006436800000] [id=13804]
  0x000001ee7bdd3a70 GCTaskThread "GC Thread#3" [stack: 0x0000006436800000,0x0000006436900000] [id=13656]
  0x000001ee7bdd3d20 GCTaskThread "GC Thread#4" [stack: 0x0000006436900000,0x0000006436a00000] [id=12756]
  0x000001ee7bdd43e0 GCTaskThread "GC Thread#5" [stack: 0x0000006436a00000,0x0000006436b00000] [id=4432]
  0x000001ee7bd9eac0 GCTaskThread "GC Thread#6" [stack: 0x0000006436b00000,0x0000006436c00000] [id=7816]
  0x000001ee7bd9f2d0 GCTaskThread "GC Thread#7" [stack: 0x0000006436c00000,0x0000006436d00000] [id=12776]
  0x000001ee6b84fd40 ConcurrentGCThread "G1 Main Marker" [stack: 0x0000006434c00000,0x0000006434d00000] [id=20064]
  0x000001ee6b850650 ConcurrentGCThread "G1 Conc#0" [stack: 0x0000006434d00000,0x0000006434e00000] [id=7956]
  0x000001ee7bd9f580 ConcurrentGCThread "G1 Conc#1" [stack: 0x0000006436100000,0x0000006436200000] [id=11112]
  0x000001ee7a9734d0 ConcurrentGCThread "G1 Refine#0" [stack: 0x0000006434e00000,0x0000006434f00000] [id=11200]
  0x000001ee6b8ab1a0 ConcurrentGCThread "G1 Service" [stack: 0x0000006434f00000,0x0000006435000000] [id=14528]

Threads with active compile tasks:

VM state: at safepoint (normal execution)

VM Mutex/Monitor currently owned by a thread:  ([mutex/lock_event])
[0x000001ee6b7e1050] Threads_lock - owner thread: 0x000001ee7aab5910
[0x000001ee6b7e1440] Heap_lock - owner thread: 0x000001ee7c0498a0

Heap address: 0x0000000082400000, size: 2012 MB, Compressed Oops mode: 32-bit

CDS archive(s) mapped at: [0x0000000800000000-0x0000000800bc0000-0x0000000800bc0000), size 12320768, SharedBaseAddress: 0x0000000800000000, ArchiveRelocationMode: 0.
Compressed class space mapped at: 0x0000000800c00000-0x0000000840c00000, reserved size: 1073741824
Narrow klass base: 0x0000000800000000, Narrow klass shift: 0, Narrow klass range: 0x100000000

GC Precious Log:
 CPUs: 8 total, 8 available
 Memory: 8043M
 Large Page Support: Disabled
 NUMA Support: Disabled
 Compressed Oops: Enabled (32-bit)
 Heap Region Size: 1M
 Heap Min Capacity: 8M
 Heap Initial Capacity: 126M
 Heap Max Capacity: 2012M
 Pre-touch: Disabled
 Parallel Workers: 8
 Concurrent Workers: 2
 Concurrent Refinement Workers: 8
 Periodic GC: Disabled

Heap:
 garbage-first heap   total 229376K, used 85212K [0x0000000082400000, 0x0000000100000000)
  region size 1024K, 1 young (1024K), 1 survivors (1024K)
 Metaspace       used 11471K, committed 11648K, reserved 1064960K
  class space    used 1072K, committed 1152K, reserved 1048576K

Heap Regions: E=young(eden), S=young(survivor), O=old, HS=humongous(starts), HC=humongous(continues), CS=collection set, F=free, OA=open archive, CA=closed archive, TAMS=top-at-mark-start (previous, next)
|   0|0x0000000082400000, 0x0000000082500000, 0x0000000082500000|100%| O|  |TAMS 0x0000000082500000, 0x0000000082500000| Untracked 
|   1|0x0000000082500000, 0x00000000825f5370, 0x0000000082600000| 95%| O|  |TAMS 0x00000000825f5370, 0x00000000825f5370| Untracked 
|   2|0x0000000082600000, 0x0000000082700000, 0x0000000082700000|100%| O|  |TAMS 0x0000000082700000, 0x0000000082700000| Untracked 
|   3|0x0000000082700000, 0x00000000827f10b0, 0x0000000082800000| 94%| O|  |TAMS 0x0000000082700000, 0x00000000827f10b0| Untracked 
|   4|0x0000000082800000, 0x00000000828be9f8, 0x0000000082900000| 74%| O|  |TAMS 0x0000000082800000, 0x00000000828be9f8| Untracked 
|   5|0x0000000082900000, 0x00000000829feb98, 0x0000000082a00000| 99%| O|  |TAMS 0x00000000829feb98, 0x00000000829feb98| Untracked 
|   6|0x0000000082a00000, 0x0000000082b00000, 0x0000000082b00000|100%|HS|  |TAMS 0x0000000082b00000, 0x0000000082b00000| Untracked 
|   7|0x0000000082b00000, 0x0000000082c00000, 0x0000000082c00000|100%|HS|  |TAMS 0x0000000082c00000, 0x0000000082c00000| Untracked 
|   8|0x0000000082c00000, 0x0000000082cb49e8, 0x0000000082d00000| 70%| O|  |TAMS 0x0000000082c00000, 0x0000000082cb49e8| Untracked 
|   9|0x0000000082d00000, 0x0000000082e00000, 0x0000000082e00000|100%|HS|  |TAMS 0x0000000082e00000, 0x0000000082e00000| Untracked 
|  10|0x0000000082e00000, 0x0000000082f00000, 0x0000000082f00000|100%|HC|  |TAMS 0x0000000082f00000, 0x0000000082f00000| Untracked 
|  11|0x0000000082f00000, 0x0000000083000000, 0x0000000083000000|100%|HC|  |TAMS 0x0000000083000000, 0x0000000083000000| Untracked 
|  12|0x0000000083000000, 0x0000000083100000, 0x0000000083100000|100%|HC|  |TAMS 0x0000000083100000, 0x0000000083100000| Untracked 
|  13|0x0000000083100000, 0x0000000083200000, 0x0000000083200000|100%|HC|  |TAMS 0x0000000083200000, 0x0000000083200000| Untracked 
|  14|0x0000000083200000, 0x0000000083300000, 0x0000000083300000|100%|HC|  |TAMS 0x0000000083300000, 0x0000000083300000| Untracked 
|  15|0x0000000083300000, 0x0000000083400000, 0x0000000083400000|100%|HC|  |TAMS 0x0000000083400000, 0x0000000083400000| Untracked 
|  16|0x0000000083400000, 0x0000000083500000, 0x0000000083500000|100%|HC|  |TAMS 0x0000000083500000, 0x0000000083500000| Untracked 
|  17|0x0000000083500000, 0x0000000083600000, 0x0000000083600000|100%|HS|  |TAMS 0x0000000083600000, 0x0000000083600000| Untracked 
|  18|0x0000000083600000, 0x0000000083700000, 0x0000000083700000|100%|HC|  |TAMS 0x0000000083700000, 0x0000000083700000| Untracked 
|  19|0x0000000083700000, 0x0000000083800000, 0x0000000083800000|100%|HC|  |TAMS 0x0000000083800000, 0x0000000083800000| Untracked 
|  20|0x0000000083800000, 0x0000000083900000, 0x0000000083900000|100%|HC|  |TAMS 0x0000000083900000, 0x0000000083900000| Untracked 
|  21|0x0000000083900000, 0x0000000083a00000, 0x0000000083a00000|100%|HC|  |TAMS 0x0000000083a00000, 0x0000000083a00000| Untracked 
|  22|0x0000000083a00000, 0x0000000083b00000, 0x0000000083b00000|100%|HC|  |TAMS 0x0000000083b00000, 0x0000000083b00000| Untracked 
|  23|0x0000000083b00000, 0x0000000083c00000, 0x0000000083c00000|100%|HC|  |TAMS 0x0000000083c00000, 0x0000000083c00000| Untracked 
|  24|0x0000000083c00000, 0x0000000083d00000, 0x0000000083d00000|100%|HC|  |TAMS 0x0000000083d00000, 0x0000000083d00000| Untracked 
|  25|0x0000000083d00000, 0x0000000083dbb920, 0x0000000083e00000| 73%| O|  |TAMS 0x0000000083d00000, 0x0000000083dbb920| Untracked 
|  26|0x0000000083e00000, 0x0000000083e0f898, 0x0000000083f00000|  6%| O|  |TAMS 0x0000000083e00000, 0x0000000083e0f898| Untracked 
|  27|0x0000000083f00000, 0x0000000083f10c98, 0x0000000084000000|  6%| O|  |TAMS 0x0000000083f00000, 0x0000000083f10c98| Untracked 
|  28|0x0000000084000000, 0x0000000084000000, 0x0000000084100000|  0%| F|  |TAMS 0x0000000084000000, 0x0000000084000000| Untracked 
|  29|0x0000000084100000, 0x0000000084200000, 0x0000000084200000|100%|HS|  |TAMS 0x0000000084200000, 0x0000000084200000| Untracked 
|  30|0x0000000084200000, 0x0000000084300000, 0x0000000084300000|100%|HC|  |TAMS 0x0000000084300000, 0x0000000084300000| Untracked 
|  31|0x0000000084300000, 0x0000000084400000, 0x0000000084400000|100%|HC|  |TAMS 0x0000000084400000, 0x0000000084400000| Untracked 
|  32|0x0000000084400000, 0x0000000084500000, 0x0000000084500000|100%|HC|  |TAMS 0x0000000084500000, 0x0000000084500000| Untracked 
|  33|0x0000000084500000, 0x0000000084600000, 0x0000000084600000|100%|HC|  |TAMS 0x0000000084600000, 0x0000000084600000| Untracked 
|  34|0x0000000084600000, 0x0000000084700000, 0x0000000084700000|100%|HC|  |TAMS 0x0000000084700000, 0x0000000084700000| Untracked 
|  35|0x0000000084700000, 0x0000000084800000, 0x0000000084800000|100%|HC|  |TAMS 0x0000000084800000, 0x0000000084800000| Untracked 
|  36|0x0000000084800000, 0x0000000084900000, 0x0000000084900000|100%|HC|  |TAMS 0x0000000084900000, 0x0000000084900000| Untracked 
|  37|0x0000000084900000, 0x0000000084900000, 0x0000000084a00000|  0%| F|  |TAMS 0x0000000084900000, 0x0000000084900000| Untracked 
|  38|0x0000000084a00000, 0x0000000084a00000, 0x0000000084b00000|  0%| F|  |TAMS 0x0000000084a00000, 0x0000000084a00000| Untracked 
|  39|0x0000000084b00000, 0x0000000084b00000, 0x0000000084c00000|  0%| F|  |TAMS 0x0000000084b00000, 0x0000000084b00000| Untracked 
|  40|0x0000000084c00000, 0x0000000084c00000, 0x0000000084d00000|  0%| F|  |TAMS 0x0000000084c00000, 0x0000000084c00000| Untracked 
|  41|0x0000000084d00000, 0x0000000084d00000, 0x0000000084e00000|  0%| F|  |TAMS 0x0000000084d00000, 0x0000000084d00000| Untracked 
|  42|0x0000000084e00000, 0x0000000084e00000, 0x0000000084f00000|  0%| F|  |TAMS 0x0000000084e00000, 0x0000000084e00000| Untracked 
|  43|0x0000000084f00000, 0x0000000085000000, 0x0000000085000000|100%|HS|  |TAMS 0x0000000085000000, 0x0000000085000000| Untracked 
|  44|0x0000000085000000, 0x0000000085000000, 0x0000000085100000|  0%| F|  |TAMS 0x0000000085000000, 0x0000000085000000| Untracked 
|  45|0x0000000085100000, 0x0000000085200000, 0x0000000085200000|100%|HS|  |TAMS 0x0000000085200000, 0x0000000085200000| Untracked 
|  46|0x0000000085200000, 0x0000000085300000, 0x0000000085300000|100%|HC|  |TAMS 0x0000000085300000, 0x0000000085300000| Untracked 
|  47|0x0000000085300000, 0x0000000085400000, 0x0000000085400000|100%|HC|  |TAMS 0x0000000085400000, 0x0000000085400000| Untracked 
|  48|0x0000000085400000, 0x0000000085500000, 0x0000000085500000|100%|HC|  |TAMS 0x0000000085500000, 0x0000000085500000| Untracked 
|  49|0x0000000085500000, 0x0000000085600000, 0x0000000085600000|100%|HC|  |TAMS 0x0000000085600000, 0x0000000085600000| Untracked 
|  50|0x0000000085600000, 0x0000000085700000, 0x0000000085700000|100%|HC|  |TAMS 0x0000000085700000, 0x0000000085700000| Untracked 
|  51|0x0000000085700000, 0x0000000085800000, 0x0000000085800000|100%|HC|  |TAMS 0x0000000085800000, 0x0000000085800000| Untracked 
|  52|0x0000000085800000, 0x0000000085900000, 0x0000000085900000|100%|HC|  |TAMS 0x0000000085900000, 0x0000000085900000| Untracked 
|  53|0x0000000085900000, 0x0000000085a00000, 0x0000000085a00000|100%|HS|  |TAMS 0x0000000085a00000, 0x0000000085a00000| Untracked 
|  54|0x0000000085a00000, 0x0000000085b00000, 0x0000000085b00000|100%|HC|  |TAMS 0x0000000085b00000, 0x0000000085b00000| Untracked 
|  55|0x0000000085b00000, 0x0000000085c00000, 0x0000000085c00000|100%|HC|  |TAMS 0x0000000085c00000, 0x0000000085c00000| Untracked 
|  56|0x0000000085c00000, 0x0000000085d00000, 0x0000000085d00000|100%|HC|  |TAMS 0x0000000085d00000, 0x0000000085d00000| Untracked 
|  57|0x0000000085d00000, 0x0000000085e00000, 0x0000000085e00000|100%|HC|  |TAMS 0x0000000085e00000, 0x0000000085e00000| Untracked 
|  58|0x0000000085e00000, 0x0000000085f00000, 0x0000000085f00000|100%|HC|  |TAMS 0x0000000085f00000, 0x0000000085f00000| Untracked 
|  59|0x0000000085f00000, 0x0000000086000000, 0x0000000086000000|100%|HC|  |TAMS 0x0000000086000000, 0x0000000086000000| Untracked 
|  60|0x0000000086000000, 0x0000000086100000, 0x0000000086100000|100%|HC|  |TAMS 0x0000000086100000, 0x0000000086100000| Untracked 
|  61|0x0000000086100000, 0x0000000086100000, 0x0000000086200000|  0%| F|  |TAMS 0x0000000086100000, 0x0000000086100000| Untracked 
|  62|0x0000000086200000, 0x0000000086300000, 0x0000000086300000|100%|HS|  |TAMS 0x0000000086300000, 0x0000000086300000| Untracked 
|  63|0x0000000086300000, 0x0000000086400000, 0x0000000086400000|100%|HC|  |TAMS 0x0000000086400000, 0x0000000086400000| Untracked 
|  64|0x0000000086400000, 0x0000000086500000, 0x0000000086500000|100%|HC|  |TAMS 0x0000000086500000, 0x0000000086500000| Untracked 
|  65|0x0000000086500000, 0x0000000086600000, 0x0000000086600000|100%|HC|  |TAMS 0x0000000086600000, 0x0000000086600000| Untracked 
|  66|0x0000000086600000, 0x0000000086700000, 0x0000000086700000|100%|HC|  |TAMS 0x0000000086700000, 0x0000000086700000| Untracked 
|  67|0x0000000086700000, 0x0000000086800000, 0x0000000086800000|100%|HC|  |TAMS 0x0000000086800000, 0x0000000086800000| Untracked 
|  68|0x0000000086800000, 0x0000000086900000, 0x0000000086900000|100%|HC|  |TAMS 0x0000000086900000, 0x0000000086900000| Untracked 
|  69|0x0000000086900000, 0x0000000086a00000, 0x0000000086a00000|100%|HC|  |TAMS 0x0000000086a00000, 0x0000000086a00000| Untracked 
|  70|0x0000000086a00000, 0x0000000086b00000, 0x0000000086b00000|100%|HS|  |TAMS 0x0000000086b00000, 0x0000000086b00000| Untracked 
|  71|0x0000000086b00000, 0x0000000086c00000, 0x0000000086c00000|100%|HC|  |TAMS 0x0000000086c00000, 0x0000000086c00000| Untracked 
|  72|0x0000000086c00000, 0x0000000086d00000, 0x0000000086d00000|100%|HC|  |TAMS 0x0000000086d00000, 0x0000000086d00000| Untracked 
|  73|0x0000000086d00000, 0x0000000086e00000, 0x0000000086e00000|100%|HC|  |TAMS 0x0000000086e00000, 0x0000000086e00000| Untracked 
|  74|0x0000000086e00000, 0x0000000086f00000, 0x0000000086f00000|100%|HC|  |TAMS 0x0000000086f00000, 0x0000000086f00000| Untracked 
|  75|0x0000000086f00000, 0x0000000087000000, 0x0000000087000000|100%|HC|  |TAMS 0x0000000087000000, 0x0000000087000000| Untracked 
|  76|0x0000000087000000, 0x0000000087100000, 0x0000000087100000|100%|HC|  |TAMS 0x0000000087100000, 0x0000000087100000| Untracked 
|  77|0x0000000087100000, 0x0000000087200000, 0x0000000087200000|100%|HC|  |TAMS 0x0000000087200000, 0x0000000087200000| Untracked 
|  78|0x0000000087200000, 0x0000000087300000, 0x0000000087300000|100%|HS|  |TAMS 0x0000000087300000, 0x0000000087300000| Untracked 
|  79|0x0000000087300000, 0x0000000087400000, 0x0000000087400000|100%|HC|  |TAMS 0x0000000087400000, 0x0000000087400000| Untracked 
|  80|0x0000000087400000, 0x0000000087500000, 0x0000000087500000|100%|HC|  |TAMS 0x0000000087500000, 0x0000000087500000| Untracked 
|  81|0x0000000087500000, 0x0000000087600000, 0x0000000087600000|100%|HC|  |TAMS 0x0000000087600000, 0x0000000087600000| Untracked 
|  82|0x0000000087600000, 0x0000000087700000, 0x0000000087700000|100%|HC|  |TAMS 0x0000000087700000, 0x0000000087700000| Untracked 
|  83|0x0000000087700000, 0x0000000087800000, 0x0000000087800000|100%|HC|  |TAMS 0x0000000087800000, 0x0000000087800000| Untracked 
|  84|0x0000000087800000, 0x0000000087900000, 0x0000000087900000|100%|HC|  |TAMS 0x0000000087900000, 0x0000000087900000| Untracked 
|  85|0x0000000087900000, 0x0000000087a00000, 0x0000000087a00000|100%|HC|  |TAMS 0x0000000087a00000, 0x0000000087a00000| Untracked 
|  86|0x0000000087a00000, 0x0000000087b00000, 0x0000000087b00000|100%|HS|  |TAMS 0x0000000087b00000, 0x0000000087b00000| Untracked 
|  87|0x0000000087b00000, 0x0000000087b00000, 0x0000000087c00000|  0%| F|  |TAMS 0x0000000087b00000, 0x0000000087b00000| Untracked 
|  88|0x0000000087c00000, 0x0000000087c00000, 0x0000000087d00000|  0%| F|  |TAMS 0x0000000087c00000, 0x0000000087c00000| Untracked 
|  89|0x0000000087d00000, 0x0000000087d00000, 0x0000000087e00000|  0%| F|  |TAMS 0x0000000087d00000, 0x0000000087d00000| Untracked 
|  90|0x0000000087e00000, 0x0000000087e00000, 0x0000000087f00000|  0%| F|  |TAMS 0x0000000087e00000, 0x0000000087e00000| Untracked 
|  91|0x0000000087f00000, 0x0000000087f00000, 0x0000000088000000|  0%| F|  |TAMS 0x0000000087f00000, 0x0000000087f00000| Untracked 
|  92|0x0000000088000000, 0x0000000088000000, 0x0000000088100000|  0%| F|  |TAMS 0x0000000088000000, 0x0000000088000000| Untracked 
|  93|0x0000000088100000, 0x0000000088100000, 0x0000000088200000|  0%| F|  |TAMS 0x0000000088100000, 0x0000000088100000| Untracked 
|  94|0x0000000088200000, 0x0000000088200000, 0x0000000088300000|  0%| F|  |TAMS 0x0000000088200000, 0x0000000088200000| Untracked 
|  95|0x0000000088300000, 0x0000000088400000, 0x0000000088400000|100%|HS|  |TAMS 0x0000000088400000, 0x0000000088400000| Untracked 
|  96|0x0000000088400000, 0x0000000088500000, 0x0000000088500000|100%|HC|  |TAMS 0x0000000088500000, 0x0000000088500000| Untracked 
|  97|0x0000000088500000, 0x0000000088600000, 0x0000000088600000|100%|HC|  |TAMS 0x0000000088600000, 0x0000000088600000| Untracked 
|  98|0x0000000088600000, 0x0000000088700000, 0x0000000088700000|100%|HC|  |TAMS 0x0000000088700000, 0x0000000088700000| Untracked 
|  99|0x0000000088700000, 0x0000000088800000, 0x0000000088800000|100%|HC|  |TAMS 0x0000000088800000, 0x0000000088800000| Untracked 
| 100|0x0000000088800000, 0x0000000088900000, 0x0000000088900000|100%|HC|  |TAMS 0x0000000088900000, 0x0000000088900000| Untracked 
| 101|0x0000000088900000, 0x0000000088a00000, 0x0000000088a00000|100%|HC|  |TAMS 0x0000000088a00000, 0x0000000088a00000| Untracked 
| 102|0x0000000088a00000, 0x0000000088b00000, 0x0000000088b00000|100%|HC|  |TAMS 0x0000000088b00000, 0x0000000088b00000| Untracked 
| 103|0x0000000088b00000, 0x0000000088b00000, 0x0000000088c00000|  0%| F|  |TAMS 0x0000000088b00000, 0x0000000088b00000| Untracked 
| 104|0x0000000088c00000, 0x0000000088c00000, 0x0000000088d00000|  0%| F|  |TAMS 0x0000000088c00000, 0x0000000088c00000| Untracked 
| 105|0x0000000088d00000, 0x0000000088d00000, 0x0000000088e00000|  0%| F|  |TAMS 0x0000000088d00000, 0x0000000088d00000| Untracked 
| 106|0x0000000088e00000, 0x0000000088e00000, 0x0000000088f00000|  0%| F|  |TAMS 0x0000000088e00000, 0x0000000088e00000| Untracked 
| 107|0x0000000088f00000, 0x0000000088f00000, 0x0000000089000000|  0%| F|  |TAMS 0x0000000088f00000, 0x0000000088f00000| Untracked 
| 108|0x0000000089000000, 0x0000000089000000, 0x0000000089100000|  0%| F|  |TAMS 0x0000000089000000, 0x0000000089000000| Untracked 
| 109|0x0000000089100000, 0x0000000089100000, 0x0000000089200000|  0%| F|  |TAMS 0x0000000089100000, 0x0000000089100000| Untracked 
| 110|0x0000000089200000, 0x0000000089200000, 0x0000000089300000|  0%| F|  |TAMS 0x0000000089200000, 0x0000000089200000| Untracked 
| 111|0x0000000089300000, 0x0000000089300000, 0x0000000089400000|  0%| F|  |TAMS 0x0000000089300000, 0x0000000089300000| Untracked 
| 112|0x0000000089400000, 0x0000000089400000, 0x0000000089500000|  0%| F|  |TAMS 0x0000000089400000, 0x0000000089400000| Untracked 
| 113|0x0000000089500000, 0x0000000089500000, 0x0000000089600000|  0%| F|  |TAMS 0x0000000089500000, 0x0000000089500000| Untracked 
| 114|0x0000000089600000, 0x0000000089600000, 0x0000000089700000|  0%| F|  |TAMS 0x0000000089600000, 0x0000000089600000| Untracked 
| 115|0x0000000089700000, 0x0000000089700000, 0x0000000089800000|  0%| F|  |TAMS 0x0000000089700000, 0x0000000089700000| Untracked 
| 116|0x0000000089800000, 0x0000000089800000, 0x0000000089900000|  0%| F|  |TAMS 0x0000000089800000, 0x0000000089800000| Untracked 
| 117|0x0000000089900000, 0x0000000089900000, 0x0000000089a00000|  0%| F|  |TAMS 0x0000000089900000, 0x0000000089900000| Untracked 
| 118|0x0000000089a00000, 0x0000000089a00000, 0x0000000089b00000|  0%| F|  |TAMS 0x0000000089a00000, 0x0000000089a00000| Untracked 
| 119|0x0000000089b00000, 0x0000000089b00000, 0x0000000089c00000|  0%| F|  |TAMS 0x0000000089b00000, 0x0000000089b00000| Untracked 
| 120|0x0000000089c00000, 0x0000000089c00000, 0x0000000089d00000|  0%| F|  |TAMS 0x0000000089c00000, 0x0000000089c00000| Untracked 
| 121|0x0000000089d00000, 0x0000000089d00000, 0x0000000089e00000|  0%| F|  |TAMS 0x0000000089d00000, 0x0000000089d00000| Untracked 
| 122|0x0000000089e00000, 0x0000000089e00000, 0x0000000089f00000|  0%| F|  |TAMS 0x0000000089e00000, 0x0000000089e00000| Untracked 
| 123|0x0000000089f00000, 0x0000000089f00000, 0x000000008a000000|  0%| F|  |TAMS 0x0000000089f00000, 0x0000000089f00000| Untracked 
| 124|0x000000008a000000, 0x000000008a000000, 0x000000008a100000|  0%| F|  |TAMS 0x000000008a000000, 0x000000008a000000| Untracked 
| 125|0x000000008a100000, 0x000000008a100000, 0x000000008a200000|  0%| F|  |TAMS 0x000000008a100000, 0x000000008a100000| Untracked 
| 126|0x000000008a200000, 0x000000008a200000, 0x000000008a300000|  0%| F|  |TAMS 0x000000008a200000, 0x000000008a200000| Untracked 
| 127|0x000000008a300000, 0x000000008a300000, 0x000000008a400000|  0%| F|  |TAMS 0x000000008a300000, 0x000000008a300000| Untracked 
| 128|0x000000008a400000, 0x000000008a400000, 0x000000008a500000|  0%| F|  |TAMS 0x000000008a400000, 0x000000008a400000| Untracked 
| 129|0x000000008a500000, 0x000000008a500000, 0x000000008a600000|  0%| F|  |TAMS 0x000000008a500000, 0x000000008a500000| Untracked 
| 130|0x000000008a600000, 0x000000008a600000, 0x000000008a700000|  0%| F|  |TAMS 0x000000008a600000, 0x000000008a600000| Untracked 
| 131|0x000000008a700000, 0x000000008a700000, 0x000000008a800000|  0%| F|  |TAMS 0x000000008a700000, 0x000000008a700000| Untracked 
| 132|0x000000008a800000, 0x000000008a800000, 0x000000008a900000|  0%| F|  |TAMS 0x000000008a800000, 0x000000008a800000| Untracked 
| 133|0x000000008a900000, 0x000000008a900000, 0x000000008aa00000|  0%| F|  |TAMS 0x000000008a900000, 0x000000008a900000| Untracked 
| 134|0x000000008aa00000, 0x000000008aa00000, 0x000000008ab00000|  0%| F|  |TAMS 0x000000008aa00000, 0x000000008aa00000| Untracked 
| 135|0x000000008ab00000, 0x000000008ab00000, 0x000000008ac00000|  0%| F|  |TAMS 0x000000008ab00000, 0x000000008ab00000| Untracked 
| 136|0x000000008ac00000, 0x000000008ac00000, 0x000000008ad00000|  0%| F|  |TAMS 0x000000008ac00000, 0x000000008ac00000| Untracked 
| 137|0x000000008ad00000, 0x000000008ad00000, 0x000000008ae00000|  0%| F|  |TAMS 0x000000008ad00000, 0x000000008ad00000| Untracked 
| 138|0x000000008ae00000, 0x000000008ae00000, 0x000000008af00000|  0%| F|  |TAMS 0x000000008ae00000, 0x000000008ae00000| Untracked 
| 139|0x000000008af00000, 0x000000008af00000, 0x000000008b000000|  0%| F|  |TAMS 0x000000008af00000, 0x000000008af00000| Untracked 
| 140|0x000000008b000000, 0x000000008b000000, 0x000000008b100000|  0%| F|  |TAMS 0x000000008b000000, 0x000000008b000000| Untracked 
| 141|0x000000008b100000, 0x000000008b100000, 0x000000008b200000|  0%| F|  |TAMS 0x000000008b100000, 0x000000008b100000| Untracked 
| 142|0x000000008b200000, 0x000000008b200000, 0x000000008b300000|  0%| F|  |TAMS 0x000000008b200000, 0x000000008b200000| Untracked 
| 143|0x000000008b300000, 0x000000008b300000, 0x000000008b400000|  0%| F|  |TAMS 0x000000008b300000, 0x000000008b300000| Untracked 
| 144|0x000000008b400000, 0x000000008b400000, 0x000000008b500000|  0%| F|  |TAMS 0x000000008b400000, 0x000000008b400000| Untracked 
| 145|0x000000008b500000, 0x000000008b500000, 0x000000008b600000|  0%| F|  |TAMS 0x000000008b500000, 0x000000008b500000| Untracked 
| 146|0x000000008b600000, 0x000000008b600000, 0x000000008b700000|  0%| F|  |TAMS 0x000000008b600000, 0x000000008b600000| Untracked 
| 147|0x000000008b700000, 0x000000008b700000, 0x000000008b800000|  0%| F|  |TAMS 0x000000008b700000, 0x000000008b700000| Untracked 
| 148|0x000000008b800000, 0x000000008b800000, 0x000000008b900000|  0%| F|  |TAMS 0x000000008b800000, 0x000000008b800000| Untracked 
| 149|0x000000008b900000, 0x000000008b900000, 0x000000008ba00000|  0%| F|  |TAMS 0x000000008b900000, 0x000000008b900000| Untracked 
| 150|0x000000008ba00000, 0x000000008ba00000, 0x000000008bb00000|  0%| F|  |TAMS 0x000000008ba00000, 0x000000008ba00000| Untracked 
| 151|0x000000008bb00000, 0x000000008bb00000, 0x000000008bc00000|  0%| F|  |TAMS 0x000000008bb00000, 0x000000008bb00000| Untracked 
| 152|0x000000008bc00000, 0x000000008bc00000, 0x000000008bd00000|  0%| F|  |TAMS 0x000000008bc00000, 0x000000008bc00000| Untracked 
| 153|0x000000008bd00000, 0x000000008bd00000, 0x000000008be00000|  0%| F|  |TAMS 0x000000008bd00000, 0x000000008bd00000| Untracked 
| 154|0x000000008be00000, 0x000000008be00000, 0x000000008bf00000|  0%| F|  |TAMS 0x000000008be00000, 0x000000008be00000| Untracked 
| 155|0x000000008bf00000, 0x000000008bf00000, 0x000000008c000000|  0%| F|  |TAMS 0x000000008bf00000, 0x000000008bf00000| Untracked 
| 156|0x000000008c000000, 0x000000008c000000, 0x000000008c100000|  0%| F|  |TAMS 0x000000008c000000, 0x000000008c000000| Untracked 
| 157|0x000000008c100000, 0x000000008c100000, 0x000000008c200000|  0%| F|  |TAMS 0x000000008c100000, 0x000000008c100000| Untracked 
| 158|0x000000008c200000, 0x000000008c200000, 0x000000008c300000|  0%| F|  |TAMS 0x000000008c200000, 0x000000008c200000| Untracked 
| 159|0x000000008c300000, 0x000000008c300000, 0x000000008c400000|  0%| F|  |TAMS 0x000000008c300000, 0x000000008c300000| Untracked 
| 160|0x000000008c400000, 0x000000008c400000, 0x000000008c500000|  0%| F|  |TAMS 0x000000008c400000, 0x000000008c400000| Untracked 
| 161|0x000000008c500000, 0x000000008c500000, 0x000000008c600000|  0%| F|  |TAMS 0x000000008c500000, 0x000000008c500000| Untracked 
| 162|0x000000008c600000, 0x000000008c600000, 0x000000008c700000|  0%| F|  |TAMS 0x000000008c600000, 0x000000008c600000| Untracked 
| 163|0x000000008c700000, 0x000000008c700000, 0x000000008c800000|  0%| F|  |TAMS 0x000000008c700000, 0x000000008c700000| Untracked 
| 164|0x000000008c800000, 0x000000008c800000, 0x000000008c900000|  0%| F|  |TAMS 0x000000008c800000, 0x000000008c800000| Untracked 
| 165|0x000000008c900000, 0x000000008c900000, 0x000000008ca00000|  0%| F|  |TAMS 0x000000008c900000, 0x000000008c900000| Untracked 
| 166|0x000000008ca00000, 0x000000008ca00000, 0x000000008cb00000|  0%| F|  |TAMS 0x000000008ca00000, 0x000000008ca00000| Untracked 
| 167|0x000000008cb00000, 0x000000008cb00000, 0x000000008cc00000|  0%| F|  |TAMS 0x000000008cb00000, 0x000000008cb00000| Untracked 
| 168|0x000000008cc00000, 0x000000008cc00000, 0x000000008cd00000|  0%| F|  |TAMS 0x000000008cc00000, 0x000000008cc00000| Untracked 
| 169|0x000000008cd00000, 0x000000008cd00000, 0x000000008ce00000|  0%| F|  |TAMS 0x000000008cd00000, 0x000000008cd00000| Untracked 
| 170|0x000000008ce00000, 0x000000008ce00000, 0x000000008cf00000|  0%| F|  |TAMS 0x000000008ce00000, 0x000000008ce00000| Untracked 
| 171|0x000000008cf00000, 0x000000008cf00000, 0x000000008d000000|  0%| F|  |TAMS 0x000000008cf00000, 0x000000008cf00000| Untracked 
| 172|0x000000008d000000, 0x000000008d000000, 0x000000008d100000|  0%| F|  |TAMS 0x000000008d000000, 0x000000008d000000| Untracked 
| 173|0x000000008d100000, 0x000000008d100000, 0x000000008d200000|  0%| F|  |TAMS 0x000000008d100000, 0x000000008d100000| Untracked 
| 174|0x000000008d200000, 0x000000008d200000, 0x000000008d300000|  0%| F|  |TAMS 0x000000008d200000, 0x000000008d200000| Untracked 
| 175|0x000000008d300000, 0x000000008d300000, 0x000000008d400000|  0%| F|  |TAMS 0x000000008d300000, 0x000000008d300000| Untracked 
| 176|0x000000008d400000, 0x000000008d400000, 0x000000008d500000|  0%| F|  |TAMS 0x000000008d400000, 0x000000008d400000| Untracked 
| 177|0x000000008d500000, 0x000000008d500000, 0x000000008d600000|  0%| F|  |TAMS 0x000000008d500000, 0x000000008d500000| Untracked 
| 178|0x000000008d600000, 0x000000008d600000, 0x000000008d700000|  0%| F|  |TAMS 0x000000008d600000, 0x000000008d600000| Untracked 
| 179|0x000000008d700000, 0x000000008d700000, 0x000000008d800000|  0%| F|  |TAMS 0x000000008d700000, 0x000000008d700000| Untracked 
| 180|0x000000008d800000, 0x000000008d800000, 0x000000008d900000|  0%| F|  |TAMS 0x000000008d800000, 0x000000008d800000| Untracked 
| 181|0x000000008d900000, 0x000000008d900000, 0x000000008da00000|  0%| F|  |TAMS 0x000000008d900000, 0x000000008d900000| Untracked 
| 182|0x000000008da00000, 0x000000008da00000, 0x000000008db00000|  0%| F|  |TAMS 0x000000008da00000, 0x000000008da00000| Untracked 
| 183|0x000000008db00000, 0x000000008db00000, 0x000000008dc00000|  0%| F|  |TAMS 0x000000008db00000, 0x000000008db00000| Untracked 
| 184|0x000000008dc00000, 0x000000008dc00000, 0x000000008dd00000|  0%| F|  |TAMS 0x000000008dc00000, 0x000000008dc00000| Untracked 
| 185|0x000000008dd00000, 0x000000008dd00000, 0x000000008de00000|  0%| F|  |TAMS 0x000000008dd00000, 0x000000008dd00000| Untracked 
| 186|0x000000008de00000, 0x000000008de00000, 0x000000008df00000|  0%| F|  |TAMS 0x000000008de00000, 0x000000008de00000| Untracked 
| 187|0x000000008df00000, 0x000000008df00000, 0x000000008e000000|  0%| F|  |TAMS 0x000000008df00000, 0x000000008df00000| Untracked 
| 188|0x000000008e000000, 0x000000008e000000, 0x000000008e100000|  0%| F|  |TAMS 0x000000008e000000, 0x000000008e000000| Untracked 
| 189|0x000000008e100000, 0x000000008e100000, 0x000000008e200000|  0%| F|  |TAMS 0x000000008e100000, 0x000000008e100000| Untracked 
| 190|0x000000008e200000, 0x000000008e200000, 0x000000008e300000|  0%| F|  |TAMS 0x000000008e200000, 0x000000008e200000| Untracked 
| 191|0x000000008e300000, 0x000000008e300000, 0x000000008e400000|  0%| F|  |TAMS 0x000000008e300000, 0x000000008e300000| Untracked 
| 192|0x000000008e400000, 0x000000008e400000, 0x000000008e500000|  0%| F|  |TAMS 0x000000008e400000, 0x000000008e400000| Untracked 
| 193|0x000000008e500000, 0x000000008e500000, 0x000000008e600000|  0%| F|  |TAMS 0x000000008e500000, 0x000000008e500000| Untracked 
| 194|0x000000008e600000, 0x000000008e600000, 0x000000008e700000|  0%| F|  |TAMS 0x000000008e600000, 0x000000008e600000| Untracked 
| 195|0x000000008e700000, 0x000000008e700000, 0x000000008e800000|  0%| F|  |TAMS 0x000000008e700000, 0x000000008e700000| Untracked 
| 196|0x000000008e800000, 0x000000008e800000, 0x000000008e900000|  0%| F|  |TAMS 0x000000008e800000, 0x000000008e800000| Untracked 
| 197|0x000000008e900000, 0x000000008e900000, 0x000000008ea00000|  0%| F|  |TAMS 0x000000008e900000, 0x000000008e900000| Untracked 
| 198|0x000000008ea00000, 0x000000008ea00000, 0x000000008eb00000|  0%| F|  |TAMS 0x000000008ea00000, 0x000000008ea00000| Untracked 
| 199|0x000000008eb00000, 0x000000008eb00000, 0x000000008ec00000|  0%| F|  |TAMS 0x000000008eb00000, 0x000000008eb00000| Untracked 
| 200|0x000000008ec00000, 0x000000008ec00000, 0x000000008ed00000|  0%| F|  |TAMS 0x000000008ec00000, 0x000000008ec00000| Untracked 
| 201|0x000000008ed00000, 0x000000008ed00000, 0x000000008ee00000|  0%| F|  |TAMS 0x000000008ed00000, 0x000000008ed00000| Untracked 
| 202|0x000000008ee00000, 0x000000008ee00000, 0x000000008ef00000|  0%| F|  |TAMS 0x000000008ee00000, 0x000000008ee00000| Untracked 
| 203|0x000000008ef00000, 0x000000008ef00000, 0x000000008f000000|  0%| F|  |TAMS 0x000000008ef00000, 0x000000008ef00000| Untracked 
| 204|0x000000008f000000, 0x000000008f000000, 0x000000008f100000|  0%| F|  |TAMS 0x000000008f000000, 0x000000008f000000| Untracked 
| 205|0x000000008f100000, 0x000000008f100000, 0x000000008f200000|  0%| F|  |TAMS 0x000000008f100000, 0x000000008f100000| Untracked 
| 206|0x000000008f200000, 0x000000008f200000, 0x000000008f300000|  0%| F|  |TAMS 0x000000008f200000, 0x000000008f200000| Untracked 
| 207|0x000000008f300000, 0x000000008f300000, 0x000000008f400000|  0%| F|  |TAMS 0x000000008f300000, 0x000000008f300000| Untracked 
| 208|0x000000008f400000, 0x000000008f400000, 0x000000008f500000|  0%| F|  |TAMS 0x000000008f400000, 0x000000008f400000| Untracked 
| 209|0x000000008f500000, 0x000000008f500000, 0x000000008f600000|  0%| F|  |TAMS 0x000000008f500000, 0x000000008f500000| Untracked 
| 210|0x000000008f600000, 0x000000008f600000, 0x000000008f700000|  0%| F|  |TAMS 0x000000008f600000, 0x000000008f600000| Untracked 
| 211|0x000000008f700000, 0x000000008f700000, 0x000000008f800000|  0%| F|  |TAMS 0x000000008f700000, 0x000000008f700000| Untracked 
| 212|0x000000008f800000, 0x000000008f800000, 0x000000008f900000|  0%| F|  |TAMS 0x000000008f800000, 0x000000008f800000| Untracked 
| 213|0x000000008f900000, 0x000000008f900000, 0x000000008fa00000|  0%| F|  |TAMS 0x000000008f900000, 0x000000008f900000| Untracked 
| 214|0x000000008fa00000, 0x000000008fa00000, 0x000000008fb00000|  0%| F|  |TAMS 0x000000008fa00000, 0x000000008fa00000| Untracked 
| 215|0x000000008fb00000, 0x000000008fb00000, 0x000000008fc00000|  0%| F|  |TAMS 0x000000008fb00000, 0x000000008fb00000| Untracked 
| 216|0x000000008fc00000, 0x000000008fc00000, 0x000000008fd00000|  0%| F|  |TAMS 0x000000008fc00000, 0x000000008fc00000| Untracked 
| 217|0x000000008fd00000, 0x000000008fd00000, 0x000000008fe00000|  0%| F|  |TAMS 0x000000008fd00000, 0x000000008fd00000| Untracked 
| 218|0x000000008fe00000, 0x000000008fe00000, 0x000000008ff00000|  0%| F|  |TAMS 0x000000008fe00000, 0x000000008fe00000| Untracked 
| 219|0x000000008ff00000, 0x000000008ff00000, 0x0000000090000000|  0%| F|  |TAMS 0x000000008ff00000, 0x000000008ff00000| Untracked 
| 220|0x0000000090000000, 0x0000000090000000, 0x0000000090100000|  0%| F|  |TAMS 0x0000000090000000, 0x0000000090000000| Untracked 
| 221|0x0000000090100000, 0x0000000090100000, 0x0000000090200000|  0%| F|  |TAMS 0x0000000090100000, 0x0000000090100000| Untracked 
| 222|0x0000000090200000, 0x0000000090203060, 0x0000000090300000|  1%| S|CS|TAMS 0x0000000090200000, 0x0000000090200000| Complete 
| 223|0x0000000090300000, 0x0000000090300000, 0x0000000090400000|  0%| F|  |TAMS 0x0000000090300000, 0x0000000090300000| Untracked 

Card table byte_map: [0x000001ee739f0000,0x000001ee73de0000] _byte_map_base: 0x000001ee735de000

Marking Bits (Prev, Next): (CMBitMap*) 0x000001ee6b83f890, (CMBitMap*) 0x000001ee6b83f8d0
 Prev Bits: [0x000001ee741d0000, 0x000001ee76140000)
 Next Bits: [0x000001ee76140000, 0x000001ee780b0000)

Polling page: 0x000001ee69770000

Metaspace:

Usage:
  Non-class:     10.16 MB used.
      Class:      1.05 MB used.
       Both:     11.20 MB used.

Virtual space:
  Non-class space:       16.00 MB reserved,      10.25 MB ( 64%) committed,  2 nodes.
      Class space:        1.00 GB reserved,       1.12 MB ( <1%) committed,  1 nodes.
             Both:        1.02 GB reserved,      11.38 MB (  1%) committed. 

Chunk freelists:
   Non-Class:  926.00 KB
       Class:  2.70 MB
        Both:  3.60 MB

MaxMetaspaceSize: unlimited
CompressedClassSpaceSize: 1.00 GB
Initial GC threshold: 21.00 MB
Current GC threshold: 21.00 MB
CDS: on
MetaspaceReclaimPolicy: balanced
 - commit_granule_bytes: 65536.
 - commit_granule_words: 8192.
 - virtual_space_node_default_size: 1048576.
 - enlarge_chunks_in_place: 1.
 - new_chunks_are_fully_committed: 0.
 - uncommit_free_chunks: 1.
 - use_allocation_guard: 0.
 - handle_deallocations: 1.


Internal statistics:

num_allocs_failed_limit: 0.
num_arena_births: 156.
num_arena_deaths: 6.
num_vsnodes_births: 3.
num_vsnodes_deaths: 0.
num_space_committed: 182.
num_space_uncommitted: 0.
num_chunks_returned_to_freelist: 10.
num_chunks_taken_from_freelist: 356.
num_chunk_merges: 1.
num_chunk_splits: 228.
num_chunks_enlarged: 157.
num_purges: 6.
num_inconsistent_stats: 0.

CodeHeap 'non-profiled nmethods': size=120000Kb used=2617Kb max_used=2617Kb free=117382Kb
 bounds [0x000001ee07ad0000, 0x000001ee07d60000, 0x000001ee0f000000]
CodeHeap 'profiled nmethods': size=120000Kb used=5151Kb max_used=5151Kb free=114849Kb
 bounds [0x000001ee005a0000, 0x000001ee00ab0000, 0x000001ee07ad0000]
CodeHeap 'non-nmethods': size=5760Kb used=1411Kb max_used=1490Kb free=4348Kb
 bounds [0x000001ee00000000, 0x000001ee00270000, 0x000001ee005a0000]
 total_blobs=3311 nmethods=2626 adapters=597
 compilation: enabled
              stopped_count=0, restarted_count=0
 full_count=0

Compilation events (20 events):
Event: 1398.088 Thread 0x000001ee7aada6d0 2621       3       java.awt.image.ColorModel::getRGBdefault (31 bytes)
Event: 1398.090 Thread 0x000001ee7aada6d0 nmethod 2621 0x000001ee00aa4c90 code [0x000001ee00aa4e40, 0x000001ee00aa50a8]
Event: 1398.110 Thread 0x000001ee7aada6d0 2622       3       java.awt.image.DirectColorModel::createCompatibleWritableRaster (114 bytes)
Event: 1398.110 Thread 0x000001ee7aada6d0 nmethod 2622 0x000001ee00aa5190 code [0x000001ee00aa53a0, 0x000001ee00aa5a28]
Event: 1398.110 Thread 0x000001ee7aada6d0 2623       3       java.awt.image.Raster::createPackedRaster (103 bytes)
Event: 1398.111 Thread 0x000001ee7aada6d0 nmethod 2623 0x000001ee00aa5c90 code [0x000001ee00aa5f00, 0x000001ee00aa6c58]
Event: 1398.111 Thread 0x000001ee7aada6d0 2624       3       sun.awt.image.IntegerInterleavedRaster::getDataOffset (7 bytes)
Event: 1398.111 Thread 0x000001ee7aada6d0 nmethod 2624 0x000001ee00aa7010 code [0x000001ee00aa71a0, 0x000001ee00aa72d8]
Event: 1398.111 Thread 0x000001ee7aada6d0 2625       3       sun.awt.image.SurfaceManager::setManager (9 bytes)
Event: 1398.111 Thread 0x000001ee7aada6d0 nmethod 2625 0x000001ee00aa7390 code [0x000001ee00aa7540, 0x000001ee00aa76f8]
Event: 1398.111 Thread 0x000001ee7aada6d0 2626       3       java.awt.Image$1::setSurfaceManager (6 bytes)
Event: 1398.112 Thread 0x000001ee7aada6d0 nmethod 2626 0x000001ee00aa7810 code [0x000001ee00aa79a0, 0x000001ee00aa7af8]
Event: 1398.112 Thread 0x000001ee7aada6d0 2627       1       java.net.URI::getScheme (5 bytes)
Event: 1398.112 Thread 0x000001ee7aada6d0 nmethod 2627 0x000001ee07d5d310 code [0x000001ee07d5d4a0, 0x000001ee07d5d578]
Event: 1398.113 Thread 0x000001ee7aad7910 2628       4       java.lang.String::lastIndexOf (12 bytes)
Event: 1398.118 Thread 0x000001ee7aad7910 nmethod 2628 0x000001ee07d5d610 code [0x000001ee07d5d7a0, 0x000001ee07d5dba8]
Event: 1398.118 Thread 0x000001ee7aad7910 2629       4       java.io.RandomAccessFile::readFully (45 bytes)
Event: 1398.119 Thread 0x000001ee7aad7910 nmethod 2629 0x000001ee07d5de10 code [0x000001ee07d5dfa0, 0x000001ee07d5e088]
Event: 1398.132 Thread 0x000001ee7aada6d0 2630       1       java.awt.Font::hasLayoutAttributes (5 bytes)
Event: 1398.132 Thread 0x000001ee7aada6d0 nmethod 2630 0x000001ee07d5e190 code [0x000001ee07d5e320, 0x000001ee07d5e3f8]

GC Heap History (20 events):
Event: 1394.460 GC heap after
{Heap after GC invocations=2949 (full 26):
 garbage-first heap   total 229376K, used 67525K [0x0000000082400000, 0x0000000100000000)
  region size 1024K, 0 young (0K), 0 survivors (0K)
 Metaspace       used 11424K, committed 11648K, reserved 1064960K
  class space    used 1067K, committed 1152K, reserved 1048576K
}
Event: 1395.526 GC heap before
{Heap before GC invocations=2949 (full 26):
 garbage-first heap   total 229376K, used 70597K [0x0000000082400000, 0x0000000100000000)
  region size 1024K, 2 young (2048K), 0 survivors (0K)
 Metaspace       used 11424K, committed 11648K, reserved 1064960K
  class space    used 1067K, committed 1152K, reserved 1048576K
}
Event: 1395.534 GC heap after
{Heap after GC invocations=2950 (full 27):
 garbage-first heap   total 229376K, used 67537K [0x0000000082400000, 0x0000000100000000)
  region size 1024K, 0 young (0K), 0 survivors (0K)
 Metaspace       used 11424K, committed 11648K, reserved 1064960K
  class space    used 1067K, committed 1152K, reserved 1048576K
}
Event: 1397.023 GC heap before
{Heap before GC invocations=2950 (full 27):
 garbage-first heap   total 229376K, used 108497K [0x0000000082400000, 0x0000000100000000)
  region size 1024K, 9 young (9216K), 0 survivors (0K)
 Metaspace       used 11449K, committed 11648K, reserved 1064960K
  class space    used 1072K, committed 1152K, reserved 1048576K
}
Event: 1397.025 GC heap after
{Heap after GC invocations=2951 (full 27):
 garbage-first heap   total 229376K, used 100407K [0x0000000082400000, 0x0000000100000000)
  region size 1024K, 1 young (1024K), 1 survivors (1024K)
 Metaspace       used 11449K, committed 11648K, reserved 1064960K
  class space    used 1072K, committed 1152K, reserved 1048576K
}
Event: 1397.032 GC heap before
{Heap before GC invocations=2951 (full 27):
 garbage-first heap   total 229376K, used 102455K [0x0000000082400000, 0x0000000100000000)
  region size 1024K, 3 young (3072K), 1 survivors (1024K)
 Metaspace       used 11449K, committed 11648K, reserved 1064960K
  class space    used 1072K, committed 1152K, reserved 1048576K
}
Event: 1397.033 GC heap after
{Heap after GC invocations=2952 (full 27):
 garbage-first heap   total 229376K, used 85010K [0x0000000082400000, 0x0000000100000000)
  region size 1024K, 1 young (1024K), 1 survivors (1024K)
 Metaspace       used 11449K, committed 11648K, reserved 1064960K
  class space    used 1072K, committed 1152K, reserved 1048576K
}
Event: 1397.064 GC heap before
{Heap before GC invocations=2952 (full 27):
 garbage-first heap   total 229376K, used 93202K [0x0000000082400000, 0x0000000100000000)
  region size 1024K, 3 young (3072K), 1 survivors (1024K)
 Metaspace       used 11465K, committed 11648K, reserved 1064960K
  class space    used 1072K, committed 1152K, reserved 1048576K
}
Event: 1397.073 GC heap after
{Heap after GC invocations=2953 (full 28):
 garbage-first heap   total 229376K, used 76878K [0x0000000082400000, 0x0000000100000000)
  region size 1024K, 0 young (0K), 0 survivors (0K)
 Metaspace       used 11465K, committed 11648K, reserved 1064960K
  class space    used 1072K, committed 1152K, reserved 1048576K
}
Event: 1398.080 GC heap before
{Heap before GC invocations=2953 (full 28):
 garbage-first heap   total 229376K, used 102478K [0x0000000082400000, 0x0000000100000000)
  region size 1024K, 9 young (9216K), 0 survivors (0K)
 Metaspace       used 11467K, committed 11648K, reserved 1064960K
  class space    used 1072K, committed 1152K, reserved 1048576K
}
Event: 1398.081 GC heap after
{Heap after GC invocations=2954 (full 28):
 garbage-first heap   total 229376K, used 93274K [0x0000000082400000, 0x0000000100000000)
  region size 1024K, 1 young (1024K), 1 survivors (1024K)
 Metaspace       used 11467K, committed 11648K, reserved 1064960K
  class space    used 1072K, committed 1152K, reserved 1048576K
}
Event: 1398.088 GC heap before
{Heap before GC invocations=2954 (full 28):
 garbage-first heap   total 229376K, used 101466K [0x0000000082400000, 0x0000000100000000)
  region size 1024K, 2 young (2048K), 1 survivors (1024K)
 Metaspace       used 11468K, committed 11648K, reserved 1064960K
  class space    used 1072K, committed 1152K, reserved 1048576K
}
Event: 1398.089 GC heap after
{Heap after GC invocations=2955 (full 28):
 garbage-first heap   total 229376K, used 101468K [0x0000000082400000, 0x0000000100000000)
  region size 1024K, 1 young (1024K), 1 survivors (1024K)
 Metaspace       used 11468K, committed 11648K, reserved 1064960K
  class space    used 1072K, committed 1152K, reserved 1048576K
}
Event: 1398.101 GC heap before
{Heap before GC invocations=2956 (full 28):
 garbage-first heap   total 229376K, used 108636K [0x0000000082400000, 0x0000000100000000)
  region size 1024K, 2 young (2048K), 1 survivors (1024K)
 Metaspace       used 11468K, committed 11648K, reserved 1064960K
  class space    used 1072K, committed 1152K, reserved 1048576K
}
Event: 1398.102 GC heap after
{Heap after GC invocations=2957 (full 28):
 garbage-first heap   total 229376K, used 92287K [0x0000000082400000, 0x0000000100000000)
  region size 1024K, 1 young (1024K), 1 survivors (1024K)
 Metaspace       used 11468K, committed 11648K, reserved 1064960K
  class space    used 1072K, committed 1152K, reserved 1048576K
}
Event: 1398.134 GC heap before
{Heap before GC invocations=2957 (full 28):
 garbage-first heap   total 229376K, used 101503K [0x0000000082400000, 0x0000000100000000)
  region size 1024K, 4 young (4096K), 1 survivors (1024K)
 Metaspace       used 11471K, committed 11648K, reserved 1064960K
  class space    used 1072K, committed 1152K, reserved 1048576K
}
Event: 1398.136 GC heap after
{Heap after GC invocations=2958 (full 28):
 garbage-first heap   total 229376K, used 99546K [0x0000000082400000, 0x0000000100000000)
  region size 1024K, 1 young (1024K), 1 survivors (1024K)
 Metaspace       used 11471K, committed 11648K, reserved 1064960K
  class space    used 1072K, committed 1152K, reserved 1048576K
}
Event: 1398.142 GC heap before
{Heap before GC invocations=2958 (full 28):
 garbage-first heap   total 229376K, used 100570K [0x0000000082400000, 0x0000000100000000)
  region size 1024K, 2 young (2048K), 1 survivors (1024K)
 Metaspace       used 11471K, committed 11648K, reserved 1064960K
  class space    used 1072K, committed 1152K, reserved 1048576K
}
Event: 1398.156 GC heap after
{Heap after GC invocations=2959 (full 29):
 garbage-first heap   total 229376K, used 85200K [0x0000000082400000, 0x0000000100000000)
  region size 1024K, 0 young (0K), 0 survivors (0K)
 Metaspace       used 11471K, committed 11648K, reserved 1064960K
  class space    used 1072K, committed 1152K, reserved 1048576K
}
Event: 1398.869 GC heap before
{Heap before GC invocations=2959 (full 29):
 garbage-first heap   total 229376K, used 99536K [0x0000000082400000, 0x0000000100000000)
  region size 1024K, 1 young (1024K), 0 survivors (0K)
 Metaspace       used 11471K, committed 11648K, reserved 1064960K
  class space    used 1072K, committed 1152K, reserved 1048576K
}

Deoptimization events (20 events):
Event: 1396.930 Thread 0x000001ee7c0498a0 DEOPT PACKING pc=0x000001ee07c3bf00 sp=0x00000064374fdf20
Event: 1396.930 Thread 0x000001ee7c0498a0 DEOPT UNPACKING pc=0x000001ee00052b43 sp=0x00000064374fd288 mode 1
Event: 1396.930 Thread 0x000001ee7c0498a0 DEOPT PACKING pc=0x000001ee00991b74 sp=0x00000064374fdf80
Event: 1396.930 Thread 0x000001ee7c0498a0 DEOPT UNPACKING pc=0x000001ee00052b43 sp=0x00000064374fd4b0 mode 1
Event: 1396.930 Thread 0x000001ee7c0498a0 DEOPT PACKING pc=0x000001ee00a1e56c sp=0x00000064374fe070
Event: 1396.930 Thread 0x000001ee7c0498a0 DEOPT UNPACKING pc=0x000001ee00052b43 sp=0x00000064374fd590 mode 1
Event: 1396.930 Thread 0x000001ee7c0498a0 DEOPT PACKING pc=0x000001ee00990b4c sp=0x00000064374fe150
Event: 1396.930 Thread 0x000001ee7c0498a0 DEOPT UNPACKING pc=0x000001ee00052b43 sp=0x00000064374fd5f0 mode 1
Event: 1396.930 Thread 0x000001ee7c0498a0 DEOPT PACKING pc=0x000001ee0063c08c sp=0x00000064374fe190
Event: 1396.930 Thread 0x000001ee7c0498a0 DEOPT UNPACKING pc=0x000001ee00052b43 sp=0x00000064374fd5f0 mode 1
Event: 1396.930 Thread 0x000001ee7c0498a0 DEOPT PACKING pc=0x000001ee00a14e44 sp=0x00000064374fe220
Event: 1396.930 Thread 0x000001ee7c0498a0 DEOPT UNPACKING pc=0x000001ee00052b43 sp=0x00000064374fd710 mode 1
Event: 1396.932 Thread 0x000001ee7c0bc470 DEOPT PACKING pc=0x000001ee006c5aec sp=0x00000064375fac00
Event: 1396.932 Thread 0x000001ee7c0bc470 DEOPT UNPACKING pc=0x000001ee00052b43 sp=0x00000064375fa0b0 mode 1
Event: 1396.934 Thread 0x000001ee7c0bc470 DEOPT PACKING pc=0x000001ee006c5aec sp=0x00000064375fac00
Event: 1396.934 Thread 0x000001ee7c0bc470 DEOPT UNPACKING pc=0x000001ee00052b43 sp=0x00000064375fa0b0 mode 1
Event: 1396.935 Thread 0x000001ee7c0bc470 DEOPT PACKING pc=0x000001ee006c5aec sp=0x00000064375fac00
Event: 1396.935 Thread 0x000001ee7c0bc470 DEOPT UNPACKING pc=0x000001ee00052b43 sp=0x00000064375fa0b0 mode 1
Event: 1396.937 Thread 0x000001ee7c0bc470 DEOPT PACKING pc=0x000001ee006c5aec sp=0x00000064375fac00
Event: 1396.937 Thread 0x000001ee7c0bc470 DEOPT UNPACKING pc=0x000001ee00052b43 sp=0x00000064375fa0b0 mode 1

Classes unloaded (15 events):
Event: 76.718 Thread 0x000001ee7aab5910 Unloading class 0x0000000800d44cc8 'Quiz'
Event: 76.718 Thread 0x000001ee7aab5910 Unloading class 0x0000000800d449a0 'Signal'
Event: 76.718 Thread 0x000001ee7aab5910 Unloading class 0x0000000800d44680 'Car'
Event: 76.718 Thread 0x000001ee7aab5910 Unloading class 0x0000000800d44360 'Road'
Event: 76.718 Thread 0x000001ee7aab5910 Unloading class 0x0000000800d44000 'MyWorld'
Event: 324.951 Thread 0x000001ee7aab5910 Unloading class 0x0000000800d45cc8 'Quiz'
Event: 324.951 Thread 0x000001ee7aab5910 Unloading class 0x0000000800d459a0 'Signal'
Event: 324.951 Thread 0x000001ee7aab5910 Unloading class 0x0000000800d45680 'Car'
Event: 324.951 Thread 0x000001ee7aab5910 Unloading class 0x0000000800d45360 'Road'
Event: 324.951 Thread 0x000001ee7aab5910 Unloading class 0x0000000800d45000 'MyWorld'
Event: 377.045 Thread 0x000001ee7aab5910 Unloading class 0x0000000800d46cc8 'Quiz'
Event: 377.045 Thread 0x000001ee7aab5910 Unloading class 0x0000000800d469a0 'Signal'
Event: 377.045 Thread 0x000001ee7aab5910 Unloading class 0x0000000800d46680 'Car'
Event: 377.045 Thread 0x000001ee7aab5910 Unloading class 0x0000000800d46360 'Road'
Event: 377.045 Thread 0x000001ee7aab5910 Unloading class 0x0000000800d46000 'MyWorld'

Classes redefined (0 events):
No events

Internal exceptions (19 events):
Event: 0.598 Thread 0x000001ee6b7e4ab0 Exception <a 'java/lang/ClassNotFoundException'{0x0000000089f63f38}: sun/awt/resources/spi/awtProvider> (0x0000000089f63f38) 
thrown [s\src\hotspot\share\classfile\systemDictionary.cpp, line 256]
Event: 0.661 Thread 0x000001ee6b7e4ab0 Exception <a 'java/io/FileNotFoundException'{0x0000000089fbeeb0}> (0x0000000089fbeeb0) 
thrown [s\src\hotspot\share\prims\jni.cpp, line 516]
Event: 0.669 Thread 0x000001ee6b7e4ab0 Exception <a 'java/io/FileNotFoundException'{0x0000000089fec9c8}> (0x0000000089fec9c8) 
thrown [s\src\hotspot\share\prims\jni.cpp, line 516]
Event: 0.811 Thread 0x000001ee6b7e4ab0 Exception <a 'java/lang/NoSuchMethodError'{0x0000000089eaea78}: 'java.lang.Object java.lang.invoke.DirectMethodHandle$Holder.invokeStaticInit(java.lang.Object)'> (0x0000000089eaea78) 
thrown [s\src\hotspot\share\interpreter\linkResolver.cpp, line 759]
Event: 1.208 Thread 0x000001ee7bbc1760 Exception <a 'java/lang/NoSuchMethodError'{0x0000000089de4120}: 'void java.lang.invoke.DirectMethodHandle$Holder.invokeStatic(java.lang.Object, java.lang.Object)'> (0x0000000089de4120) 
thrown [s\src\hotspot\share\interpreter\linkResolver.cpp, line 759]
Event: 1.312 Thread 0x000001ee7bd8f870 Exception <a 'java/lang/ClassNotFoundException'{0x000000008a1afe00}: sun/net/www/protocol/c/Handler> (0x000000008a1afe00) 
thrown [s\src\hotspot\share\classfile\systemDictionary.cpp, line 256]
Event: 1.379 Thread 0x000001ee7bd8f870 Exception <a 'java/lang/NoSuchMethodError'{0x000000008a014c48}: 'java.lang.Object java.lang.invoke.DirectMethodHandle$Holder.invokeStaticInit(java.lang.Object, int, int, int, int)'> (0x000000008a014c48) 
thrown [s\src\hotspot\share\interpreter\linkResolver.cpp, line 759]
Event: 1.603 Thread 0x000001ee7bd8f870 Exception <a 'java/lang/NoSuchMethodError'{0x000000008a0530b8}: 'java.lang.Object java.lang.invoke.DirectMethodHandle$Holder.invokeStaticInit(java.lang.Object, java.lang.Object, int, int, int, int)'> (0x000000008a0530b8) 
thrown [s\src\hotspot\share\interpreter\linkResolver.cpp, line 759]
Event: 1.721 Thread 0x000001ee7c02e9a0 Exception <a 'java/lang/NoSuchMethodError'{0x0000000089f1e0b0}: 'void java.lang.invoke.DirectMethodHandle$Holder.invokeSpecial(java.lang.Object, java.lang.Object, java.lang.Object)'> (0x0000000089f1e0b0) 
thrown [s\src\hotspot\share\interpreter\linkResolver.cpp, line 759]
Event: 1.724 Thread 0x000001ee7c02e9a0 Exception <a 'java/lang/NoSuchMethodError'{0x0000000089f29a20}: 'void java.lang.invoke.DirectMethodHandle$Holder.invokeStatic(java.lang.Object, java.lang.Object, java.lang.Object)'> (0x0000000089f29a20) 
thrown [s\src\hotspot\share\interpreter\linkResolver.cpp, line 759]
Event: 1.766 Thread 0x000001ee7c0498a0 Exception <a 'java/lang/NoSuchMethodError'{0x0000000089e078f0}: 'java.lang.Object java.lang.invoke.DirectMethodHandle$Holder.invokeStatic(java.lang.Object, int, java.lang.Object)'> (0x0000000089e078f0) 
thrown [s\src\hotspot\share\interpreter\linkResolver.cpp, line 759]
Event: 1.772 Thread 0x000001ee7c0498a0 Exception <a 'java/lang/ClassNotFoundException'{0x0000000089e19fc8}: sun/util/logging/resources/spi/loggingProvider> (0x0000000089e19fc8) 
thrown [s\src\hotspot\share\classfile\systemDictionary.cpp, line 256]
Event: 2.222 Thread 0x000001ee7c0498a0 Exception <a 'java/lang/NoSuchMethodError'{0x0000000089e93400}: 'int java.lang.invoke.DirectMethodHandle$Holder.invokeStaticInit(java.lang.Object, java.lang.Object, java.lang.Object)'> (0x0000000089e93400) 
thrown [s\src\hotspot\share\interpreter\linkResolver.cpp, line 759]
Event: 2.247 Thread 0x000001ee7c0498a0 Exception <a 'java/lang/NoSuchMethodError'{0x0000000089d3a7d8}: 'java.lang.Object java.lang.invoke.DirectMethodHandle$Holder.newInvokeSpecial(java.lang.Object, java.lang.Object, int, java.lang.Object)'> (0x0000000089d3a7d8) 
thrown [s\src\hotspot\share\interpreter\linkResolver.cpp, line 759]
Event: 2.247 Thread 0x000001ee7c0498a0 Exception <a 'java/lang/NoSuchMethodError'{0x0000000089d3e910}: 'java.lang.Object java.lang.invoke.DirectMethodHandle$Holder.invokeSpecial(java.lang.Object, java.lang.Object, java.lang.Object, int, java.lang.Object)'> (0x0000000089d3e910) 
thrown [s\src\hotspot\share\interpreter\linkResolver.cpp, line 759]
Event: 2.311 Thread 0x000001ee7c9bbac0 Exception <a 'java/lang/NoSuchMethodError'{0x000000008a14eb20}: 'void java.lang.invoke.DirectMethodHandle$Holder.invokeStaticInit(java.lang.Object)'> (0x000000008a14eb20) 
thrown [s\src\hotspot\share\interpreter\linkResolver.cpp, line 759]
Event: 2.324 Thread 0x000001ee7c02e9a0 Exception <a 'java/lang/NoSuchMethodError'{0x000000008a1bf6a0}: 'java.lang.Object java.lang.invoke.Invokers$Holder.invoke_MT(java.lang.Object, java.lang.Object, java.lang.Object)'> (0x000000008a1bf6a0) 
thrown [s\src\hotspot\share\interpreter\linkResolver.cpp, line 759]
Event: 6.386 Thread 0x000001ee7bd8fd40 Exception <a 'java/lang/NoSuchMethodError'{0x0000000083b6f410}: 'void java.lang.invoke.DirectMethodHandle$Holder.invokeInterface(java.lang.Object, java.lang.Object)'> (0x0000000083b6f410) 
thrown [s\src\hotspot\share\interpreter\linkResolver.cpp, line 759]
Event: 1363.465 Thread 0x000001ee7c0bc470 Exception <a 'java/lang/InterruptedException'{0x000000008d112028}: sleep interrupted> (0x000000008d112028) 
thrown [s\src\hotspot\share\prims\jvm.cpp, line 3070]

VM Operations (20 events):
Event: 1397.074 Executing VM operation: Cleanup done
Event: 1398.080 Executing VM operation: G1TryInitiateConcMark
Event: 1398.081 Executing VM operation: G1TryInitiateConcMark done
Event: 1398.088 Executing VM operation: G1TryInitiateConcMark
Event: 1398.089 Executing VM operation: G1TryInitiateConcMark done
Event: 1398.094 Executing VM operation: G1Concurrent
Event: 1398.097 Executing VM operation: G1Concurrent done
Event: 1398.099 Executing VM operation: G1Concurrent
Event: 1398.100 Executing VM operation: G1Concurrent done
Event: 1398.101 Executing VM operation: G1TryInitiateConcMark
Event: 1398.103 Executing VM operation: G1TryInitiateConcMark done
Event: 1398.123 Executing VM operation: get/set locals
Event: 1398.123 Executing VM operation: get/set locals done
Event: 1398.127 Executing VM operation: get/set locals
Event: 1398.128 Executing VM operation: get/set locals done
Event: 1398.134 Executing VM operation: G1TryInitiateConcMark
Event: 1398.136 Executing VM operation: G1TryInitiateConcMark done
Event: 1398.141 Executing VM operation: G1CollectFull
Event: 1398.156 Executing VM operation: G1CollectFull done
Event: 1398.869 Executing VM operation: G1TryInitiateConcMark

Events (20 events):
Event: 6.907 loading class sun/java2d/marlin/ArrayCacheConst done
Event: 6.908 loading class java/awt/geom/Line2D
Event: 6.908 loading class java/awt/geom/Line2D done
Event: 6.911 loading class sun/java2d/marlin/MergeSort
Event: 6.911 loading class sun/java2d/marlin/MergeSort done
Event: 8.406 Thread 0x000001ee7bd8fc80 Thread exited: 0x000001ee7bd8fc80
Event: 8.829 Thread 0x000001ee7c2896c0 Thread added: 0x000001ee7c2896c0
Event: 8.992 Thread 0x000001ee7bd8fc80 Thread added: 0x000001ee7bd8fc80
Event: 9.113 loading class java/lang/NoSuchFieldError
Event: 9.114 loading class java/lang/NoSuchFieldError done
Event: 9.728 Thread 0x000001ee7bd8fc80 Thread exited: 0x000001ee7bd8fc80
Event: 9.729 Thread 0x000001ee7c2896c0 Thread exited: 0x000001ee7c2896c0
Event: 10.838 Thread 0x000001ee7ccdc540 Thread added: 0x000001ee7ccdc540
Event: 11.015 Thread 0x000001ee7ccdc540 Thread exited: 0x000001ee7ccdc540
Event: 60.660 Thread 0x000001ee7d6e8920 Thread added: 0x000001ee7d6e8920
Event: 60.857 Thread 0x000001ee7d6e8920 Thread exited: 0x000001ee7d6e8920
Event: 83.170 Thread 0x000001ee7ce49440 Thread added: 0x000001ee7ce49440
Event: 84.171 Thread 0x000001ee7ce49440 Thread exited: 0x000001ee7ce49440
Event: 850.712 loading class sun/java2d/loops/FontInfo
Event: 850.712 loading class sun/java2d/loops/FontInfo done


Dynamic libraries:
0x00007ff799a60000 - 0x00007ff799a6e000 	C:\Program Files\Greenfoot\jdk\bin\java.exe
0x00007ff84b510000 - 0x00007ff84b726000 	C:\WINDOWS\SYSTEM32\ntdll.dll
0x00007ff849970000 - 0x00007ff849a34000 	C:\WINDOWS\System32\KERNEL32.DLL
0x00007ff848c50000 - 0x00007ff848ff7000 	C:\WINDOWS\System32\KERNELBASE.dll
0x00007ff848b30000 - 0x00007ff848c41000 	C:\WINDOWS\System32\ucrtbase.dll
0x00007ff835fb0000 - 0x00007ff835fc8000 	C:\Program Files\Greenfoot\jdk\bin\jli.dll
0x00007ff841ba0000 - 0x00007ff841bb9000 	C:\Program Files\Greenfoot\jdk\bin\VCRUNTIME140.dll
0x00007ff84ada0000 - 0x00007ff84af4e000 	C:\WINDOWS\System32\USER32.dll
0x00007ff83d230000 - 0x00007ff83d4c3000 	C:\WINDOWS\WinSxS\amd64_microsoft.windows.common-controls_6595b64144ccf1df_6.0.22621.3235_none_270f74e173860f98\COMCTL32.dll
0x00007ff848830000 - 0x00007ff848856000 	C:\WINDOWS\System32\win32u.dll
0x00007ff84b250000 - 0x00007ff84b2f7000 	C:\WINDOWS\System32\msvcrt.dll
0x00007ff849940000 - 0x00007ff849969000 	C:\WINDOWS\System32\GDI32.dll
0x00007ff849000000 - 0x00007ff849119000 	C:\WINDOWS\System32\gdi32full.dll
0x00007ff8491a0000 - 0x00007ff84923a000 	C:\WINDOWS\System32\msvcp_win.dll
0x00007ff84af50000 - 0x00007ff84af81000 	C:\WINDOWS\System32\IMM32.DLL
0x00007ff8430e0000 - 0x00007ff8430ec000 	C:\Program Files\Greenfoot\jdk\bin\vcruntime140_1.dll
0x00007ff8257e0000 - 0x00007ff825871000 	C:\Program Files\Greenfoot\jdk\bin\msvcp140.dll
0x00007ff805730000 - 0x00007ff806376000 	C:\Program Files\Greenfoot\jdk\bin\server\jvm.dll
0x00007ff84b410000 - 0x00007ff84b4c2000 	C:\WINDOWS\System32\ADVAPI32.dll
0x00007ff84a5e0000 - 0x00007ff84a688000 	C:\WINDOWS\System32\sechost.dll
0x00007ff8488d0000 - 0x00007ff8488f8000 	C:\WINDOWS\System32\bcrypt.dll
0x00007ff84a4c0000 - 0x00007ff84a5d5000 	C:\WINDOWS\System32\RPCRT4.dll
0x00007ff84ab40000 - 0x00007ff84ab48000 	C:\WINDOWS\System32\PSAPI.DLL
0x00007ff841b90000 - 0x00007ff841b99000 	C:\WINDOWS\SYSTEM32\WSOCK32.dll
0x00007ff842b40000 - 0x00007ff842b74000 	C:\WINDOWS\SYSTEM32\WINMM.dll
0x00007ff841d60000 - 0x00007ff841d6a000 	C:\WINDOWS\SYSTEM32\VERSION.dll
0x00007ff84b390000 - 0x00007ff84b401000 	C:\WINDOWS\System32\WS2_32.dll
0x00007ff847870000 - 0x00007ff847888000 	C:\WINDOWS\SYSTEM32\kernel.appcore.dll
0x00007ff83a6d0000 - 0x00007ff83a6da000 	C:\Program Files\Greenfoot\jdk\bin\jimage.dll
0x00007ff846310000 - 0x00007ff846543000 	C:\WINDOWS\SYSTEM32\DBGHELP.DLL
0x00007ff84a740000 - 0x00007ff84aac8000 	C:\WINDOWS\System32\combase.dll
0x00007ff84ac60000 - 0x00007ff84ad37000 	C:\WINDOWS\System32\OLEAUT32.dll
0x00007ff841e60000 - 0x00007ff841e92000 	C:\WINDOWS\SYSTEM32\dbgcore.DLL
0x00007ff849120000 - 0x00007ff849199000 	C:\WINDOWS\System32\bcryptPrimitives.dll
0x00007ff830cc0000 - 0x00007ff830cfb000 	C:\Program Files\Greenfoot\jdk\bin\jdwp.dll
0x00007ff832400000 - 0x00007ff832425000 	C:\Program Files\Greenfoot\jdk\bin\java.dll
0x00007ff820950000 - 0x00007ff820a26000 	C:\Program Files\Greenfoot\jdk\bin\jsvml.dll
0x00007ff849a40000 - 0x00007ff84a29c000 	C:\WINDOWS\System32\SHELL32.dll
0x00007ff846790000 - 0x00007ff847089000 	C:\WINDOWS\SYSTEM32\windows.storage.dll
0x00007ff846650000 - 0x00007ff84678e000 	C:\WINDOWS\SYSTEM32\wintypes.dll
0x00007ff84af90000 - 0x00007ff84b083000 	C:\WINDOWS\System32\SHCORE.dll
0x00007ff84ad40000 - 0x00007ff84ad9e000 	C:\WINDOWS\System32\shlwapi.dll
0x00007ff848760000 - 0x00007ff848781000 	C:\WINDOWS\SYSTEM32\profapi.dll
0x00007ff8394f0000 - 0x00007ff8394fb000 	C:\Program Files\Greenfoot\jdk\bin\dt_shmem.dll
0x00007ff830d40000 - 0x00007ff830d59000 	C:\Program Files\Greenfoot\jdk\bin\net.dll
0x00007ff842a00000 - 0x00007ff842b36000 	C:\WINDOWS\SYSTEM32\WINHTTP.dll
0x00007ff847ce0000 - 0x00007ff847d49000 	C:\WINDOWS\system32\mswsock.dll
0x00007ff830d20000 - 0x00007ff830d35000 	C:\Program Files\Greenfoot\jdk\bin\nio.dll
0x00007ff830d00000 - 0x00007ff830d18000 	C:\Program Files\Greenfoot\jdk\bin\zip.dll
0x00007ff811680000 - 0x00007ff81180e000 	C:\Program Files\Greenfoot\jdk\bin\awt.dll
0x00007ff845830000 - 0x00007ff8458c7000 	C:\WINDOWS\SYSTEM32\apphelp.dll
0x00007ff8459c0000 - 0x00007ff845a6b000 	C:\WINDOWS\system32\uxtheme.dll
0x00007ff84b090000 - 0x00007ff84b1e3000 	C:\WINDOWS\System32\MSCTF.dll
0x00007ff84a310000 - 0x00007ff84a4b5000 	C:\WINDOWS\System32\ole32.dll
0x00007ff847f40000 - 0x00007ff847f5b000 	C:\WINDOWS\SYSTEM32\CRYPTSP.dll
0x00007ff8477d0000 - 0x00007ff847805000 	C:\WINDOWS\system32\rsaenh.dll
0x00007ff847de0000 - 0x00007ff847e08000 	C:\WINDOWS\SYSTEM32\USERENV.dll
0x00007ff847f60000 - 0x00007ff847f6c000 	C:\WINDOWS\SYSTEM32\CRYPTBASE.dll
0x00007ff8472f0000 - 0x00007ff84731d000 	C:\WINDOWS\SYSTEM32\IPHLPAPI.DLL
0x00007ff84ab50000 - 0x00007ff84ab59000 	C:\WINDOWS\System32\NSI.dll
0x00007ff842840000 - 0x00007ff842859000 	C:\WINDOWS\SYSTEM32\dhcpcsvc6.DLL
0x00007ff842820000 - 0x00007ff84283f000 	C:\WINDOWS\SYSTEM32\dhcpcsvc.DLL
0x00007ff847360000 - 0x00007ff847459000 	C:\WINDOWS\SYSTEM32\DNSAPI.dll
0x00007ff845df0000 - 0x00007ff845e1b000 	C:\WINDOWS\system32\DWMAPI.DLL
0x00007ff82f4d0000 - 0x00007ff82f5d0000 	C:\WINDOWS\system32\opengl32.dll
0x00007ff840c70000 - 0x00007ff840c9d000 	C:\WINDOWS\SYSTEM32\GLU32.dll
0x00007ff845ac0000 - 0x00007ff845af9000 	C:\WINDOWS\SYSTEM32\dxcore.dll
0x000001ee7ab50000 - 0x000001ee7ab53000 	C:\Users\elena\.openjfx\cache\20.0.1+2\amd64\api-ms-win-core-console-l1-1-0.dll
0x000001ee7ab60000 - 0x000001ee7ab63000 	C:\Users\elena\.openjfx\cache\20.0.1+2\amd64\api-ms-win-core-console-l1-2-0.dll
0x000001ee7ab70000 - 0x000001ee7ab73000 	C:\Users\elena\.openjfx\cache\20.0.1+2\amd64\api-ms-win-core-datetime-l1-1-0.dll
0x000001ee7ab80000 - 0x000001ee7ab83000 	C:\Users\elena\.openjfx\cache\20.0.1+2\amd64\api-ms-win-core-debug-l1-1-0.dll
0x000001ee7ab90000 - 0x000001ee7ab93000 	C:\Users\elena\.openjfx\cache\20.0.1+2\amd64\api-ms-win-core-errorhandling-l1-1-0.dll
0x000001ee7aba0000 - 0x000001ee7aba4000 	C:\Users\elena\.openjfx\cache\20.0.1+2\amd64\api-ms-win-core-file-l1-1-0.dll
0x000001ee7abb0000 - 0x000001ee7abb3000 	C:\Users\elena\.openjfx\cache\20.0.1+2\amd64\api-ms-win-core-file-l1-2-0.dll
0x000001ee7abc0000 - 0x000001ee7abc3000 	C:\Users\elena\.openjfx\cache\20.0.1+2\amd64\api-ms-win-core-file-l2-1-0.dll
0x000001ee7abd0000 - 0x000001ee7abd3000 	C:\Users\elena\.openjfx\cache\20.0.1+2\amd64\api-ms-win-core-handle-l1-1-0.dll
0x000001ee7abe0000 - 0x000001ee7abe3000 	C:\Users\elena\.openjfx\cache\20.0.1+2\amd64\api-ms-win-core-heap-l1-1-0.dll
0x000001ee7abf0000 - 0x000001ee7abf3000 	C:\Users\elena\.openjfx\cache\20.0.1+2\amd64\api-ms-win-core-interlocked-l1-1-0.dll
0x000001ee7c3c0000 - 0x000001ee7c3c3000 	C:\Users\elena\.openjfx\cache\20.0.1+2\amd64\api-ms-win-core-libraryloader-l1-1-0.dll
0x000001ee7d6f0000 - 0x000001ee7d6f3000 	C:\Users\elena\.openjfx\cache\20.0.1+2\amd64\api-ms-win-core-localization-l1-2-0.dll
0x000001ee7d700000 - 0x000001ee7d703000 	C:\Users\elena\.openjfx\cache\20.0.1+2\amd64\api-ms-win-core-memory-l1-1-0.dll
0x000001ee7d710000 - 0x000001ee7d713000 	C:\Users\elena\.openjfx\cache\20.0.1+2\amd64\api-ms-win-core-namedpipe-l1-1-0.dll
0x000001ee7d720000 - 0x000001ee7d723000 	C:\Users\elena\.openjfx\cache\20.0.1+2\amd64\api-ms-win-core-processenvironment-l1-1-0.dll
0x000001ee7d730000 - 0x000001ee7d733000 	C:\Users\elena\.openjfx\cache\20.0.1+2\amd64\api-ms-win-core-processthreads-l1-1-0.dll
0x000001ee7d740000 - 0x000001ee7d743000 	C:\Users\elena\.openjfx\cache\20.0.1+2\amd64\api-ms-win-core-processthreads-l1-1-1.dll
0x000001ee7d750000 - 0x000001ee7d753000 	C:\Users\elena\.openjfx\cache\20.0.1+2\amd64\api-ms-win-core-profile-l1-1-0.dll
0x000001ee7d760000 - 0x000001ee7d763000 	C:\Users\elena\.openjfx\cache\20.0.1+2\amd64\api-ms-win-core-rtlsupport-l1-1-0.dll
0x000001ee7d770000 - 0x000001ee7d773000 	C:\Users\elena\.openjfx\cache\20.0.1+2\amd64\api-ms-win-core-string-l1-1-0.dll
0x000001ee7d780000 - 0x000001ee7d783000 	C:\Users\elena\.openjfx\cache\20.0.1+2\amd64\api-ms-win-core-synch-l1-1-0.dll
0x000001ee7d790000 - 0x000001ee7d793000 	C:\Users\elena\.openjfx\cache\20.0.1+2\amd64\api-ms-win-core-synch-l1-2-0.dll
0x000001ee7d7a0000 - 0x000001ee7d7a3000 	C:\Users\elena\.openjfx\cache\20.0.1+2\amd64\api-ms-win-core-sysinfo-l1-1-0.dll
0x000001ee7d7b0000 - 0x000001ee7d7b3000 	C:\Users\elena\.openjfx\cache\20.0.1+2\amd64\api-ms-win-core-timezone-l1-1-0.dll
0x000001ee7d7c0000 - 0x000001ee7d7c3000 	C:\Users\elena\.openjfx\cache\20.0.1+2\amd64\api-ms-win-core-util-l1-1-0.dll
0x000001ee7d7d0000 - 0x000001ee7d7d3000 	C:\Users\elena\.openjfx\cache\20.0.1+2\amd64\api-ms-win-crt-conio-l1-1-0.dll
0x000001ee7d7e0000 - 0x000001ee7d7e4000 	C:\Users\elena\.openjfx\cache\20.0.1+2\amd64\api-ms-win-crt-convert-l1-1-0.dll
0x000001ee7d7f0000 - 0x000001ee7d7f3000 	C:\Users\elena\.openjfx\cache\20.0.1+2\amd64\api-ms-win-crt-environment-l1-1-0.dll
0x000001ee7d800000 - 0x000001ee7d803000 	C:\Users\elena\.openjfx\cache\20.0.1+2\amd64\api-ms-win-crt-filesystem-l1-1-0.dll
0x000001ee7d810000 - 0x000001ee7d813000 	C:\Users\elena\.openjfx\cache\20.0.1+2\amd64\api-ms-win-crt-heap-l1-1-0.dll
0x000001ee7d820000 - 0x000001ee7d823000 	C:\Users\elena\.openjfx\cache\20.0.1+2\amd64\api-ms-win-crt-locale-l1-1-0.dll
0x000001ee7d830000 - 0x000001ee7d835000 	C:\Users\elena\.openjfx\cache\20.0.1+2\amd64\api-ms-win-crt-math-l1-1-0.dll
0x000001ee7d840000 - 0x000001ee7d845000 	C:\Users\elena\.openjfx\cache\20.0.1+2\amd64\api-ms-win-crt-multibyte-l1-1-0.dll
0x000001ee7d850000 - 0x000001ee7d860000 	C:\Users\elena\.openjfx\cache\20.0.1+2\amd64\api-ms-win-crt-private-l1-1-0.dll
0x000001ee7d860000 - 0x000001ee7d863000 	C:\Users\elena\.openjfx\cache\20.0.1+2\amd64\api-ms-win-crt-process-l1-1-0.dll
0x000001ee7d870000 - 0x000001ee7d874000 	C:\Users\elena\.openjfx\cache\20.0.1+2\amd64\api-ms-win-crt-runtime-l1-1-0.dll
0x000001ee7d880000 - 0x000001ee7d884000 	C:\Users\elena\.openjfx\cache\20.0.1+2\amd64\api-ms-win-crt-stdio-l1-1-0.dll
0x000001ee7d890000 - 0x000001ee7d894000 	C:\Users\elena\.openjfx\cache\20.0.1+2\amd64\api-ms-win-crt-string-l1-1-0.dll
0x000001ee7d8a0000 - 0x000001ee7d8a3000 	C:\Users\elena\.openjfx\cache\20.0.1+2\amd64\api-ms-win-crt-time-l1-1-0.dll
0x000001ee7d8b0000 - 0x000001ee7d8b3000 	C:\Users\elena\.openjfx\cache\20.0.1+2\amd64\api-ms-win-crt-utility-l1-1-0.dll
0x00007ff813650000 - 0x00007ff81374c000 	C:\Users\elena\.openjfx\cache\20.0.1+2\amd64\ucrtbase.dll
0x00007ff830b70000 - 0x00007ff830b8b000 	C:\Users\elena\.openjfx\cache\20.0.1+2\amd64\vcruntime140.dll
0x00007ff83a540000 - 0x00007ff83a54c000 	C:\Users\elena\.openjfx\cache\20.0.1+2\amd64\vcruntime140_1.dll
0x00007ff813450000 - 0x00007ff8134de000 	C:\Users\elena\.openjfx\cache\20.0.1+2\amd64\msvcp140.dll
0x00007ff83a150000 - 0x00007ff83a159000 	C:\Users\elena\.openjfx\cache\20.0.1+2\amd64\msvcp140_1.dll
0x00007ff8309d0000 - 0x00007ff830a00000 	C:\Users\elena\.openjfx\cache\20.0.1+2\amd64\msvcp140_2.dll
0x00007ff8309a0000 - 0x00007ff8309cf000 	C:\Users\elena\.openjfx\cache\20.0.1+2\amd64\prism_d3d.dll
0x00007ff8112f0000 - 0x00007ff811499000 	C:\WINDOWS\system32\d3d9.dll
0x00007ff80d050000 - 0x00007ff80d1b3000 	C:\WINDOWS\System32\DriverStore\FileRepository\iigd_dch.inf_amd64_e9b40d45ab4dc6b8\igdumdim64.dll
0x00007fffbcd70000 - 0x00007fffc0774000 	C:\WINDOWS\System32\DriverStore\FileRepository\iigd_dch.inf_amd64_e9b40d45ab4dc6b8\igd9dxva64.dll
0x00007ff849240000 - 0x00007ff8496b4000 	C:\WINDOWS\System32\SETUPAPI.dll
0x00007ff848400000 - 0x00007ff84844e000 	C:\WINDOWS\SYSTEM32\cfgmgr32.dll
0x00007ff82ce70000 - 0x00007ff82d0af000 	C:\WINDOWS\System32\DriverStore\FileRepository\iigd_dch.inf_amd64_e9b40d45ab4dc6b8\igdgmm64.dll
0x00007ff831990000 - 0x00007ff8319da000 	C:\WINDOWS\SYSTEM32\directxdatabasehelper.dll
0x00007ff824140000 - 0x00007ff824182000 	C:\Users\elena\.openjfx\cache\20.0.1+2\amd64\glass.dll
0x00007ff84ab60000 - 0x00007ff84ac59000 	C:\WINDOWS\System32\COMDLG32.dll
0x00007ff8264a0000 - 0x00007ff8264c7000 	C:\WINDOWS\System32\DriverStore\FileRepository\iigd_dch.inf_amd64_e9b40d45ab4dc6b8\igdinfo64.dll
0x00007ff82a040000 - 0x00007ff82cca2000 	C:\WINDOWS\System32\DriverStore\FileRepository\iigd_dch.inf_amd64_e9b40d45ab4dc6b8\igc64.dll
0x00007ff81ea70000 - 0x00007ff81eaf6000 	C:\Program Files\Greenfoot\jdk\bin\freetype.dll
0x00007ff8115d0000 - 0x00007ff811678000 	C:\Program Files\Greenfoot\jdk\bin\fontmanager.dll

dbghelp: loaded successfully - version: 4.0.5 - missing functions: none
symbol engine: initialized successfully - sym options: 0x614 - pdb path: .;C:\Program Files\Greenfoot\jdk\bin;C:\WINDOWS\SYSTEM32;C:\WINDOWS\WinSxS\amd64_microsoft.windows.common-controls_6595b64144ccf1df_6.0.22621.3235_none_270f74e173860f98;C:\Program Files\Greenfoot\jdk\bin\server;C:\Users\elena\.openjfx\cache\20.0.1+2\amd64;C:\WINDOWS\System32\DriverStore\FileRepository\iigd_dch.inf_amd64_e9b40d45ab4dc6b8

VM Arguments:
jvm_args: -XX:MaxGCPauseMillis=50 -agentlib:jdwp=transport=dt_shmem,address=javadebug -Dfile.encoding=UTF-8 
java_command: bluej.runtime.ExecServer UTF-8
java_class_path (initial): C:\Program Files\Greenfoot\lib\greenfoot.jar;C:\Program Files\Greenfoot\lib\javafx-base-20.0.1-win.jar;C:\Program Files\Greenfoot\lib\javafx-base-20.0.1.jar;C:\Program Files\Greenfoot\lib\javafx-controls-20.0.1-win.jar;C:\Program Files\Greenfoot\lib\javafx-controls-20.0.1.jar;C:\Program Files\Greenfoot\lib\javafx-fxml-20.0.1-win.jar;C:\Program Files\Greenfoot\lib\javafx-graphics-20.0.1-win.jar;C:\Program Files\Greenfoot\lib\javafx-graphics-20.0.1.jar;C:\Program Files\Greenfoot\lib\javafx-media-20.0.1-win.jar;C:\Program Files\Greenfoot\lib\javafx-media-20.0.1.jar;C:\Program Files\Greenfoot\lib\javafx-swing-20.0.1-win.jar;C:\Program Files\Greenfoot\lib\javafx-web-20.0.1-win.jar;C:\Program Files\Greenfoot\lib\junit-4.12.jar;C:\Program Files\Greenfoot\lib\junit-jupiter-5.5.2.jar;C:\Program Files\Greenfoot\lib\junit-jupiter-api-5.5.2.jar;C:\Program Files\Greenfoot\lib\junit-jupiter-engine-5.5.2.jar;C:\Program Files\Greenfoot\lib\junit-jupiter-params-5.5.2.jar;C:\Program Files\Greenfoot\lib\junit-platform-commons-1.5.2.jar;C:\Program Files\Greenfoot\lib\junit-platform-engine-1.5.2.jar;C:\Program Files\Greenfoot\lib\junit-platform-launcher-1.5.2.jar;C:\Program Files\Greenfoot\lib\junit-platform-suite-api-1.5.2.jar;C:\Program Files\Greenfoot\lib\junit-vintage-engine-5.5.2.jar;C:\Program Files\Greenfoot\lib\hamcrest-core-1.3.jar;C:\Program Files\Greenfoot\lib\opentest4j-1.2.0.jar;C:\Program Files\Greenfoot\lib\bluej.jar;C:\Program Files\Greenfoot\lib\classgraph-4.8.90.jar;C:\Program Files\Greenfoot\lib\diffutils-1.2.1.jar;C:\Program Files\Greenfoot\lib\commons-logging-1.2.jar;C:\Program Files\Greenfoot\lib\jl1.0.1.jar;C:\Program Files\Greenfoot\lib\opencsv-2.3.jar;C:\Program Files\Greenfoot\lib\opencsv-2.4.jar;C:\Program Files\Greenfoot\lib\xom-1.3.7.jar;C:\Program Files\Greenfoot\lib\lang-stride.jar;C:\Program Files\Greenfoot\lib\nsmenufx-2.1.8.jar;C:\Program Files\Greenfoot\lib\wellbehavedfx-0.3.3.jar;C:\Program Files\Greenfoot\lib\guava-17.0.j
Launcher Type: SUN_STANDARD

[Global flags]
     intx CICompilerCount                          = 4                                         {product} {ergonomic}
     uint ConcGCThreads                            = 2                                         {product} {ergonomic}
     uint G1ConcRefinementThreads                  = 8                                         {product} {ergonomic}
   size_t G1HeapRegionSize                         = 1048576                                   {product} {ergonomic}
    uintx GCDrainStackTargetSize                   = 64                                        {product} {ergonomic}
   size_t InitialHeapSize                          = 132120576                                 {product} {ergonomic}
   size_t MarkStackSize                            = 4194304                                   {product} {ergonomic}
    uintx MaxGCPauseMillis                         = 50                                        {product} {command line}
   size_t MaxHeapSize                              = 2109734912                                {product} {ergonomic}
   size_t MaxNewSize                               = 1265631232                                {product} {ergonomic}
   size_t MinHeapDeltaBytes                        = 1048576                                   {product} {ergonomic}
   size_t MinHeapSize                              = 8388608                                   {product} {ergonomic}
    uintx NonNMethodCodeHeapSize                   = 5839372                                {pd product} {ergonomic}
    uintx NonProfiledCodeHeapSize                  = 122909434                              {pd product} {ergonomic}
    uintx ProfiledCodeHeapSize                     = 122909434                              {pd product} {ergonomic}
    uintx ReservedCodeCacheSize                    = 251658240                              {pd product} {ergonomic}
     bool SegmentedCodeCache                       = true                                      {product} {ergonomic}
   size_t SoftMaxHeapSize                          = 2109734912                             {manageable} {ergonomic}
     bool UseCompressedClassPointers               = true                           {product lp64_product} {ergonomic}
     bool UseCompressedOops                        = true                           {product lp64_product} {ergonomic}
     bool UseG1GC                                  = true                                      {product} {ergonomic}
     bool UseLargePagesIndividualAllocation        = false                                  {pd product} {ergonomic}

Logging:
Log output configuration:
 #0: stdout all=warning uptime,level,tags
 #1: stderr all=off uptime,level,tags

Environment Variables:
PATH=C:\Python312\Scripts\;C:\Python312\;C:\Program Files (x86)\Common Files\Oracle\Java\javapath;C:\ProgramData\Oracle\Java\javapath;C:\WINDOWS\system32;C:\WINDOWS;C:\WINDOWS\System32\Wbem;C:\WINDOWS\System32\WindowsPowerShell\v1.0\;C:\WINDOWS\System32\OpenSSH\;C:\Program Files\Common Files\Autodesk Shared\;C:\Program Files\Microsoft SQL Server\120\Tools\Binn\;C:\Program Files\nodejs\;C:\ProgramData\chocolatey\bin;C:\Program Files\Git\cmd;C:\Users\elena\AppData\Local\Microsoft\WindowsApps;;C:\Users\elena\AppData\Local\Programs\Microsoft VS Code\bin;C:\Users\elena\AppData\Roaming\npm
USERNAME=elena
OS=Windows_NT
PROCESSOR_IDENTIFIER=Intel64 Family 6 Model 142 Stepping 11, GenuineIntel
TMP=C:\Users\elena\AppData\Local\Temp
TEMP=C:\Users\elena\AppData\Local\Temp



---------------  S Y S T E M  ---------------

OS:
 Windows 11 , 64 bit Build 22621 (10.0.22621.3374)
OS uptime: 24 days 18:31 hours

CPU: total 8 (initial active 8) (4 cores per cpu, 2 threads per core) family 6 model 142 stepping 11 microcode 0xde, cx8, cmov, fxsr, ht, mmx, 3dnowpref, sse, sse2, sse3, ssse3, sse4.1, sse4.2, popcnt, lzcnt, tsc, tscinvbit, avx, avx2, aes, erms, clmul, bmi1, bmi2, adx, fma, vzeroupper, clflush, clflushopt

Memory: 4k page, system-wide physical 8043M (1586M free)
TotalPageFile size 9944M (AvailPageFile size 393M)
current process WorkingSet (physical memory assigned to process): 253M, peak: 260M
current process commit charge ("private bytes"): 374M, peak: 821M

vm_info: OpenJDK 64-Bit Server VM (17.0.4.1+1) for windows-amd64 JRE (17.0.4.1+1), built on Aug 17 2022 07:42:43 by "temurin" with MS VC++ 16.7 (VS2019)

END.
