#
# There is insufficient memory for the Java Runtime Environment to continue.
# Native memory allocation (mmap) failed to map 398458880 bytes for G1 virtual space
# Possible reasons:
#   The system is out of physical RAM or swap space
#   The process is running with CompressedOops enabled, and the Java Heap may be blocking the growth of the native heap
# Possible solutions:
#   Reduce memory load on the system
#   Increase physical memory or swap space
#   Check if swap backing store is full
#   Decrease Java heap size (-Xmx/-Xms)
#   Decrease number of Java threads
#   Decrease Java thread stack sizes (-Xss)
#   Set larger code cache with -XX:ReservedCodeCacheSize=
#   JVM is running with Unscaled Compressed Oops mode in which the Java heap is
#     placed in the first 4GB address space. The Java Heap base address is the
#     maximum limit for the native heap growth. Please use -XX:HeapBaseMinAddress
#     to set the Java Heap base and to place the Java Heap above 4GB virtual address.
# This output file may be truncated or incomplete.
#
#  Out of Memory Error (os_windows.cpp:3541), pid=15024, tid=312
#
# JRE version: OpenJDK Runtime Environment Temurin-17.0.4.1+1 (17.0.4.1+1) (build 17.0.4.1+1)
# Java VM: OpenJDK 64-Bit Server VM Temurin-17.0.4.1+1 (17.0.4.1+1, mixed mode, sharing, tiered, compressed oops, compressed class ptrs, g1 gc, windows-amd64)
# No core dump will be written. Minidumps are not enabled by default on client versions of Windows
#

---------------  S U M M A R Y ------------

Command Line: -XX:MaxGCPauseMillis=50 -agentlib:jdwp=transport=dt_shmem,address=javadebug -Dfile.encoding=UTF-8 bluej.runtime.ExecServer UTF-8

Host: Intel(R) Core(TM) i5-8265U CPU @ 1.60GHz, 8 cores, 7G,  Windows 11 , 64 bit Build 22621 (10.0.22621.3527)
Time: Wed May 29 19:56:20 2024  Windows 11 , 64 bit Build 22621 (10.0.22621.3527) elapsed time: 1040.143996 seconds (0d 0h 17m 20s)

---------------  T H R E A D  ---------------

Current thread (0x0000013eb1d22ff0):  VMThread "VM Thread" [stack: 0x0000002339000000,0x0000002339100000] [id=312]

Stack: [0x0000002339000000,0x0000002339100000]
Native frames: (J=compiled Java code, j=interpreted, Vv=VM code, C=native code)
V  [jvm.dll+0x67731a]
V  [jvm.dll+0x832284]
V  [jvm.dll+0x833a2e]
V  [jvm.dll+0x834093]
V  [jvm.dll+0x245775]
V  [jvm.dll+0x674209]
V  [jvm.dll+0x668a92]
V  [jvm.dll+0x30471b]
V  [jvm.dll+0x30bc66]
V  [jvm.dll+0x35ba9e]
V  [jvm.dll+0x35bccf]
V  [jvm.dll+0x2db5b8]
V  [jvm.dll+0x2d986c]
V  [jvm.dll+0x2d8e3c]
V  [jvm.dll+0x31cd9b]
V  [jvm.dll+0x83853b]
V  [jvm.dll+0x839274]
V  [jvm.dll+0x83978c]
V  [jvm.dll+0x839b64]
V  [jvm.dll+0x839c30]
V  [jvm.dll+0x7e240a]
V  [jvm.dll+0x6761a5]
C  [ucrtbase.dll+0x29333]
C  [KERNEL32.DLL+0x1257d]
C  [ntdll.dll+0x5aa48]

VM_Operation (0x000000233b4feed0): G1CollectForAllocation, mode: safepoint, requested by thread 0x0000013eb4909230


---------------  P R O C E S S  ---------------

Threads class SMR info:
_java_thread_list=0x0000013eb2897050, length=25, elements={
0x0000013eb1d27690, 0x0000013eb1d28bb0, 0x0000013eb1d41210, 0x0000013eb1d41cd0,
0x0000013eb1d446a0, 0x0000013eb1d45700, 0x0000013eb1d483b0, 0x0000013eb1d49ca0,
0x0000013eb1d58510, 0x0000013eb28e0c10, 0x0000013eb28de4e0, 0x0000013eb28f8a20,
0x0000013eb28fd500, 0x0000013eb2902660, 0x0000013eb2e02a10, 0x0000013eb2e03ad0,
0x0000013eb2ea2d30, 0x0000013e91ab4ab0, 0x0000013eb34705d0, 0x0000013eb47325e0,
0x0000013eb473e7f0, 0x0000013eb490af10, 0x0000013eb4907ef0, 0x0000013eb4909230,
0x0000013eb4f57150
}

Java Threads: ( => current thread )
  0x0000013eb1d27690 JavaThread "Reference Handler" daemon [_thread_blocked, id=11764, stack(0x0000002339100000,0x0000002339200000)]
  0x0000013eb1d28bb0 JavaThread "Finalizer" daemon [_thread_blocked, id=68, stack(0x0000002339200000,0x0000002339300000)]
  0x0000013eb1d41210 JavaThread "Signal Dispatcher" daemon [_thread_blocked, id=11768, stack(0x0000002339300000,0x0000002339400000)]
  0x0000013eb1d41cd0 JavaThread "Attach Listener" daemon [_thread_blocked, id=284, stack(0x0000002339400000,0x0000002339500000)]
  0x0000013eb1d446a0 JavaThread "Service Thread" daemon [_thread_blocked, id=11728, stack(0x0000002339500000,0x0000002339600000)]
  0x0000013eb1d45700 JavaThread "Monitor Deflation Thread" daemon [_thread_blocked, id=11740, stack(0x0000002339600000,0x0000002339700000)]
  0x0000013eb1d483b0 JavaThread "C2 CompilerThread0" daemon [_thread_blocked, id=5088, stack(0x0000002339700000,0x0000002339800000)]
  0x0000013eb1d49ca0 JavaThread "C1 CompilerThread0" daemon [_thread_blocked, id=16344, stack(0x0000002339800000,0x0000002339900000)]
  0x0000013eb1d58510 JavaThread "Sweeper thread" daemon [_thread_blocked, id=2940, stack(0x0000002339900000,0x0000002339a00000)]
  0x0000013eb28e0c10 JavaThread "JDWP Transport Listener: dt_shmem" daemon [_thread_blocked, id=4936, stack(0x0000002339a00000,0x0000002339b00000)]
  0x0000013eb28de4e0 JavaThread "JDWP Event Helper Thread" daemon [_thread_blocked, id=12592, stack(0x0000002339b00000,0x0000002339c00000)]
  0x0000013eb28f8a20 JavaThread "JDWP Command Reader" daemon [_thread_in_native, id=7844, stack(0x0000002339c00000,0x0000002339d00000)]
  0x0000013eb28fd500 JavaThread "Notification Thread" daemon [_thread_blocked, id=13940, stack(0x0000002339d00000,0x0000002339e00000)]
  0x0000013eb2902660 JavaThread "Common-Cleaner" daemon [_thread_blocked, id=13792, stack(0x0000002339f00000,0x000000233a000000)]
  0x0000013eb2e02a10 JavaThread "Java2D Disposer" daemon [_thread_blocked, id=14652, stack(0x000000233a000000,0x000000233a100000)]
  0x0000013eb2e03ad0 JavaThread "AWT-Windows" daemon [_thread_in_native, id=14372, stack(0x000000233a200000,0x000000233a300000)]
  0x0000013eb2ea2d30 JavaThread "BlueJ worker thread" [_thread_blocked, id=5028, stack(0x000000233a400000,0x000000233a500000)]
  0x0000013e91ab4ab0 JavaThread "DestroyJavaVM" [_thread_blocked, id=6992, stack(0x0000002338a00000,0x0000002338b00000)]
  0x0000013eb34705d0 JavaThread "QuantumRenderer-0" daemon [_thread_blocked, id=5228, stack(0x000000233ae00000,0x000000233af00000)]
  0x0000013eb47325e0 JavaThread "InvokeLaterDispatcher" daemon [_thread_blocked, id=6884, stack(0x000000233ac00000,0x000000233ad00000)]
  0x0000013eb473e7f0 JavaThread "JavaFX Application Thread" [_thread_in_native, id=17156, stack(0x000000233af00000,0x000000233b000000)]
  0x0000013eb490af10 JavaThread "Thread-2" daemon [_thread_blocked, id=10712, stack(0x000000233a100000,0x000000233a200000)]
  0x0000013eb4907ef0 JavaThread "VMCommsSimulation" [_thread_blocked, id=4660, stack(0x000000233b300000,0x000000233b400000)]
  0x0000013eb4909230 JavaThread "SimulationThread" [_thread_blocked, id=13756, stack(0x000000233b400000,0x000000233b500000)]
  0x0000013eb4f57150 JavaThread "main" [_thread_blocked, id=12036, stack(0x0000002338800000,0x0000002338900000)]

Other Threads:
=>0x0000013eb1d22ff0 VMThread "VM Thread" [stack: 0x0000002339000000,0x0000002339100000] [id=312]
  0x0000013eb28fd9d0 WatcherThread [stack: 0x0000002339e00000,0x0000002339f00000] [id=11988]
  0x0000013e91b0d800 GCTaskThread "GC Thread#0" [stack: 0x0000002338b00000,0x0000002338c00000] [id=1544]
  0x0000013eb3073070 GCTaskThread "GC Thread#1" [stack: 0x000000233a500000,0x000000233a600000] [id=11440]
  0x0000013eb3073320 GCTaskThread "GC Thread#2" [stack: 0x000000233a600000,0x000000233a700000] [id=14300]
  0x0000013eb30b2430 GCTaskThread "GC Thread#3" [stack: 0x000000233a700000,0x000000233a800000] [id=12220]
  0x0000013eb30b2af0 GCTaskThread "GC Thread#4" [stack: 0x000000233a800000,0x000000233a900000] [id=3580]
  0x0000013eb30b35c0 GCTaskThread "GC Thread#5" [stack: 0x000000233a900000,0x000000233aa00000] [id=6336]
  0x0000013eb30ca430 GCTaskThread "GC Thread#6" [stack: 0x000000233aa00000,0x000000233ab00000] [id=9968]
  0x0000013eb30ca6e0 GCTaskThread "GC Thread#7" [stack: 0x000000233ab00000,0x000000233ac00000] [id=1324]
  0x0000013e91b1e1d0 ConcurrentGCThread "G1 Main Marker" [stack: 0x0000002338c00000,0x0000002338d00000] [id=14760]
  0x0000013e91b1eaf0 ConcurrentGCThread "G1 Conc#0" [stack: 0x0000002338d00000,0x0000002338e00000] [id=2804]
  0x0000013eb499cf30 ConcurrentGCThread "G1 Conc#1" [stack: 0x000000233ad00000,0x000000233ae00000] [id=15900]
  0x0000013eb1be30d0 ConcurrentGCThread "G1 Refine#0" [stack: 0x0000002338e00000,0x0000002338f00000] [id=13272]
  0x0000013eb1be3a00 ConcurrentGCThread "G1 Service" [stack: 0x0000002338f00000,0x0000002339000000] [id=3616]

Threads with active compile tasks:

VM state: at safepoint (normal execution)

VM Mutex/Monitor currently owned by a thread:  ([mutex/lock_event])
[0x0000013e91ab0900] Threads_lock - owner thread: 0x0000013eb1d22ff0
[0x0000013e91ab0ab0] Heap_lock - owner thread: 0x0000013eb4909230

Heap address: 0x0000000082400000, size: 2012 MB, Compressed Oops mode: 32-bit

CDS archive(s) mapped at: [0x0000000800000000-0x0000000800bc0000-0x0000000800bc0000), size 12320768, SharedBaseAddress: 0x0000000800000000, ArchiveRelocationMode: 0.
Compressed class space mapped at: 0x0000000800c00000-0x0000000840c00000, reserved size: 1073741824
Narrow klass base: 0x0000000800000000, Narrow klass shift: 0, Narrow klass range: 0x100000000

GC Precious Log:
 CPUs: 8 total, 8 available
 Memory: 8043M
 Large Page Support: Disabled
 NUMA Support: Disabled
 Compressed Oops: Enabled (32-bit)
 Heap Region Size: 1M
 Heap Min Capacity: 8M
 Heap Initial Capacity: 126M
 Heap Max Capacity: 2012M
 Pre-touch: Disabled
 Parallel Workers: 8
 Concurrent Workers: 2
 Concurrent Refinement Workers: 8
 Periodic GC: Disabled

Heap:
 garbage-first heap   total 194560K, used 67043K [0x0000000082400000, 0x0000000100000000)
  region size 1024K, 1 young (1024K), 1 survivors (1024K)
 Metaspace       used 11439K, committed 11648K, reserved 1064960K
  class space    used 1070K, committed 1152K, reserved 1048576K

Heap Regions: E=young(eden), S=young(survivor), O=old, HS=humongous(starts), HC=humongous(continues), CS=collection set, F=free, OA=open archive, CA=closed archive, TAMS=top-at-mark-start (previous, next)
|   0|0x0000000082400000, 0x0000000082500000, 0x0000000082500000|100%| O|  |TAMS 0x0000000082500000, 0x0000000082500000| Untracked 
|   1|0x0000000082500000, 0x00000000825ec898, 0x0000000082600000| 92%| O|  |TAMS 0x0000000082500000, 0x00000000825ec898| Untracked 
|   2|0x0000000082600000, 0x0000000082700000, 0x0000000082700000|100%| O|  |TAMS 0x0000000082700000, 0x0000000082700000| Untracked 
|   3|0x0000000082700000, 0x00000000827d1190, 0x0000000082800000| 81%| O|  |TAMS 0x0000000082700000, 0x00000000827d1190| Untracked 
|   4|0x0000000082800000, 0x00000000828f9b78, 0x0000000082900000| 97%| O|  |TAMS 0x0000000082800000, 0x00000000828f9b78| Untracked 
|   5|0x0000000082900000, 0x00000000829ffff0, 0x0000000082a00000| 99%| O|  |TAMS 0x00000000829ffff0, 0x00000000829ffff0| Untracked 
|   6|0x0000000082a00000, 0x0000000082b00000, 0x0000000082b00000|100%|HS|  |TAMS 0x0000000082b00000, 0x0000000082b00000| Untracked 
|   7|0x0000000082b00000, 0x0000000082bfa1c0, 0x0000000082c00000| 97%| O|  |TAMS 0x0000000082bfa1c0, 0x0000000082bfa1c0| Untracked 
|   8|0x0000000082c00000, 0x0000000082d00000, 0x0000000082d00000|100%|HS|  |TAMS 0x0000000082d00000, 0x0000000082d00000| Untracked 
|   9|0x0000000082d00000, 0x0000000082d9f8e0, 0x0000000082e00000| 62%| O|  |TAMS 0x0000000082d00000, 0x0000000082d9f8e0| Untracked 
|  10|0x0000000082e00000, 0x0000000082e00000, 0x0000000082f00000|  0%| F|  |TAMS 0x0000000082e00000, 0x0000000082e00000| Untracked 
|  11|0x0000000082f00000, 0x0000000083000000, 0x0000000083000000|100%|HS|  |TAMS 0x0000000083000000, 0x0000000083000000| Untracked 
|  12|0x0000000083000000, 0x0000000083100000, 0x0000000083100000|100%|HS|  |TAMS 0x0000000083100000, 0x0000000083100000| Untracked 
|  13|0x0000000083100000, 0x0000000083200000, 0x0000000083200000|100%|HS|  |TAMS 0x0000000083200000, 0x0000000083200000| Untracked 
|  14|0x0000000083200000, 0x0000000083300000, 0x0000000083300000|100%|HS|  |TAMS 0x0000000083300000, 0x0000000083300000| Untracked 
|  15|0x0000000083300000, 0x0000000083400000, 0x0000000083400000|100%|HS|  |TAMS 0x0000000083400000, 0x0000000083400000| Untracked 
|  16|0x0000000083400000, 0x0000000083500000, 0x0000000083500000|100%|HC|  |TAMS 0x0000000083500000, 0x0000000083500000| Untracked 
|  17|0x0000000083500000, 0x0000000083600000, 0x0000000083600000|100%|HC|  |TAMS 0x0000000083600000, 0x0000000083600000| Untracked 
|  18|0x0000000083600000, 0x0000000083700000, 0x0000000083700000|100%|HC|  |TAMS 0x0000000083700000, 0x0000000083700000| Untracked 
|  19|0x0000000083700000, 0x0000000083800000, 0x0000000083800000|100%|HC|  |TAMS 0x0000000083800000, 0x0000000083800000| Untracked 
|  20|0x0000000083800000, 0x0000000083900000, 0x0000000083900000|100%|HC|  |TAMS 0x0000000083900000, 0x0000000083900000| Untracked 
|  21|0x0000000083900000, 0x0000000083a00000, 0x0000000083a00000|100%|HC|  |TAMS 0x0000000083a00000, 0x0000000083a00000| Untracked 
|  22|0x0000000083a00000, 0x0000000083b00000, 0x0000000083b00000|100%|HC|  |TAMS 0x0000000083b00000, 0x0000000083b00000| Untracked 
|  23|0x0000000083b00000, 0x0000000083c00000, 0x0000000083c00000|100%|HS|  |TAMS 0x0000000083c00000, 0x0000000083c00000| Untracked 
|  24|0x0000000083c00000, 0x0000000083d00000, 0x0000000083d00000|100%|HS|  |TAMS 0x0000000083d00000, 0x0000000083d00000| Untracked 
|  25|0x0000000083d00000, 0x0000000083e00000, 0x0000000083e00000|100%|HS|  |TAMS 0x0000000083e00000, 0x0000000083e00000| Untracked 
|  26|0x0000000083e00000, 0x0000000083e00000, 0x0000000083f00000|  0%| F|  |TAMS 0x0000000083e00000, 0x0000000083e00000| Untracked 
|  27|0x0000000083f00000, 0x0000000083f00000, 0x0000000084000000|  0%| F|  |TAMS 0x0000000083f00000, 0x0000000083f00000| Untracked 
|  28|0x0000000084000000, 0x0000000084000000, 0x0000000084100000|  0%| F|  |TAMS 0x0000000084000000, 0x0000000084000000| Untracked 
|  29|0x0000000084100000, 0x0000000084100000, 0x0000000084200000|  0%| F|  |TAMS 0x0000000084100000, 0x0000000084100000| Untracked 
|  30|0x0000000084200000, 0x0000000084200000, 0x0000000084300000|  0%| F|  |TAMS 0x0000000084200000, 0x0000000084200000| Untracked 
|  31|0x0000000084300000, 0x0000000084300000, 0x0000000084400000|  0%| F|  |TAMS 0x0000000084300000, 0x0000000084300000| Untracked 
|  32|0x0000000084400000, 0x0000000084400000, 0x0000000084500000|  0%| F|  |TAMS 0x0000000084400000, 0x0000000084400000| Untracked 
|  33|0x0000000084500000, 0x0000000084600000, 0x0000000084600000|100%|HS|  |TAMS 0x0000000084600000, 0x0000000084600000| Untracked 
|  34|0x0000000084600000, 0x0000000084600000, 0x0000000084700000|  0%| F|  |TAMS 0x0000000084600000, 0x0000000084600000| Untracked 
|  35|0x0000000084700000, 0x0000000084700000, 0x0000000084800000|  0%| F|  |TAMS 0x0000000084700000, 0x0000000084700000| Untracked 
|  36|0x0000000084800000, 0x0000000084800000, 0x0000000084900000|  0%| F|  |TAMS 0x0000000084800000, 0x0000000084800000| Untracked 
|  37|0x0000000084900000, 0x0000000084900000, 0x0000000084a00000|  0%| F|  |TAMS 0x0000000084900000, 0x0000000084900000| Untracked 
|  38|0x0000000084a00000, 0x0000000084a00000, 0x0000000084b00000|  0%| F|  |TAMS 0x0000000084a00000, 0x0000000084a00000| Untracked 
|  39|0x0000000084b00000, 0x0000000084b00000, 0x0000000084c00000|  0%| F|  |TAMS 0x0000000084b00000, 0x0000000084b00000| Untracked 
|  40|0x0000000084c00000, 0x0000000084d00000, 0x0000000084d00000|100%|HS|  |TAMS 0x0000000084d00000, 0x0000000084d00000| Untracked 
|  41|0x0000000084d00000, 0x0000000084e00000, 0x0000000084e00000|100%|HC|  |TAMS 0x0000000084e00000, 0x0000000084e00000| Untracked 
|  42|0x0000000084e00000, 0x0000000084f00000, 0x0000000084f00000|100%|HC|  |TAMS 0x0000000084f00000, 0x0000000084f00000| Untracked 
|  43|0x0000000084f00000, 0x0000000085000000, 0x0000000085000000|100%|HC|  |TAMS 0x0000000085000000, 0x0000000085000000| Untracked 
|  44|0x0000000085000000, 0x0000000085100000, 0x0000000085100000|100%|HC|  |TAMS 0x0000000085100000, 0x0000000085100000| Untracked 
|  45|0x0000000085100000, 0x0000000085200000, 0x0000000085200000|100%|HC|  |TAMS 0x0000000085200000, 0x0000000085200000| Untracked 
|  46|0x0000000085200000, 0x0000000085300000, 0x0000000085300000|100%|HC|  |TAMS 0x0000000085300000, 0x0000000085300000| Untracked 
|  47|0x0000000085300000, 0x0000000085400000, 0x0000000085400000|100%|HC|  |TAMS 0x0000000085400000, 0x0000000085400000| Untracked 
|  48|0x0000000085400000, 0x0000000085500000, 0x0000000085500000|100%|HS|  |TAMS 0x0000000085500000, 0x0000000085500000| Untracked 
|  49|0x0000000085500000, 0x0000000085600000, 0x0000000085600000|100%|HC|  |TAMS 0x0000000085600000, 0x0000000085600000| Untracked 
|  50|0x0000000085600000, 0x0000000085700000, 0x0000000085700000|100%|HC|  |TAMS 0x0000000085700000, 0x0000000085700000| Untracked 
|  51|0x0000000085700000, 0x0000000085800000, 0x0000000085800000|100%|HC|  |TAMS 0x0000000085800000, 0x0000000085800000| Untracked 
|  52|0x0000000085800000, 0x0000000085900000, 0x0000000085900000|100%|HC|  |TAMS 0x0000000085900000, 0x0000000085900000| Untracked 
|  53|0x0000000085900000, 0x0000000085a00000, 0x0000000085a00000|100%|HC|  |TAMS 0x0000000085a00000, 0x0000000085a00000| Untracked 
|  54|0x0000000085a00000, 0x0000000085b00000, 0x0000000085b00000|100%|HC|  |TAMS 0x0000000085b00000, 0x0000000085b00000| Untracked 
|  55|0x0000000085b00000, 0x0000000085c00000, 0x0000000085c00000|100%|HC|  |TAMS 0x0000000085c00000, 0x0000000085c00000| Untracked 
|  56|0x0000000085c00000, 0x0000000085d00000, 0x0000000085d00000|100%|HS|  |TAMS 0x0000000085d00000, 0x0000000085d00000| Untracked 
|  57|0x0000000085d00000, 0x0000000085e00000, 0x0000000085e00000|100%|HC|  |TAMS 0x0000000085e00000, 0x0000000085e00000| Untracked 
|  58|0x0000000085e00000, 0x0000000085f00000, 0x0000000085f00000|100%|HC|  |TAMS 0x0000000085f00000, 0x0000000085f00000| Untracked 
|  59|0x0000000085f00000, 0x0000000086000000, 0x0000000086000000|100%|HC|  |TAMS 0x0000000086000000, 0x0000000086000000| Untracked 
|  60|0x0000000086000000, 0x0000000086100000, 0x0000000086100000|100%|HC|  |TAMS 0x0000000086100000, 0x0000000086100000| Untracked 
|  61|0x0000000086100000, 0x0000000086200000, 0x0000000086200000|100%|HC|  |TAMS 0x0000000086200000, 0x0000000086200000| Untracked 
|  62|0x0000000086200000, 0x0000000086300000, 0x0000000086300000|100%|HC|  |TAMS 0x0000000086300000, 0x0000000086300000| Untracked 
|  63|0x0000000086300000, 0x0000000086400000, 0x0000000086400000|100%|HC|  |TAMS 0x0000000086400000, 0x0000000086400000| Untracked 
|  64|0x0000000086400000, 0x0000000086500000, 0x0000000086500000|100%|HS|  |TAMS 0x0000000086500000, 0x0000000086500000| Untracked 
|  65|0x0000000086500000, 0x0000000086600000, 0x0000000086600000|100%|HC|  |TAMS 0x0000000086600000, 0x0000000086600000| Untracked 
|  66|0x0000000086600000, 0x0000000086700000, 0x0000000086700000|100%|HC|  |TAMS 0x0000000086700000, 0x0000000086700000| Untracked 
|  67|0x0000000086700000, 0x0000000086800000, 0x0000000086800000|100%|HC|  |TAMS 0x0000000086800000, 0x0000000086800000| Untracked 
|  68|0x0000000086800000, 0x0000000086900000, 0x0000000086900000|100%|HC|  |TAMS 0x0000000086900000, 0x0000000086900000| Untracked 
|  69|0x0000000086900000, 0x0000000086a00000, 0x0000000086a00000|100%|HC|  |TAMS 0x0000000086a00000, 0x0000000086a00000| Untracked 
|  70|0x0000000086a00000, 0x0000000086b00000, 0x0000000086b00000|100%|HC|  |TAMS 0x0000000086b00000, 0x0000000086b00000| Untracked 
|  71|0x0000000086b00000, 0x0000000086c00000, 0x0000000086c00000|100%|HC|  |TAMS 0x0000000086c00000, 0x0000000086c00000| Untracked 
|  72|0x0000000086c00000, 0x0000000086d00000, 0x0000000086d00000|100%|HS|  |TAMS 0x0000000086d00000, 0x0000000086d00000| Untracked 
|  73|0x0000000086d00000, 0x0000000086e00000, 0x0000000086e00000|100%|HC|  |TAMS 0x0000000086e00000, 0x0000000086e00000| Untracked 
|  74|0x0000000086e00000, 0x0000000086f00000, 0x0000000086f00000|100%|HC|  |TAMS 0x0000000086f00000, 0x0000000086f00000| Untracked 
|  75|0x0000000086f00000, 0x0000000087000000, 0x0000000087000000|100%|HC|  |TAMS 0x0000000087000000, 0x0000000087000000| Untracked 
|  76|0x0000000087000000, 0x0000000087100000, 0x0000000087100000|100%|HC|  |TAMS 0x0000000087100000, 0x0000000087100000| Untracked 
|  77|0x0000000087100000, 0x0000000087200000, 0x0000000087200000|100%|HC|  |TAMS 0x0000000087200000, 0x0000000087200000| Untracked 
|  78|0x0000000087200000, 0x0000000087300000, 0x0000000087300000|100%|HC|  |TAMS 0x0000000087300000, 0x0000000087300000| Untracked 
|  79|0x0000000087300000, 0x0000000087400000, 0x0000000087400000|100%|HC|  |TAMS 0x0000000087400000, 0x0000000087400000| Untracked 
|  80|0x0000000087400000, 0x0000000087400000, 0x0000000087500000|  0%| F|  |TAMS 0x0000000087400000, 0x0000000087400000| Untracked 
|  81|0x0000000087500000, 0x0000000087500000, 0x0000000087600000|  0%| F|  |TAMS 0x0000000087500000, 0x0000000087500000| Untracked 
|  82|0x0000000087600000, 0x0000000087600000, 0x0000000087700000|  0%| F|  |TAMS 0x0000000087600000, 0x0000000087600000| Untracked 
|  83|0x0000000087700000, 0x0000000087700000, 0x0000000087800000|  0%| F|  |TAMS 0x0000000087700000, 0x0000000087700000| Untracked 
|  84|0x0000000087800000, 0x0000000087800000, 0x0000000087900000|  0%| F|  |TAMS 0x0000000087800000, 0x0000000087800000| Untracked 
|  85|0x0000000087900000, 0x0000000087900000, 0x0000000087a00000|  0%| F|  |TAMS 0x0000000087900000, 0x0000000087900000| Untracked 
|  86|0x0000000087a00000, 0x0000000087a00000, 0x0000000087b00000|  0%| F|  |TAMS 0x0000000087a00000, 0x0000000087a00000| Untracked 
|  87|0x0000000087b00000, 0x0000000087b00000, 0x0000000087c00000|  0%| F|  |TAMS 0x0000000087b00000, 0x0000000087b00000| Untracked 
|  88|0x0000000087c00000, 0x0000000087c00000, 0x0000000087d00000|  0%| F|  |TAMS 0x0000000087c00000, 0x0000000087c00000| Untracked 
|  89|0x0000000087d00000, 0x0000000087d00000, 0x0000000087e00000|  0%| F|  |TAMS 0x0000000087d00000, 0x0000000087d00000| Untracked 
|  90|0x0000000087e00000, 0x0000000087e00000, 0x0000000087f00000|  0%| F|  |TAMS 0x0000000087e00000, 0x0000000087e00000| Untracked 
|  91|0x0000000087f00000, 0x0000000087f00000, 0x0000000088000000|  0%| F|  |TAMS 0x0000000087f00000, 0x0000000087f00000| Untracked 
|  92|0x0000000088000000, 0x0000000088000000, 0x0000000088100000|  0%| F|  |TAMS 0x0000000088000000, 0x0000000088000000| Untracked 
|  93|0x0000000088100000, 0x0000000088100000, 0x0000000088200000|  0%| F|  |TAMS 0x0000000088100000, 0x0000000088100000| Untracked 
|  94|0x0000000088200000, 0x0000000088200000, 0x0000000088300000|  0%| F|  |TAMS 0x0000000088200000, 0x0000000088200000| Untracked 
|  95|0x0000000088300000, 0x0000000088300000, 0x0000000088400000|  0%| F|  |TAMS 0x0000000088300000, 0x0000000088300000| Untracked 
|  96|0x0000000088400000, 0x0000000088400000, 0x0000000088500000|  0%| F|  |TAMS 0x0000000088400000, 0x0000000088400000| Untracked 
|  97|0x0000000088500000, 0x0000000088500000, 0x0000000088600000|  0%| F|  |TAMS 0x0000000088500000, 0x0000000088500000| Untracked 
|  98|0x0000000088600000, 0x0000000088624cf0, 0x0000000088700000| 14%| O|  |TAMS 0x0000000088600000, 0x0000000088624cf0| Untracked 
|  99|0x0000000088700000, 0x0000000088700000, 0x0000000088800000|  0%| F|  |TAMS 0x0000000088700000, 0x0000000088700000| Untracked 
| 100|0x0000000088800000, 0x0000000088800000, 0x0000000088900000|  0%| F|  |TAMS 0x0000000088800000, 0x0000000088800000| Untracked 
| 101|0x0000000088900000, 0x0000000088900000, 0x0000000088a00000|  0%| F|  |TAMS 0x0000000088900000, 0x0000000088900000| Untracked 
| 102|0x0000000088a00000, 0x0000000088a00000, 0x0000000088b00000|  0%| F|  |TAMS 0x0000000088a00000, 0x0000000088a00000| Untracked 
| 103|0x0000000088b00000, 0x0000000088b00000, 0x0000000088c00000|  0%| F|  |TAMS 0x0000000088b00000, 0x0000000088b00000| Untracked 
| 104|0x0000000088c00000, 0x0000000088c00000, 0x0000000088d00000|  0%| F|  |TAMS 0x0000000088c00000, 0x0000000088c00000| Untracked 
| 105|0x0000000088d00000, 0x0000000088d00000, 0x0000000088e00000|  0%| F|  |TAMS 0x0000000088d00000, 0x0000000088d00000| Untracked 
| 106|0x0000000088e00000, 0x0000000088e00000, 0x0000000088f00000|  0%| F|  |TAMS 0x0000000088e00000, 0x0000000088e00000| Untracked 
| 107|0x0000000088f00000, 0x0000000088f00000, 0x0000000089000000|  0%| F|  |TAMS 0x0000000088f00000, 0x0000000088f00000| Untracked 
| 108|0x0000000089000000, 0x0000000089000000, 0x0000000089100000|  0%| F|  |TAMS 0x0000000089000000, 0x0000000089000000| Untracked 
| 109|0x0000000089100000, 0x0000000089100000, 0x0000000089200000|  0%| F|  |TAMS 0x0000000089100000, 0x0000000089100000| Untracked 
| 110|0x0000000089200000, 0x0000000089200000, 0x0000000089300000|  0%| F|  |TAMS 0x0000000089200000, 0x0000000089200000| Untracked 
| 111|0x0000000089300000, 0x0000000089300000, 0x0000000089400000|  0%| F|  |TAMS 0x0000000089300000, 0x0000000089300000| Untracked 
| 112|0x0000000089400000, 0x0000000089400000, 0x0000000089500000|  0%| F|  |TAMS 0x0000000089400000, 0x0000000089400000| Untracked 
| 113|0x0000000089500000, 0x0000000089500000, 0x0000000089600000|  0%| F|  |TAMS 0x0000000089500000, 0x0000000089500000| Untracked 
| 114|0x0000000089600000, 0x0000000089600000, 0x0000000089700000|  0%| F|  |TAMS 0x0000000089600000, 0x0000000089600000| Untracked 
| 115|0x0000000089700000, 0x0000000089700000, 0x0000000089800000|  0%| F|  |TAMS 0x0000000089700000, 0x0000000089700000| Untracked 
| 116|0x0000000089800000, 0x0000000089800000, 0x0000000089900000|  0%| F|  |TAMS 0x0000000089800000, 0x0000000089800000| Untracked 
| 117|0x0000000089900000, 0x0000000089900000, 0x0000000089a00000|  0%| F|  |TAMS 0x0000000089900000, 0x0000000089900000| Untracked 
| 118|0x0000000089a00000, 0x0000000089a00000, 0x0000000089b00000|  0%| F|  |TAMS 0x0000000089a00000, 0x0000000089a00000| Untracked 
| 119|0x0000000089b00000, 0x0000000089b00000, 0x0000000089c00000|  0%| F|  |TAMS 0x0000000089b00000, 0x0000000089b00000| Untracked 
| 120|0x0000000089c00000, 0x0000000089c00000, 0x0000000089d00000|  0%| F|  |TAMS 0x0000000089c00000, 0x0000000089c00000| Untracked 
| 121|0x0000000089d00000, 0x0000000089d00000, 0x0000000089e00000|  0%| F|  |TAMS 0x0000000089d00000, 0x0000000089d00000| Untracked 
| 122|0x0000000089e00000, 0x0000000089e00000, 0x0000000089f00000|  0%| F|  |TAMS 0x0000000089e00000, 0x0000000089e00000| Untracked 
| 123|0x0000000089f00000, 0x0000000089f00000, 0x000000008a000000|  0%| F|  |TAMS 0x0000000089f00000, 0x0000000089f00000| Untracked 
| 124|0x000000008a000000, 0x000000008a000000, 0x000000008a100000|  0%| F|  |TAMS 0x000000008a000000, 0x000000008a000000| Untracked 
| 125|0x000000008a100000, 0x000000008a100000, 0x000000008a200000|  0%| F|  |TAMS 0x000000008a100000, 0x000000008a100000| Untracked 
| 126|0x000000008a200000, 0x000000008a200000, 0x000000008a300000|  0%| F|  |TAMS 0x000000008a200000, 0x000000008a200000| Untracked 
| 127|0x000000008a300000, 0x000000008a300000, 0x000000008a400000|  0%| F|  |TAMS 0x000000008a300000, 0x000000008a300000| Untracked 
| 128|0x000000008a400000, 0x000000008a400000, 0x000000008a500000|  0%| F|  |TAMS 0x000000008a400000, 0x000000008a400000| Untracked 
| 129|0x000000008a500000, 0x000000008a500000, 0x000000008a600000|  0%| F|  |TAMS 0x000000008a500000, 0x000000008a500000| Untracked 
| 130|0x000000008a600000, 0x000000008a600000, 0x000000008a700000|  0%| F|  |TAMS 0x000000008a600000, 0x000000008a600000| Untracked 
| 131|0x000000008a700000, 0x000000008a700000, 0x000000008a800000|  0%| F|  |TAMS 0x000000008a700000, 0x000000008a700000| Untracked 
| 132|0x000000008a800000, 0x000000008a800000, 0x000000008a900000|  0%| F|  |TAMS 0x000000008a800000, 0x000000008a800000| Untracked 
| 133|0x000000008a900000, 0x000000008a900000, 0x000000008aa00000|  0%| F|  |TAMS 0x000000008a900000, 0x000000008a900000| Untracked 
| 134|0x000000008aa00000, 0x000000008aa00000, 0x000000008ab00000|  0%| F|  |TAMS 0x000000008aa00000, 0x000000008aa00000| Untracked 
| 135|0x000000008ab00000, 0x000000008ab00000, 0x000000008ac00000|  0%| F|  |TAMS 0x000000008ab00000, 0x000000008ab00000| Untracked 
| 136|0x000000008ac00000, 0x000000008ac00000, 0x000000008ad00000|  0%| F|  |TAMS 0x000000008ac00000, 0x000000008ac00000| Untracked 
| 137|0x000000008ad00000, 0x000000008ad00000, 0x000000008ae00000|  0%| F|  |TAMS 0x000000008ad00000, 0x000000008ad00000| Untracked 
| 138|0x000000008ae00000, 0x000000008ae00000, 0x000000008af00000|  0%| F|  |TAMS 0x000000008ae00000, 0x000000008ae00000| Untracked 
| 139|0x000000008af00000, 0x000000008af00000, 0x000000008b000000|  0%| F|  |TAMS 0x000000008af00000, 0x000000008af00000| Untracked 
| 140|0x000000008b000000, 0x000000008b000000, 0x000000008b100000|  0%| F|  |TAMS 0x000000008b000000, 0x000000008b000000| Untracked 
| 141|0x000000008b100000, 0x000000008b100000, 0x000000008b200000|  0%| F|  |TAMS 0x000000008b100000, 0x000000008b100000| Untracked 
| 142|0x000000008b200000, 0x000000008b200000, 0x000000008b300000|  0%| F|  |TAMS 0x000000008b200000, 0x000000008b200000| Untracked 
| 143|0x000000008b300000, 0x000000008b300000, 0x000000008b400000|  0%| F|  |TAMS 0x000000008b300000, 0x000000008b300000| Untracked 
| 144|0x000000008b400000, 0x000000008b400000, 0x000000008b500000|  0%| F|  |TAMS 0x000000008b400000, 0x000000008b400000| Untracked 
| 145|0x000000008b500000, 0x000000008b500000, 0x000000008b600000|  0%| F|  |TAMS 0x000000008b500000, 0x000000008b500000| Untracked 
| 146|0x000000008b600000, 0x000000008b600000, 0x000000008b700000|  0%| F|  |TAMS 0x000000008b600000, 0x000000008b600000| Untracked 
| 147|0x000000008b700000, 0x000000008b700000, 0x000000008b800000|  0%| F|  |TAMS 0x000000008b700000, 0x000000008b700000| Untracked 
| 148|0x000000008b800000, 0x000000008b800000, 0x000000008b900000|  0%| F|  |TAMS 0x000000008b800000, 0x000000008b800000| Untracked 
| 149|0x000000008b900000, 0x000000008b900000, 0x000000008ba00000|  0%| F|  |TAMS 0x000000008b900000, 0x000000008b900000| Untracked 
| 150|0x000000008ba00000, 0x000000008ba00000, 0x000000008bb00000|  0%| F|  |TAMS 0x000000008ba00000, 0x000000008ba00000| Untracked 
| 151|0x000000008bb00000, 0x000000008bb00000, 0x000000008bc00000|  0%| F|  |TAMS 0x000000008bb00000, 0x000000008bb00000| Untracked 
| 152|0x000000008bc00000, 0x000000008bc00000, 0x000000008bd00000|  0%| F|  |TAMS 0x000000008bc00000, 0x000000008bc00000| Untracked 
| 153|0x000000008bd00000, 0x000000008bd00000, 0x000000008be00000|  0%| F|  |TAMS 0x000000008bd00000, 0x000000008bd00000| Untracked 
| 154|0x000000008be00000, 0x000000008be00000, 0x000000008bf00000|  0%| F|  |TAMS 0x000000008be00000, 0x000000008be00000| Untracked 
| 155|0x000000008bf00000, 0x000000008bf00000, 0x000000008c000000|  0%| F|  |TAMS 0x000000008bf00000, 0x000000008bf00000| Untracked 
| 156|0x000000008c000000, 0x000000008c000000, 0x000000008c100000|  0%| F|  |TAMS 0x000000008c000000, 0x000000008c000000| Untracked 
| 157|0x000000008c100000, 0x000000008c100000, 0x000000008c200000|  0%| F|  |TAMS 0x000000008c100000, 0x000000008c100000| Untracked 
| 158|0x000000008c200000, 0x000000008c200000, 0x000000008c300000|  0%| F|  |TAMS 0x000000008c200000, 0x000000008c200000| Untracked 
| 159|0x000000008c300000, 0x000000008c300000, 0x000000008c400000|  0%| F|  |TAMS 0x000000008c300000, 0x000000008c300000| Untracked 
| 160|0x000000008c400000, 0x000000008c400000, 0x000000008c500000|  0%| F|  |TAMS 0x000000008c400000, 0x000000008c400000| Untracked 
| 161|0x000000008c500000, 0x000000008c500000, 0x000000008c600000|  0%| F|  |TAMS 0x000000008c500000, 0x000000008c500000| Untracked 
| 162|0x000000008c600000, 0x000000008c600000, 0x000000008c700000|  0%| F|  |TAMS 0x000000008c600000, 0x000000008c600000| Untracked 
| 163|0x000000008c700000, 0x000000008c700000, 0x000000008c800000|  0%| F|  |TAMS 0x000000008c700000, 0x000000008c700000| Untracked 
| 164|0x000000008c800000, 0x000000008c800000, 0x000000008c900000|  0%| F|  |TAMS 0x000000008c800000, 0x000000008c800000| Untracked 
| 165|0x000000008c900000, 0x000000008c900000, 0x000000008ca00000|  0%| F|  |TAMS 0x000000008c900000, 0x000000008c900000| Untracked 
| 166|0x000000008ca00000, 0x000000008ca00000, 0x000000008cb00000|  0%| F|  |TAMS 0x000000008ca00000, 0x000000008ca00000| Untracked 
| 167|0x000000008cb00000, 0x000000008cb00000, 0x000000008cc00000|  0%| F|  |TAMS 0x000000008cb00000, 0x000000008cb00000| Untracked 
| 168|0x000000008cc00000, 0x000000008cc00000, 0x000000008cd00000|  0%| F|  |TAMS 0x000000008cc00000, 0x000000008cc00000| Untracked 
| 169|0x000000008cd00000, 0x000000008cd00000, 0x000000008ce00000|  0%| F|  |TAMS 0x000000008cd00000, 0x000000008cd00000| Untracked 
| 170|0x000000008ce00000, 0x000000008ce00000, 0x000000008cf00000|  0%| F|  |TAMS 0x000000008ce00000, 0x000000008ce00000| Untracked 
| 171|0x000000008cf00000, 0x000000008cf00000, 0x000000008d000000|  0%| F|  |TAMS 0x000000008cf00000, 0x000000008cf00000| Untracked 
| 172|0x000000008d000000, 0x000000008d000000, 0x000000008d100000|  0%| F|  |TAMS 0x000000008d000000, 0x000000008d000000| Untracked 
| 173|0x000000008d100000, 0x000000008d100000, 0x000000008d200000|  0%| F|  |TAMS 0x000000008d100000, 0x000000008d100000| Untracked 
| 174|0x000000008d200000, 0x000000008d200000, 0x000000008d300000|  0%| F|  |TAMS 0x000000008d200000, 0x000000008d200000| Untracked 
| 175|0x000000008d300000, 0x000000008d300000, 0x000000008d400000|  0%| F|  |TAMS 0x000000008d300000, 0x000000008d300000| Untracked 
| 176|0x000000008d400000, 0x000000008d400000, 0x000000008d500000|  0%| F|  |TAMS 0x000000008d400000, 0x000000008d400000| Untracked 
| 177|0x000000008d500000, 0x000000008d500000, 0x000000008d600000|  0%| F|  |TAMS 0x000000008d500000, 0x000000008d500000| Untracked 
| 178|0x000000008d600000, 0x000000008d600000, 0x000000008d700000|  0%| F|  |TAMS 0x000000008d600000, 0x000000008d600000| Untracked 
| 179|0x000000008d700000, 0x000000008d700000, 0x000000008d800000|  0%| F|  |TAMS 0x000000008d700000, 0x000000008d700000| Untracked 
| 180|0x000000008d800000, 0x000000008d800000, 0x000000008d900000|  0%| F|  |TAMS 0x000000008d800000, 0x000000008d800000| Untracked 
| 181|0x000000008d900000, 0x000000008d900000, 0x000000008da00000|  0%| F|  |TAMS 0x000000008d900000, 0x000000008d900000| Untracked 
| 182|0x000000008da00000, 0x000000008da00000, 0x000000008db00000|  0%| F|  |TAMS 0x000000008da00000, 0x000000008da00000| Untracked 
| 183|0x000000008db00000, 0x000000008db00000, 0x000000008dc00000|  0%| F|  |TAMS 0x000000008db00000, 0x000000008db00000| Untracked 
| 184|0x000000008dc00000, 0x000000008dc00000, 0x000000008dd00000|  0%| F|  |TAMS 0x000000008dc00000, 0x000000008dc00000| Untracked 
| 185|0x000000008dd00000, 0x000000008dd00000, 0x000000008de00000|  0%| F|  |TAMS 0x000000008dd00000, 0x000000008dd00000| Untracked 
| 186|0x000000008de00000, 0x000000008de00000, 0x000000008df00000|  0%| F|  |TAMS 0x000000008de00000, 0x000000008de00000| Untracked 
| 187|0x000000008df00000, 0x000000008df00000, 0x000000008e000000|  0%| F|  |TAMS 0x000000008df00000, 0x000000008df00000| Untracked 
| 188|0x000000008e000000, 0x000000008e003060, 0x000000008e100000|  1%| S|CS|TAMS 0x000000008e000000, 0x000000008e000000| Complete 
| 189|0x000000008e100000, 0x000000008e100000, 0x000000008e200000|  0%| F|  |TAMS 0x000000008e100000, 0x000000008e100000| Untracked 

Card table byte_map: [0x0000013eaabe0000,0x0000013eaafd0000] _byte_map_base: 0x0000013eaa7ce000

Marking Bits (Prev, Next): (CMBitMap*) 0x0000013e91b0dd20, (CMBitMap*) 0x0000013e91b0dd60
 Prev Bits: [0x0000013eab3c0000, 0x0000013ead330000)
 Next Bits: [0x0000013ead330000, 0x0000013eaf2a0000)

Polling page: 0x0000013e91b80000

Metaspace:

Usage:
  Non-class:     10.13 MB used.
      Class:      1.05 MB used.
       Both:     11.17 MB used.

Virtual space:
  Non-class space:       16.00 MB reserved,      10.25 MB ( 64%) committed,  2 nodes.
      Class space:        1.00 GB reserved,       1.12 MB ( <1%) committed,  1 nodes.
             Both:        1.02 GB reserved,      11.38 MB (  1%) committed. 

Chunk freelists:
   Non-Class:  976.00 KB
       Class:  2.70 MB
        Both:  3.66 MB

MaxMetaspaceSize: unlimited
CompressedClassSpaceSize: 1.00 GB
Initial GC threshold: 21.00 MB
Current GC threshold: 21.00 MB
CDS: on
MetaspaceReclaimPolicy: balanced
 - commit_granule_bytes: 65536.
 - commit_granule_words: 8192.
 - virtual_space_node_default_size: 1048576.
 - enlarge_chunks_in_place: 1.
 - new_chunks_are_fully_committed: 0.
 - uncommit_free_chunks: 1.
 - use_allocation_guard: 0.
 - handle_deallocations: 1.


Internal statistics:

num_allocs_failed_limit: 0.
num_arena_births: 156.
num_arena_deaths: 0.
num_vsnodes_births: 3.
num_vsnodes_deaths: 0.
num_space_committed: 182.
num_space_uncommitted: 0.
num_chunks_returned_to_freelist: 0.
num_chunks_taken_from_freelist: 341.
num_chunk_merges: 0.
num_chunk_splits: 214.
num_chunks_enlarged: 146.
num_purges: 0.
num_inconsistent_stats: 0.

CodeHeap 'non-profiled nmethods': size=120000Kb used=2500Kb max_used=2500Kb free=117499Kb
 bounds [0x0000013ea2860000, 0x0000013ea2ae0000, 0x0000013ea9d90000]
CodeHeap 'profiled nmethods': size=120000Kb used=4893Kb max_used=4893Kb free=115106Kb
 bounds [0x0000013e9b330000, 0x0000013e9b800000, 0x0000013ea2860000]
CodeHeap 'non-nmethods': size=5760Kb used=1411Kb max_used=1498Kb free=4348Kb
 bounds [0x0000013e9ad90000, 0x0000013e9b000000, 0x0000013e9b330000]
 total_blobs=3223 nmethods=2536 adapters=599
 compilation: enabled
              stopped_count=0, restarted_count=0
 full_count=0

Compilation events (20 events):
Event: 1036.803 Thread 0x0000013eb1d49ca0 nmethod 2527 0x0000013e9b7f1210 code [0x0000013e9b7f13c0, 0x0000013e9b7f15e8]
Event: 1036.803 Thread 0x0000013eb1d49ca0 2528  s!   3       sun.net.www.protocol.file.Handler::openConnection (271 bytes)
Event: 1036.809 Thread 0x0000013eb1d49ca0 nmethod 2528 0x0000013e9b7f1690 code [0x0000013e9b7f1c00, 0x0000013e9b7f4238]
Event: 1036.809 Thread 0x0000013eb1d49ca0 2529       3       sun.net.www.protocol.file.Handler::createFileURLConnection (10 bytes)
Event: 1036.809 Thread 0x0000013eb1d49ca0 nmethod 2529 0x0000013e9b7f5210 code [0x0000013e9b7f53c0, 0x0000013e9b7f5588]
Event: 1036.810 Thread 0x0000013eb1d483b0 nmethod 2525 0x0000013ea2ad0210 code [0x0000013ea2ad03a0, 0x0000013ea2ad0658]
Event: 1036.849 Thread 0x0000013eb1d49ca0 2530       3       java.lang.Module::getLayer (43 bytes)
Event: 1036.850 Thread 0x0000013eb1d49ca0 nmethod 2530 0x0000013e9b7f5690 code [0x0000013e9b7f5860, 0x0000013e9b7f5c48]
Event: 1036.974 Thread 0x0000013eb1d49ca0 2532       3       java.lang.Integer::hashCode (8 bytes)
Event: 1036.975 Thread 0x0000013eb1d49ca0 nmethod 2532 0x0000013e9b7f5d90 code [0x0000013e9b7f5f20, 0x0000013e9b7f6078]
Event: 1036.975 Thread 0x0000013eb1d49ca0 2533       3       java.lang.Integer::hashCode (2 bytes)
Event: 1036.975 Thread 0x0000013eb1d49ca0 nmethod 2533 0x0000013e9b7f6110 code [0x0000013e9b7f62a0, 0x0000013e9b7f6398]
Event: 1036.979 Thread 0x0000013eb1d49ca0 2534       3       sun.font.SunFontManager::dotStyleStr (44 bytes)
Event: 1036.979 Thread 0x0000013eb1d49ca0 nmethod 2534 0x0000013e9b7f6410 code [0x0000013e9b7f65c0, 0x0000013e9b7f67d8]
Event: 1036.984 Thread 0x0000013eb1d49ca0 2535  s    3       java.awt.geom.Path2D$Float::moveTo (106 bytes)
Event: 1036.984 Thread 0x0000013eb1d483b0 2537       4       java.awt.geom.Path2D$Float$CopyIterator::currentSegment (39 bytes)
Event: 1036.985 Thread 0x0000013eb1d49ca0 nmethod 2535 0x0000013e9b7f6890 code [0x0000013e9b7f6a60, 0x0000013e9b7f6ea8]
Event: 1036.986 Thread 0x0000013eb1d49ca0 2536  s    3       java.awt.geom.Path2D::closePath (46 bytes)
Event: 1036.986 Thread 0x0000013eb1d49ca0 nmethod 2536 0x0000013e9b7f7110 code [0x0000013e9b7f72c0, 0x0000013e9b7f7628]
Event: 1036.990 Thread 0x0000013eb1d483b0 nmethod 2537 0x0000013ea2ad0e10 code [0x0000013ea2ad0fa0, 0x0000013ea2ad1198]

GC Heap History (20 events):
Event: 998.389 GC heap after
{Heap after GC invocations=1555 (full 17):
 garbage-first heap   total 215040K, used 56431K [0x0000000082400000, 0x0000000100000000)
  region size 1024K, 1 young (1024K), 1 survivors (1024K)
 Metaspace       used 11375K, committed 11584K, reserved 1064960K
  class space    used 1066K, committed 1152K, reserved 1048576K
}
Event: 998.979 GC heap before
{Heap before GC invocations=1555 (full 17):
 garbage-first heap   total 215040K, used 90223K [0x0000000082400000, 0x0000000100000000)
  region size 1024K, 2 young (2048K), 1 survivors (1024K)
 Metaspace       used 11375K, committed 11584K, reserved 1064960K
  class space    used 1066K, committed 1152K, reserved 1048576K
}
Event: 998.980 GC heap after
{Heap after GC invocations=1556 (full 17):
 garbage-first heap   total 215040K, used 56435K [0x0000000082400000, 0x0000000100000000)
  region size 1024K, 1 young (1024K), 1 survivors (1024K)
 Metaspace       used 11375K, committed 11584K, reserved 1064960K
  class space    used 1066K, committed 1152K, reserved 1048576K
}
Event: 999.535 GC heap before
{Heap before GC invocations=1556 (full 17):
 garbage-first heap   total 215040K, used 90227K [0x0000000082400000, 0x0000000100000000)
  region size 1024K, 2 young (2048K), 1 survivors (1024K)
 Metaspace       used 11375K, committed 11584K, reserved 1064960K
  class space    used 1066K, committed 1152K, reserved 1048576K
}
Event: 999.537 GC heap after
{Heap after GC invocations=1557 (full 17):
 garbage-first heap   total 215040K, used 56431K [0x0000000082400000, 0x0000000100000000)
  region size 1024K, 1 young (1024K), 1 survivors (1024K)
 Metaspace       used 11375K, committed 11584K, reserved 1064960K
  class space    used 1066K, committed 1152K, reserved 1048576K
}
Event: 999.827 GC heap before
{Heap before GC invocations=1557 (full 17):
 garbage-first heap   total 215040K, used 74863K [0x0000000082400000, 0x0000000100000000)
  region size 1024K, 2 young (2048K), 1 survivors (1024K)
 Metaspace       used 11375K, committed 11584K, reserved 1064960K
  class space    used 1066K, committed 1152K, reserved 1048576K
}
Event: 999.845 GC heap after
{Heap after GC invocations=1558 (full 18):
 garbage-first heap   total 194560K, used 56404K [0x0000000082400000, 0x0000000100000000)
  region size 1024K, 0 young (0K), 0 survivors (0K)
 Metaspace       used 11375K, committed 11584K, reserved 1064960K
  class space    used 1066K, committed 1152K, reserved 1048576K
}
Event: 1036.614 GC heap before
{Heap before GC invocations=1558 (full 18):
 garbage-first heap   total 194560K, used 93268K [0x0000000082400000, 0x0000000100000000)
  region size 1024K, 12 young (12288K), 0 survivors (0K)
 Metaspace       used 11418K, committed 11584K, reserved 1064960K
  class space    used 1070K, committed 1152K, reserved 1048576K
}
Event: 1036.615 GC heap after
{Heap after GC invocations=1559 (full 18):
 garbage-first heap   total 194560K, used 82186K [0x0000000082400000, 0x0000000100000000)
  region size 1024K, 1 young (1024K), 1 survivors (1024K)
 Metaspace       used 11418K, committed 11584K, reserved 1064960K
  class space    used 1070K, committed 1152K, reserved 1048576K
}
Event: 1036.641 GC heap before
{Heap before GC invocations=1559 (full 18):
 garbage-first heap   total 194560K, used 90378K [0x0000000082400000, 0x0000000100000000)
  region size 1024K, 2 young (2048K), 1 survivors (1024K)
 Metaspace       used 11419K, committed 11584K, reserved 1064960K
  class space    used 1070K, committed 1152K, reserved 1048576K
}
Event: 1036.642 GC heap after
{Heap after GC invocations=1560 (full 18):
 garbage-first heap   total 194560K, used 74033K [0x0000000082400000, 0x0000000100000000)
  region size 1024K, 1 young (1024K), 1 survivors (1024K)
 Metaspace       used 11419K, committed 11584K, reserved 1064960K
  class space    used 1070K, committed 1152K, reserved 1048576K
}
Event: 1036.841 GC heap before
{Heap before GC invocations=1560 (full 18):
 garbage-first heap   total 194560K, used 89393K [0x0000000082400000, 0x0000000100000000)
  region size 1024K, 6 young (6144K), 1 survivors (1024K)
 Metaspace       used 11438K, committed 11648K, reserved 1064960K
  class space    used 1070K, committed 1152K, reserved 1048576K
}
Event: 1036.842 GC heap after
{Heap after GC invocations=1561 (full 18):
 garbage-first heap   total 194560K, used 85450K [0x0000000082400000, 0x0000000100000000)
  region size 1024K, 1 young (1024K), 1 survivors (1024K)
 Metaspace       used 11438K, committed 11648K, reserved 1064960K
  class space    used 1070K, committed 1152K, reserved 1048576K
}
Event: 1036.843 GC heap before
{Heap before GC invocations=1561 (full 18):
 garbage-first heap   total 194560K, used 86474K [0x0000000082400000, 0x0000000100000000)
  region size 1024K, 2 young (2048K), 1 survivors (1024K)
 Metaspace       used 11438K, committed 11648K, reserved 1064960K
  class space    used 1070K, committed 1152K, reserved 1048576K
}
Event: 1036.844 GC heap after
{Heap after GC invocations=1562 (full 18):
 garbage-first heap   total 194560K, used 79305K [0x0000000082400000, 0x0000000100000000)
  region size 1024K, 1 young (1024K), 1 survivors (1024K)
 Metaspace       used 11438K, committed 11648K, reserved 1064960K
  class space    used 1070K, committed 1152K, reserved 1048576K
}
Event: 1037.001 GC heap before
{Heap before GC invocations=1562 (full 18):
 garbage-first heap   total 194560K, used 87497K [0x0000000082400000, 0x0000000100000000)
  region size 1024K, 4 young (4096K), 1 survivors (1024K)
 Metaspace       used 11439K, committed 11648K, reserved 1064960K
  class space    used 1070K, committed 1152K, reserved 1048576K
}
Event: 1037.004 GC heap after
{Heap after GC invocations=1563 (full 18):
 garbage-first heap   total 194560K, used 84455K [0x0000000082400000, 0x0000000100000000)
  region size 1024K, 1 young (1024K), 1 survivors (1024K)
 Metaspace       used 11439K, committed 11648K, reserved 1064960K
  class space    used 1070K, committed 1152K, reserved 1048576K
}
Event: 1037.019 GC heap before
{Heap before GC invocations=1563 (full 18):
 garbage-first heap   total 194560K, used 85479K [0x0000000082400000, 0x0000000100000000)
  region size 1024K, 2 young (2048K), 1 survivors (1024K)
 Metaspace       used 11439K, committed 11648K, reserved 1064960K
  class space    used 1070K, committed 1152K, reserved 1048576K
}
Event: 1037.040 GC heap after
{Heap after GC invocations=1564 (full 19):
 garbage-first heap   total 194560K, used 67031K [0x0000000082400000, 0x0000000100000000)
  region size 1024K, 0 young (0K), 0 survivors (0K)
 Metaspace       used 11439K, committed 11648K, reserved 1064960K
  class space    used 1070K, committed 1152K, reserved 1048576K
}
Event: 1040.130 GC heap before
{Heap before GC invocations=1564 (full 19):
 garbage-first heap   total 194560K, used 85463K [0x0000000082400000, 0x0000000100000000)
  region size 1024K, 1 young (1024K), 0 survivors (0K)
 Metaspace       used 11439K, committed 11648K, reserved 1064960K
  class space    used 1070K, committed 1152K, reserved 1048576K
}

Deoptimization events (20 events):
Event: 1036.369 Thread 0x0000013eb4907ef0 DEOPT PACKING pc=0x0000013ea2a4aa80 sp=0x000000233b3fdcc0
Event: 1036.369 Thread 0x0000013eb4907ef0 DEOPT UNPACKING pc=0x0000013e9ade2b43 sp=0x000000233b3fd030 mode 1
Event: 1036.369 Thread 0x0000013eb4907ef0 DEOPT PACKING pc=0x0000013e9b3d958c sp=0x000000233b3fde90
Event: 1036.369 Thread 0x0000013eb4907ef0 DEOPT UNPACKING pc=0x0000013e9ade2b43 sp=0x000000233b3fd300 mode 1
Event: 1036.370 Thread 0x0000013eb4907ef0 DEOPT PACKING pc=0x0000013ea2a4aa80 sp=0x000000233b3fdcc0
Event: 1036.370 Thread 0x0000013eb4907ef0 DEOPT UNPACKING pc=0x0000013e9ade2b43 sp=0x000000233b3fd030 mode 1
Event: 1036.370 Thread 0x0000013eb4907ef0 DEOPT PACKING pc=0x0000013e9b3d958c sp=0x000000233b3fde90
Event: 1036.370 Thread 0x0000013eb4907ef0 DEOPT UNPACKING pc=0x0000013e9ade2b43 sp=0x000000233b3fd300 mode 1
Event: 1036.371 Thread 0x0000013eb4907ef0 DEOPT PACKING pc=0x0000013ea2a4aa80 sp=0x000000233b3fdcc0
Event: 1036.371 Thread 0x0000013eb4907ef0 DEOPT UNPACKING pc=0x0000013e9ade2b43 sp=0x000000233b3fd030 mode 1
Event: 1036.371 Thread 0x0000013eb4907ef0 DEOPT PACKING pc=0x0000013e9b3d958c sp=0x000000233b3fde90
Event: 1036.371 Thread 0x0000013eb4907ef0 DEOPT UNPACKING pc=0x0000013e9ade2b43 sp=0x000000233b3fd300 mode 1
Event: 1036.378 Thread 0x0000013eb4909230 DEOPT PACKING pc=0x0000013e9b4645ec sp=0x000000233b4fb070
Event: 1036.378 Thread 0x0000013eb4909230 DEOPT UNPACKING pc=0x0000013e9ade2b43 sp=0x000000233b4fa520 mode 1
Event: 1036.381 Thread 0x0000013eb4909230 DEOPT PACKING pc=0x0000013e9b4645ec sp=0x000000233b4fb070
Event: 1036.381 Thread 0x0000013eb4909230 DEOPT UNPACKING pc=0x0000013e9ade2b43 sp=0x000000233b4fa520 mode 1
Event: 1036.383 Thread 0x0000013eb4909230 DEOPT PACKING pc=0x0000013e9b4645ec sp=0x000000233b4fb070
Event: 1036.383 Thread 0x0000013eb4909230 DEOPT UNPACKING pc=0x0000013e9ade2b43 sp=0x000000233b4fa520 mode 1
Event: 1036.387 Thread 0x0000013eb4909230 DEOPT PACKING pc=0x0000013e9b4645ec sp=0x000000233b4fb070
Event: 1036.387 Thread 0x0000013eb4909230 DEOPT UNPACKING pc=0x0000013e9ade2b43 sp=0x000000233b4fa520 mode 1

Classes unloaded (0 events):
No events

Classes redefined (0 events):
No events

Internal exceptions (20 events):
Event: 2.198 Thread 0x0000013eb2e02ee0 Exception <a 'java/lang/ClassNotFoundException'{0x000000008a1cf430}: sun/net/www/protocol/c/Handler> (0x000000008a1cf430) 
thrown [s\src\hotspot\share\classfile\systemDictionary.cpp, line 256]
Event: 2.293 Thread 0x0000013eb2e02ee0 Exception <a 'java/lang/NoSuchMethodError'{0x000000008a033a98}: 'java.lang.Object java.lang.invoke.DirectMethodHandle$Holder.invokeStaticInit(java.lang.Object, int, int, int, int)'> (0x000000008a033a98) 
thrown [s\src\hotspot\share\interpreter\linkResolver.cpp, line 759]
Event: 2.439 Thread 0x0000013eb2e02ee0 Exception <a 'java/lang/NoSuchMethodError'{0x000000008a0858e8}: 'java.lang.Object java.lang.invoke.DirectMethodHandle$Holder.invokeStaticInit(java.lang.Object, java.lang.Object, int, int, int, int)'> (0x000000008a0858e8) 
thrown [s\src\hotspot\share\interpreter\linkResolver.cpp, line 759]
Event: 2.657 Thread 0x0000013eb3161610 Exception <a 'java/lang/NoSuchMethodError'{0x0000000089f62ca8}: 'void java.lang.invoke.DirectMethodHandle$Holder.invokeSpecial(java.lang.Object, java.lang.Object, java.lang.Object)'> (0x0000000089f62ca8) 
thrown [s\src\hotspot\share\interpreter\linkResolver.cpp, line 759]
Event: 2.662 Thread 0x0000013eb3161610 Exception <a 'java/lang/NoSuchMethodError'{0x0000000089f6e5d8}: 'void java.lang.invoke.DirectMethodHandle$Holder.invokeStatic(java.lang.Object, java.lang.Object, java.lang.Object)'> (0x0000000089f6e5d8) 
thrown [s\src\hotspot\share\interpreter\linkResolver.cpp, line 759]
Event: 2.729 Thread 0x0000013eb3186980 Exception <a 'java/lang/NoSuchMethodError'{0x0000000089e62090}: 'java.lang.Object java.lang.invoke.DirectMethodHandle$Holder.invokeStatic(java.lang.Object, int, java.lang.Object)'> (0x0000000089e62090) 
thrown [s\src\hotspot\share\interpreter\linkResolver.cpp, line 759]
Event: 2.739 Thread 0x0000013eb3186980 Exception <a 'java/lang/ClassNotFoundException'{0x0000000089e74868}: sun/util/logging/resources/spi/loggingProvider> (0x0000000089e74868) 
thrown [s\src\hotspot\share\classfile\systemDictionary.cpp, line 256]
Event: 3.685 Thread 0x0000013eb3186980 Exception <a 'java/lang/NoSuchMethodError'{0x0000000089eefd28}: 'int java.lang.invoke.DirectMethodHandle$Holder.invokeStaticInit(java.lang.Object, java.lang.Object, java.lang.Object)'> (0x0000000089eefd28) 
thrown [s\src\hotspot\share\interpreter\linkResolver.cpp, line 759]
Event: 3.730 Thread 0x0000013eb3186980 Exception <a 'java/lang/NoSuchMethodError'{0x0000000089da3b38}: 'java.lang.Object java.lang.invoke.DirectMethodHandle$Holder.newInvokeSpecial(java.lang.Object, java.lang.Object, int, java.lang.Object)'> (0x0000000089da3b38) 
thrown [s\src\hotspot\share\interpreter\linkResolver.cpp, line 759]
Event: 3.731 Thread 0x0000013eb3186980 Exception <a 'java/lang/NoSuchMethodError'{0x0000000089da7c70}: 'java.lang.Object java.lang.invoke.DirectMethodHandle$Holder.invokeSpecial(java.lang.Object, java.lang.Object, java.lang.Object, int, java.lang.Object)'> (0x0000000089da7c70) 
thrown [s\src\hotspot\share\interpreter\linkResolver.cpp, line 759]
Event: 3.860 Thread 0x0000013eb473e7f0 Exception <a 'java/lang/NoSuchMethodError'{0x000000008a0220e8}: 'void java.lang.invoke.DirectMethodHandle$Holder.invokeStaticInit(java.lang.Object)'> (0x000000008a0220e8) 
thrown [s\src\hotspot\share\interpreter\linkResolver.cpp, line 759]
Event: 3.880 Thread 0x0000013eb3161610 Exception <a 'java/lang/NoSuchMethodError'{0x000000008a08e210}: 'java.lang.Object java.lang.invoke.Invokers$Holder.invoke_MT(java.lang.Object, java.lang.Object, java.lang.Object)'> (0x000000008a08e210) 
thrown [s\src\hotspot\share\interpreter\linkResolver.cpp, line 759]
Event: 4.816 Thread 0x0000013eb4907ef0 Implicit null exception at 0x0000013ea28d5f20 to 0x0000013ea28d76e8
Event: 332.211 Thread 0x0000013eb4907ef0 Implicit null exception at 0x0000013ea29b12e4 to 0x0000013ea29b13b0
Event: 334.002 Thread 0x0000013eb4909230 Implicit null exception at 0x0000013ea29dfd80 to 0x0000013ea29e1454
Event: 443.984 Thread 0x0000013eb4907ef0 Exception <a 'java/lang/NoSuchMethodError'{0x00000000883aa948}: 'void java.lang.invoke.DirectMethodHandle$Holder.invokeSpecial(java.lang.Object, java.lang.Object, int)'> (0x00000000883aa948) 
thrown [s\src\hotspot\share\interpreter\linkResolver.cpp, line 759]
Event: 443.986 Thread 0x0000013eb4907ef0 Exception <a 'java/lang/NoSuchMethodError'{0x00000000883b05a0}: 'java.lang.Object java.lang.invoke.DirectMethodHandle$Holder.newInvokeSpecial(java.lang.Object, java.lang.Object, int)'> (0x00000000883b05a0) 
thrown [s\src\hotspot\share\interpreter\linkResolver.cpp, line 759]
Event: 452.082 Thread 0x0000013eb4909230 Exception <a 'java/lang/InterruptedException'{0x000000008c6053f0}: sleep interrupted> (0x000000008c6053f0) 
thrown [s\src\hotspot\share\prims\jvm.cpp, line 3070]
Event: 477.668 Thread 0x0000013eb4909230 Exception <a 'java/lang/InterruptedException'{0x0000000090803b68}: sleep interrupted> (0x0000000090803b68) 
thrown [s\src\hotspot\share\prims\jvm.cpp, line 3070]
Event: 523.289 Thread 0x0000013eb2f98320 Exception <a 'java/lang/NoSuchMethodError'{0x000000008c4043a8}: 'void java.lang.invoke.DirectMethodHandle$Holder.invokeInterface(java.lang.Object, java.lang.Object)'> (0x000000008c4043a8) 
thrown [s\src\hotspot\share\interpreter\linkResolver.cpp, line 759]

VM Operations (20 events):
Event: 1036.843 Executing VM operation: G1TryInitiateConcMark done
Event: 1036.843 Executing VM operation: G1TryInitiateConcMark
Event: 1036.844 Executing VM operation: G1TryInitiateConcMark done
Event: 1036.931 Executing VM operation: get/set locals
Event: 1036.931 Executing VM operation: get/set locals done
Event: 1036.949 Executing VM operation: get/set locals
Event: 1036.949 Executing VM operation: get/set locals done
Event: 1037.001 Executing VM operation: G1TryInitiateConcMark
Event: 1037.001 Executing VM operation: G1TryInitiateConcMark done
Event: 1037.001 Executing VM operation: G1TryInitiateConcMark
Event: 1037.004 Executing VM operation: G1TryInitiateConcMark done
Event: 1037.018 Executing VM operation: G1CollectFull
Event: 1037.041 Executing VM operation: G1CollectFull done
Event: 1037.041 Executing VM operation: Cleanup
Event: 1037.041 Executing VM operation: Cleanup done
Event: 1040.041 Executing VM operation: Cleanup
Event: 1040.041 Executing VM operation: Cleanup done
Event: 1040.127 Executing VM operation: G1TryInitiateConcMark
Event: 1040.127 Executing VM operation: G1TryInitiateConcMark done
Event: 1040.130 Executing VM operation: G1CollectForAllocation

Events (20 events):
Event: 94.690 Thread 0x0000013eb4f53c60 Thread added: 0x0000013eb4f53c60
Event: 95.776 Thread 0x0000013eb4f53c60 Thread exited: 0x0000013eb4f53c60
Event: 483.579 Thread 0x0000013eb4f55470 Thread added: 0x0000013eb4f55470
Event: 484.596 Thread 0x0000013eb4f55470 Thread exited: 0x0000013eb4f55470
Event: 523.283 loading class java/util/concurrent/CompletableFuture
Event: 523.284 loading class java/util/concurrent/CompletionStage
Event: 523.285 loading class java/util/concurrent/CompletionStage done
Event: 523.285 loading class java/util/concurrent/CompletableFuture done
Event: 523.286 loading class java/util/concurrent/CompletableFuture$AltResult
Event: 523.286 loading class java/util/concurrent/CompletableFuture$AltResult done
Event: 523.286 loading class java/util/concurrent/CompletableFuture$Completion
Event: 523.286 loading class java/util/concurrent/CompletableFuture$AsynchronousCompletionTask
Event: 523.286 loading class java/util/concurrent/CompletableFuture$AsynchronousCompletionTask done
Event: 523.286 loading class java/util/concurrent/CompletableFuture$Completion done
Event: 523.289 loading class java/util/concurrent/CompletableFuture$Signaller
Event: 523.289 loading class java/util/concurrent/CompletableFuture$Signaller done
Event: 523.294 Thread 0x0000013eb4f54fa0 Thread added: 0x0000013eb4f54fa0
Event: 523.294 Thread 0x0000013eb2f98320 Thread exited: 0x0000013eb2f98320
Event: 523.448 Thread 0x0000013eb4f57150 Thread added: 0x0000013eb4f57150
Event: 523.448 Thread 0x0000013eb4f54fa0 Thread exited: 0x0000013eb4f54fa0


Dynamic libraries:
0x00007ff75ca80000 - 0x00007ff75ca8e000 	C:\Program Files\Greenfoot\jdk\bin\java.exe
0x00007ffb0fe10000 - 0x00007ffb10027000 	C:\WINDOWS\SYSTEM32\ntdll.dll
0x00007ffb0ec10000 - 0x00007ffb0ecd4000 	C:\WINDOWS\System32\KERNEL32.DLL
0x00007ffb0d2e0000 - 0x00007ffb0d687000 	C:\WINDOWS\System32\KERNELBASE.dll
0x00007ffb0d690000 - 0x00007ffb0d7a1000 	C:\WINDOWS\System32\ucrtbase.dll
0x00007ffb06920000 - 0x00007ffb06939000 	C:\Program Files\Greenfoot\jdk\bin\VCRUNTIME140.dll
0x00007ffb08b90000 - 0x00007ffb08ba8000 	C:\Program Files\Greenfoot\jdk\bin\jli.dll
0x00007ffb00b40000 - 0x00007ffb00dd3000 	C:\WINDOWS\WinSxS\amd64_microsoft.windows.common-controls_6595b64144ccf1df_6.0.22621.3527_none_270e469b73872a76\COMCTL32.dll
0x00007ffb0e590000 - 0x00007ffb0e637000 	C:\WINDOWS\System32\msvcrt.dll
0x00007ffb0fda0000 - 0x00007ffb0fdc9000 	C:\WINDOWS\System32\GDI32.dll
0x00007ffb0d9a0000 - 0x00007ffb0d9c6000 	C:\WINDOWS\System32\win32u.dll
0x00007ffb0d880000 - 0x00007ffb0d999000 	C:\WINDOWS\System32\gdi32full.dll
0x00007ffb0d7e0000 - 0x00007ffb0d87a000 	C:\WINDOWS\System32\msvcp_win.dll
0x00007ffb0ee20000 - 0x00007ffb0efce000 	C:\WINDOWS\System32\USER32.dll
0x00007ffb0db40000 - 0x00007ffb0db71000 	C:\WINDOWS\System32\IMM32.DLL
0x00007ffb09f80000 - 0x00007ffb09f8c000 	C:\Program Files\Greenfoot\jdk\bin\vcruntime140_1.dll
0x00007ffafc790000 - 0x00007ffafc821000 	C:\Program Files\Greenfoot\jdk\bin\msvcp140.dll
0x00007ffaa5340000 - 0x00007ffaa5f86000 	C:\Program Files\Greenfoot\jdk\bin\server\jvm.dll
0x00007ffb0e640000 - 0x00007ffb0e6f2000 	C:\WINDOWS\System32\ADVAPI32.dll
0x00007ffb0ece0000 - 0x00007ffb0ed88000 	C:\WINDOWS\System32\sechost.dll
0x00007ffb0d7b0000 - 0x00007ffb0d7d8000 	C:\WINDOWS\System32\bcrypt.dll
0x00007ffb0fc80000 - 0x00007ffb0fd95000 	C:\WINDOWS\System32\RPCRT4.dll
0x00007ffb0e430000 - 0x00007ffb0e438000 	C:\WINDOWS\System32\PSAPI.DLL
0x00007ffafe530000 - 0x00007ffafe539000 	C:\WINDOWS\SYSTEM32\WSOCK32.dll
0x00007ffb06490000 - 0x00007ffb064c4000 	C:\WINDOWS\SYSTEM32\WINMM.dll
0x00007ffb06460000 - 0x00007ffb0646a000 	C:\WINDOWS\SYSTEM32\VERSION.dll
0x00007ffb0eb90000 - 0x00007ffb0ec01000 	C:\WINDOWS\System32\WS2_32.dll
0x00007ffb0c150000 - 0x00007ffb0c168000 	C:\WINDOWS\SYSTEM32\kernel.appcore.dll
0x00007ffb08b80000 - 0x00007ffb08b8a000 	C:\Program Files\Greenfoot\jdk\bin\jimage.dll
0x00007ffb0aa60000 - 0x00007ffb0ac92000 	C:\WINDOWS\SYSTEM32\DBGHELP.DLL
0x00007ffb0e070000 - 0x00007ffb0e3f8000 	C:\WINDOWS\System32\combase.dll
0x00007ffb0fba0000 - 0x00007ffb0fc77000 	C:\WINDOWS\System32\OLEAUT32.dll
0x00007ffb05690000 - 0x00007ffb056c2000 	C:\WINDOWS\SYSTEM32\dbgcore.DLL
0x00007ffb0d130000 - 0x00007ffb0d1a9000 	C:\WINDOWS\System32\bcryptPrimitives.dll
0x00007ffafafe0000 - 0x00007ffafb01b000 	C:\Program Files\Greenfoot\jdk\bin\jdwp.dll
0x00007ffb066e0000 - 0x00007ffb06705000 	C:\Program Files\Greenfoot\jdk\bin\java.dll
0x00007ffafc6b0000 - 0x00007ffafc786000 	C:\Program Files\Greenfoot\jdk\bin\jsvml.dll
0x00007ffb0f2f0000 - 0x00007ffb0fb4c000 	C:\WINDOWS\System32\SHELL32.dll
0x00007ffb0b070000 - 0x00007ffb0b966000 	C:\WINDOWS\SYSTEM32\windows.storage.dll
0x00007ffb0af30000 - 0x00007ffb0b06e000 	C:\WINDOWS\SYSTEM32\wintypes.dll
0x00007ffb0e710000 - 0x00007ffb0e805000 	C:\WINDOWS\System32\SHCORE.dll
0x00007ffb0e440000 - 0x00007ffb0e49e000 	C:\WINDOWS\System32\shlwapi.dll
0x00007ffb0d060000 - 0x00007ffb0d081000 	C:\WINDOWS\SYSTEM32\profapi.dll
0x00007ffb06670000 - 0x00007ffb0667b000 	C:\Program Files\Greenfoot\jdk\bin\dt_shmem.dll
0x00007ffb066c0000 - 0x00007ffb066d9000 	C:\Program Files\Greenfoot\jdk\bin\net.dll
0x00007ffb06130000 - 0x00007ffb06266000 	C:\WINDOWS\SYSTEM32\WINHTTP.dll
0x00007ffb0c5c0000 - 0x00007ffb0c629000 	C:\WINDOWS\system32\mswsock.dll
0x00007ffb05840000 - 0x00007ffb05855000 	C:\Program Files\Greenfoot\jdk\bin\nio.dll
0x00007ffb05400000 - 0x00007ffb05418000 	C:\Program Files\Greenfoot\jdk\bin\zip.dll
0x00007ffaeb6f0000 - 0x00007ffaeb87e000 	C:\Program Files\Greenfoot\jdk\bin\awt.dll
0x00007ffb09010000 - 0x00007ffb090a7000 	C:\WINDOWS\SYSTEM32\apphelp.dll
0x00007ffb0a2c0000 - 0x00007ffb0a36b000 	C:\WINDOWS\system32\uxtheme.dll
0x00007ffb0efd0000 - 0x00007ffb0f123000 	C:\WINDOWS\System32\MSCTF.dll
0x00007ffb0e810000 - 0x00007ffb0e9b5000 	C:\WINDOWS\System32\ole32.dll
0x00007ffb0c820000 - 0x00007ffb0c83b000 	C:\WINDOWS\SYSTEM32\CRYPTSP.dll
0x00007ffb0c0b0000 - 0x00007ffb0c0e5000 	C:\WINDOWS\system32\rsaenh.dll
0x00007ffb0c6c0000 - 0x00007ffb0c6e8000 	C:\WINDOWS\SYSTEM32\USERENV.dll
0x00007ffb0c840000 - 0x00007ffb0c84c000 	C:\WINDOWS\SYSTEM32\CRYPTBASE.dll
0x00007ffb0bbd0000 - 0x00007ffb0bbfd000 	C:\WINDOWS\SYSTEM32\IPHLPAPI.DLL
0x00007ffb0e700000 - 0x00007ffb0e709000 	C:\WINDOWS\System32\NSI.dll
0x00007ffb05bc0000 - 0x00007ffb05bd9000 	C:\WINDOWS\SYSTEM32\dhcpcsvc6.DLL
0x00007ffb05ba0000 - 0x00007ffb05bbf000 	C:\WINDOWS\SYSTEM32\dhcpcsvc.DLL
0x00007ffb0bc40000 - 0x00007ffb0bd38000 	C:\WINDOWS\SYSTEM32\DNSAPI.dll
0x00007ffb0a6d0000 - 0x00007ffb0a6fb000 	C:\WINDOWS\system32\DWMAPI.DLL
0x00007ffadfbb0000 - 0x00007ffadfcb0000 	C:\WINDOWS\system32\opengl32.dll
0x00007ffae13e0000 - 0x00007ffae140d000 	C:\WINDOWS\SYSTEM32\GLU32.dll
0x00007ffb0a3a0000 - 0x00007ffb0a3d9000 	C:\WINDOWS\SYSTEM32\dxcore.dll
0x0000013eb1f70000 - 0x0000013eb1f73000 	C:\Users\elena\.openjfx\cache\20.0.1+2\amd64\api-ms-win-core-console-l1-1-0.dll
0x0000013eb1f80000 - 0x0000013eb1f83000 	C:\Users\elena\.openjfx\cache\20.0.1+2\amd64\api-ms-win-core-console-l1-2-0.dll
0x0000013eb1f90000 - 0x0000013eb1f93000 	C:\Users\elena\.openjfx\cache\20.0.1+2\amd64\api-ms-win-core-datetime-l1-1-0.dll
0x0000013eb1fa0000 - 0x0000013eb1fa3000 	C:\Users\elena\.openjfx\cache\20.0.1+2\amd64\api-ms-win-core-debug-l1-1-0.dll
0x0000013eb1fb0000 - 0x0000013eb1fb3000 	C:\Users\elena\.openjfx\cache\20.0.1+2\amd64\api-ms-win-core-errorhandling-l1-1-0.dll
0x0000013eb1fc0000 - 0x0000013eb1fc4000 	C:\Users\elena\.openjfx\cache\20.0.1+2\amd64\api-ms-win-core-file-l1-1-0.dll
0x0000013eb1fd0000 - 0x0000013eb1fd3000 	C:\Users\elena\.openjfx\cache\20.0.1+2\amd64\api-ms-win-core-file-l1-2-0.dll
0x0000013eb1fe0000 - 0x0000013eb1fe3000 	C:\Users\elena\.openjfx\cache\20.0.1+2\amd64\api-ms-win-core-file-l2-1-0.dll
0x0000013eb1ff0000 - 0x0000013eb1ff3000 	C:\Users\elena\.openjfx\cache\20.0.1+2\amd64\api-ms-win-core-handle-l1-1-0.dll
0x0000013eb3590000 - 0x0000013eb3593000 	C:\Users\elena\.openjfx\cache\20.0.1+2\amd64\api-ms-win-core-heap-l1-1-0.dll
0x0000013eb35a0000 - 0x0000013eb35a3000 	C:\Users\elena\.openjfx\cache\20.0.1+2\amd64\api-ms-win-core-interlocked-l1-1-0.dll
0x0000013eb35b0000 - 0x0000013eb35b3000 	C:\Users\elena\.openjfx\cache\20.0.1+2\amd64\api-ms-win-core-libraryloader-l1-1-0.dll
0x0000013eb35c0000 - 0x0000013eb35c3000 	C:\Users\elena\.openjfx\cache\20.0.1+2\amd64\api-ms-win-core-localization-l1-2-0.dll
0x0000013eb35d0000 - 0x0000013eb35d3000 	C:\Users\elena\.openjfx\cache\20.0.1+2\amd64\api-ms-win-core-memory-l1-1-0.dll
0x0000013eb35e0000 - 0x0000013eb35e3000 	C:\Users\elena\.openjfx\cache\20.0.1+2\amd64\api-ms-win-core-namedpipe-l1-1-0.dll
0x0000013eb35f0000 - 0x0000013eb35f3000 	C:\Users\elena\.openjfx\cache\20.0.1+2\amd64\api-ms-win-core-processenvironment-l1-1-0.dll
0x0000013eb3600000 - 0x0000013eb3603000 	C:\Users\elena\.openjfx\cache\20.0.1+2\amd64\api-ms-win-core-processthreads-l1-1-0.dll
0x0000013eb3610000 - 0x0000013eb3613000 	C:\Users\elena\.openjfx\cache\20.0.1+2\amd64\api-ms-win-core-processthreads-l1-1-1.dll
0x0000013eb3620000 - 0x0000013eb3623000 	C:\Users\elena\.openjfx\cache\20.0.1+2\amd64\api-ms-win-core-profile-l1-1-0.dll
0x0000013eb3630000 - 0x0000013eb3633000 	C:\Users\elena\.openjfx\cache\20.0.1+2\amd64\api-ms-win-core-rtlsupport-l1-1-0.dll
0x0000013eb3640000 - 0x0000013eb3643000 	C:\Users\elena\.openjfx\cache\20.0.1+2\amd64\api-ms-win-core-string-l1-1-0.dll
0x0000013eb3650000 - 0x0000013eb3653000 	C:\Users\elena\.openjfx\cache\20.0.1+2\amd64\api-ms-win-core-synch-l1-1-0.dll
0x0000013eb3660000 - 0x0000013eb3663000 	C:\Users\elena\.openjfx\cache\20.0.1+2\amd64\api-ms-win-core-synch-l1-2-0.dll
0x0000013eb3670000 - 0x0000013eb3673000 	C:\Users\elena\.openjfx\cache\20.0.1+2\amd64\api-ms-win-core-sysinfo-l1-1-0.dll
0x0000013eb3680000 - 0x0000013eb3683000 	C:\Users\elena\.openjfx\cache\20.0.1+2\amd64\api-ms-win-core-timezone-l1-1-0.dll
0x0000013eb3690000 - 0x0000013eb3693000 	C:\Users\elena\.openjfx\cache\20.0.1+2\amd64\api-ms-win-core-util-l1-1-0.dll
0x0000013eb36a0000 - 0x0000013eb36a3000 	C:\Users\elena\.openjfx\cache\20.0.1+2\amd64\api-ms-win-crt-conio-l1-1-0.dll
0x0000013eb36b0000 - 0x0000013eb36b4000 	C:\Users\elena\.openjfx\cache\20.0.1+2\amd64\api-ms-win-crt-convert-l1-1-0.dll
0x0000013eb36c0000 - 0x0000013eb36c3000 	C:\Users\elena\.openjfx\cache\20.0.1+2\amd64\api-ms-win-crt-environment-l1-1-0.dll
0x0000013eb36d0000 - 0x0000013eb36d3000 	C:\Users\elena\.openjfx\cache\20.0.1+2\amd64\api-ms-win-crt-filesystem-l1-1-0.dll
0x0000013eb36e0000 - 0x0000013eb36e3000 	C:\Users\elena\.openjfx\cache\20.0.1+2\amd64\api-ms-win-crt-heap-l1-1-0.dll
0x0000013eb36f0000 - 0x0000013eb36f3000 	C:\Users\elena\.openjfx\cache\20.0.1+2\amd64\api-ms-win-crt-locale-l1-1-0.dll
0x0000013eb3700000 - 0x0000013eb3705000 	C:\Users\elena\.openjfx\cache\20.0.1+2\amd64\api-ms-win-crt-math-l1-1-0.dll
0x0000013eb3710000 - 0x0000013eb3715000 	C:\Users\elena\.openjfx\cache\20.0.1+2\amd64\api-ms-win-crt-multibyte-l1-1-0.dll
0x0000013eb3720000 - 0x0000013eb3730000 	C:\Users\elena\.openjfx\cache\20.0.1+2\amd64\api-ms-win-crt-private-l1-1-0.dll
0x0000013eb3730000 - 0x0000013eb3733000 	C:\Users\elena\.openjfx\cache\20.0.1+2\amd64\api-ms-win-crt-process-l1-1-0.dll
0x0000013eb3740000 - 0x0000013eb3744000 	C:\Users\elena\.openjfx\cache\20.0.1+2\amd64\api-ms-win-crt-runtime-l1-1-0.dll
0x0000013eb3750000 - 0x0000013eb3754000 	C:\Users\elena\.openjfx\cache\20.0.1+2\amd64\api-ms-win-crt-stdio-l1-1-0.dll
0x0000013eb3760000 - 0x0000013eb3764000 	C:\Users\elena\.openjfx\cache\20.0.1+2\amd64\api-ms-win-crt-string-l1-1-0.dll
0x0000013eb5490000 - 0x0000013eb5493000 	C:\Users\elena\.openjfx\cache\20.0.1+2\amd64\api-ms-win-crt-time-l1-1-0.dll
0x0000013eb54a0000 - 0x0000013eb54a3000 	C:\Users\elena\.openjfx\cache\20.0.1+2\amd64\api-ms-win-crt-utility-l1-1-0.dll
0x00007ffafb020000 - 0x00007ffafb11c000 	C:\Users\elena\.openjfx\cache\20.0.1+2\amd64\ucrtbase.dll
0x00007ffb053e0000 - 0x00007ffb053fb000 	C:\Users\elena\.openjfx\cache\20.0.1+2\amd64\vcruntime140.dll
0x00007ffb07e70000 - 0x00007ffb07e7c000 	C:\Users\elena\.openjfx\cache\20.0.1+2\amd64\vcruntime140_1.dll
0x00007ffaf6390000 - 0x00007ffaf641e000 	C:\Users\elena\.openjfx\cache\20.0.1+2\amd64\msvcp140.dll
0x00007ffb07e40000 - 0x00007ffb07e49000 	C:\Users\elena\.openjfx\cache\20.0.1+2\amd64\msvcp140_1.dll
0x00007ffb04590000 - 0x00007ffb045c0000 	C:\Users\elena\.openjfx\cache\20.0.1+2\amd64\msvcp140_2.dll
0x00007ffafdf50000 - 0x00007ffafdf7f000 	C:\Users\elena\.openjfx\cache\20.0.1+2\amd64\prism_d3d.dll
0x00007ffa87390000 - 0x00007ffa87539000 	C:\WINDOWS\system32\d3d9.dll
0x00007ffaec550000 - 0x00007ffaec6b3000 	C:\WINDOWS\System32\DriverStore\FileRepository\iigd_dch.inf_amd64_e9b40d45ab4dc6b8\igdumdim64.dll
0x00007ffa81620000 - 0x00007ffa85024000 	C:\WINDOWS\System32\DriverStore\FileRepository\iigd_dch.inf_amd64_e9b40d45ab4dc6b8\igd9dxva64.dll
0x00007ffb0db80000 - 0x00007ffb0dff4000 	C:\WINDOWS\System32\SETUPAPI.dll
0x00007ffb0cd20000 - 0x00007ffb0cd6e000 	C:\WINDOWS\SYSTEM32\cfgmgr32.dll
0x00007ffaf0d70000 - 0x00007ffaf0faf000 	C:\WINDOWS\System32\DriverStore\FileRepository\iigd_dch.inf_amd64_e9b40d45ab4dc6b8\igdgmm64.dll
0x00007ffaf3ec0000 - 0x00007ffaf3f0a000 	C:\WINDOWS\SYSTEM32\directxdatabasehelper.dll
0x00007ffaf6340000 - 0x00007ffaf6382000 	C:\Users\elena\.openjfx\cache\20.0.1+2\amd64\glass.dll
0x00007ffb0ea90000 - 0x00007ffb0eb87000 	C:\WINDOWS\System32\COMDLG32.dll
0x00007ffabdc40000 - 0x00007ffabdc67000 	C:\WINDOWS\System32\DriverStore\FileRepository\iigd_dch.inf_amd64_e9b40d45ab4dc6b8\igdinfo64.dll
0x00007ffaedf40000 - 0x00007ffaf0ba2000 	C:\WINDOWS\System32\DriverStore\FileRepository\iigd_dch.inf_amd64_e9b40d45ab4dc6b8\igc64.dll
0x00007ffaf5e50000 - 0x00007ffaf5e7d000 	C:\Program Files\Greenfoot\jdk\bin\javajpeg.dll
0x00007ffaebc80000 - 0x00007ffaebd06000 	C:\Program Files\Greenfoot\jdk\bin\freetype.dll

dbghelp: loaded successfully - version: 4.0.5 - missing functions: none
symbol engine: initialized successfully - sym options: 0x614 - pdb path: .;C:\Program Files\Greenfoot\jdk\bin;C:\WINDOWS\SYSTEM32;C:\WINDOWS\WinSxS\amd64_microsoft.windows.common-controls_6595b64144ccf1df_6.0.22621.3527_none_270e469b73872a76;C:\Program Files\Greenfoot\jdk\bin\server;C:\Users\elena\.openjfx\cache\20.0.1+2\amd64;C:\WINDOWS\System32\DriverStore\FileRepository\iigd_dch.inf_amd64_e9b40d45ab4dc6b8

VM Arguments:
jvm_args: -XX:MaxGCPauseMillis=50 -agentlib:jdwp=transport=dt_shmem,address=javadebug -Dfile.encoding=UTF-8 
java_command: bluej.runtime.ExecServer UTF-8
java_class_path (initial): C:\Program Files\Greenfoot\lib\greenfoot.jar;C:\Program Files\Greenfoot\lib\javafx-base-20.0.1-win.jar;C:\Program Files\Greenfoot\lib\javafx-base-20.0.1.jar;C:\Program Files\Greenfoot\lib\javafx-controls-20.0.1-win.jar;C:\Program Files\Greenfoot\lib\javafx-controls-20.0.1.jar;C:\Program Files\Greenfoot\lib\javafx-fxml-20.0.1-win.jar;C:\Program Files\Greenfoot\lib\javafx-graphics-20.0.1-win.jar;C:\Program Files\Greenfoot\lib\javafx-graphics-20.0.1.jar;C:\Program Files\Greenfoot\lib\javafx-media-20.0.1-win.jar;C:\Program Files\Greenfoot\lib\javafx-media-20.0.1.jar;C:\Program Files\Greenfoot\lib\javafx-swing-20.0.1-win.jar;C:\Program Files\Greenfoot\lib\javafx-web-20.0.1-win.jar;C:\Program Files\Greenfoot\lib\junit-4.12.jar;C:\Program Files\Greenfoot\lib\junit-jupiter-5.5.2.jar;C:\Program Files\Greenfoot\lib\junit-jupiter-api-5.5.2.jar;C:\Program Files\Greenfoot\lib\junit-jupiter-engine-5.5.2.jar;C:\Program Files\Greenfoot\lib\junit-jupiter-params-5.5.2.jar;C:\Program Files\Greenfoot\lib\junit-platform-commons-1.5.2.jar;C:\Program Files\Greenfoot\lib\junit-platform-engine-1.5.2.jar;C:\Program Files\Greenfoot\lib\junit-platform-launcher-1.5.2.jar;C:\Program Files\Greenfoot\lib\junit-platform-suite-api-1.5.2.jar;C:\Program Files\Greenfoot\lib\junit-vintage-engine-5.5.2.jar;C:\Program Files\Greenfoot\lib\hamcrest-core-1.3.jar;C:\Program Files\Greenfoot\lib\opentest4j-1.2.0.jar;C:\Program Files\Greenfoot\lib\bluej.jar;C:\Program Files\Greenfoot\lib\classgraph-4.8.90.jar;C:\Program Files\Greenfoot\lib\diffutils-1.2.1.jar;C:\Program Files\Greenfoot\lib\commons-logging-1.2.jar;C:\Program Files\Greenfoot\lib\jl1.0.1.jar;C:\Program Files\Greenfoot\lib\opencsv-2.3.jar;C:\Program Files\Greenfoot\lib\opencsv-2.4.jar;C:\Program Files\Greenfoot\lib\xom-1.3.7.jar;C:\Program Files\Greenfoot\lib\lang-stride.jar;C:\Program Files\Greenfoot\lib\nsmenufx-2.1.8.jar;C:\Program Files\Greenfoot\lib\wellbehavedfx-0.3.3.jar;C:\Program Files\Greenfoot\lib\guava-17.0.j
Launcher Type: SUN_STANDARD

[Global flags]
     intx CICompilerCount                          = 4                                         {product} {ergonomic}
     uint ConcGCThreads                            = 2                                         {product} {ergonomic}
     uint G1ConcRefinementThreads                  = 8                                         {product} {ergonomic}
   size_t G1HeapRegionSize                         = 1048576                                   {product} {ergonomic}
    uintx GCDrainStackTargetSize                   = 64                                        {product} {ergonomic}
   size_t InitialHeapSize                          = 132120576                                 {product} {ergonomic}
   size_t MarkStackSize                            = 4194304                                   {product} {ergonomic}
    uintx MaxGCPauseMillis                         = 50                                        {product} {command line}
   size_t MaxHeapSize                              = 2109734912                                {product} {ergonomic}
   size_t MaxNewSize                               = 1265631232                                {product} {ergonomic}
   size_t MinHeapDeltaBytes                        = 1048576                                   {product} {ergonomic}
   size_t MinHeapSize                              = 8388608                                   {product} {ergonomic}
    uintx NonNMethodCodeHeapSize                   = 5839372                                {pd product} {ergonomic}
    uintx NonProfiledCodeHeapSize                  = 122909434                              {pd product} {ergonomic}
    uintx ProfiledCodeHeapSize                     = 122909434                              {pd product} {ergonomic}
    uintx ReservedCodeCacheSize                    = 251658240                              {pd product} {ergonomic}
     bool SegmentedCodeCache                       = true                                      {product} {ergonomic}
   size_t SoftMaxHeapSize                          = 2109734912                             {manageable} {ergonomic}
     bool UseCompressedClassPointers               = true                           {product lp64_product} {ergonomic}
     bool UseCompressedOops                        = true                           {product lp64_product} {ergonomic}
     bool UseG1GC                                  = true                                      {product} {ergonomic}
     bool UseLargePagesIndividualAllocation        = false                                  {pd product} {ergonomic}

Logging:
Log output configuration:
 #0: stdout all=warning uptime,level,tags
 #1: stderr all=off uptime,level,tags

Environment Variables:
PATH=C:\Python312\Scripts\;C:\Python312\;C:\Program Files (x86)\Common Files\Oracle\Java\javapath;C:\ProgramData\Oracle\Java\javapath;C:\WINDOWS\system32;C:\WINDOWS;C:\WINDOWS\System32\Wbem;C:\WINDOWS\System32\WindowsPowerShell\v1.0\;C:\WINDOWS\System32\OpenSSH\;C:\Program Files\Common Files\Autodesk Shared\;C:\Program Files\Microsoft SQL Server\120\Tools\Binn\;C:\Program Files\nodejs\;C:\ProgramData\chocolatey\bin;C:\Program Files\Git\cmd;C:\Users\elena\AppData\Local\Microsoft\WindowsApps;;C:\Users\elena\AppData\Local\Programs\Microsoft VS Code\bin;C:\Users\elena\AppData\Roaming\npm
USERNAME=elena
OS=Windows_NT
PROCESSOR_IDENTIFIER=Intel64 Family 6 Model 142 Stepping 11, GenuineIntel
TMP=C:\Users\elena\AppData\Local\Temp
TEMP=C:\Users\elena\AppData\Local\Temp



---------------  S Y S T E M  ---------------

OS:
 Windows 11 , 64 bit Build 22621 (10.0.22621.3527)
OS uptime: 0 days 0:56 hours

CPU: total 8 (initial active 8) (4 cores per cpu, 2 threads per core) family 6 model 142 stepping 11 microcode 0xde, cx8, cmov, fxsr, ht, mmx, 3dnowpref, sse, sse2, sse3, ssse3, sse4.1, sse4.2, popcnt, lzcnt, tsc, tscinvbit, avx, avx2, aes, erms, clmul, bmi1, bmi2, adx, fma, vzeroupper, clflush, clflushopt

Memory: 4k page, system-wide physical 8043M (914M free)
TotalPageFile size 9944M (AvailPageFile size 351M)
current process WorkingSet (physical memory assigned to process): 249M, peak: 249M
current process commit charge ("private bytes"): 333M, peak: 713M

vm_info: OpenJDK 64-Bit Server VM (17.0.4.1+1) for windows-amd64 JRE (17.0.4.1+1), built on Aug 17 2022 07:42:43 by "temurin" with MS VC++ 16.7 (VS2019)

END.
