#
# There is insufficient memory for the Java Runtime Environment to continue.
# Native memory allocation (mmap) failed to map 165675008 bytes for G1 virtual space
# Possible reasons:
#   The system is out of physical RAM or swap space
#   The process is running with CompressedOops enabled, and the Java Heap may be blocking the growth of the native heap
# Possible solutions:
#   Reduce memory load on the system
#   Increase physical memory or swap space
#   Check if swap backing store is full
#   Decrease Java heap size (-Xmx/-Xms)
#   Decrease number of Java threads
#   Decrease Java thread stack sizes (-Xss)
#   Set larger code cache with -XX:ReservedCodeCacheSize=
#   JVM is running with Unscaled Compressed Oops mode in which the Java heap is
#     placed in the first 4GB address space. The Java Heap base address is the
#     maximum limit for the native heap growth. Please use -XX:HeapBaseMinAddress
#     to set the Java Heap base and to place the Java Heap above 4GB virtual address.
# This output file may be truncated or incomplete.
#
#  Out of Memory Error (os_windows.cpp:3541), pid=18924, tid=8224
#
# JRE version: OpenJDK Runtime Environment Temurin-17.0.4.1+1 (17.0.4.1+1) (build 17.0.4.1+1)
# Java VM: OpenJDK 64-Bit Server VM Temurin-17.0.4.1+1 (17.0.4.1+1, mixed mode, sharing, tiered, compressed oops, compressed class ptrs, g1 gc, windows-amd64)
# No core dump will be written. Minidumps are not enabled by default on client versions of Windows
#

---------------  S U M M A R Y ------------

Command Line: -XX:MaxGCPauseMillis=50 -agentlib:jdwp=transport=dt_shmem,address=javadebug -Dfile.encoding=UTF-8 bluej.runtime.ExecServer UTF-8

Host: Intel(R) Core(TM) i5-8265U CPU @ 1.60GHz, 8 cores, 7G,  Windows 11 , 64 bit Build 22621 (10.0.22621.3374)
Time: Tue May 28 17:25:25 2024  Windows 11 , 64 bit Build 22621 (10.0.22621.3374) elapsed time: 293.678004 seconds (0d 0h 4m 53s)

---------------  T H R E A D  ---------------

Current thread (0x000002d46e1c5370):  VMThread "VM Thread" [stack: 0x000000e892500000,0x000000e892600000] [id=8224]

Stack: [0x000000e892500000,0x000000e892600000]
Native frames: (J=compiled Java code, j=interpreted, Vv=VM code, C=native code)
V  [jvm.dll+0x67731a]
V  [jvm.dll+0x832284]
V  [jvm.dll+0x833a2e]
V  [jvm.dll+0x834093]
V  [jvm.dll+0x245775]
V  [jvm.dll+0x674209]
V  [jvm.dll+0x668a92]
V  [jvm.dll+0x30471b]
V  [jvm.dll+0x30bc66]
V  [jvm.dll+0x35ba9e]
V  [jvm.dll+0x35bccf]
V  [jvm.dll+0x2db5b8]
V  [jvm.dll+0x2d986c]
V  [jvm.dll+0x2d8e3c]
V  [jvm.dll+0x31d0c1]
V  [jvm.dll+0x83853b]
V  [jvm.dll+0x839274]
V  [jvm.dll+0x83978c]
V  [jvm.dll+0x839b64]
V  [jvm.dll+0x839c30]
V  [jvm.dll+0x7e240a]
V  [jvm.dll+0x6761a5]
C  [ucrtbase.dll+0x29333]
C  [KERNEL32.DLL+0x1257d]
C  [ntdll.dll+0x5aa48]

VM_Operation (0x000000e894afda70): G1TryInitiateConcMark, mode: safepoint, requested by thread 0x000002d47022ce60


---------------  P R O C E S S  ---------------

Threads class SMR info:
_java_thread_list=0x000002d470291440, length=25, elements={
0x000002d46e1c8f60, 0x000002d46e1c9dd0, 0x000002d46e1e09b0, 0x000002d46e1e1560,
0x000002d46e1e4420, 0x000002d46e1e4dd0, 0x000002d46e1ec080, 0x000002d46e214f50,
0x000002d46e219960, 0x000002d46ed0c390, 0x000002d46ed1a170, 0x000002d46ed1d790,
0x000002d46ed1ff60, 0x000002d46ed25a80, 0x000002d46f29c540, 0x000002d46f29b6d0,
0x000002d46f29bba0, 0x000002d46f29d880, 0x000002d46f29dd50, 0x000002d46f29d3b0,
0x000002d46f29e220, 0x000002d46f29ebc0, 0x000002d470227c90, 0x000002d47022ce60,
0x000002d47022bff0
}

Java Threads: ( => current thread )
  0x000002d46e1c8f60 JavaThread "Reference Handler" daemon [_thread_blocked, id=7996, stack(0x000000e892600000,0x000000e892700000)]
  0x000002d46e1c9dd0 JavaThread "Finalizer" daemon [_thread_blocked, id=12424, stack(0x000000e892700000,0x000000e892800000)]
  0x000002d46e1e09b0 JavaThread "Signal Dispatcher" daemon [_thread_blocked, id=9232, stack(0x000000e892800000,0x000000e892900000)]
  0x000002d46e1e1560 JavaThread "Attach Listener" daemon [_thread_blocked, id=7120, stack(0x000000e892900000,0x000000e892a00000)]
  0x000002d46e1e4420 JavaThread "Service Thread" daemon [_thread_blocked, id=13244, stack(0x000000e892a00000,0x000000e892b00000)]
  0x000002d46e1e4dd0 JavaThread "Monitor Deflation Thread" daemon [_thread_blocked, id=8416, stack(0x000000e892b00000,0x000000e892c00000)]
  0x000002d46e1ec080 JavaThread "C2 CompilerThread0" daemon [_thread_blocked, id=9132, stack(0x000000e892c00000,0x000000e892d00000)]
  0x000002d46e214f50 JavaThread "C1 CompilerThread0" daemon [_thread_blocked, id=17960, stack(0x000000e892d00000,0x000000e892e00000)]
  0x000002d46e219960 JavaThread "Sweeper thread" daemon [_thread_blocked, id=724, stack(0x000000e892e00000,0x000000e892f00000)]
  0x000002d46ed0c390 JavaThread "JDWP Transport Listener: dt_shmem" daemon [_thread_blocked, id=1948, stack(0x000000e892f00000,0x000000e893000000)]
  0x000002d46ed1a170 JavaThread "JDWP Event Helper Thread" daemon [_thread_blocked, id=8300, stack(0x000000e893000000,0x000000e893100000)]
  0x000002d46ed1d790 JavaThread "JDWP Command Reader" daemon [_thread_in_native, id=14272, stack(0x000000e893100000,0x000000e893200000)]
  0x000002d46ed1ff60 JavaThread "Notification Thread" daemon [_thread_blocked, id=12868, stack(0x000000e893200000,0x000000e893300000)]
  0x000002d46ed25a80 JavaThread "Common-Cleaner" daemon [_thread_blocked, id=8792, stack(0x000000e893400000,0x000000e893500000)]
  0x000002d46f29c540 JavaThread "Java2D Disposer" daemon [_thread_blocked, id=7000, stack(0x000000e893500000,0x000000e893600000)]
  0x000002d46f29b6d0 JavaThread "AWT-Windows" daemon [_thread_in_native, id=4596, stack(0x000000e893700000,0x000000e893800000)]
  0x000002d46f29bba0 JavaThread "BlueJ worker thread" [_thread_blocked, id=16424, stack(0x000000e893900000,0x000000e893a00000)]
  0x000002d46f29d880 JavaThread "DestroyJavaVM" [_thread_blocked, id=3256, stack(0x000000e891f00000,0x000000e892000000)]
  0x000002d46f29dd50 JavaThread "QuantumRenderer-0" daemon [_thread_blocked, id=19348, stack(0x000000e894300000,0x000000e894400000)]
  0x000002d46f29d3b0 JavaThread "InvokeLaterDispatcher" daemon [_thread_blocked, id=15596, stack(0x000000e894400000,0x000000e894500000)]
  0x000002d46f29e220 JavaThread "JavaFX Application Thread" [_thread_in_native, id=12372, stack(0x000000e894500000,0x000000e894600000)]
  0x000002d46f29ebc0 JavaThread "VMCommsSimulation" [_thread_blocked, id=12124, stack(0x000000e894900000,0x000000e894a00000)]
  0x000002d470227c90 JavaThread "Thread-2" daemon [_thread_blocked, id=8772, stack(0x000000e893800000,0x000000e893900000)]
  0x000002d47022ce60 JavaThread "SimulationThread" [_thread_blocked, id=15216, stack(0x000000e894a00000,0x000000e894b00000)]
  0x000002d47022bff0 JavaThread "main" [_thread_blocked, id=18888, stack(0x000000e893b00000,0x000000e893c00000)]

Other Threads:
=>0x000002d46e1c5370 VMThread "VM Thread" [stack: 0x000000e892500000,0x000000e892600000] [id=8224]
  0x000002d46ed20430 WatcherThread [stack: 0x000000e893300000,0x000000e893400000] [id=13604]
  0x000002d44ff6d170 GCTaskThread "GC Thread#0" [stack: 0x000000e892000000,0x000000e892100000] [id=280]
  0x000002d46f4d1430 GCTaskThread "GC Thread#1" [stack: 0x000000e893a00000,0x000000e893b00000] [id=15664]
  0x000002d46f4a0df0 GCTaskThread "GC Thread#2" [stack: 0x000000e893c00000,0x000000e893d00000] [id=5328]
  0x000002d46f4e7f10 GCTaskThread "GC Thread#3" [stack: 0x000000e893d00000,0x000000e893e00000] [id=2340]
  0x000002d46f4e81c0 GCTaskThread "GC Thread#4" [stack: 0x000000e893e00000,0x000000e893f00000] [id=16856]
  0x000002d46f4e8c80 GCTaskThread "GC Thread#5" [stack: 0x000000e893f00000,0x000000e894000000] [id=3140]
  0x000002d46f4e9340 GCTaskThread "GC Thread#6" [stack: 0x000000e894000000,0x000000e894100000] [id=14824]
  0x000002d46f4e95f0 GCTaskThread "GC Thread#7" [stack: 0x000000e894100000,0x000000e894200000] [id=10548]
  0x000002d44ff7dc30 ConcurrentGCThread "G1 Main Marker" [stack: 0x000000e892100000,0x000000e892200000] [id=1504]
  0x000002d44ff7fdf0 ConcurrentGCThread "G1 Conc#0" [stack: 0x000000e892200000,0x000000e892300000] [id=4600]
  0x000002d470221690 ConcurrentGCThread "G1 Conc#1" [stack: 0x000000e893600000,0x000000e893700000] [id=3388]
  0x000002d46e0830d0 ConcurrentGCThread "G1 Refine#0" [stack: 0x000000e892300000,0x000000e892400000] [id=11300]
  0x000002d46e083af0 ConcurrentGCThread "G1 Service" [stack: 0x000000e892400000,0x000000e892500000] [id=6900]

Threads with active compile tasks:

VM state: at safepoint (normal execution)

VM Mutex/Monitor currently owned by a thread:  ([mutex/lock_event])
[0x000002d44ff11c50] Threads_lock - owner thread: 0x000002d46e1c5370
[0x000002d44ff118f0] Heap_lock - owner thread: 0x000002d47022ce60

Heap address: 0x0000000082400000, size: 2012 MB, Compressed Oops mode: 32-bit

CDS archive(s) mapped at: [0x0000000800000000-0x0000000800bc0000-0x0000000800bc0000), size 12320768, SharedBaseAddress: 0x0000000800000000, ArchiveRelocationMode: 0.
Compressed class space mapped at: 0x0000000800c00000-0x0000000840c00000, reserved size: 1073741824
Narrow klass base: 0x0000000800000000, Narrow klass shift: 0, Narrow klass range: 0x100000000

GC Precious Log:
 CPUs: 8 total, 8 available
 Memory: 8043M
 Large Page Support: Disabled
 NUMA Support: Disabled
 Compressed Oops: Enabled (32-bit)
 Heap Region Size: 1M
 Heap Min Capacity: 8M
 Heap Initial Capacity: 126M
 Heap Max Capacity: 2012M
 Pre-touch: Disabled
 Parallel Workers: 8
 Concurrent Workers: 2
 Concurrent Refinement Workers: 8
 Periodic GC: Disabled

Heap:
 garbage-first heap   total 174080K, used 75268K [0x0000000082400000, 0x0000000100000000)
  region size 1024K, 1 young (1024K), 1 survivors (1024K)
 Metaspace       used 11225K, committed 11456K, reserved 1064960K
  class space    used 1060K, committed 1152K, reserved 1048576K

Heap Regions: E=young(eden), S=young(survivor), O=old, HS=humongous(starts), HC=humongous(continues), CS=collection set, F=free, OA=open archive, CA=closed archive, TAMS=top-at-mark-start (previous, next)
|   0|0x0000000082400000, 0x0000000082500000, 0x0000000082500000|100%| O|  |TAMS 0x0000000082500000, 0x0000000082500000| Untracked 
|   1|0x0000000082500000, 0x0000000082600000, 0x0000000082600000|100%| O|  |TAMS 0x0000000082600000, 0x0000000082600000| Untracked 
|   2|0x0000000082600000, 0x0000000082700000, 0x0000000082700000|100%| O|  |TAMS 0x0000000082700000, 0x0000000082700000| Untracked 
|   3|0x0000000082700000, 0x00000000827e9120, 0x0000000082800000| 91%| O|  |TAMS 0x00000000827e9120, 0x00000000827e9120| Untracked 
|   4|0x0000000082800000, 0x00000000828cbd88, 0x0000000082900000| 79%| O|  |TAMS 0x00000000828cbd88, 0x00000000828cbd88| Untracked 
|   5|0x0000000082900000, 0x00000000829ac838, 0x0000000082a00000| 67%| O|  |TAMS 0x00000000829ac838, 0x00000000829ac838| Untracked 
|   6|0x0000000082a00000, 0x0000000082b00000, 0x0000000082b00000|100%|HS|  |TAMS 0x0000000082b00000, 0x0000000082b00000| Complete 
|   7|0x0000000082b00000, 0x0000000082bb33d8, 0x0000000082c00000| 70%| O|  |TAMS 0x0000000082bb33d8, 0x0000000082bb33d8| Untracked 
|   8|0x0000000082c00000, 0x0000000082c4f670, 0x0000000082d00000| 31%| O|  |TAMS 0x0000000082c4f670, 0x0000000082c4f670| Untracked 
|   9|0x0000000082d00000, 0x0000000082e00000, 0x0000000082e00000|100%|HS|  |TAMS 0x0000000082e00000, 0x0000000082e00000| Complete 
|  10|0x0000000082e00000, 0x0000000082e11080, 0x0000000082f00000|  6%| O|  |TAMS 0x0000000082e11080, 0x0000000082e11080| Untracked 
|  11|0x0000000082f00000, 0x0000000083000000, 0x0000000083000000|100%|HS|  |TAMS 0x0000000083000000, 0x0000000083000000| Complete 
|  12|0x0000000083000000, 0x0000000083100000, 0x0000000083100000|100%|HS|  |TAMS 0x0000000083000000, 0x0000000083100000| Complete 
|  13|0x0000000083100000, 0x0000000083200000, 0x0000000083200000|100%|HC|  |TAMS 0x0000000083100000, 0x0000000083200000| Complete 
|  14|0x0000000083200000, 0x0000000083300000, 0x0000000083300000|100%|HC|  |TAMS 0x0000000083200000, 0x0000000083300000| Complete 
|  15|0x0000000083300000, 0x0000000083400000, 0x0000000083400000|100%|HC|  |TAMS 0x0000000083300000, 0x0000000083400000| Complete 
|  16|0x0000000083400000, 0x0000000083500000, 0x0000000083500000|100%|HC|  |TAMS 0x0000000083400000, 0x0000000083500000| Complete 
|  17|0x0000000083500000, 0x0000000083600000, 0x0000000083600000|100%|HC|  |TAMS 0x0000000083500000, 0x0000000083600000| Complete 
|  18|0x0000000083600000, 0x0000000083700000, 0x0000000083700000|100%|HC|  |TAMS 0x0000000083600000, 0x0000000083700000| Complete 
|  19|0x0000000083700000, 0x0000000083800000, 0x0000000083800000|100%|HC|  |TAMS 0x0000000083700000, 0x0000000083800000| Complete 
|  20|0x0000000083800000, 0x0000000083900000, 0x0000000083900000|100%|HS|  |TAMS 0x0000000083900000, 0x0000000083900000| Complete 
|  21|0x0000000083900000, 0x0000000083a00000, 0x0000000083a00000|100%|HC|  |TAMS 0x0000000083a00000, 0x0000000083a00000| Complete 
|  22|0x0000000083a00000, 0x0000000083b00000, 0x0000000083b00000|100%|HC|  |TAMS 0x0000000083b00000, 0x0000000083b00000| Complete 
|  23|0x0000000083b00000, 0x0000000083c00000, 0x0000000083c00000|100%|HC|  |TAMS 0x0000000083c00000, 0x0000000083c00000| Complete 
|  24|0x0000000083c00000, 0x0000000083d00000, 0x0000000083d00000|100%|HC|  |TAMS 0x0000000083d00000, 0x0000000083d00000| Complete 
|  25|0x0000000083d00000, 0x0000000083e00000, 0x0000000083e00000|100%|HC|  |TAMS 0x0000000083e00000, 0x0000000083e00000| Complete 
|  26|0x0000000083e00000, 0x0000000083f00000, 0x0000000083f00000|100%|HC|  |TAMS 0x0000000083f00000, 0x0000000083f00000| Complete 
|  27|0x0000000083f00000, 0x0000000084000000, 0x0000000084000000|100%|HC|  |TAMS 0x0000000084000000, 0x0000000084000000| Complete 
|  28|0x0000000084000000, 0x0000000084000000, 0x0000000084100000|  0%| F|  |TAMS 0x0000000084000000, 0x0000000084000000| Untracked 
|  29|0x0000000084100000, 0x0000000084200000, 0x0000000084200000|100%|HS|  |TAMS 0x0000000084200000, 0x0000000084200000| Complete 
|  30|0x0000000084200000, 0x0000000084300000, 0x0000000084300000|100%|HC|  |TAMS 0x0000000084300000, 0x0000000084300000| Complete 
|  31|0x0000000084300000, 0x0000000084400000, 0x0000000084400000|100%|HC|  |TAMS 0x0000000084400000, 0x0000000084400000| Complete 
|  32|0x0000000084400000, 0x0000000084500000, 0x0000000084500000|100%|HC|  |TAMS 0x0000000084500000, 0x0000000084500000| Complete 
|  33|0x0000000084500000, 0x0000000084600000, 0x0000000084600000|100%|HC|  |TAMS 0x0000000084600000, 0x0000000084600000| Complete 
|  34|0x0000000084600000, 0x0000000084700000, 0x0000000084700000|100%|HC|  |TAMS 0x0000000084700000, 0x0000000084700000| Complete 
|  35|0x0000000084700000, 0x0000000084800000, 0x0000000084800000|100%|HC|  |TAMS 0x0000000084800000, 0x0000000084800000| Complete 
|  36|0x0000000084800000, 0x0000000084900000, 0x0000000084900000|100%|HC|  |TAMS 0x0000000084900000, 0x0000000084900000| Complete 
|  37|0x0000000084900000, 0x0000000084a00000, 0x0000000084a00000|100%|HS|  |TAMS 0x0000000084a00000, 0x0000000084a00000| Complete 
|  38|0x0000000084a00000, 0x0000000084b00000, 0x0000000084b00000|100%|HC|  |TAMS 0x0000000084b00000, 0x0000000084b00000| Complete 
|  39|0x0000000084b00000, 0x0000000084c00000, 0x0000000084c00000|100%|HC|  |TAMS 0x0000000084c00000, 0x0000000084c00000| Complete 
|  40|0x0000000084c00000, 0x0000000084d00000, 0x0000000084d00000|100%|HC|  |TAMS 0x0000000084d00000, 0x0000000084d00000| Complete 
|  41|0x0000000084d00000, 0x0000000084e00000, 0x0000000084e00000|100%|HC|  |TAMS 0x0000000084e00000, 0x0000000084e00000| Complete 
|  42|0x0000000084e00000, 0x0000000084f00000, 0x0000000084f00000|100%|HC|  |TAMS 0x0000000084f00000, 0x0000000084f00000| Complete 
|  43|0x0000000084f00000, 0x0000000085000000, 0x0000000085000000|100%|HC|  |TAMS 0x0000000085000000, 0x0000000085000000| Complete 
|  44|0x0000000085000000, 0x0000000085100000, 0x0000000085100000|100%|HC|  |TAMS 0x0000000085100000, 0x0000000085100000| Complete 
|  45|0x0000000085100000, 0x0000000085200000, 0x0000000085200000|100%|HS|  |TAMS 0x0000000085200000, 0x0000000085200000| Complete 
|  46|0x0000000085200000, 0x0000000085300000, 0x0000000085300000|100%|HC|  |TAMS 0x0000000085300000, 0x0000000085300000| Complete 
|  47|0x0000000085300000, 0x0000000085400000, 0x0000000085400000|100%|HC|  |TAMS 0x0000000085400000, 0x0000000085400000| Complete 
|  48|0x0000000085400000, 0x0000000085500000, 0x0000000085500000|100%|HC|  |TAMS 0x0000000085500000, 0x0000000085500000| Complete 
|  49|0x0000000085500000, 0x0000000085600000, 0x0000000085600000|100%|HC|  |TAMS 0x0000000085600000, 0x0000000085600000| Complete 
|  50|0x0000000085600000, 0x0000000085700000, 0x0000000085700000|100%|HC|  |TAMS 0x0000000085700000, 0x0000000085700000| Complete 
|  51|0x0000000085700000, 0x0000000085800000, 0x0000000085800000|100%|HC|  |TAMS 0x0000000085800000, 0x0000000085800000| Complete 
|  52|0x0000000085800000, 0x0000000085900000, 0x0000000085900000|100%|HC|  |TAMS 0x0000000085900000, 0x0000000085900000| Complete 
|  53|0x0000000085900000, 0x0000000085a00000, 0x0000000085a00000|100%|HS|  |TAMS 0x0000000085a00000, 0x0000000085a00000| Complete 
|  54|0x0000000085a00000, 0x0000000085b00000, 0x0000000085b00000|100%|HC|  |TAMS 0x0000000085b00000, 0x0000000085b00000| Complete 
|  55|0x0000000085b00000, 0x0000000085c00000, 0x0000000085c00000|100%|HC|  |TAMS 0x0000000085c00000, 0x0000000085c00000| Complete 
|  56|0x0000000085c00000, 0x0000000085d00000, 0x0000000085d00000|100%|HC|  |TAMS 0x0000000085d00000, 0x0000000085d00000| Complete 
|  57|0x0000000085d00000, 0x0000000085e00000, 0x0000000085e00000|100%|HC|  |TAMS 0x0000000085e00000, 0x0000000085e00000| Complete 
|  58|0x0000000085e00000, 0x0000000085f00000, 0x0000000085f00000|100%|HC|  |TAMS 0x0000000085f00000, 0x0000000085f00000| Complete 
|  59|0x0000000085f00000, 0x0000000086000000, 0x0000000086000000|100%|HC|  |TAMS 0x0000000086000000, 0x0000000086000000| Complete 
|  60|0x0000000086000000, 0x0000000086100000, 0x0000000086100000|100%|HC|  |TAMS 0x0000000086100000, 0x0000000086100000| Complete 
|  61|0x0000000086100000, 0x0000000086200000, 0x0000000086200000|100%|HS|  |TAMS 0x0000000086200000, 0x0000000086200000| Complete 
|  62|0x0000000086200000, 0x0000000086300000, 0x0000000086300000|100%|HC|  |TAMS 0x0000000086300000, 0x0000000086300000| Complete 
|  63|0x0000000086300000, 0x0000000086400000, 0x0000000086400000|100%|HC|  |TAMS 0x0000000086400000, 0x0000000086400000| Complete 
|  64|0x0000000086400000, 0x0000000086500000, 0x0000000086500000|100%|HC|  |TAMS 0x0000000086500000, 0x0000000086500000| Complete 
|  65|0x0000000086500000, 0x0000000086600000, 0x0000000086600000|100%|HC|  |TAMS 0x0000000086600000, 0x0000000086600000| Complete 
|  66|0x0000000086600000, 0x0000000086700000, 0x0000000086700000|100%|HC|  |TAMS 0x0000000086700000, 0x0000000086700000| Complete 
|  67|0x0000000086700000, 0x0000000086800000, 0x0000000086800000|100%|HC|  |TAMS 0x0000000086800000, 0x0000000086800000| Complete 
|  68|0x0000000086800000, 0x0000000086900000, 0x0000000086900000|100%|HC|  |TAMS 0x0000000086900000, 0x0000000086900000| Complete 
|  69|0x0000000086900000, 0x0000000086900000, 0x0000000086a00000|  0%| F|  |TAMS 0x0000000086900000, 0x0000000086900000| Untracked 
|  70|0x0000000086a00000, 0x0000000086a00000, 0x0000000086b00000|  0%| F|  |TAMS 0x0000000086a00000, 0x0000000086a00000| Untracked 
|  71|0x0000000086b00000, 0x0000000086b00000, 0x0000000086c00000|  0%| F|  |TAMS 0x0000000086b00000, 0x0000000086b00000| Untracked 
|  72|0x0000000086c00000, 0x0000000086c00000, 0x0000000086d00000|  0%| F|  |TAMS 0x0000000086c00000, 0x0000000086c00000| Untracked 
|  73|0x0000000086d00000, 0x0000000086d00000, 0x0000000086e00000|  0%| F|  |TAMS 0x0000000086d00000, 0x0000000086d00000| Untracked 
|  74|0x0000000086e00000, 0x0000000086e00000, 0x0000000086f00000|  0%| F|  |TAMS 0x0000000086e00000, 0x0000000086e00000| Untracked 
|  75|0x0000000086f00000, 0x0000000086f00000, 0x0000000087000000|  0%| F|  |TAMS 0x0000000086f00000, 0x0000000086f00000| Untracked 
|  76|0x0000000087000000, 0x0000000087000000, 0x0000000087100000|  0%| F|  |TAMS 0x0000000087000000, 0x0000000087000000| Untracked 
|  77|0x0000000087100000, 0x0000000087200000, 0x0000000087200000|100%|HS|  |TAMS 0x0000000087200000, 0x0000000087200000| Complete 
|  78|0x0000000087200000, 0x0000000087300000, 0x0000000087300000|100%|HC|  |TAMS 0x0000000087300000, 0x0000000087300000| Complete 
|  79|0x0000000087300000, 0x0000000087400000, 0x0000000087400000|100%|HC|  |TAMS 0x0000000087400000, 0x0000000087400000| Complete 
|  80|0x0000000087400000, 0x0000000087500000, 0x0000000087500000|100%|HC|  |TAMS 0x0000000087500000, 0x0000000087500000| Complete 
|  81|0x0000000087500000, 0x0000000087600000, 0x0000000087600000|100%|HC|  |TAMS 0x0000000087600000, 0x0000000087600000| Complete 
|  82|0x0000000087600000, 0x0000000087700000, 0x0000000087700000|100%|HC|  |TAMS 0x0000000087700000, 0x0000000087700000| Complete 
|  83|0x0000000087700000, 0x0000000087800000, 0x0000000087800000|100%|HC|  |TAMS 0x0000000087800000, 0x0000000087800000| Complete 
|  84|0x0000000087800000, 0x0000000087900000, 0x0000000087900000|100%|HC|  |TAMS 0x0000000087900000, 0x0000000087900000| Complete 
|  85|0x0000000087900000, 0x0000000087900000, 0x0000000087a00000|  0%| F|  |TAMS 0x0000000087900000, 0x0000000087900000| Untracked 
|  86|0x0000000087a00000, 0x0000000087a00000, 0x0000000087b00000|  0%| F|  |TAMS 0x0000000087a00000, 0x0000000087a00000| Untracked 
|  87|0x0000000087b00000, 0x0000000087b00000, 0x0000000087c00000|  0%| F|  |TAMS 0x0000000087b00000, 0x0000000087b00000| Untracked 
|  88|0x0000000087c00000, 0x0000000087c00000, 0x0000000087d00000|  0%| F|  |TAMS 0x0000000087c00000, 0x0000000087c00000| Untracked 
|  89|0x0000000087d00000, 0x0000000087d00000, 0x0000000087e00000|  0%| F|  |TAMS 0x0000000087d00000, 0x0000000087d00000| Untracked 
|  90|0x0000000087e00000, 0x0000000087e00000, 0x0000000087f00000|  0%| F|  |TAMS 0x0000000087e00000, 0x0000000087e00000| Untracked 
|  91|0x0000000087f00000, 0x0000000087f00000, 0x0000000088000000|  0%| F|  |TAMS 0x0000000087f00000, 0x0000000087f00000| Untracked 
|  92|0x0000000088000000, 0x0000000088000000, 0x0000000088100000|  0%| F|  |TAMS 0x0000000088000000, 0x0000000088000000| Untracked 
|  93|0x0000000088100000, 0x0000000088100000, 0x0000000088200000|  0%| F|  |TAMS 0x0000000088100000, 0x0000000088100000| Untracked 
|  94|0x0000000088200000, 0x0000000088200000, 0x0000000088300000|  0%| F|  |TAMS 0x0000000088200000, 0x0000000088200000| Untracked 
|  95|0x0000000088300000, 0x0000000088300000, 0x0000000088400000|  0%| F|  |TAMS 0x0000000088300000, 0x0000000088300000| Untracked 
|  96|0x0000000088400000, 0x0000000088400000, 0x0000000088500000|  0%| F|  |TAMS 0x0000000088400000, 0x0000000088400000| Untracked 
|  97|0x0000000088500000, 0x0000000088500000, 0x0000000088600000|  0%| F|  |TAMS 0x0000000088500000, 0x0000000088500000| Untracked 
|  98|0x0000000088600000, 0x0000000088600000, 0x0000000088700000|  0%| F|  |TAMS 0x0000000088600000, 0x0000000088600000| Untracked 
|  99|0x0000000088700000, 0x0000000088700000, 0x0000000088800000|  0%| F|  |TAMS 0x0000000088700000, 0x0000000088700000| Untracked 
| 100|0x0000000088800000, 0x0000000088800000, 0x0000000088900000|  0%| F|  |TAMS 0x0000000088800000, 0x0000000088800000| Untracked 
| 101|0x0000000088900000, 0x0000000088900000, 0x0000000088a00000|  0%| F|  |TAMS 0x0000000088900000, 0x0000000088900000| Untracked 
| 102|0x0000000088a00000, 0x0000000088a00000, 0x0000000088b00000|  0%| F|  |TAMS 0x0000000088a00000, 0x0000000088a00000| Untracked 
| 103|0x0000000088b00000, 0x0000000088b00000, 0x0000000088c00000|  0%| F|  |TAMS 0x0000000088b00000, 0x0000000088b00000| Untracked 
| 104|0x0000000088c00000, 0x0000000088c00000, 0x0000000088d00000|  0%| F|  |TAMS 0x0000000088c00000, 0x0000000088c00000| Untracked 
| 105|0x0000000088d00000, 0x0000000088d00000, 0x0000000088e00000|  0%| F|  |TAMS 0x0000000088d00000, 0x0000000088d00000| Untracked 
| 106|0x0000000088e00000, 0x0000000088e00000, 0x0000000088f00000|  0%| F|  |TAMS 0x0000000088e00000, 0x0000000088e00000| Untracked 
| 107|0x0000000088f00000, 0x0000000088f00000, 0x0000000089000000|  0%| F|  |TAMS 0x0000000088f00000, 0x0000000088f00000| Untracked 
| 108|0x0000000089000000, 0x0000000089000000, 0x0000000089100000|  0%| F|  |TAMS 0x0000000089000000, 0x0000000089000000| Untracked 
| 109|0x0000000089100000, 0x0000000089100000, 0x0000000089200000|  0%| F|  |TAMS 0x0000000089100000, 0x0000000089100000| Untracked 
| 110|0x0000000089200000, 0x0000000089200000, 0x0000000089300000|  0%| F|  |TAMS 0x0000000089200000, 0x0000000089200000| Untracked 
| 111|0x0000000089300000, 0x0000000089300000, 0x0000000089400000|  0%| F|  |TAMS 0x0000000089300000, 0x0000000089300000| Untracked 
| 112|0x0000000089400000, 0x0000000089400000, 0x0000000089500000|  0%| F|  |TAMS 0x0000000089400000, 0x0000000089400000| Untracked 
| 113|0x0000000089500000, 0x0000000089500000, 0x0000000089600000|  0%| F|  |TAMS 0x0000000089500000, 0x0000000089500000| Untracked 
| 114|0x0000000089600000, 0x0000000089600000, 0x0000000089700000|  0%| F|  |TAMS 0x0000000089600000, 0x0000000089600000| Untracked 
| 115|0x0000000089700000, 0x0000000089700000, 0x0000000089800000|  0%| F|  |TAMS 0x0000000089700000, 0x0000000089700000| Untracked 
| 116|0x0000000089800000, 0x0000000089800000, 0x0000000089900000|  0%| F|  |TAMS 0x0000000089800000, 0x0000000089800000| Untracked 
| 117|0x0000000089900000, 0x0000000089900000, 0x0000000089a00000|  0%| F|  |TAMS 0x0000000089900000, 0x0000000089900000| Untracked 
| 118|0x0000000089a00000, 0x0000000089a00000, 0x0000000089b00000|  0%| F|  |TAMS 0x0000000089a00000, 0x0000000089a00000| Untracked 
| 119|0x0000000089b00000, 0x0000000089b00000, 0x0000000089c00000|  0%| F|  |TAMS 0x0000000089b00000, 0x0000000089b00000| Untracked 
| 120|0x0000000089c00000, 0x0000000089c00000, 0x0000000089d00000|  0%| F|  |TAMS 0x0000000089c00000, 0x0000000089c00000| Untracked 
| 121|0x0000000089d00000, 0x0000000089d00000, 0x0000000089e00000|  0%| F|  |TAMS 0x0000000089d00000, 0x0000000089d00000| Untracked 
| 122|0x0000000089e00000, 0x0000000089e00000, 0x0000000089f00000|  0%| F|  |TAMS 0x0000000089e00000, 0x0000000089e00000| Untracked 
| 123|0x0000000089f00000, 0x0000000089f00000, 0x000000008a000000|  0%| F|  |TAMS 0x0000000089f00000, 0x0000000089f00000| Untracked 
| 124|0x000000008a000000, 0x000000008a000000, 0x000000008a100000|  0%| F|  |TAMS 0x000000008a000000, 0x000000008a000000| Untracked 
| 125|0x000000008a100000, 0x000000008a100000, 0x000000008a200000|  0%| F|  |TAMS 0x000000008a100000, 0x000000008a100000| Untracked 
| 126|0x000000008a200000, 0x000000008a200000, 0x000000008a300000|  0%| F|  |TAMS 0x000000008a200000, 0x000000008a200000| Untracked 
| 127|0x000000008a300000, 0x000000008a300000, 0x000000008a400000|  0%| F|  |TAMS 0x000000008a300000, 0x000000008a300000| Untracked 
| 128|0x000000008a400000, 0x000000008a400000, 0x000000008a500000|  0%| F|  |TAMS 0x000000008a400000, 0x000000008a400000| Untracked 
| 129|0x000000008a500000, 0x000000008a500000, 0x000000008a600000|  0%| F|  |TAMS 0x000000008a500000, 0x000000008a500000| Untracked 
| 130|0x000000008a600000, 0x000000008a600000, 0x000000008a700000|  0%| F|  |TAMS 0x000000008a600000, 0x000000008a600000| Untracked 
| 131|0x000000008a700000, 0x000000008a700000, 0x000000008a800000|  0%| F|  |TAMS 0x000000008a700000, 0x000000008a700000| Untracked 
| 132|0x000000008a800000, 0x000000008a800000, 0x000000008a900000|  0%| F|  |TAMS 0x000000008a800000, 0x000000008a800000| Untracked 
| 133|0x000000008a900000, 0x000000008a900000, 0x000000008aa00000|  0%| F|  |TAMS 0x000000008a900000, 0x000000008a900000| Untracked 
| 134|0x000000008aa00000, 0x000000008aa00000, 0x000000008ab00000|  0%| F|  |TAMS 0x000000008aa00000, 0x000000008aa00000| Untracked 
| 135|0x000000008ab00000, 0x000000008ab00000, 0x000000008ac00000|  0%| F|  |TAMS 0x000000008ab00000, 0x000000008ab00000| Untracked 
| 136|0x000000008ac00000, 0x000000008ac00000, 0x000000008ad00000|  0%| F|  |TAMS 0x000000008ac00000, 0x000000008ac00000| Untracked 
| 137|0x000000008ad00000, 0x000000008ad00000, 0x000000008ae00000|  0%| F|  |TAMS 0x000000008ad00000, 0x000000008ad00000| Untracked 
| 138|0x000000008ae00000, 0x000000008ae00000, 0x000000008af00000|  0%| F|  |TAMS 0x000000008ae00000, 0x000000008ae00000| Untracked 
| 139|0x000000008af00000, 0x000000008af00000, 0x000000008b000000|  0%| F|  |TAMS 0x000000008af00000, 0x000000008af00000| Untracked 
| 140|0x000000008b000000, 0x000000008b000000, 0x000000008b100000|  0%| F|  |TAMS 0x000000008b000000, 0x000000008b000000| Untracked 
| 141|0x000000008b100000, 0x000000008b100000, 0x000000008b200000|  0%| F|  |TAMS 0x000000008b100000, 0x000000008b100000| Untracked 
| 142|0x000000008b200000, 0x000000008b200000, 0x000000008b300000|  0%| F|  |TAMS 0x000000008b200000, 0x000000008b200000| Untracked 
| 143|0x000000008b300000, 0x000000008b300000, 0x000000008b400000|  0%| F|  |TAMS 0x000000008b300000, 0x000000008b300000| Untracked 
| 144|0x000000008b400000, 0x000000008b400000, 0x000000008b500000|  0%| F|  |TAMS 0x000000008b400000, 0x000000008b400000| Untracked 
| 145|0x000000008b500000, 0x000000008b500000, 0x000000008b600000|  0%| F|  |TAMS 0x000000008b500000, 0x000000008b500000| Untracked 
| 146|0x000000008b600000, 0x000000008b600000, 0x000000008b700000|  0%| F|  |TAMS 0x000000008b600000, 0x000000008b600000| Untracked 
| 147|0x000000008b700000, 0x000000008b700000, 0x000000008b800000|  0%| F|  |TAMS 0x000000008b700000, 0x000000008b700000| Untracked 
| 148|0x000000008b800000, 0x000000008b800000, 0x000000008b900000|  0%| F|  |TAMS 0x000000008b800000, 0x000000008b800000| Untracked 
| 149|0x000000008b900000, 0x000000008b900000, 0x000000008ba00000|  0%| F|  |TAMS 0x000000008b900000, 0x000000008b900000| Untracked 
| 150|0x000000008ba00000, 0x000000008ba00000, 0x000000008bb00000|  0%| F|  |TAMS 0x000000008ba00000, 0x000000008ba00000| Untracked 
| 151|0x000000008bb00000, 0x000000008bb00000, 0x000000008bc00000|  0%| F|  |TAMS 0x000000008bb00000, 0x000000008bb00000| Untracked 
| 152|0x000000008bc00000, 0x000000008bc00000, 0x000000008bd00000|  0%| F|  |TAMS 0x000000008bc00000, 0x000000008bc00000| Untracked 
| 153|0x000000008bd00000, 0x000000008bd00000, 0x000000008be00000|  0%| F|  |TAMS 0x000000008bd00000, 0x000000008bd00000| Untracked 
| 154|0x000000008be00000, 0x000000008be00000, 0x000000008bf00000|  0%| F|  |TAMS 0x000000008be00000, 0x000000008be00000| Untracked 
| 155|0x000000008bf00000, 0x000000008bf00000, 0x000000008c000000|  0%| F|  |TAMS 0x000000008bf00000, 0x000000008bf00000| Untracked 
| 156|0x000000008c000000, 0x000000008c000000, 0x000000008c100000|  0%| F|  |TAMS 0x000000008c000000, 0x000000008c000000| Untracked 
| 157|0x000000008c100000, 0x000000008c100000, 0x000000008c200000|  0%| F|  |TAMS 0x000000008c100000, 0x000000008c100000| Untracked 
| 158|0x000000008c200000, 0x000000008c200000, 0x000000008c300000|  0%| F|  |TAMS 0x000000008c200000, 0x000000008c200000| Untracked 
| 159|0x000000008c300000, 0x000000008c300000, 0x000000008c400000|  0%| F|  |TAMS 0x000000008c300000, 0x000000008c300000| Untracked 
| 160|0x000000008c400000, 0x000000008c400000, 0x000000008c500000|  0%| F|  |TAMS 0x000000008c400000, 0x000000008c400000| Untracked 
| 161|0x000000008c500000, 0x000000008c500000, 0x000000008c600000|  0%| F|  |TAMS 0x000000008c500000, 0x000000008c500000| Untracked 
| 162|0x000000008c600000, 0x000000008c600000, 0x000000008c700000|  0%| F|  |TAMS 0x000000008c600000, 0x000000008c600000| Untracked 
| 163|0x000000008c700000, 0x000000008c700000, 0x000000008c800000|  0%| F|  |TAMS 0x000000008c700000, 0x000000008c700000| Untracked 
| 164|0x000000008c800000, 0x000000008c800000, 0x000000008c900000|  0%| F|  |TAMS 0x000000008c800000, 0x000000008c800000| Untracked 
| 165|0x000000008c900000, 0x000000008c900000, 0x000000008ca00000|  0%| F|  |TAMS 0x000000008c900000, 0x000000008c900000| Untracked 
| 166|0x000000008ca00000, 0x000000008ca00000, 0x000000008cb00000|  0%| F|  |TAMS 0x000000008ca00000, 0x000000008ca00000| Untracked 
| 167|0x000000008cb00000, 0x000000008cb00000, 0x000000008cc00000|  0%| F|  |TAMS 0x000000008cb00000, 0x000000008cb00000| Untracked 
| 168|0x000000008cc00000, 0x000000008cc0c0c0, 0x000000008cd00000|  4%| S|CS|TAMS 0x000000008cc00000, 0x000000008cc00000| Complete 
| 169|0x000000008cd00000, 0x000000008cd00000, 0x000000008ce00000|  0%| F|  |TAMS 0x000000008cd00000, 0x000000008cd00000| Untracked 

Card table byte_map: [0x000002d467110000,0x000002d467500000] _byte_map_base: 0x000002d466cfe000

Marking Bits (Prev, Next): (CMBitMap*) 0x000002d44ff6d7c0, (CMBitMap*) 0x000002d44ff6d780
 Prev Bits: [0x000002d469860000, 0x000002d46b7d0000)
 Next Bits: [0x000002d4678f0000, 0x000002d469860000)

Polling page: 0x000002d44de70000

Metaspace:

Usage:
  Non-class:      9.93 MB used.
      Class:      1.04 MB used.
       Both:     10.96 MB used.

Virtual space:
  Non-class space:       16.00 MB reserved,      10.06 MB ( 63%) committed,  2 nodes.
      Class space:        1.00 GB reserved,       1.12 MB ( <1%) committed,  1 nodes.
             Both:        1.02 GB reserved,      11.19 MB (  1%) committed. 

Chunk freelists:
   Non-Class:  1.99 MB
       Class:  2.71 MB
        Both:  4.70 MB

MaxMetaspaceSize: unlimited
CompressedClassSpaceSize: 1.00 GB
Initial GC threshold: 21.00 MB
Current GC threshold: 21.00 MB
CDS: on
MetaspaceReclaimPolicy: balanced
 - commit_granule_bytes: 65536.
 - commit_granule_words: 8192.
 - virtual_space_node_default_size: 1048576.
 - enlarge_chunks_in_place: 1.
 - new_chunks_are_fully_committed: 0.
 - uncommit_free_chunks: 1.
 - use_allocation_guard: 0.
 - handle_deallocations: 1.


Internal statistics:

num_allocs_failed_limit: 0.
num_arena_births: 134.
num_arena_deaths: 0.
num_vsnodes_births: 3.
num_vsnodes_deaths: 0.
num_space_committed: 179.
num_space_uncommitted: 0.
num_chunks_returned_to_freelist: 0.
num_chunks_taken_from_freelist: 314.
num_chunk_merges: 0.
num_chunk_splits: 200.
num_chunks_enlarged: 137.
num_purges: 0.
num_inconsistent_stats: 0.

CodeHeap 'non-profiled nmethods': size=120000Kb used=1957Kb max_used=1957Kb free=118042Kb
 bounds [0x000002d45f4c0000, 0x000002d45f730000, 0x000002d4669f0000]
CodeHeap 'profiled nmethods': size=120000Kb used=4442Kb max_used=4442Kb free=115557Kb
 bounds [0x000002d457f90000, 0x000002d4583f0000, 0x000002d45f4c0000]
CodeHeap 'non-nmethods': size=5760Kb used=1409Kb max_used=1488Kb free=4350Kb
 bounds [0x000002d4579f0000, 0x000002d457c60000, 0x000002d457f90000]
 total_blobs=3008 nmethods=2324 adapters=597
 compilation: enabled
              stopped_count=0, restarted_count=0
 full_count=0

Compilation events (20 events):
Event: 292.679 Thread 0x000002d46e214f50 2317       3       java.awt.geom.Path2D::setWindingRule (25 bytes)
Event: 292.681 Thread 0x000002d46e214f50 nmethod 2317 0x000002d4583e3a10 code [0x000002d4583e3bc0, 0x000002d4583e3e28]
Event: 292.681 Thread 0x000002d46e214f50 2318       3       java.util.Arrays::copyOf (19 bytes)
Event: 292.682 Thread 0x000002d46e214f50 nmethod 2318 0x000002d4583e3f10 code [0x000002d4583e40c0, 0x000002d4583e43c8]
Event: 292.685 Thread 0x000002d46e214f50 2319   !   3       sun.font.FontLineMetrics::clone (15 bytes)
Event: 292.686 Thread 0x000002d46e214f50 nmethod 2319 0x000002d4583e4510 code [0x000002d4583e46c0, 0x000002d4583e4918]
Event: 292.686 Thread 0x000002d46e214f50 2320       3       java.lang.Character::isHighSurrogate (18 bytes)
Event: 292.687 Thread 0x000002d46e214f50 nmethod 2320 0x000002d4583e4a90 code [0x000002d4583e4c20, 0x000002d4583e4db8]
Event: 293.578 Thread 0x000002d46e214f50 2321       3       jdk.internal.loader.Resource::<init> (5 bytes)
Event: 293.578 Thread 0x000002d46e214f50 nmethod 2321 0x000002d4583e4e90 code [0x000002d4583e5020, 0x000002d4583e5178]
Event: 293.580 Thread 0x000002d46e214f50 2322       3       javax.imageio.spi.PartialOrderIterator::hasNext (16 bytes)
Event: 293.580 Thread 0x000002d46e214f50 nmethod 2322 0x000002d4583e5210 code [0x000002d4583e53c0, 0x000002d4583e5698]
Event: 293.585 Thread 0x000002d46e1ec080 2323       4       sun.java2d.StateTrackableDelegate::createInstance (80 bytes)
Event: 293.587 Thread 0x000002d46e1ec080 nmethod 2323 0x000002d45f6a8e10 code [0x000002d45f6a8fa0, 0x000002d45f6a90b8]
Event: 293.669 Thread 0x000002d46e214f50 2324       3       sun.security.provider.ByteArrayAccess::i2bBig4 (10 bytes)
Event: 293.669 Thread 0x000002d46e214f50 nmethod 2324 0x000002d4583e5790 code [0x000002d4583e59c0, 0x000002d4583e6118]
Event: 293.669 Thread 0x000002d46e214f50 2325       1       sun.security.provider.DigestBase::engineGetDigestLength (5 bytes)
Event: 293.669 Thread 0x000002d46e214f50 nmethod 2325 0x000002d45f6a9210 code [0x000002d45f6a93a0, 0x000002d45f6a9478]
Event: 293.669 Thread 0x000002d46e214f50 2326       3       java.io.FileDescriptor::valid (25 bytes)
Event: 293.670 Thread 0x000002d46e214f50 nmethod 2326 0x000002d4583e6490 code [0x000002d4583e6620, 0x000002d4583e67d8]

GC Heap History (20 events):
Event: 281.250 GC heap after
{Heap after GC invocations=449 (full 12):
 garbage-first heap   total 178176K, used 75039K [0x0000000082400000, 0x0000000100000000)
  region size 1024K, 1 young (1024K), 1 survivors (1024K)
 Metaspace       used 11157K, committed 11328K, reserved 1064960K
  class space    used 1056K, committed 1152K, reserved 1048576K
}
Event: 281.265 GC heap before
{Heap before GC invocations=449 (full 12):
 garbage-first heap   total 178176K, used 83231K [0x0000000082400000, 0x0000000100000000)
  region size 1024K, 2 young (2048K), 1 survivors (1024K)
 Metaspace       used 11158K, committed 11328K, reserved 1064960K
  class space    used 1056K, committed 1152K, reserved 1048576K
}
Event: 281.267 GC heap after
{Heap after GC invocations=450 (full 12):
 garbage-first heap   total 178176K, used 66889K [0x0000000082400000, 0x0000000100000000)
  region size 1024K, 1 young (1024K), 1 survivors (1024K)
 Metaspace       used 11158K, committed 11328K, reserved 1064960K
  class space    used 1056K, committed 1152K, reserved 1048576K
}
Event: 281.325 GC heap before
{Heap before GC invocations=450 (full 12):
 garbage-first heap   total 178176K, used 76105K [0x0000000082400000, 0x0000000100000000)
  region size 1024K, 4 young (4096K), 1 survivors (1024K)
 Metaspace       used 11182K, committed 11392K, reserved 1064960K
  class space    used 1056K, committed 1152K, reserved 1048576K
}
Event: 281.343 GC heap after
{Heap after GC invocations=451 (full 13):
 garbage-first heap   total 178176K, used 50446K [0x0000000082400000, 0x0000000100000000)
  region size 1024K, 0 young (0K), 0 survivors (0K)
 Metaspace       used 11182K, committed 11392K, reserved 1064960K
  class space    used 1056K, committed 1152K, reserved 1048576K
}
Event: 283.414 GC heap before
{Heap before GC invocations=451 (full 13):
 garbage-first heap   total 178176K, used 53518K [0x0000000082400000, 0x0000000100000000)
  region size 1024K, 2 young (2048K), 0 survivors (0K)
 Metaspace       used 11183K, committed 11392K, reserved 1064960K
  class space    used 1056K, committed 1152K, reserved 1048576K
}
Event: 283.434 GC heap after
{Heap after GC invocations=452 (full 14):
 garbage-first heap   total 174080K, used 50457K [0x0000000082400000, 0x0000000100000000)
  region size 1024K, 0 young (0K), 0 survivors (0K)
 Metaspace       used 11183K, committed 11392K, reserved 1064960K
  class space    used 1056K, committed 1152K, reserved 1048576K
}
Event: 292.617 GC heap before
{Heap before GC invocations=452 (full 14):
 garbage-first heap   total 174080K, used 84249K [0x0000000082400000, 0x0000000100000000)
  region size 1024K, 10 young (10240K), 0 survivors (0K)
 Metaspace       used 11213K, committed 11456K, reserved 1064960K
  class space    used 1060K, committed 1152K, reserved 1048576K
}
Event: 292.617 GC heap after
{Heap after GC invocations=453 (full 14):
 garbage-first heap   total 174080K, used 75118K [0x0000000082400000, 0x0000000100000000)
  region size 1024K, 1 young (1024K), 1 survivors (1024K)
 Metaspace       used 11213K, committed 11456K, reserved 1064960K
  class space    used 1060K, committed 1152K, reserved 1048576K
}
Event: 292.637 GC heap before
{Heap before GC invocations=453 (full 14):
 garbage-first heap   total 174080K, used 83310K [0x0000000082400000, 0x0000000100000000)
  region size 1024K, 2 young (2048K), 1 survivors (1024K)
 Metaspace       used 11214K, committed 11456K, reserved 1064960K
  class space    used 1060K, committed 1152K, reserved 1048576K
}
Event: 292.639 GC heap after
{Heap after GC invocations=454 (full 14):
 garbage-first heap   total 174080K, used 66964K [0x0000000082400000, 0x0000000100000000)
  region size 1024K, 1 young (1024K), 1 survivors (1024K)
 Metaspace       used 11214K, committed 11456K, reserved 1064960K
  class space    used 1060K, committed 1152K, reserved 1048576K
}
Event: 292.696 GC heap before
{Heap before GC invocations=454 (full 14):
 garbage-first heap   total 174080K, used 77204K [0x0000000082400000, 0x0000000100000000)
  region size 1024K, 4 young (4096K), 1 survivors (1024K)
 Metaspace       used 11224K, committed 11456K, reserved 1064960K
  class space    used 1060K, committed 1152K, reserved 1048576K
}
Event: 292.710 GC heap after
{Heap after GC invocations=455 (full 15):
 garbage-first heap   total 174080K, used 59860K [0x0000000082400000, 0x0000000100000000)
  region size 1024K, 0 young (0K), 0 survivors (0K)
 Metaspace       used 11224K, committed 11456K, reserved 1064960K
  class space    used 1060K, committed 1152K, reserved 1048576K
}
Event: 293.638 GC heap before
{Heap before GC invocations=455 (full 15):
 garbage-first heap   total 174080K, used 77268K [0x0000000082400000, 0x0000000100000000)
  region size 1024K, 9 young (9216K), 0 survivors (0K)
 Metaspace       used 11224K, committed 11456K, reserved 1064960K
  class space    used 1060K, committed 1152K, reserved 1048576K
}
Event: 293.640 GC heap after
{Heap after GC invocations=456 (full 15):
 garbage-first heap   total 174080K, used 68064K [0x0000000082400000, 0x0000000100000000)
  region size 1024K, 1 young (1024K), 1 survivors (1024K)
 Metaspace       used 11224K, committed 11456K, reserved 1064960K
  class space    used 1060K, committed 1152K, reserved 1048576K
}
Event: 293.641 GC heap before
{Heap before GC invocations=456 (full 15):
 garbage-first heap   total 174080K, used 76256K [0x0000000082400000, 0x0000000100000000)
  region size 1024K, 2 young (2048K), 1 survivors (1024K)
 Metaspace       used 11224K, committed 11456K, reserved 1064960K
  class space    used 1060K, committed 1152K, reserved 1048576K
}
Event: 293.642 GC heap after
{Heap after GC invocations=457 (full 15):
 garbage-first heap   total 174080K, used 76258K [0x0000000082400000, 0x0000000100000000)
  region size 1024K, 1 young (1024K), 1 survivors (1024K)
 Metaspace       used 11224K, committed 11456K, reserved 1064960K
  class space    used 1060K, committed 1152K, reserved 1048576K
}
Event: 293.663 GC heap before
{Heap before GC invocations=458 (full 15):
 garbage-first heap   total 174080K, used 83426K [0x0000000082400000, 0x0000000100000000)
  region size 1024K, 2 young (2048K), 1 survivors (1024K)
 Metaspace       used 11224K, committed 11456K, reserved 1064960K
  class space    used 1060K, committed 1152K, reserved 1048576K
}
Event: 293.665 GC heap after
{Heap after GC invocations=459 (full 15):
 garbage-first heap   total 174080K, used 83424K [0x0000000082400000, 0x0000000100000000)
  region size 1024K, 1 young (1024K), 1 survivors (1024K)
 Metaspace       used 11224K, committed 11456K, reserved 1064960K
  class space    used 1060K, committed 1152K, reserved 1048576K
}
Event: 293.675 GC heap before
{Heap before GC invocations=460 (full 15):
 garbage-first heap   total 174080K, used 91616K [0x0000000082400000, 0x0000000100000000)
  region size 1024K, 2 young (2048K), 1 survivors (1024K)
 Metaspace       used 11225K, committed 11456K, reserved 1064960K
  class space    used 1060K, committed 1152K, reserved 1048576K
}

Deoptimization events (20 events):
Event: 292.525 Thread 0x000002d46f29ebc0 DEOPT PACKING pc=0x000002d4583b9acc sp=0x000000e8949fe290
Event: 292.525 Thread 0x000002d46f29ebc0 DEOPT UNPACKING pc=0x000002d457a42b43 sp=0x000000e8949fd730 mode 1
Event: 292.525 Thread 0x000002d46f29ebc0 DEOPT PACKING pc=0x000002d458032f0c sp=0x000000e8949fe2d0
Event: 292.525 Thread 0x000002d46f29ebc0 DEOPT UNPACKING pc=0x000002d457a42b43 sp=0x000000e8949fd740 mode 1
Event: 292.525 Thread 0x000002d46f29ebc0 DEOPT PACKING pc=0x000002d458032f0c sp=0x000000e8949fe080
Event: 292.525 Thread 0x000002d46f29ebc0 DEOPT UNPACKING pc=0x000002d457a42b43 sp=0x000000e8949fd4e0 mode 1
Event: 292.525 Thread 0x000002d46f29ebc0 DEOPT PACKING pc=0x000002d457ff9194 sp=0x000000e8949fe110
Event: 292.525 Thread 0x000002d46f29ebc0 DEOPT UNPACKING pc=0x000002d457a42b43 sp=0x000000e8949fd5e0 mode 1
Event: 292.525 Thread 0x000002d46f29ebc0 DEOPT PACKING pc=0x000002d4583b9acc sp=0x000000e8949fe290
Event: 292.525 Thread 0x000002d46f29ebc0 DEOPT UNPACKING pc=0x000002d457a42b43 sp=0x000000e8949fd730 mode 1
Event: 292.525 Thread 0x000002d46f29ebc0 DEOPT PACKING pc=0x000002d458032f0c sp=0x000000e8949fe2d0
Event: 292.525 Thread 0x000002d46f29ebc0 DEOPT UNPACKING pc=0x000002d457a42b43 sp=0x000000e8949fd740 mode 1
Event: 292.526 Thread 0x000002d47022ce60 DEOPT PACKING pc=0x000002d4580bce6c sp=0x000000e894afaf70
Event: 292.526 Thread 0x000002d47022ce60 DEOPT UNPACKING pc=0x000002d457a42b43 sp=0x000000e894afa420 mode 1
Event: 292.527 Thread 0x000002d47022ce60 DEOPT PACKING pc=0x000002d4580bce6c sp=0x000000e894afaf70
Event: 292.527 Thread 0x000002d47022ce60 DEOPT UNPACKING pc=0x000002d457a42b43 sp=0x000000e894afa420 mode 1
Event: 292.529 Thread 0x000002d47022ce60 DEOPT PACKING pc=0x000002d4580bce6c sp=0x000000e894afaf70
Event: 292.529 Thread 0x000002d47022ce60 DEOPT UNPACKING pc=0x000002d457a42b43 sp=0x000000e894afa420 mode 1
Event: 292.532 Thread 0x000002d47022ce60 DEOPT PACKING pc=0x000002d4580bce6c sp=0x000000e894afaf70
Event: 292.533 Thread 0x000002d47022ce60 DEOPT UNPACKING pc=0x000002d457a42b43 sp=0x000000e894afa420 mode 1

Classes unloaded (0 events):
No events

Classes redefined (0 events):
No events

Internal exceptions (20 events):
Event: 0.584 Thread 0x000002d44ff149c0 Exception <a 'java/lang/ClassNotFoundException'{0x0000000089f63f38}: sun/awt/resources/spi/awtProvider> (0x0000000089f63f38) 
thrown [s\src\hotspot\share\classfile\systemDictionary.cpp, line 256]
Event: 0.645 Thread 0x000002d44ff149c0 Exception <a 'java/io/FileNotFoundException'{0x0000000089fbeeb0}> (0x0000000089fbeeb0) 
thrown [s\src\hotspot\share\prims\jni.cpp, line 516]
Event: 0.669 Thread 0x000002d44ff149c0 Exception <a 'java/io/FileNotFoundException'{0x0000000089feca38}> (0x0000000089feca38) 
thrown [s\src\hotspot\share\prims\jni.cpp, line 516]
Event: 0.803 Thread 0x000002d44ff149c0 Exception <a 'java/lang/NoSuchMethodError'{0x0000000089eaefb8}: 'java.lang.Object java.lang.invoke.DirectMethodHandle$Holder.invokeStaticInit(java.lang.Object)'> (0x0000000089eaefb8) 
thrown [s\src\hotspot\share\interpreter\linkResolver.cpp, line 759]
Event: 1.239 Thread 0x000002d46f29c070 Exception <a 'java/lang/NoSuchMethodError'{0x0000000089de4150}: 'void java.lang.invoke.DirectMethodHandle$Holder.invokeStatic(java.lang.Object, java.lang.Object)'> (0x0000000089de4150) 
thrown [s\src\hotspot\share\interpreter\linkResolver.cpp, line 759]
Event: 1.373 Thread 0x000002d46f29dd50 Exception <a 'java/lang/ClassNotFoundException'{0x000000008a1afdf0}: sun/net/www/protocol/c/Handler> (0x000000008a1afdf0) 
thrown [s\src\hotspot\share\classfile\systemDictionary.cpp, line 256]
Event: 1.473 Thread 0x000002d46f29dd50 Exception <a 'java/lang/NoSuchMethodError'{0x000000008a014c08}: 'java.lang.Object java.lang.invoke.DirectMethodHandle$Holder.invokeStaticInit(java.lang.Object, int, int, int, int)'> (0x000000008a014c08) 
thrown [s\src\hotspot\share\interpreter\linkResolver.cpp, line 759]
Event: 1.579 Thread 0x000002d46f29dd50 Exception <a 'java/lang/NoSuchMethodError'{0x000000008a052db0}: 'java.lang.Object java.lang.invoke.DirectMethodHandle$Holder.invokeStaticInit(java.lang.Object, java.lang.Object, int, int, int, int)'> (0x000000008a052db0) 
thrown [s\src\hotspot\share\interpreter\linkResolver.cpp, line 759]
Event: 1.841 Thread 0x000002d46f29c070 Exception <a 'java/lang/NoSuchMethodError'{0x0000000089f1e198}: 'void java.lang.invoke.DirectMethodHandle$Holder.invokeSpecial(java.lang.Object, java.lang.Object, java.lang.Object)'> (0x0000000089f1e198) 
thrown [s\src\hotspot\share\interpreter\linkResolver.cpp, line 759]
Event: 1.848 Thread 0x000002d46f29c070 Exception <a 'java/lang/NoSuchMethodError'{0x0000000089f29898}: 'void java.lang.invoke.DirectMethodHandle$Holder.invokeStatic(java.lang.Object, java.lang.Object, java.lang.Object)'> (0x0000000089f29898) 
thrown [s\src\hotspot\share\interpreter\linkResolver.cpp, line 759]
Event: 1.954 Thread 0x000002d46f29ebc0 Exception <a 'java/lang/NoSuchMethodError'{0x0000000089e06790}: 'java.lang.Object java.lang.invoke.DirectMethodHandle$Holder.invokeStatic(java.lang.Object, int, java.lang.Object)'> (0x0000000089e06790) 
thrown [s\src\hotspot\share\interpreter\linkResolver.cpp, line 759]
Event: 1.972 Thread 0x000002d46f29ebc0 Exception <a 'java/lang/ClassNotFoundException'{0x0000000089e19118}: sun/util/logging/resources/spi/loggingProvider> (0x0000000089e19118) 
thrown [s\src\hotspot\share\classfile\systemDictionary.cpp, line 256]
Event: 2.615 Thread 0x000002d46f29ebc0 Exception <a 'java/lang/NoSuchMethodError'{0x0000000089e93660}: 'int java.lang.invoke.DirectMethodHandle$Holder.invokeStaticInit(java.lang.Object, java.lang.Object, java.lang.Object)'> (0x0000000089e93660) 
thrown [s\src\hotspot\share\interpreter\linkResolver.cpp, line 759]
Event: 2.663 Thread 0x000002d46f29ebc0 Exception <a 'java/lang/NoSuchMethodError'{0x0000000089d32910}: 'java.lang.Object java.lang.invoke.DirectMethodHandle$Holder.newInvokeSpecial(java.lang.Object, java.lang.Object, int, java.lang.Object)'> (0x0000000089d32910) 
thrown [s\src\hotspot\share\interpreter\linkResolver.cpp, line 759]
Event: 2.663 Thread 0x000002d46f29ebc0 Exception <a 'java/lang/NoSuchMethodError'{0x0000000089d3e790}: 'java.lang.Object java.lang.invoke.DirectMethodHandle$Holder.invokeSpecial(java.lang.Object, java.lang.Object, java.lang.Object, int, java.lang.Object)'> (0x0000000089d3e790) 
thrown [s\src\hotspot\share\interpreter\linkResolver.cpp, line 759]
Event: 2.753 Thread 0x000002d46f29e220 Exception <a 'java/lang/NoSuchMethodError'{0x000000008a14aab0}: 'void java.lang.invoke.DirectMethodHandle$Holder.invokeStaticInit(java.lang.Object)'> (0x000000008a14aab0) 
thrown [s\src\hotspot\share\interpreter\linkResolver.cpp, line 759]
Event: 2.772 Thread 0x000002d46f29c070 Exception <a 'java/lang/NoSuchMethodError'{0x000000008a1b6a98}: 'java.lang.Object java.lang.invoke.Invokers$Holder.invoke_MT(java.lang.Object, java.lang.Object, java.lang.Object)'> (0x000000008a1b6a98) 
thrown [s\src\hotspot\share\interpreter\linkResolver.cpp, line 759]
Event: 4.548 Thread 0x000002d46f29cee0 Exception <a 'java/lang/NoSuchMethodError'{0x0000000083b59628}: 'void java.lang.invoke.DirectMethodHandle$Holder.invokeInterface(java.lang.Object, java.lang.Object)'> (0x0000000083b59628) 
thrown [s\src\hotspot\share\interpreter\linkResolver.cpp, line 759]
Event: 48.914 Thread 0x000002d46f29ebc0 Implicit null exception at 0x000002d45f5ebce4 to 0x000002d45f5ebdb0
Event: 106.366 Thread 0x000002d47022ce60 Exception <a 'java/lang/InterruptedException'{0x000000008b612960}: sleep interrupted> (0x000000008b612960) 
thrown [s\src\hotspot\share\prims\jvm.cpp, line 3070]

VM Operations (20 events):
Event: 292.671 Executing VM operation: get/set locals done
Event: 292.695 Executing VM operation: G1CollectFull
Event: 292.710 Executing VM operation: G1CollectFull done
Event: 292.711 Executing VM operation: Cleanup
Event: 292.711 Executing VM operation: Cleanup done
Event: 293.638 Executing VM operation: G1TryInitiateConcMark
Event: 293.640 Executing VM operation: G1TryInitiateConcMark done
Event: 293.640 Executing VM operation: G1TryInitiateConcMark
Event: 293.642 Executing VM operation: G1TryInitiateConcMark done
Event: 293.646 Executing VM operation: G1Concurrent
Event: 293.651 Executing VM operation: G1Concurrent done
Event: 293.657 Executing VM operation: G1Concurrent
Event: 293.658 Executing VM operation: G1Concurrent done
Event: 293.663 Executing VM operation: G1TryInitiateConcMark
Event: 293.665 Executing VM operation: G1TryInitiateConcMark done
Event: 293.670 Executing VM operation: G1Concurrent
Event: 293.672 Executing VM operation: G1Concurrent done
Event: 293.674 Executing VM operation: G1Concurrent
Event: 293.674 Executing VM operation: G1Concurrent done
Event: 293.675 Executing VM operation: G1TryInitiateConcMark

Events (20 events):
Event: 5.220 loading class sun/java2d/marlin/DMarlinRenderingEngine$NormMode$1 done
Event: 5.220 loading class sun/java2d/marlin/DMarlinRenderingEngine$NormMode$2
Event: 5.220 loading class sun/java2d/marlin/DMarlinRenderingEngine$NormMode$2 done
Event: 5.220 loading class sun/java2d/marlin/DMarlinRenderingEngine$NormMode$3
Event: 5.220 loading class sun/java2d/marlin/DMarlinRenderingEngine$NormMode$3 done
Event: 5.220 loading class java/awt/geom/Path2D$Float$TxIterator
Event: 5.220 loading class java/awt/geom/Path2D$Float$TxIterator done
Event: 5.220 loading class sun/java2d/marlin/Helpers
Event: 5.220 loading class sun/java2d/marlin/Helpers done
Event: 5.221 loading class sun/java2d/marlin/ArrayCacheConst
Event: 5.222 loading class sun/java2d/marlin/ArrayCacheConst done
Event: 5.223 loading class java/awt/geom/Line2D
Event: 5.223 loading class java/awt/geom/Line2D done
Event: 5.226 loading class sun/java2d/marlin/MergeSort
Event: 5.226 loading class sun/java2d/marlin/MergeSort done
Event: 6.863 Thread 0x000002d4703d78f0 Thread exited: 0x000002d4703d78f0
Event: 8.880 Thread 0x000002d4703d78f0 Thread added: 0x000002d4703d78f0
Event: 9.192 loading class java/lang/NoSuchFieldError
Event: 9.192 loading class java/lang/NoSuchFieldError done
Event: 12.863 Thread 0x000002d4703d78f0 Thread exited: 0x000002d4703d78f0


Dynamic libraries:
0x00007ff799a60000 - 0x00007ff799a6e000 	C:\Program Files\Greenfoot\jdk\bin\java.exe
0x00007ff84b510000 - 0x00007ff84b726000 	C:\WINDOWS\SYSTEM32\ntdll.dll
0x00007ff849970000 - 0x00007ff849a34000 	C:\WINDOWS\System32\KERNEL32.DLL
0x00007ff848c50000 - 0x00007ff848ff7000 	C:\WINDOWS\System32\KERNELBASE.dll
0x00007ff848b30000 - 0x00007ff848c41000 	C:\WINDOWS\System32\ucrtbase.dll
0x00007ff835fb0000 - 0x00007ff835fc8000 	C:\Program Files\Greenfoot\jdk\bin\jli.dll
0x00007ff841ba0000 - 0x00007ff841bb9000 	C:\Program Files\Greenfoot\jdk\bin\VCRUNTIME140.dll
0x00007ff84ada0000 - 0x00007ff84af4e000 	C:\WINDOWS\System32\USER32.dll
0x00007ff848830000 - 0x00007ff848856000 	C:\WINDOWS\System32\win32u.dll
0x00007ff83d230000 - 0x00007ff83d4c3000 	C:\WINDOWS\WinSxS\amd64_microsoft.windows.common-controls_6595b64144ccf1df_6.0.22621.3235_none_270f74e173860f98\COMCTL32.dll
0x00007ff849940000 - 0x00007ff849969000 	C:\WINDOWS\System32\GDI32.dll
0x00007ff84b250000 - 0x00007ff84b2f7000 	C:\WINDOWS\System32\msvcrt.dll
0x00007ff849000000 - 0x00007ff849119000 	C:\WINDOWS\System32\gdi32full.dll
0x00007ff8491a0000 - 0x00007ff84923a000 	C:\WINDOWS\System32\msvcp_win.dll
0x00007ff84af50000 - 0x00007ff84af81000 	C:\WINDOWS\System32\IMM32.DLL
0x00007ff8430e0000 - 0x00007ff8430ec000 	C:\Program Files\Greenfoot\jdk\bin\vcruntime140_1.dll
0x00007ff8257e0000 - 0x00007ff825871000 	C:\Program Files\Greenfoot\jdk\bin\msvcp140.dll
0x00007ff805730000 - 0x00007ff806376000 	C:\Program Files\Greenfoot\jdk\bin\server\jvm.dll
0x00007ff84b410000 - 0x00007ff84b4c2000 	C:\WINDOWS\System32\ADVAPI32.dll
0x00007ff84a5e0000 - 0x00007ff84a688000 	C:\WINDOWS\System32\sechost.dll
0x00007ff8488d0000 - 0x00007ff8488f8000 	C:\WINDOWS\System32\bcrypt.dll
0x00007ff84a4c0000 - 0x00007ff84a5d5000 	C:\WINDOWS\System32\RPCRT4.dll
0x00007ff84ab40000 - 0x00007ff84ab48000 	C:\WINDOWS\System32\PSAPI.DLL
0x00007ff842b40000 - 0x00007ff842b74000 	C:\WINDOWS\SYSTEM32\WINMM.dll
0x00007ff841d60000 - 0x00007ff841d6a000 	C:\WINDOWS\SYSTEM32\VERSION.dll
0x00007ff841b90000 - 0x00007ff841b99000 	C:\WINDOWS\SYSTEM32\WSOCK32.dll
0x00007ff84b390000 - 0x00007ff84b401000 	C:\WINDOWS\System32\WS2_32.dll
0x00007ff847870000 - 0x00007ff847888000 	C:\WINDOWS\SYSTEM32\kernel.appcore.dll
0x00007ff83a6d0000 - 0x00007ff83a6da000 	C:\Program Files\Greenfoot\jdk\bin\jimage.dll
0x00007ff846310000 - 0x00007ff846543000 	C:\WINDOWS\SYSTEM32\DBGHELP.DLL
0x00007ff84a740000 - 0x00007ff84aac8000 	C:\WINDOWS\System32\combase.dll
0x00007ff84ac60000 - 0x00007ff84ad37000 	C:\WINDOWS\System32\OLEAUT32.dll
0x00007ff841e60000 - 0x00007ff841e92000 	C:\WINDOWS\SYSTEM32\dbgcore.DLL
0x00007ff849120000 - 0x00007ff849199000 	C:\WINDOWS\System32\bcryptPrimitives.dll
0x00007ff830cc0000 - 0x00007ff830cfb000 	C:\Program Files\Greenfoot\jdk\bin\jdwp.dll
0x00007ff832400000 - 0x00007ff832425000 	C:\Program Files\Greenfoot\jdk\bin\java.dll
0x00007ff820950000 - 0x00007ff820a26000 	C:\Program Files\Greenfoot\jdk\bin\jsvml.dll
0x00007ff849a40000 - 0x00007ff84a29c000 	C:\WINDOWS\System32\SHELL32.dll
0x00007ff846790000 - 0x00007ff847089000 	C:\WINDOWS\SYSTEM32\windows.storage.dll
0x00007ff846650000 - 0x00007ff84678e000 	C:\WINDOWS\SYSTEM32\wintypes.dll
0x00007ff84af90000 - 0x00007ff84b083000 	C:\WINDOWS\System32\SHCORE.dll
0x00007ff84ad40000 - 0x00007ff84ad9e000 	C:\WINDOWS\System32\shlwapi.dll
0x00007ff848760000 - 0x00007ff848781000 	C:\WINDOWS\SYSTEM32\profapi.dll
0x00007ff8394f0000 - 0x00007ff8394fb000 	C:\Program Files\Greenfoot\jdk\bin\dt_shmem.dll
0x00007ff830d40000 - 0x00007ff830d59000 	C:\Program Files\Greenfoot\jdk\bin\net.dll
0x00007ff842a00000 - 0x00007ff842b36000 	C:\WINDOWS\SYSTEM32\WINHTTP.dll
0x00007ff847ce0000 - 0x00007ff847d49000 	C:\WINDOWS\system32\mswsock.dll
0x00007ff830d20000 - 0x00007ff830d35000 	C:\Program Files\Greenfoot\jdk\bin\nio.dll
0x00007ff830d00000 - 0x00007ff830d18000 	C:\Program Files\Greenfoot\jdk\bin\zip.dll
0x00007ff811680000 - 0x00007ff81180e000 	C:\Program Files\Greenfoot\jdk\bin\awt.dll
0x00007ff845830000 - 0x00007ff8458c7000 	C:\WINDOWS\SYSTEM32\apphelp.dll
0x00007ff8459c0000 - 0x00007ff845a6b000 	C:\WINDOWS\system32\uxtheme.dll
0x00007ff84b090000 - 0x00007ff84b1e3000 	C:\WINDOWS\System32\MSCTF.dll
0x00007ff84a310000 - 0x00007ff84a4b5000 	C:\WINDOWS\System32\ole32.dll
0x00007ff847f40000 - 0x00007ff847f5b000 	C:\WINDOWS\SYSTEM32\CRYPTSP.dll
0x00007ff8477d0000 - 0x00007ff847805000 	C:\WINDOWS\system32\rsaenh.dll
0x00007ff847de0000 - 0x00007ff847e08000 	C:\WINDOWS\SYSTEM32\USERENV.dll
0x00007ff847f60000 - 0x00007ff847f6c000 	C:\WINDOWS\SYSTEM32\CRYPTBASE.dll
0x00007ff8472f0000 - 0x00007ff84731d000 	C:\WINDOWS\SYSTEM32\IPHLPAPI.DLL
0x00007ff84ab50000 - 0x00007ff84ab59000 	C:\WINDOWS\System32\NSI.dll
0x00007ff842840000 - 0x00007ff842859000 	C:\WINDOWS\SYSTEM32\dhcpcsvc6.DLL
0x00007ff842820000 - 0x00007ff84283f000 	C:\WINDOWS\SYSTEM32\dhcpcsvc.DLL
0x00007ff847360000 - 0x00007ff847459000 	C:\WINDOWS\SYSTEM32\DNSAPI.dll
0x00007ff845df0000 - 0x00007ff845e1b000 	C:\WINDOWS\system32\DWMAPI.DLL
0x00007ff82f4d0000 - 0x00007ff82f5d0000 	C:\WINDOWS\system32\opengl32.dll
0x00007ff840c70000 - 0x00007ff840c9d000 	C:\WINDOWS\SYSTEM32\GLU32.dll
0x00007ff845ac0000 - 0x00007ff845af9000 	C:\WINDOWS\SYSTEM32\dxcore.dll
0x000002d44fed0000 - 0x000002d44fed3000 	C:\Users\elena\.openjfx\cache\20.0.1+2\amd64\api-ms-win-core-console-l1-1-0.dll
0x000002d46e390000 - 0x000002d46e393000 	C:\Users\elena\.openjfx\cache\20.0.1+2\amd64\api-ms-win-core-console-l1-2-0.dll
0x000002d46e3a0000 - 0x000002d46e3a3000 	C:\Users\elena\.openjfx\cache\20.0.1+2\amd64\api-ms-win-core-datetime-l1-1-0.dll
0x000002d46e3b0000 - 0x000002d46e3b3000 	C:\Users\elena\.openjfx\cache\20.0.1+2\amd64\api-ms-win-core-debug-l1-1-0.dll
0x000002d46e3c0000 - 0x000002d46e3c3000 	C:\Users\elena\.openjfx\cache\20.0.1+2\amd64\api-ms-win-core-errorhandling-l1-1-0.dll
0x000002d46e3d0000 - 0x000002d46e3d4000 	C:\Users\elena\.openjfx\cache\20.0.1+2\amd64\api-ms-win-core-file-l1-1-0.dll
0x000002d46e3e0000 - 0x000002d46e3e3000 	C:\Users\elena\.openjfx\cache\20.0.1+2\amd64\api-ms-win-core-file-l1-2-0.dll
0x000002d46e3f0000 - 0x000002d46e3f3000 	C:\Users\elena\.openjfx\cache\20.0.1+2\amd64\api-ms-win-core-file-l2-1-0.dll
0x000002d46f990000 - 0x000002d46f993000 	C:\Users\elena\.openjfx\cache\20.0.1+2\amd64\api-ms-win-core-handle-l1-1-0.dll
0x000002d46f9a0000 - 0x000002d46f9a3000 	C:\Users\elena\.openjfx\cache\20.0.1+2\amd64\api-ms-win-core-heap-l1-1-0.dll
0x000002d46f9b0000 - 0x000002d46f9b3000 	C:\Users\elena\.openjfx\cache\20.0.1+2\amd64\api-ms-win-core-interlocked-l1-1-0.dll
0x000002d46f9c0000 - 0x000002d46f9c3000 	C:\Users\elena\.openjfx\cache\20.0.1+2\amd64\api-ms-win-core-libraryloader-l1-1-0.dll
0x000002d46f9d0000 - 0x000002d46f9d3000 	C:\Users\elena\.openjfx\cache\20.0.1+2\amd64\api-ms-win-core-localization-l1-2-0.dll
0x000002d46f9e0000 - 0x000002d46f9e3000 	C:\Users\elena\.openjfx\cache\20.0.1+2\amd64\api-ms-win-core-memory-l1-1-0.dll
0x000002d46f9f0000 - 0x000002d46f9f3000 	C:\Users\elena\.openjfx\cache\20.0.1+2\amd64\api-ms-win-core-namedpipe-l1-1-0.dll
0x000002d46fa00000 - 0x000002d46fa03000 	C:\Users\elena\.openjfx\cache\20.0.1+2\amd64\api-ms-win-core-processenvironment-l1-1-0.dll
0x000002d46fa10000 - 0x000002d46fa13000 	C:\Users\elena\.openjfx\cache\20.0.1+2\amd64\api-ms-win-core-processthreads-l1-1-0.dll
0x000002d46fa20000 - 0x000002d46fa23000 	C:\Users\elena\.openjfx\cache\20.0.1+2\amd64\api-ms-win-core-processthreads-l1-1-1.dll
0x000002d46fa30000 - 0x000002d46fa33000 	C:\Users\elena\.openjfx\cache\20.0.1+2\amd64\api-ms-win-core-profile-l1-1-0.dll
0x000002d470e50000 - 0x000002d470e53000 	C:\Users\elena\.openjfx\cache\20.0.1+2\amd64\api-ms-win-core-rtlsupport-l1-1-0.dll
0x000002d470e60000 - 0x000002d470e63000 	C:\Users\elena\.openjfx\cache\20.0.1+2\amd64\api-ms-win-core-string-l1-1-0.dll
0x000002d470e70000 - 0x000002d470e73000 	C:\Users\elena\.openjfx\cache\20.0.1+2\amd64\api-ms-win-core-synch-l1-1-0.dll
0x000002d470e80000 - 0x000002d470e83000 	C:\Users\elena\.openjfx\cache\20.0.1+2\amd64\api-ms-win-core-synch-l1-2-0.dll
0x000002d470e90000 - 0x000002d470e93000 	C:\Users\elena\.openjfx\cache\20.0.1+2\amd64\api-ms-win-core-sysinfo-l1-1-0.dll
0x000002d470ea0000 - 0x000002d470ea3000 	C:\Users\elena\.openjfx\cache\20.0.1+2\amd64\api-ms-win-core-timezone-l1-1-0.dll
0x000002d470eb0000 - 0x000002d470eb3000 	C:\Users\elena\.openjfx\cache\20.0.1+2\amd64\api-ms-win-core-util-l1-1-0.dll
0x000002d470ec0000 - 0x000002d470ec3000 	C:\Users\elena\.openjfx\cache\20.0.1+2\amd64\api-ms-win-crt-conio-l1-1-0.dll
0x000002d470ed0000 - 0x000002d470ed4000 	C:\Users\elena\.openjfx\cache\20.0.1+2\amd64\api-ms-win-crt-convert-l1-1-0.dll
0x000002d470ee0000 - 0x000002d470ee3000 	C:\Users\elena\.openjfx\cache\20.0.1+2\amd64\api-ms-win-crt-environment-l1-1-0.dll
0x000002d470ef0000 - 0x000002d470ef3000 	C:\Users\elena\.openjfx\cache\20.0.1+2\amd64\api-ms-win-crt-filesystem-l1-1-0.dll
0x000002d470f00000 - 0x000002d470f03000 	C:\Users\elena\.openjfx\cache\20.0.1+2\amd64\api-ms-win-crt-heap-l1-1-0.dll
0x000002d470f10000 - 0x000002d470f13000 	C:\Users\elena\.openjfx\cache\20.0.1+2\amd64\api-ms-win-crt-locale-l1-1-0.dll
0x000002d470f20000 - 0x000002d470f25000 	C:\Users\elena\.openjfx\cache\20.0.1+2\amd64\api-ms-win-crt-math-l1-1-0.dll
0x000002d470f30000 - 0x000002d470f35000 	C:\Users\elena\.openjfx\cache\20.0.1+2\amd64\api-ms-win-crt-multibyte-l1-1-0.dll
0x000002d470f40000 - 0x000002d470f50000 	C:\Users\elena\.openjfx\cache\20.0.1+2\amd64\api-ms-win-crt-private-l1-1-0.dll
0x000002d470f50000 - 0x000002d470f53000 	C:\Users\elena\.openjfx\cache\20.0.1+2\amd64\api-ms-win-crt-process-l1-1-0.dll
0x000002d470f60000 - 0x000002d470f64000 	C:\Users\elena\.openjfx\cache\20.0.1+2\amd64\api-ms-win-crt-runtime-l1-1-0.dll
0x000002d470f70000 - 0x000002d470f74000 	C:\Users\elena\.openjfx\cache\20.0.1+2\amd64\api-ms-win-crt-stdio-l1-1-0.dll
0x000002d470f80000 - 0x000002d470f84000 	C:\Users\elena\.openjfx\cache\20.0.1+2\amd64\api-ms-win-crt-string-l1-1-0.dll
0x000002d470f90000 - 0x000002d470f93000 	C:\Users\elena\.openjfx\cache\20.0.1+2\amd64\api-ms-win-crt-time-l1-1-0.dll
0x000002d470fa0000 - 0x000002d470fa3000 	C:\Users\elena\.openjfx\cache\20.0.1+2\amd64\api-ms-win-crt-utility-l1-1-0.dll
0x00007ff813650000 - 0x00007ff81374c000 	C:\Users\elena\.openjfx\cache\20.0.1+2\amd64\ucrtbase.dll
0x00007ff830b70000 - 0x00007ff830b8b000 	C:\Users\elena\.openjfx\cache\20.0.1+2\amd64\vcruntime140.dll
0x00007ff83a540000 - 0x00007ff83a54c000 	C:\Users\elena\.openjfx\cache\20.0.1+2\amd64\vcruntime140_1.dll
0x00007ff813450000 - 0x00007ff8134de000 	C:\Users\elena\.openjfx\cache\20.0.1+2\amd64\msvcp140.dll
0x00007ff83a150000 - 0x00007ff83a159000 	C:\Users\elena\.openjfx\cache\20.0.1+2\amd64\msvcp140_1.dll
0x00007ff8309d0000 - 0x00007ff830a00000 	C:\Users\elena\.openjfx\cache\20.0.1+2\amd64\msvcp140_2.dll
0x00007ff8309a0000 - 0x00007ff8309cf000 	C:\Users\elena\.openjfx\cache\20.0.1+2\amd64\prism_d3d.dll
0x00007ff8112f0000 - 0x00007ff811499000 	C:\WINDOWS\system32\d3d9.dll
0x00007ff80d050000 - 0x00007ff80d1b3000 	C:\WINDOWS\System32\DriverStore\FileRepository\iigd_dch.inf_amd64_e9b40d45ab4dc6b8\igdumdim64.dll
0x00007fffbcd70000 - 0x00007fffc0774000 	C:\WINDOWS\System32\DriverStore\FileRepository\iigd_dch.inf_amd64_e9b40d45ab4dc6b8\igd9dxva64.dll
0x00007ff849240000 - 0x00007ff8496b4000 	C:\WINDOWS\System32\SETUPAPI.dll
0x00007ff848400000 - 0x00007ff84844e000 	C:\WINDOWS\SYSTEM32\cfgmgr32.dll
0x00007ff82ce70000 - 0x00007ff82d0af000 	C:\WINDOWS\System32\DriverStore\FileRepository\iigd_dch.inf_amd64_e9b40d45ab4dc6b8\igdgmm64.dll
0x00007ff831990000 - 0x00007ff8319da000 	C:\WINDOWS\SYSTEM32\directxdatabasehelper.dll
0x00007ff824140000 - 0x00007ff824182000 	C:\Users\elena\.openjfx\cache\20.0.1+2\amd64\glass.dll
0x00007ff84ab60000 - 0x00007ff84ac59000 	C:\WINDOWS\System32\COMDLG32.dll
0x00007ff8264a0000 - 0x00007ff8264c7000 	C:\WINDOWS\System32\DriverStore\FileRepository\iigd_dch.inf_amd64_e9b40d45ab4dc6b8\igdinfo64.dll
0x00007ff82a040000 - 0x00007ff82cca2000 	C:\WINDOWS\System32\DriverStore\FileRepository\iigd_dch.inf_amd64_e9b40d45ab4dc6b8\igc64.dll
0x00007ff81ea70000 - 0x00007ff81eaf6000 	C:\Program Files\Greenfoot\jdk\bin\freetype.dll
0x00007ff8115d0000 - 0x00007ff811678000 	C:\Program Files\Greenfoot\jdk\bin\fontmanager.dll

dbghelp: loaded successfully - version: 4.0.5 - missing functions: none
symbol engine: initialized successfully - sym options: 0x614 - pdb path: .;C:\Program Files\Greenfoot\jdk\bin;C:\WINDOWS\SYSTEM32;C:\WINDOWS\WinSxS\amd64_microsoft.windows.common-controls_6595b64144ccf1df_6.0.22621.3235_none_270f74e173860f98;C:\Program Files\Greenfoot\jdk\bin\server;C:\Users\elena\.openjfx\cache\20.0.1+2\amd64;C:\WINDOWS\System32\DriverStore\FileRepository\iigd_dch.inf_amd64_e9b40d45ab4dc6b8

VM Arguments:
jvm_args: -XX:MaxGCPauseMillis=50 -agentlib:jdwp=transport=dt_shmem,address=javadebug -Dfile.encoding=UTF-8 
java_command: bluej.runtime.ExecServer UTF-8
java_class_path (initial): C:\Program Files\Greenfoot\lib\greenfoot.jar;C:\Program Files\Greenfoot\lib\javafx-base-20.0.1-win.jar;C:\Program Files\Greenfoot\lib\javafx-base-20.0.1.jar;C:\Program Files\Greenfoot\lib\javafx-controls-20.0.1-win.jar;C:\Program Files\Greenfoot\lib\javafx-controls-20.0.1.jar;C:\Program Files\Greenfoot\lib\javafx-fxml-20.0.1-win.jar;C:\Program Files\Greenfoot\lib\javafx-graphics-20.0.1-win.jar;C:\Program Files\Greenfoot\lib\javafx-graphics-20.0.1.jar;C:\Program Files\Greenfoot\lib\javafx-media-20.0.1-win.jar;C:\Program Files\Greenfoot\lib\javafx-media-20.0.1.jar;C:\Program Files\Greenfoot\lib\javafx-swing-20.0.1-win.jar;C:\Program Files\Greenfoot\lib\javafx-web-20.0.1-win.jar;C:\Program Files\Greenfoot\lib\junit-4.12.jar;C:\Program Files\Greenfoot\lib\junit-jupiter-5.5.2.jar;C:\Program Files\Greenfoot\lib\junit-jupiter-api-5.5.2.jar;C:\Program Files\Greenfoot\lib\junit-jupiter-engine-5.5.2.jar;C:\Program Files\Greenfoot\lib\junit-jupiter-params-5.5.2.jar;C:\Program Files\Greenfoot\lib\junit-platform-commons-1.5.2.jar;C:\Program Files\Greenfoot\lib\junit-platform-engine-1.5.2.jar;C:\Program Files\Greenfoot\lib\junit-platform-launcher-1.5.2.jar;C:\Program Files\Greenfoot\lib\junit-platform-suite-api-1.5.2.jar;C:\Program Files\Greenfoot\lib\junit-vintage-engine-5.5.2.jar;C:\Program Files\Greenfoot\lib\hamcrest-core-1.3.jar;C:\Program Files\Greenfoot\lib\opentest4j-1.2.0.jar;C:\Program Files\Greenfoot\lib\bluej.jar;C:\Program Files\Greenfoot\lib\classgraph-4.8.90.jar;C:\Program Files\Greenfoot\lib\diffutils-1.2.1.jar;C:\Program Files\Greenfoot\lib\commons-logging-1.2.jar;C:\Program Files\Greenfoot\lib\jl1.0.1.jar;C:\Program Files\Greenfoot\lib\opencsv-2.3.jar;C:\Program Files\Greenfoot\lib\opencsv-2.4.jar;C:\Program Files\Greenfoot\lib\xom-1.3.7.jar;C:\Program Files\Greenfoot\lib\lang-stride.jar;C:\Program Files\Greenfoot\lib\nsmenufx-2.1.8.jar;C:\Program Files\Greenfoot\lib\wellbehavedfx-0.3.3.jar;C:\Program Files\Greenfoot\lib\guava-17.0.j
Launcher Type: SUN_STANDARD

[Global flags]
     intx CICompilerCount                          = 4                                         {product} {ergonomic}
     uint ConcGCThreads                            = 2                                         {product} {ergonomic}
     uint G1ConcRefinementThreads                  = 8                                         {product} {ergonomic}
   size_t G1HeapRegionSize                         = 1048576                                   {product} {ergonomic}
    uintx GCDrainStackTargetSize                   = 64                                        {product} {ergonomic}
   size_t InitialHeapSize                          = 132120576                                 {product} {ergonomic}
   size_t MarkStackSize                            = 4194304                                   {product} {ergonomic}
    uintx MaxGCPauseMillis                         = 50                                        {product} {command line}
   size_t MaxHeapSize                              = 2109734912                                {product} {ergonomic}
   size_t MaxNewSize                               = 1265631232                                {product} {ergonomic}
   size_t MinHeapDeltaBytes                        = 1048576                                   {product} {ergonomic}
   size_t MinHeapSize                              = 8388608                                   {product} {ergonomic}
    uintx NonNMethodCodeHeapSize                   = 5839372                                {pd product} {ergonomic}
    uintx NonProfiledCodeHeapSize                  = 122909434                              {pd product} {ergonomic}
    uintx ProfiledCodeHeapSize                     = 122909434                              {pd product} {ergonomic}
    uintx ReservedCodeCacheSize                    = 251658240                              {pd product} {ergonomic}
     bool SegmentedCodeCache                       = true                                      {product} {ergonomic}
   size_t SoftMaxHeapSize                          = 2109734912                             {manageable} {ergonomic}
     bool UseCompressedClassPointers               = true                           {product lp64_product} {ergonomic}
     bool UseCompressedOops                        = true                           {product lp64_product} {ergonomic}
     bool UseG1GC                                  = true                                      {product} {ergonomic}
     bool UseLargePagesIndividualAllocation        = false                                  {pd product} {ergonomic}

Logging:
Log output configuration:
 #0: stdout all=warning uptime,level,tags
 #1: stderr all=off uptime,level,tags

Environment Variables:
PATH=C:\Python312\Scripts\;C:\Python312\;C:\Program Files (x86)\Common Files\Oracle\Java\javapath;C:\ProgramData\Oracle\Java\javapath;C:\WINDOWS\system32;C:\WINDOWS;C:\WINDOWS\System32\Wbem;C:\WINDOWS\System32\WindowsPowerShell\v1.0\;C:\WINDOWS\System32\OpenSSH\;C:\Program Files\Common Files\Autodesk Shared\;C:\Program Files\Microsoft SQL Server\120\Tools\Binn\;C:\Program Files\nodejs\;C:\ProgramData\chocolatey\bin;C:\Program Files\Git\cmd;C:\Users\elena\AppData\Local\Microsoft\WindowsApps;;C:\Users\elena\AppData\Local\Programs\Microsoft VS Code\bin;C:\Users\elena\AppData\Roaming\npm
USERNAME=elena
OS=Windows_NT
PROCESSOR_IDENTIFIER=Intel64 Family 6 Model 142 Stepping 11, GenuineIntel
TMP=C:\Users\elena\AppData\Local\Temp
TEMP=C:\Users\elena\AppData\Local\Temp



---------------  S Y S T E M  ---------------

OS:
 Windows 11 , 64 bit Build 22621 (10.0.22621.3374)
OS uptime: 24 days 18:08 hours

CPU: total 8 (initial active 8) (4 cores per cpu, 2 threads per core) family 6 model 142 stepping 11 microcode 0xde, cx8, cmov, fxsr, ht, mmx, 3dnowpref, sse, sse2, sse3, ssse3, sse4.1, sse4.2, popcnt, lzcnt, tsc, tscinvbit, avx, avx2, aes, erms, clmul, bmi1, bmi2, adx, fma, vzeroupper, clflush, clflushopt

Memory: 4k page, system-wide physical 8043M (441M free)
TotalPageFile size 9944M (AvailPageFile size 131M)
current process WorkingSet (physical memory assigned to process): 221M, peak: 222M
current process commit charge ("private bytes"): 312M, peak: 470M

vm_info: OpenJDK 64-Bit Server VM (17.0.4.1+1) for windows-amd64 JRE (17.0.4.1+1), built on Aug 17 2022 07:42:43 by "temurin" with MS VC++ 16.7 (VS2019)

END.
