#
# There is insufficient memory for the Java Runtime Environment to continue.
# Native memory allocation (mmap) failed to map 245366784 bytes for G1 virtual space
# Possible reasons:
#   The system is out of physical RAM or swap space
#   The process is running with CompressedOops enabled, and the Java Heap may be blocking the growth of the native heap
# Possible solutions:
#   Reduce memory load on the system
#   Increase physical memory or swap space
#   Check if swap backing store is full
#   Decrease Java heap size (-Xmx/-Xms)
#   Decrease number of Java threads
#   Decrease Java thread stack sizes (-Xss)
#   Set larger code cache with -XX:ReservedCodeCacheSize=
#   JVM is running with Unscaled Compressed Oops mode in which the Java heap is
#     placed in the first 4GB address space. The Java Heap base address is the
#     maximum limit for the native heap growth. Please use -XX:HeapBaseMinAddress
#     to set the Java Heap base and to place the Java Heap above 4GB virtual address.
# This output file may be truncated or incomplete.
#
#  Out of Memory Error (os_windows.cpp:3541), pid=20332, tid=14500
#
# JRE version: OpenJDK Runtime Environment Temurin-17.0.4.1+1 (17.0.4.1+1) (build 17.0.4.1+1)
# Java VM: OpenJDK 64-Bit Server VM Temurin-17.0.4.1+1 (17.0.4.1+1, mixed mode, sharing, tiered, compressed oops, compressed class ptrs, g1 gc, windows-amd64)
# No core dump will be written. Minidumps are not enabled by default on client versions of Windows
#

---------------  S U M M A R Y ------------

Command Line: -XX:MaxGCPauseMillis=50 -agentlib:jdwp=transport=dt_shmem,address=javadebug -Dfile.encoding=UTF-8 bluej.runtime.ExecServer UTF-8

Host: Intel(R) Core(TM) i5-8265U CPU @ 1.60GHz, 8 cores, 7G,  Windows 11 , 64 bit Build 22621 (10.0.22621.3374)
Time: Tue May 28 17:20:30 2024  Windows 11 , 64 bit Build 22621 (10.0.22621.3374) elapsed time: 6459.760065 seconds (0d 1h 47m 39s)

---------------  T H R E A D  ---------------

Current thread (0x0000022715d978b0):  VMThread "VM Thread" [stack: 0x00000054b1600000,0x00000054b1700000] [id=14500]

Stack: [0x00000054b1600000,0x00000054b1700000]
Native frames: (J=compiled Java code, j=interpreted, Vv=VM code, C=native code)
V  [jvm.dll+0x67731a]
V  [jvm.dll+0x832284]
V  [jvm.dll+0x833a2e]
V  [jvm.dll+0x834093]
V  [jvm.dll+0x245775]
V  [jvm.dll+0x674209]
V  [jvm.dll+0x668a92]
V  [jvm.dll+0x30471b]
V  [jvm.dll+0x30bc66]
V  [jvm.dll+0x35ba9e]
V  [jvm.dll+0x35bccf]
V  [jvm.dll+0x2db5b8]
V  [jvm.dll+0x2d986c]
V  [jvm.dll+0x2d8e3c]
V  [jvm.dll+0x31d0c1]
V  [jvm.dll+0x83853b]
V  [jvm.dll+0x839274]
V  [jvm.dll+0x83978c]
V  [jvm.dll+0x839b64]
V  [jvm.dll+0x839c30]
V  [jvm.dll+0x7e240a]
V  [jvm.dll+0x6761a5]
C  [ucrtbase.dll+0x29333]
C  [KERNEL32.DLL+0x1257d]
C  [ntdll.dll+0x5aa48]

VM_Operation (0x00000054b3afd780): G1TryInitiateConcMark, mode: safepoint, requested by thread 0x000002271729c130


---------------  P R O C E S S  ---------------

Threads class SMR info:
_java_thread_list=0x000002271f39fb40, length=25, elements={
0x0000022715d9bf60, 0x0000022715d9d1e0, 0x0000022715db8790, 0x0000022715db9340,
0x0000022715db9ef0, 0x0000022715dbafb0, 0x0000022715dbded0, 0x0000022715dcb9e0,
0x0000022715dceb10, 0x00000227168ee190, 0x00000227168eb940, 0x00000227168fe830,
0x0000022716903f40, 0x0000022716910670, 0x0000022716e6ca30, 0x0000022716e6cf00,
0x0000022716ea5630, 0x0000022777a75160, 0x000002271729d470, 0x000002271729de10,
0x000002271729e2e0, 0x000002271729f620, 0x000002271729e7b0, 0x000002271729c130,
0x000002271826e350
}

Java Threads: ( => current thread )
  0x0000022715d9bf60 JavaThread "Reference Handler" daemon [_thread_blocked, id=19592, stack(0x00000054b1700000,0x00000054b1800000)]
  0x0000022715d9d1e0 JavaThread "Finalizer" daemon [_thread_blocked, id=16400, stack(0x00000054b1800000,0x00000054b1900000)]
  0x0000022715db8790 JavaThread "Signal Dispatcher" daemon [_thread_blocked, id=6756, stack(0x00000054b1900000,0x00000054b1a00000)]
  0x0000022715db9340 JavaThread "Attach Listener" daemon [_thread_blocked, id=15852, stack(0x00000054b1a00000,0x00000054b1b00000)]
  0x0000022715db9ef0 JavaThread "Service Thread" daemon [_thread_blocked, id=12692, stack(0x00000054b1b00000,0x00000054b1c00000)]
  0x0000022715dbafb0 JavaThread "Monitor Deflation Thread" daemon [_thread_blocked, id=9296, stack(0x00000054b1c00000,0x00000054b1d00000)]
  0x0000022715dbded0 JavaThread "C2 CompilerThread0" daemon [_thread_blocked, id=18872, stack(0x00000054b1d00000,0x00000054b1e00000)]
  0x0000022715dcb9e0 JavaThread "C1 CompilerThread0" daemon [_thread_blocked, id=3764, stack(0x00000054b1e00000,0x00000054b1f00000)]
  0x0000022715dceb10 JavaThread "Sweeper thread" daemon [_thread_blocked, id=11708, stack(0x00000054b1f00000,0x00000054b2000000)]
  0x00000227168ee190 JavaThread "JDWP Transport Listener: dt_shmem" daemon [_thread_blocked, id=12084, stack(0x00000054b2000000,0x00000054b2100000)]
  0x00000227168eb940 JavaThread "JDWP Event Helper Thread" daemon [_thread_blocked, id=1508, stack(0x00000054b2100000,0x00000054b2200000)]
  0x00000227168fe830 JavaThread "JDWP Command Reader" daemon [_thread_in_native, id=19028, stack(0x00000054b2200000,0x00000054b2300000)]
  0x0000022716903f40 JavaThread "Notification Thread" daemon [_thread_blocked, id=5760, stack(0x00000054b2300000,0x00000054b2400000)]
  0x0000022716910670 JavaThread "Common-Cleaner" daemon [_thread_blocked, id=16624, stack(0x00000054b2500000,0x00000054b2600000)]
  0x0000022716e6ca30 JavaThread "Java2D Disposer" daemon [_thread_blocked, id=19556, stack(0x00000054b2600000,0x00000054b2700000)]
  0x0000022716e6cf00 JavaThread "AWT-Windows" daemon [_thread_in_native, id=20200, stack(0x00000054b2800000,0x00000054b2900000)]
  0x0000022716ea5630 JavaThread "BlueJ worker thread" [_thread_blocked, id=3244, stack(0x00000054b2a00000,0x00000054b2b00000)]
  0x0000022777a75160 JavaThread "DestroyJavaVM" [_thread_blocked, id=11112, stack(0x00000054b1000000,0x00000054b1100000)]
  0x000002271729d470 JavaThread "QuantumRenderer-0" daemon [_thread_blocked, id=1492, stack(0x00000054b3400000,0x00000054b3500000)]
  0x000002271729de10 JavaThread "InvokeLaterDispatcher" daemon [_thread_blocked, id=8636, stack(0x00000054b3200000,0x00000054b3300000)]
  0x000002271729e2e0 JavaThread "JavaFX Application Thread" [_thread_in_native, id=5816, stack(0x00000054b3500000,0x00000054b3600000)]
  0x000002271729f620 JavaThread "VMCommsSimulation" [_thread_blocked, id=12632, stack(0x00000054b3900000,0x00000054b3a00000)]
  0x000002271729e7b0 JavaThread "Thread-2" daemon [_thread_blocked, id=1708, stack(0x00000054b2900000,0x00000054b2a00000)]
  0x000002271729c130 JavaThread "SimulationThread" [_thread_blocked, id=14904, stack(0x00000054b3a00000,0x00000054b3b00000)]
  0x000002271826e350 JavaThread "main" [_thread_blocked, id=14684, stack(0x00000054b0f00000,0x00000054b1000000)]

Other Threads:
=>0x0000022715d978b0 VMThread "VM Thread" [stack: 0x00000054b1600000,0x00000054b1700000] [id=14500]
  0x0000022777aec610 WatcherThread [stack: 0x00000054b2400000,0x00000054b2500000] [id=4968]
  0x0000022777ad0420 GCTaskThread "GC Thread#0" [stack: 0x00000054b1100000,0x00000054b1200000] [id=11884]
  0x0000022717077aa0 GCTaskThread "GC Thread#1" [stack: 0x00000054b2700000,0x00000054b2800000] [id=292]
  0x0000022717089a40 GCTaskThread "GC Thread#2" [stack: 0x00000054b2c00000,0x00000054b2d00000] [id=6676]
  0x000002271706f680 GCTaskThread "GC Thread#3" [stack: 0x00000054b2d00000,0x00000054b2e00000] [id=6020]
  0x00000227170c5bb0 GCTaskThread "GC Thread#4" [stack: 0x00000054b2e00000,0x00000054b2f00000] [id=6544]
  0x00000227170adf40 GCTaskThread "GC Thread#5" [stack: 0x00000054b2f00000,0x00000054b3000000] [id=19760]
  0x00000227170ae1f0 GCTaskThread "GC Thread#6" [stack: 0x00000054b3000000,0x00000054b3100000] [id=12444]
  0x00000227170b0740 GCTaskThread "GC Thread#7" [stack: 0x00000054b3100000,0x00000054b3200000] [id=7032]
  0x0000022777ae2710 ConcurrentGCThread "G1 Main Marker" [stack: 0x00000054b1200000,0x00000054b1300000] [id=17324]
  0x0000022777ae38d0 ConcurrentGCThread "G1 Conc#0" [stack: 0x00000054b1300000,0x00000054b1400000] [id=11532]
  0x00000227171c99f0 ConcurrentGCThread "G1 Conc#1" [stack: 0x00000054b3300000,0x00000054b3400000] [id=7976]
  0x0000022715c530d0 ConcurrentGCThread "G1 Refine#0" [stack: 0x00000054b1400000,0x00000054b1500000] [id=5900]
  0x0000022715c53af0 ConcurrentGCThread "G1 Service" [stack: 0x00000054b1500000,0x00000054b1600000] [id=19268]

Threads with active compile tasks:

VM state: at safepoint (normal execution)

VM Mutex/Monitor currently owned by a thread:  ([mutex/lock_event])
[0x0000022777a70fb0] Threads_lock - owner thread: 0x0000022715d978b0
[0x0000022777a71280] Heap_lock - owner thread: 0x000002271729c130

Heap address: 0x0000000082400000, size: 2012 MB, Compressed Oops mode: 32-bit

CDS archive(s) mapped at: [0x0000000800000000-0x0000000800bc0000-0x0000000800bc0000), size 12320768, SharedBaseAddress: 0x0000000800000000, ArchiveRelocationMode: 0.
Compressed class space mapped at: 0x0000000800c00000-0x0000000840c00000, reserved size: 1073741824
Narrow klass base: 0x0000000800000000, Narrow klass shift: 0, Narrow klass range: 0x100000000

GC Precious Log:
 CPUs: 8 total, 8 available
 Memory: 8043M
 Large Page Support: Disabled
 NUMA Support: Disabled
 Compressed Oops: Enabled (32-bit)
 Heap Region Size: 1M
 Heap Min Capacity: 8M
 Heap Initial Capacity: 126M
 Heap Max Capacity: 2012M
 Pre-touch: Disabled
 Parallel Workers: 8
 Concurrent Workers: 2
 Concurrent Refinement Workers: 8
 Periodic GC: Disabled

Heap:
 garbage-first heap   total 239616K, used 88355K [0x0000000082400000, 0x0000000100000000)
  region size 1024K, 1 young (1024K), 1 survivors (1024K)
 Metaspace       used 11751K, committed 11968K, reserved 1064960K
  class space    used 1077K, committed 1152K, reserved 1048576K

Heap Regions: E=young(eden), S=young(survivor), O=old, HS=humongous(starts), HC=humongous(continues), CS=collection set, F=free, OA=open archive, CA=closed archive, TAMS=top-at-mark-start (previous, next)
|   0|0x0000000082400000, 0x0000000082500000, 0x0000000082500000|100%| O|  |TAMS 0x0000000082500000, 0x0000000082500000| Untracked 
|   1|0x0000000082500000, 0x00000000825ffff0, 0x0000000082600000| 99%| O|  |TAMS 0x00000000825ffff0, 0x00000000825ffff0| Untracked 
|   2|0x0000000082600000, 0x0000000082700000, 0x0000000082700000|100%| O|  |TAMS 0x0000000082700000, 0x0000000082700000| Untracked 
|   3|0x0000000082700000, 0x00000000827f2800, 0x0000000082800000| 94%| O|  |TAMS 0x00000000827f2800, 0x00000000827f2800| Untracked 
|   4|0x0000000082800000, 0x00000000828fffd8, 0x0000000082900000| 99%| O|  |TAMS 0x00000000828fffd8, 0x00000000828fffd8| Untracked 
|   5|0x0000000082900000, 0x0000000082a00000, 0x0000000082a00000|100%|HS|  |TAMS 0x0000000082a00000, 0x0000000082a00000| Complete 
|   6|0x0000000082a00000, 0x0000000082b00000, 0x0000000082b00000|100%|HS|  |TAMS 0x0000000082b00000, 0x0000000082b00000| Complete 
|   7|0x0000000082b00000, 0x0000000082c00000, 0x0000000082c00000|100%|HS|  |TAMS 0x0000000082c00000, 0x0000000082c00000| Complete 
|   8|0x0000000082c00000, 0x0000000082d00000, 0x0000000082d00000|100%|HS|  |TAMS 0x0000000082d00000, 0x0000000082d00000| Complete 
|   9|0x0000000082d00000, 0x0000000082e00000, 0x0000000082e00000|100%|HS|  |TAMS 0x0000000082e00000, 0x0000000082e00000| Complete 
|  10|0x0000000082e00000, 0x0000000082f00000, 0x0000000082f00000|100%|HS|  |TAMS 0x0000000082f00000, 0x0000000082f00000| Complete 
|  11|0x0000000082f00000, 0x0000000082ff8188, 0x0000000083000000| 96%| O|  |TAMS 0x0000000082ff8188, 0x0000000082ff8188| Untracked 
|  12|0x0000000083000000, 0x0000000083100000, 0x0000000083100000|100%|HS|  |TAMS 0x0000000083100000, 0x0000000083100000| Complete 
|  13|0x0000000083100000, 0x0000000083200000, 0x0000000083200000|100%|HS|  |TAMS 0x0000000083200000, 0x0000000083200000| Complete 
|  14|0x0000000083200000, 0x00000000832f5438, 0x0000000083300000| 95%| O|  |TAMS 0x00000000832f5438, 0x00000000832f5438| Untracked 
|  15|0x0000000083300000, 0x00000000833d8ed0, 0x0000000083400000| 84%| O|  |TAMS 0x00000000833d8ed0, 0x00000000833d8ed0| Untracked 
|  16|0x0000000083400000, 0x000000008345d1f8, 0x0000000083500000| 36%| O|  |TAMS 0x000000008345d1f8, 0x000000008345d1f8| Untracked 
|  17|0x0000000083500000, 0x0000000083510be8, 0x0000000083600000|  6%| O|  |TAMS 0x0000000083510be8, 0x0000000083510be8| Untracked 
|  18|0x0000000083600000, 0x0000000083700000, 0x0000000083700000|100%|HS|  |TAMS 0x0000000083700000, 0x0000000083700000| Complete 
|  19|0x0000000083700000, 0x0000000083800000, 0x0000000083800000|100%|HS|  |TAMS 0x0000000083800000, 0x0000000083800000| Complete 
|  20|0x0000000083800000, 0x0000000083900000, 0x0000000083900000|100%|HC|  |TAMS 0x0000000083900000, 0x0000000083900000| Complete 
|  21|0x0000000083900000, 0x0000000083a00000, 0x0000000083a00000|100%|HC|  |TAMS 0x0000000083a00000, 0x0000000083a00000| Complete 
|  22|0x0000000083a00000, 0x0000000083b00000, 0x0000000083b00000|100%|HC|  |TAMS 0x0000000083b00000, 0x0000000083b00000| Complete 
|  23|0x0000000083b00000, 0x0000000083c00000, 0x0000000083c00000|100%|HC|  |TAMS 0x0000000083c00000, 0x0000000083c00000| Complete 
|  24|0x0000000083c00000, 0x0000000083d00000, 0x0000000083d00000|100%|HC|  |TAMS 0x0000000083d00000, 0x0000000083d00000| Complete 
|  25|0x0000000083d00000, 0x0000000083e00000, 0x0000000083e00000|100%|HC|  |TAMS 0x0000000083e00000, 0x0000000083e00000| Complete 
|  26|0x0000000083e00000, 0x0000000083f00000, 0x0000000083f00000|100%|HC|  |TAMS 0x0000000083f00000, 0x0000000083f00000| Complete 
|  27|0x0000000083f00000, 0x0000000083f10620, 0x0000000084000000|  6%| O|  |TAMS 0x0000000083f10620, 0x0000000083f10620| Untracked 
|  28|0x0000000084000000, 0x0000000084100000, 0x0000000084100000|100%|HS|  |TAMS 0x0000000084100000, 0x0000000084100000| Complete 
|  29|0x0000000084100000, 0x0000000084200000, 0x0000000084200000|100%|HS|  |TAMS 0x0000000084100000, 0x0000000084200000| Complete 
|  30|0x0000000084200000, 0x0000000084300000, 0x0000000084300000|100%|HS|  |TAMS 0x0000000084200000, 0x0000000084300000| Complete 
|  31|0x0000000084300000, 0x0000000084400000, 0x0000000084400000|100%|HS|  |TAMS 0x0000000084300000, 0x0000000084400000| Complete 
|  32|0x0000000084400000, 0x0000000084500000, 0x0000000084500000|100%|HS|  |TAMS 0x0000000084400000, 0x0000000084500000| Complete 
|  33|0x0000000084500000, 0x0000000084500000, 0x0000000084600000|  0%| F|  |TAMS 0x0000000084500000, 0x0000000084500000| Untracked 
|  34|0x0000000084600000, 0x0000000084600000, 0x0000000084700000|  0%| F|  |TAMS 0x0000000084600000, 0x0000000084600000| Untracked 
|  35|0x0000000084700000, 0x0000000084800000, 0x0000000084800000|100%|HS|  |TAMS 0x0000000084800000, 0x0000000084800000| Complete 
|  36|0x0000000084800000, 0x0000000084900000, 0x0000000084900000|100%|HC|  |TAMS 0x0000000084900000, 0x0000000084900000| Complete 
|  37|0x0000000084900000, 0x0000000084a00000, 0x0000000084a00000|100%|HC|  |TAMS 0x0000000084a00000, 0x0000000084a00000| Complete 
|  38|0x0000000084a00000, 0x0000000084b00000, 0x0000000084b00000|100%|HC|  |TAMS 0x0000000084b00000, 0x0000000084b00000| Complete 
|  39|0x0000000084b00000, 0x0000000084c00000, 0x0000000084c00000|100%|HC|  |TAMS 0x0000000084c00000, 0x0000000084c00000| Complete 
|  40|0x0000000084c00000, 0x0000000084d00000, 0x0000000084d00000|100%|HC|  |TAMS 0x0000000084d00000, 0x0000000084d00000| Complete 
|  41|0x0000000084d00000, 0x0000000084e00000, 0x0000000084e00000|100%|HC|  |TAMS 0x0000000084e00000, 0x0000000084e00000| Complete 
|  42|0x0000000084e00000, 0x0000000084f00000, 0x0000000084f00000|100%|HC|  |TAMS 0x0000000084f00000, 0x0000000084f00000| Complete 
|  43|0x0000000084f00000, 0x0000000084f00190, 0x0000000085000000|  0%| O|  |TAMS 0x0000000084f00190, 0x0000000084f00190| Untracked 
|  44|0x0000000085000000, 0x0000000085000000, 0x0000000085100000|  0%| F|  |TAMS 0x0000000085000000, 0x0000000085000000| Untracked 
|  45|0x0000000085100000, 0x0000000085100000, 0x0000000085200000|  0%| F|  |TAMS 0x0000000085100000, 0x0000000085100000| Untracked 
|  46|0x0000000085200000, 0x0000000085200000, 0x0000000085300000|  0%| F|  |TAMS 0x0000000085200000, 0x0000000085200000| Untracked 
|  47|0x0000000085300000, 0x0000000085300000, 0x0000000085400000|  0%| F|  |TAMS 0x0000000085300000, 0x0000000085300000| Untracked 
|  48|0x0000000085400000, 0x0000000085400000, 0x0000000085500000|  0%| F|  |TAMS 0x0000000085400000, 0x0000000085400000| Untracked 
|  49|0x0000000085500000, 0x0000000085500000, 0x0000000085600000|  0%| F|  |TAMS 0x0000000085500000, 0x0000000085500000| Untracked 
|  50|0x0000000085600000, 0x0000000085600000, 0x0000000085700000|  0%| F|  |TAMS 0x0000000085600000, 0x0000000085600000| Untracked 
|  51|0x0000000085700000, 0x0000000085800000, 0x0000000085800000|100%|HS|  |TAMS 0x0000000085800000, 0x0000000085800000| Complete 
|  52|0x0000000085800000, 0x0000000085900000, 0x0000000085900000|100%|HC|  |TAMS 0x0000000085900000, 0x0000000085900000| Complete 
|  53|0x0000000085900000, 0x0000000085a00000, 0x0000000085a00000|100%|HC|  |TAMS 0x0000000085a00000, 0x0000000085a00000| Complete 
|  54|0x0000000085a00000, 0x0000000085b00000, 0x0000000085b00000|100%|HC|  |TAMS 0x0000000085b00000, 0x0000000085b00000| Complete 
|  55|0x0000000085b00000, 0x0000000085c00000, 0x0000000085c00000|100%|HC|  |TAMS 0x0000000085c00000, 0x0000000085c00000| Complete 
|  56|0x0000000085c00000, 0x0000000085d00000, 0x0000000085d00000|100%|HC|  |TAMS 0x0000000085d00000, 0x0000000085d00000| Complete 
|  57|0x0000000085d00000, 0x0000000085e00000, 0x0000000085e00000|100%|HC|  |TAMS 0x0000000085e00000, 0x0000000085e00000| Complete 
|  58|0x0000000085e00000, 0x0000000085f00000, 0x0000000085f00000|100%|HC|  |TAMS 0x0000000085f00000, 0x0000000085f00000| Complete 
|  59|0x0000000085f00000, 0x0000000086000000, 0x0000000086000000|100%|HS|  |TAMS 0x0000000086000000, 0x0000000086000000| Complete 
|  60|0x0000000086000000, 0x0000000086100000, 0x0000000086100000|100%|HC|  |TAMS 0x0000000086100000, 0x0000000086100000| Complete 
|  61|0x0000000086100000, 0x0000000086200000, 0x0000000086200000|100%|HC|  |TAMS 0x0000000086200000, 0x0000000086200000| Complete 
|  62|0x0000000086200000, 0x0000000086300000, 0x0000000086300000|100%|HC|  |TAMS 0x0000000086300000, 0x0000000086300000| Complete 
|  63|0x0000000086300000, 0x0000000086400000, 0x0000000086400000|100%|HC|  |TAMS 0x0000000086400000, 0x0000000086400000| Complete 
|  64|0x0000000086400000, 0x0000000086500000, 0x0000000086500000|100%|HC|  |TAMS 0x0000000086500000, 0x0000000086500000| Complete 
|  65|0x0000000086500000, 0x0000000086600000, 0x0000000086600000|100%|HC|  |TAMS 0x0000000086600000, 0x0000000086600000| Complete 
|  66|0x0000000086600000, 0x0000000086700000, 0x0000000086700000|100%|HC|  |TAMS 0x0000000086700000, 0x0000000086700000| Complete 
|  67|0x0000000086700000, 0x0000000086700000, 0x0000000086800000|  0%| F|  |TAMS 0x0000000086700000, 0x0000000086700000| Untracked 
|  68|0x0000000086800000, 0x0000000086800000, 0x0000000086900000|  0%| F|  |TAMS 0x0000000086800000, 0x0000000086800000| Untracked 
|  69|0x0000000086900000, 0x0000000086900000, 0x0000000086a00000|  0%| F|  |TAMS 0x0000000086900000, 0x0000000086900000| Untracked 
|  70|0x0000000086a00000, 0x0000000086a00000, 0x0000000086b00000|  0%| F|  |TAMS 0x0000000086a00000, 0x0000000086a00000| Untracked 
|  71|0x0000000086b00000, 0x0000000086b00000, 0x0000000086c00000|  0%| F|  |TAMS 0x0000000086b00000, 0x0000000086b00000| Untracked 
|  72|0x0000000086c00000, 0x0000000086c00000, 0x0000000086d00000|  0%| F|  |TAMS 0x0000000086c00000, 0x0000000086c00000| Untracked 
|  73|0x0000000086d00000, 0x0000000086d00000, 0x0000000086e00000|  0%| F|  |TAMS 0x0000000086d00000, 0x0000000086d00000| Untracked 
|  74|0x0000000086e00000, 0x0000000086f00000, 0x0000000086f00000|100%|HS|  |TAMS 0x0000000086f00000, 0x0000000086f00000| Complete 
|  75|0x0000000086f00000, 0x0000000087000000, 0x0000000087000000|100%|HC|  |TAMS 0x0000000087000000, 0x0000000087000000| Complete 
|  76|0x0000000087000000, 0x0000000087100000, 0x0000000087100000|100%|HC|  |TAMS 0x0000000087100000, 0x0000000087100000| Complete 
|  77|0x0000000087100000, 0x0000000087200000, 0x0000000087200000|100%|HC|  |TAMS 0x0000000087200000, 0x0000000087200000| Complete 
|  78|0x0000000087200000, 0x0000000087300000, 0x0000000087300000|100%|HC|  |TAMS 0x0000000087300000, 0x0000000087300000| Complete 
|  79|0x0000000087300000, 0x0000000087400000, 0x0000000087400000|100%|HC|  |TAMS 0x0000000087400000, 0x0000000087400000| Complete 
|  80|0x0000000087400000, 0x0000000087500000, 0x0000000087500000|100%|HC|  |TAMS 0x0000000087500000, 0x0000000087500000| Complete 
|  81|0x0000000087500000, 0x0000000087600000, 0x0000000087600000|100%|HC|  |TAMS 0x0000000087600000, 0x0000000087600000| Complete 
|  82|0x0000000087600000, 0x0000000087600000, 0x0000000087700000|  0%| F|  |TAMS 0x0000000087600000, 0x0000000087600000| Untracked 
|  83|0x0000000087700000, 0x0000000087700000, 0x0000000087800000|  0%| F|  |TAMS 0x0000000087700000, 0x0000000087700000| Untracked 
|  84|0x0000000087800000, 0x0000000087800000, 0x0000000087900000|  0%| F|  |TAMS 0x0000000087800000, 0x0000000087800000| Untracked 
|  85|0x0000000087900000, 0x0000000087900000, 0x0000000087a00000|  0%| F|  |TAMS 0x0000000087900000, 0x0000000087900000| Untracked 
|  86|0x0000000087a00000, 0x0000000087a00000, 0x0000000087b00000|  0%| F|  |TAMS 0x0000000087a00000, 0x0000000087a00000| Untracked 
|  87|0x0000000087b00000, 0x0000000087b00000, 0x0000000087c00000|  0%| F|  |TAMS 0x0000000087b00000, 0x0000000087b00000| Untracked 
|  88|0x0000000087c00000, 0x0000000087c00000, 0x0000000087d00000|  0%| F|  |TAMS 0x0000000087c00000, 0x0000000087c00000| Untracked 
|  89|0x0000000087d00000, 0x0000000087d00000, 0x0000000087e00000|  0%| F|  |TAMS 0x0000000087d00000, 0x0000000087d00000| Untracked 
|  90|0x0000000087e00000, 0x0000000087f00000, 0x0000000087f00000|100%|HS|  |TAMS 0x0000000087f00000, 0x0000000087f00000| Complete 
|  91|0x0000000087f00000, 0x0000000088000000, 0x0000000088000000|100%|HC|  |TAMS 0x0000000088000000, 0x0000000088000000| Complete 
|  92|0x0000000088000000, 0x0000000088100000, 0x0000000088100000|100%|HC|  |TAMS 0x0000000088100000, 0x0000000088100000| Complete 
|  93|0x0000000088100000, 0x0000000088200000, 0x0000000088200000|100%|HC|  |TAMS 0x0000000088200000, 0x0000000088200000| Complete 
|  94|0x0000000088200000, 0x0000000088300000, 0x0000000088300000|100%|HC|  |TAMS 0x0000000088300000, 0x0000000088300000| Complete 
|  95|0x0000000088300000, 0x0000000088400000, 0x0000000088400000|100%|HC|  |TAMS 0x0000000088400000, 0x0000000088400000| Complete 
|  96|0x0000000088400000, 0x0000000088500000, 0x0000000088500000|100%|HC|  |TAMS 0x0000000088500000, 0x0000000088500000| Complete 
|  97|0x0000000088500000, 0x0000000088600000, 0x0000000088600000|100%|HC|  |TAMS 0x0000000088600000, 0x0000000088600000| Complete 
|  98|0x0000000088600000, 0x0000000088700000, 0x0000000088700000|100%|HS|  |TAMS 0x0000000088700000, 0x0000000088700000| Complete 
|  99|0x0000000088700000, 0x0000000088800000, 0x0000000088800000|100%|HC|  |TAMS 0x0000000088800000, 0x0000000088800000| Complete 
| 100|0x0000000088800000, 0x0000000088900000, 0x0000000088900000|100%|HC|  |TAMS 0x0000000088900000, 0x0000000088900000| Complete 
| 101|0x0000000088900000, 0x0000000088a00000, 0x0000000088a00000|100%|HC|  |TAMS 0x0000000088a00000, 0x0000000088a00000| Complete 
| 102|0x0000000088a00000, 0x0000000088b00000, 0x0000000088b00000|100%|HC|  |TAMS 0x0000000088b00000, 0x0000000088b00000| Complete 
| 103|0x0000000088b00000, 0x0000000088c00000, 0x0000000088c00000|100%|HC|  |TAMS 0x0000000088c00000, 0x0000000088c00000| Complete 
| 104|0x0000000088c00000, 0x0000000088d00000, 0x0000000088d00000|100%|HC|  |TAMS 0x0000000088d00000, 0x0000000088d00000| Complete 
| 105|0x0000000088d00000, 0x0000000088e00000, 0x0000000088e00000|100%|HC|  |TAMS 0x0000000088e00000, 0x0000000088e00000| Complete 
| 106|0x0000000088e00000, 0x0000000088e00000, 0x0000000088f00000|  0%| F|  |TAMS 0x0000000088e00000, 0x0000000088e00000| Untracked 
| 107|0x0000000088f00000, 0x0000000088f00000, 0x0000000089000000|  0%| F|  |TAMS 0x0000000088f00000, 0x0000000088f00000| Untracked 
| 108|0x0000000089000000, 0x0000000089000000, 0x0000000089100000|  0%| F|  |TAMS 0x0000000089000000, 0x0000000089000000| Untracked 
| 109|0x0000000089100000, 0x0000000089100000, 0x0000000089200000|  0%| F|  |TAMS 0x0000000089100000, 0x0000000089100000| Untracked 
| 110|0x0000000089200000, 0x0000000089200000, 0x0000000089300000|  0%| F|  |TAMS 0x0000000089200000, 0x0000000089200000| Untracked 
| 111|0x0000000089300000, 0x0000000089300000, 0x0000000089400000|  0%| F|  |TAMS 0x0000000089300000, 0x0000000089300000| Untracked 
| 112|0x0000000089400000, 0x0000000089400000, 0x0000000089500000|  0%| F|  |TAMS 0x0000000089400000, 0x0000000089400000| Untracked 
| 113|0x0000000089500000, 0x0000000089500000, 0x0000000089600000|  0%| F|  |TAMS 0x0000000089500000, 0x0000000089500000| Untracked 
| 114|0x0000000089600000, 0x0000000089700000, 0x0000000089700000|100%|HS|  |TAMS 0x0000000089700000, 0x0000000089700000| Complete 
| 115|0x0000000089700000, 0x0000000089800000, 0x0000000089800000|100%|HC|  |TAMS 0x0000000089800000, 0x0000000089800000| Complete 
| 116|0x0000000089800000, 0x0000000089900000, 0x0000000089900000|100%|HC|  |TAMS 0x0000000089900000, 0x0000000089900000| Complete 
| 117|0x0000000089900000, 0x0000000089a00000, 0x0000000089a00000|100%|HC|  |TAMS 0x0000000089a00000, 0x0000000089a00000| Complete 
| 118|0x0000000089a00000, 0x0000000089b00000, 0x0000000089b00000|100%|HC|  |TAMS 0x0000000089b00000, 0x0000000089b00000| Complete 
| 119|0x0000000089b00000, 0x0000000089c00000, 0x0000000089c00000|100%|HC|  |TAMS 0x0000000089c00000, 0x0000000089c00000| Complete 
| 120|0x0000000089c00000, 0x0000000089d00000, 0x0000000089d00000|100%|HC|  |TAMS 0x0000000089d00000, 0x0000000089d00000| Complete 
| 121|0x0000000089d00000, 0x0000000089e00000, 0x0000000089e00000|100%|HC|  |TAMS 0x0000000089e00000, 0x0000000089e00000| Complete 
| 122|0x0000000089e00000, 0x0000000089e00000, 0x0000000089f00000|  0%| F|  |TAMS 0x0000000089e00000, 0x0000000089e00000| Untracked 
| 123|0x0000000089f00000, 0x0000000089f00000, 0x000000008a000000|  0%| F|  |TAMS 0x0000000089f00000, 0x0000000089f00000| Untracked 
| 124|0x000000008a000000, 0x000000008a000000, 0x000000008a100000|  0%| F|  |TAMS 0x000000008a000000, 0x000000008a000000| Untracked 
| 125|0x000000008a100000, 0x000000008a100000, 0x000000008a200000|  0%| F|  |TAMS 0x000000008a100000, 0x000000008a100000| Untracked 
| 126|0x000000008a200000, 0x000000008a200000, 0x000000008a300000|  0%| F|  |TAMS 0x000000008a200000, 0x000000008a200000| Untracked 
| 127|0x000000008a300000, 0x000000008a300000, 0x000000008a400000|  0%| F|  |TAMS 0x000000008a300000, 0x000000008a300000| Untracked 
| 128|0x000000008a400000, 0x000000008a400000, 0x000000008a500000|  0%| F|  |TAMS 0x000000008a400000, 0x000000008a400000| Untracked 
| 129|0x000000008a500000, 0x000000008a500000, 0x000000008a600000|  0%| F|  |TAMS 0x000000008a500000, 0x000000008a500000| Untracked 
| 130|0x000000008a600000, 0x000000008a600000, 0x000000008a700000|  0%| F|  |TAMS 0x000000008a600000, 0x000000008a600000| Untracked 
| 131|0x000000008a700000, 0x000000008a700000, 0x000000008a800000|  0%| F|  |TAMS 0x000000008a700000, 0x000000008a700000| Untracked 
| 132|0x000000008a800000, 0x000000008a800000, 0x000000008a900000|  0%| F|  |TAMS 0x000000008a800000, 0x000000008a800000| Untracked 
| 133|0x000000008a900000, 0x000000008a900000, 0x000000008aa00000|  0%| F|  |TAMS 0x000000008a900000, 0x000000008a900000| Untracked 
| 134|0x000000008aa00000, 0x000000008aa00000, 0x000000008ab00000|  0%| F|  |TAMS 0x000000008aa00000, 0x000000008aa00000| Untracked 
| 135|0x000000008ab00000, 0x000000008ab00000, 0x000000008ac00000|  0%| F|  |TAMS 0x000000008ab00000, 0x000000008ab00000| Untracked 
| 136|0x000000008ac00000, 0x000000008ac00000, 0x000000008ad00000|  0%| F|  |TAMS 0x000000008ac00000, 0x000000008ac00000| Untracked 
| 137|0x000000008ad00000, 0x000000008ad00000, 0x000000008ae00000|  0%| F|  |TAMS 0x000000008ad00000, 0x000000008ad00000| Untracked 
| 138|0x000000008ae00000, 0x000000008ae00000, 0x000000008af00000|  0%| F|  |TAMS 0x000000008ae00000, 0x000000008ae00000| Untracked 
| 139|0x000000008af00000, 0x000000008af00000, 0x000000008b000000|  0%| F|  |TAMS 0x000000008af00000, 0x000000008af00000| Untracked 
| 140|0x000000008b000000, 0x000000008b000000, 0x000000008b100000|  0%| F|  |TAMS 0x000000008b000000, 0x000000008b000000| Untracked 
| 141|0x000000008b100000, 0x000000008b100000, 0x000000008b200000|  0%| F|  |TAMS 0x000000008b100000, 0x000000008b100000| Untracked 
| 142|0x000000008b200000, 0x000000008b200000, 0x000000008b300000|  0%| F|  |TAMS 0x000000008b200000, 0x000000008b200000| Untracked 
| 143|0x000000008b300000, 0x000000008b300000, 0x000000008b400000|  0%| F|  |TAMS 0x000000008b300000, 0x000000008b300000| Untracked 
| 144|0x000000008b400000, 0x000000008b400000, 0x000000008b500000|  0%| F|  |TAMS 0x000000008b400000, 0x000000008b400000| Untracked 
| 145|0x000000008b500000, 0x000000008b500000, 0x000000008b600000|  0%| F|  |TAMS 0x000000008b500000, 0x000000008b500000| Untracked 
| 146|0x000000008b600000, 0x000000008b600000, 0x000000008b700000|  0%| F|  |TAMS 0x000000008b600000, 0x000000008b600000| Untracked 
| 147|0x000000008b700000, 0x000000008b700000, 0x000000008b800000|  0%| F|  |TAMS 0x000000008b700000, 0x000000008b700000| Untracked 
| 148|0x000000008b800000, 0x000000008b800000, 0x000000008b900000|  0%| F|  |TAMS 0x000000008b800000, 0x000000008b800000| Untracked 
| 149|0x000000008b900000, 0x000000008b900000, 0x000000008ba00000|  0%| F|  |TAMS 0x000000008b900000, 0x000000008b900000| Untracked 
| 150|0x000000008ba00000, 0x000000008ba00000, 0x000000008bb00000|  0%| F|  |TAMS 0x000000008ba00000, 0x000000008ba00000| Untracked 
| 151|0x000000008bb00000, 0x000000008bb00000, 0x000000008bc00000|  0%| F|  |TAMS 0x000000008bb00000, 0x000000008bb00000| Untracked 
| 152|0x000000008bc00000, 0x000000008bc00000, 0x000000008bd00000|  0%| F|  |TAMS 0x000000008bc00000, 0x000000008bc00000| Untracked 
| 153|0x000000008bd00000, 0x000000008bd00000, 0x000000008be00000|  0%| F|  |TAMS 0x000000008bd00000, 0x000000008bd00000| Untracked 
| 154|0x000000008be00000, 0x000000008be00000, 0x000000008bf00000|  0%| F|  |TAMS 0x000000008be00000, 0x000000008be00000| Untracked 
| 155|0x000000008bf00000, 0x000000008bf00000, 0x000000008c000000|  0%| F|  |TAMS 0x000000008bf00000, 0x000000008bf00000| Untracked 
| 156|0x000000008c000000, 0x000000008c000000, 0x000000008c100000|  0%| F|  |TAMS 0x000000008c000000, 0x000000008c000000| Untracked 
| 157|0x000000008c100000, 0x000000008c100000, 0x000000008c200000|  0%| F|  |TAMS 0x000000008c100000, 0x000000008c100000| Untracked 
| 158|0x000000008c200000, 0x000000008c200000, 0x000000008c300000|  0%| F|  |TAMS 0x000000008c200000, 0x000000008c200000| Untracked 
| 159|0x000000008c300000, 0x000000008c300000, 0x000000008c400000|  0%| F|  |TAMS 0x000000008c300000, 0x000000008c300000| Untracked 
| 160|0x000000008c400000, 0x000000008c400000, 0x000000008c500000|  0%| F|  |TAMS 0x000000008c400000, 0x000000008c400000| Untracked 
| 161|0x000000008c500000, 0x000000008c500000, 0x000000008c600000|  0%| F|  |TAMS 0x000000008c500000, 0x000000008c500000| Untracked 
| 162|0x000000008c600000, 0x000000008c600000, 0x000000008c700000|  0%| F|  |TAMS 0x000000008c600000, 0x000000008c600000| Untracked 
| 163|0x000000008c700000, 0x000000008c700000, 0x000000008c800000|  0%| F|  |TAMS 0x000000008c700000, 0x000000008c700000| Untracked 
| 164|0x000000008c800000, 0x000000008c800000, 0x000000008c900000|  0%| F|  |TAMS 0x000000008c800000, 0x000000008c800000| Untracked 
| 165|0x000000008c900000, 0x000000008c900000, 0x000000008ca00000|  0%| F|  |TAMS 0x000000008c900000, 0x000000008c900000| Untracked 
| 166|0x000000008ca00000, 0x000000008ca00000, 0x000000008cb00000|  0%| F|  |TAMS 0x000000008ca00000, 0x000000008ca00000| Untracked 
| 167|0x000000008cb00000, 0x000000008cb00000, 0x000000008cc00000|  0%| F|  |TAMS 0x000000008cb00000, 0x000000008cb00000| Untracked 
| 168|0x000000008cc00000, 0x000000008cc00000, 0x000000008cd00000|  0%| F|  |TAMS 0x000000008cc00000, 0x000000008cc00000| Untracked 
| 169|0x000000008cd00000, 0x000000008cd00000, 0x000000008ce00000|  0%| F|  |TAMS 0x000000008cd00000, 0x000000008cd00000| Untracked 
| 170|0x000000008ce00000, 0x000000008ce00000, 0x000000008cf00000|  0%| F|  |TAMS 0x000000008ce00000, 0x000000008ce00000| Untracked 
| 171|0x000000008cf00000, 0x000000008cf00000, 0x000000008d000000|  0%| F|  |TAMS 0x000000008cf00000, 0x000000008cf00000| Untracked 
| 172|0x000000008d000000, 0x000000008d000000, 0x000000008d100000|  0%| F|  |TAMS 0x000000008d000000, 0x000000008d000000| Untracked 
| 173|0x000000008d100000, 0x000000008d100000, 0x000000008d200000|  0%| F|  |TAMS 0x000000008d100000, 0x000000008d100000| Untracked 
| 174|0x000000008d200000, 0x000000008d200000, 0x000000008d300000|  0%| F|  |TAMS 0x000000008d200000, 0x000000008d200000| Untracked 
| 175|0x000000008d300000, 0x000000008d300000, 0x000000008d400000|  0%| F|  |TAMS 0x000000008d300000, 0x000000008d300000| Untracked 
| 176|0x000000008d400000, 0x000000008d400000, 0x000000008d500000|  0%| F|  |TAMS 0x000000008d400000, 0x000000008d400000| Untracked 
| 177|0x000000008d500000, 0x000000008d500000, 0x000000008d600000|  0%| F|  |TAMS 0x000000008d500000, 0x000000008d500000| Untracked 
| 178|0x000000008d600000, 0x000000008d600000, 0x000000008d700000|  0%| F|  |TAMS 0x000000008d600000, 0x000000008d600000| Untracked 
| 179|0x000000008d700000, 0x000000008d700000, 0x000000008d800000|  0%| F|  |TAMS 0x000000008d700000, 0x000000008d700000| Untracked 
| 180|0x000000008d800000, 0x000000008d800000, 0x000000008d900000|  0%| F|  |TAMS 0x000000008d800000, 0x000000008d800000| Untracked 
| 181|0x000000008d900000, 0x000000008d900000, 0x000000008da00000|  0%| F|  |TAMS 0x000000008d900000, 0x000000008d900000| Untracked 
| 182|0x000000008da00000, 0x000000008da00000, 0x000000008db00000|  0%| F|  |TAMS 0x000000008da00000, 0x000000008da00000| Untracked 
| 183|0x000000008db00000, 0x000000008db00000, 0x000000008dc00000|  0%| F|  |TAMS 0x000000008db00000, 0x000000008db00000| Untracked 
| 184|0x000000008dc00000, 0x000000008dc00000, 0x000000008dd00000|  0%| F|  |TAMS 0x000000008dc00000, 0x000000008dc00000| Untracked 
| 185|0x000000008dd00000, 0x000000008dd00000, 0x000000008de00000|  0%| F|  |TAMS 0x000000008dd00000, 0x000000008dd00000| Untracked 
| 186|0x000000008de00000, 0x000000008de00000, 0x000000008df00000|  0%| F|  |TAMS 0x000000008de00000, 0x000000008de00000| Untracked 
| 187|0x000000008df00000, 0x000000008df00000, 0x000000008e000000|  0%| F|  |TAMS 0x000000008df00000, 0x000000008df00000| Untracked 
| 188|0x000000008e000000, 0x000000008e000000, 0x000000008e100000|  0%| F|  |TAMS 0x000000008e000000, 0x000000008e000000| Untracked 
| 189|0x000000008e100000, 0x000000008e100000, 0x000000008e200000|  0%| F|  |TAMS 0x000000008e100000, 0x000000008e100000| Untracked 
| 190|0x000000008e200000, 0x000000008e200000, 0x000000008e300000|  0%| F|  |TAMS 0x000000008e200000, 0x000000008e200000| Untracked 
| 191|0x000000008e300000, 0x000000008e300000, 0x000000008e400000|  0%| F|  |TAMS 0x000000008e300000, 0x000000008e300000| Untracked 
| 192|0x000000008e400000, 0x000000008e400000, 0x000000008e500000|  0%| F|  |TAMS 0x000000008e400000, 0x000000008e400000| Untracked 
| 193|0x000000008e500000, 0x000000008e500000, 0x000000008e600000|  0%| F|  |TAMS 0x000000008e500000, 0x000000008e500000| Untracked 
| 194|0x000000008e600000, 0x000000008e600000, 0x000000008e700000|  0%| F|  |TAMS 0x000000008e600000, 0x000000008e600000| Untracked 
| 195|0x000000008e700000, 0x000000008e700000, 0x000000008e800000|  0%| F|  |TAMS 0x000000008e700000, 0x000000008e700000| Untracked 
| 196|0x000000008e800000, 0x000000008e800000, 0x000000008e900000|  0%| F|  |TAMS 0x000000008e800000, 0x000000008e800000| Untracked 
| 197|0x000000008e900000, 0x000000008e900000, 0x000000008ea00000|  0%| F|  |TAMS 0x000000008e900000, 0x000000008e900000| Untracked 
| 198|0x000000008ea00000, 0x000000008ea00000, 0x000000008eb00000|  0%| F|  |TAMS 0x000000008ea00000, 0x000000008ea00000| Untracked 
| 199|0x000000008eb00000, 0x000000008eb00000, 0x000000008ec00000|  0%| F|  |TAMS 0x000000008eb00000, 0x000000008eb00000| Untracked 
| 200|0x000000008ec00000, 0x000000008ec00000, 0x000000008ed00000|  0%| F|  |TAMS 0x000000008ec00000, 0x000000008ec00000| Untracked 
| 201|0x000000008ed00000, 0x000000008ed00000, 0x000000008ee00000|  0%| F|  |TAMS 0x000000008ed00000, 0x000000008ed00000| Untracked 
| 202|0x000000008ee00000, 0x000000008ee00000, 0x000000008ef00000|  0%| F|  |TAMS 0x000000008ee00000, 0x000000008ee00000| Untracked 
| 203|0x000000008ef00000, 0x000000008ef00000, 0x000000008f000000|  0%| F|  |TAMS 0x000000008ef00000, 0x000000008ef00000| Untracked 
| 204|0x000000008f000000, 0x000000008f000000, 0x000000008f100000|  0%| F|  |TAMS 0x000000008f000000, 0x000000008f000000| Untracked 
| 205|0x000000008f100000, 0x000000008f100000, 0x000000008f200000|  0%| F|  |TAMS 0x000000008f100000, 0x000000008f100000| Untracked 
| 206|0x000000008f200000, 0x000000008f200000, 0x000000008f300000|  0%| F|  |TAMS 0x000000008f200000, 0x000000008f200000| Untracked 
| 207|0x000000008f300000, 0x000000008f300000, 0x000000008f400000|  0%| F|  |TAMS 0x000000008f300000, 0x000000008f300000| Untracked 
| 208|0x000000008f400000, 0x000000008f400000, 0x000000008f500000|  0%| F|  |TAMS 0x000000008f400000, 0x000000008f400000| Untracked 
| 209|0x000000008f500000, 0x000000008f500000, 0x000000008f600000|  0%| F|  |TAMS 0x000000008f500000, 0x000000008f500000| Untracked 
| 210|0x000000008f600000, 0x000000008f600000, 0x000000008f700000|  0%| F|  |TAMS 0x000000008f600000, 0x000000008f600000| Untracked 
| 211|0x000000008f700000, 0x000000008f700000, 0x000000008f800000|  0%| F|  |TAMS 0x000000008f700000, 0x000000008f700000| Untracked 
| 212|0x000000008f800000, 0x000000008f800000, 0x000000008f900000|  0%| F|  |TAMS 0x000000008f800000, 0x000000008f800000| Untracked 
| 213|0x000000008f900000, 0x000000008f900000, 0x000000008fa00000|  0%| F|  |TAMS 0x000000008f900000, 0x000000008f900000| Untracked 
| 214|0x000000008fa00000, 0x000000008fa00000, 0x000000008fb00000|  0%| F|  |TAMS 0x000000008fa00000, 0x000000008fa00000| Untracked 
| 215|0x000000008fb00000, 0x000000008fb00000, 0x000000008fc00000|  0%| F|  |TAMS 0x000000008fb00000, 0x000000008fb00000| Untracked 
| 216|0x000000008fc00000, 0x000000008fc00000, 0x000000008fd00000|  0%| F|  |TAMS 0x000000008fc00000, 0x000000008fc00000| Untracked 
| 217|0x000000008fd00000, 0x000000008fd00000, 0x000000008fe00000|  0%| F|  |TAMS 0x000000008fd00000, 0x000000008fd00000| Untracked 
| 218|0x000000008fe00000, 0x000000008fe00000, 0x000000008ff00000|  0%| F|  |TAMS 0x000000008fe00000, 0x000000008fe00000| Untracked 
| 219|0x000000008ff00000, 0x000000008ff00000, 0x0000000090000000|  0%| F|  |TAMS 0x000000008ff00000, 0x000000008ff00000| Untracked 
| 220|0x0000000090000000, 0x0000000090000000, 0x0000000090100000|  0%| F|  |TAMS 0x0000000090000000, 0x0000000090000000| Untracked 
| 221|0x0000000090100000, 0x0000000090100000, 0x0000000090200000|  0%| F|  |TAMS 0x0000000090100000, 0x0000000090100000| Untracked 
| 222|0x0000000090200000, 0x0000000090200000, 0x0000000090300000|  0%| F|  |TAMS 0x0000000090200000, 0x0000000090200000| Untracked 
| 223|0x0000000090300000, 0x0000000090300000, 0x0000000090400000|  0%| F|  |TAMS 0x0000000090300000, 0x0000000090300000| Untracked 
| 224|0x0000000090400000, 0x0000000090400000, 0x0000000090500000|  0%| F|  |TAMS 0x0000000090400000, 0x0000000090400000| Untracked 
| 225|0x0000000090500000, 0x0000000090500000, 0x0000000090600000|  0%| F|  |TAMS 0x0000000090500000, 0x0000000090500000| Untracked 
| 226|0x0000000090600000, 0x0000000090600000, 0x0000000090700000|  0%| F|  |TAMS 0x0000000090600000, 0x0000000090600000| Untracked 
| 227|0x0000000090700000, 0x0000000090700000, 0x0000000090800000|  0%| F|  |TAMS 0x0000000090700000, 0x0000000090700000| Untracked 
| 228|0x0000000090800000, 0x0000000090800000, 0x0000000090900000|  0%| F|  |TAMS 0x0000000090800000, 0x0000000090800000| Untracked 
| 229|0x0000000090900000, 0x0000000090900000, 0x0000000090a00000|  0%| F|  |TAMS 0x0000000090900000, 0x0000000090900000| Untracked 
| 230|0x0000000090a00000, 0x0000000090a00000, 0x0000000090b00000|  0%| F|  |TAMS 0x0000000090a00000, 0x0000000090a00000| Untracked 
| 231|0x0000000090b00000, 0x0000000090b11c88, 0x0000000090c00000|  6%| S|CS|TAMS 0x0000000090b00000, 0x0000000090b00000| Complete 
| 232|0x0000000090c00000, 0x0000000090c00000, 0x0000000090d00000|  0%| F|  |TAMS 0x0000000090c00000, 0x0000000090c00000| Untracked 
| 233|0x0000000090d00000, 0x0000000090d00000, 0x0000000090e00000|  0%| F|  |TAMS 0x0000000090d00000, 0x0000000090d00000| Untracked 

Card table byte_map: [0x000002270f000000,0x000002270f3f0000] _byte_map_base: 0x000002270ebee000

Marking Bits (Prev, Next): (CMBitMap*) 0x0000022777ad1a80, (CMBitMap*) 0x0000022777ad1a40
 Prev Bits: [0x0000022711750000, 0x00000227136c0000)
 Next Bits: [0x000002270f7e0000, 0x0000022711750000)

Polling page: 0x00000227759d0000

Metaspace:

Usage:
  Non-class:     10.42 MB used.
      Class:      1.05 MB used.
       Both:     11.48 MB used.

Virtual space:
  Non-class space:       16.00 MB reserved,      10.56 MB ( 66%) committed,  2 nodes.
      Class space:        1.00 GB reserved,       1.12 MB ( <1%) committed,  1 nodes.
             Both:        1.02 GB reserved,      11.69 MB (  1%) committed. 

Chunk freelists:
   Non-Class:  845.00 KB
       Class:  2.69 MB
        Both:  3.51 MB

MaxMetaspaceSize: unlimited
CompressedClassSpaceSize: 1.00 GB
Initial GC threshold: 21.00 MB
Current GC threshold: 21.00 MB
CDS: on
MetaspaceReclaimPolicy: balanced
 - commit_granule_bytes: 65536.
 - commit_granule_words: 8192.
 - virtual_space_node_default_size: 1048576.
 - enlarge_chunks_in_place: 1.
 - new_chunks_are_fully_committed: 0.
 - uncommit_free_chunks: 1.
 - use_allocation_guard: 0.
 - handle_deallocations: 1.


Internal statistics:

num_allocs_failed_limit: 0.
num_arena_births: 238.
num_arena_deaths: 112.
num_vsnodes_births: 3.
num_vsnodes_deaths: 0.
num_space_committed: 188.
num_space_uncommitted: 1.
num_chunks_returned_to_freelist: 156.
num_chunks_taken_from_freelist: 503.
num_chunk_merges: 36.
num_chunk_splits: 260.
num_chunks_enlarged: 156.
num_purges: 30.
num_inconsistent_stats: 0.

CodeHeap 'non-profiled nmethods': size=120000Kb used=2599Kb max_used=2936Kb free=117400Kb
 bounds [0x0000022707ad0000, 0x0000022707db0000, 0x000002270f000000]
CodeHeap 'profiled nmethods': size=120000Kb used=4821Kb max_used=5273Kb free=115178Kb
 bounds [0x00000227005a0000, 0x0000022700ad0000, 0x0000022707ad0000]
CodeHeap 'non-nmethods': size=5760Kb used=1413Kb max_used=1497Kb free=4346Kb
 bounds [0x0000022700000000, 0x0000022700270000, 0x00000227005a0000]
 total_blobs=3372 nmethods=2687 adapters=597
 compilation: enabled
              stopped_count=0, restarted_count=0
 full_count=0

Compilation events (20 events):
Event: 6312.036 Thread 0x0000022715dbded0 3219   !   4       greenfoot.core.Simulation::runQueuedTasks (92 bytes)
Event: 6312.042 Thread 0x0000022715dbded0 nmethod 3219 0x0000022707c27410 code [0x0000022707c27600, 0x0000022707c27f00]
Event: 6312.775 Thread 0x0000022715dbded0 3220   !   4       greenfoot.core.Simulation::maybePause (363 bytes)
Event: 6312.800 Thread 0x0000022715dbded0 nmethod 3220 0x0000022707c24e10 code [0x0000022707c25080, 0x0000022707c26a20]
Event: 6330.697 Thread 0x0000022715dcb9e0 3221       1       java.lang.Thread::getThreadGroup (5 bytes)
Event: 6330.697 Thread 0x0000022715dcb9e0 nmethod 3221 0x0000022707be4090 code [0x0000022707be4220, 0x0000022707be42f8]
Event: 6339.771 Thread 0x0000022715dbded0 3222       4       Car::act (13 bytes)
Event: 6339.826 Thread 0x0000022715dbded0 nmethod 3222 0x0000022707c21a10 code [0x0000022707c21d00, 0x0000022707c23768]
Event: 6455.558 Thread 0x0000022715dbded0 3223       4       greenfoot.Actor::getBoundingRect (16 bytes)
Event: 6455.559 Thread 0x0000022715dbded0 nmethod 3223 0x0000022707be3d90 code [0x0000022707be3f20, 0x0000022707be3fc8]
Event: 6455.705 Thread 0x0000022715dcb9e0 3224       3       java.util.Arrays::asList (9 bytes)
Event: 6455.706 Thread 0x0000022715dcb9e0 nmethod 3224 0x00000227007c0090 code [0x00000227007c0260, 0x00000227007c0708]
Event: 6455.706 Thread 0x0000022715dcb9e0 3225       3       java.util.Arrays$ArrayList::<init> (16 bytes)
Event: 6455.706 Thread 0x0000022715dcb9e0 nmethod 3225 0x00000227007bf910 code [0x00000227007bfae0, 0x00000227007bfee8]
Event: 6455.770 Thread 0x0000022715dcb9e0 3226       3       java.util.Arrays$ArrayList::iterator (12 bytes)
Event: 6455.772 Thread 0x0000022715dcb9e0 nmethod 3226 0x00000227007bf390 code [0x00000227007bf540, 0x00000227007bf7d8]
Event: 6455.772 Thread 0x0000022715dcb9e0 3227       3       java.util.Arrays$ArrayItr::<init> (10 bytes)
Event: 6455.773 Thread 0x0000022715dcb9e0 nmethod 3227 0x00000227007bef90 code [0x00000227007bf120, 0x00000227007bf2d8]
Event: 6459.570 Thread 0x0000022715dcb9e0 3228       3       java.util.HashSet::<init> (16 bytes)
Event: 6459.571 Thread 0x0000022715dcb9e0 nmethod 3228 0x00000227007be810 code [0x00000227007be9e0, 0x00000227007bedf8]

GC Heap History (20 events):
Event: 6451.613 GC heap after
{Heap after GC invocations=4239 (full 94):
 garbage-first heap   total 260096K, used 66956K [0x0000000082400000, 0x0000000100000000)
  region size 1024K, 1 young (1024K), 1 survivors (1024K)
 Metaspace       used 11750K, committed 11968K, reserved 1064960K
  class space    used 1077K, committed 1152K, reserved 1048576K
}
Event: 6454.655 GC heap before
{Heap before GC invocations=4239 (full 94):
 garbage-first heap   total 260096K, used 248204K [0x0000000082400000, 0x0000000100000000)
  region size 1024K, 2 young (2048K), 1 survivors (1024K)
 Metaspace       used 11750K, committed 11968K, reserved 1064960K
  class space    used 1077K, committed 1152K, reserved 1048576K
}
Event: 6454.656 GC heap after
{Heap after GC invocations=4240 (full 94):
 garbage-first heap   total 260096K, used 66948K [0x0000000082400000, 0x0000000100000000)
  region size 1024K, 1 young (1024K), 1 survivors (1024K)
 Metaspace       used 11750K, committed 11968K, reserved 1064960K
  class space    used 1077K, committed 1152K, reserved 1048576K
}
Event: 6457.611 GC heap before
{Heap before GC invocations=4240 (full 94):
 garbage-first heap   total 260096K, used 238980K [0x0000000082400000, 0x0000000100000000)
  region size 1024K, 2 young (2048K), 1 survivors (1024K)
 Metaspace       used 11751K, committed 11968K, reserved 1064960K
  class space    used 1077K, committed 1152K, reserved 1048576K
}
Event: 6457.615 GC heap after
{Heap after GC invocations=4241 (full 94):
 garbage-first heap   total 260096K, used 66952K [0x0000000082400000, 0x0000000100000000)
  region size 1024K, 1 young (1024K), 1 survivors (1024K)
 Metaspace       used 11751K, committed 11968K, reserved 1064960K
  class space    used 1077K, committed 1152K, reserved 1048576K
}
Event: 6457.942 GC heap before
{Heap before GC invocations=4241 (full 94):
 garbage-first heap   total 260096K, used 83336K [0x0000000082400000, 0x0000000100000000)
  region size 1024K, 2 young (2048K), 1 survivors (1024K)
 Metaspace       used 11751K, committed 11968K, reserved 1064960K
  class space    used 1077K, committed 1152K, reserved 1048576K
}
Event: 6457.944 GC heap after
{Heap after GC invocations=4242 (full 94):
 garbage-first heap   total 260096K, used 66952K [0x0000000082400000, 0x0000000100000000)
  region size 1024K, 1 young (1024K), 1 survivors (1024K)
 Metaspace       used 11751K, committed 11968K, reserved 1064960K
  class space    used 1077K, committed 1152K, reserved 1048576K
}
Event: 6459.540 GC heap before
{Heap before GC invocations=4243 (full 94):
 garbage-first heap   total 260096K, used 163208K [0x0000000082400000, 0x0000000100000000)
  region size 1024K, 2 young (2048K), 1 survivors (1024K)
 Metaspace       used 11751K, committed 11968K, reserved 1064960K
  class space    used 1077K, committed 1152K, reserved 1048576K
}
Event: 6459.557 GC heap after
{Heap after GC invocations=4244 (full 95):
 garbage-first heap   total 239616K, used 67804K [0x0000000082400000, 0x0000000100000000)
  region size 1024K, 0 young (0K), 0 survivors (0K)
 Metaspace       used 11751K, committed 11968K, reserved 1064960K
  class space    used 1077K, committed 1152K, reserved 1048576K
}
Event: 6459.564 GC heap before
{Heap before GC invocations=4244 (full 95):
 garbage-first heap   total 239616K, used 67804K [0x0000000082400000, 0x0000000100000000)
  region size 1024K, 1 young (1024K), 0 survivors (0K)
 Metaspace       used 11751K, committed 11968K, reserved 1064960K
  class space    used 1077K, committed 1152K, reserved 1048576K
}
Event: 6459.570 GC heap after
{Heap after GC invocations=4245 (full 95):
 garbage-first heap   total 239616K, used 67816K [0x0000000082400000, 0x0000000100000000)
  region size 1024K, 1 young (1024K), 1 survivors (1024K)
 Metaspace       used 11751K, committed 11968K, reserved 1064960K
  class space    used 1077K, committed 1152K, reserved 1048576K
}
Event: 6459.662 GC heap before
{Heap before GC invocations=4245 (full 95):
 garbage-first heap   total 239616K, used 85224K [0x0000000082400000, 0x0000000100000000)
  region size 1024K, 10 young (10240K), 1 survivors (1024K)
 Metaspace       used 11751K, committed 11968K, reserved 1064960K
  class space    used 1077K, committed 1152K, reserved 1048576K
}
Event: 6459.663 GC heap after
{Heap after GC invocations=4246 (full 95):
 garbage-first heap   total 239616K, used 76010K [0x0000000082400000, 0x0000000100000000)
  region size 1024K, 1 young (1024K), 1 survivors (1024K)
 Metaspace       used 11751K, committed 11968K, reserved 1064960K
  class space    used 1077K, committed 1152K, reserved 1048576K
}
Event: 6459.665 GC heap before
{Heap before GC invocations=4246 (full 95):
 garbage-first heap   total 239616K, used 84202K [0x0000000082400000, 0x0000000100000000)
  region size 1024K, 2 young (2048K), 1 survivors (1024K)
 Metaspace       used 11751K, committed 11968K, reserved 1064960K
  class space    used 1077K, committed 1152K, reserved 1048576K
}
Event: 6459.666 GC heap after
{Heap after GC invocations=4247 (full 95):
 garbage-first heap   total 239616K, used 84200K [0x0000000082400000, 0x0000000100000000)
  region size 1024K, 1 young (1024K), 1 survivors (1024K)
 Metaspace       used 11751K, committed 11968K, reserved 1064960K
  class space    used 1077K, committed 1152K, reserved 1048576K
}
Event: 6459.701 GC heap before
{Heap before GC invocations=4248 (full 95):
 garbage-first heap   total 239616K, used 99560K [0x0000000082400000, 0x0000000100000000)
  region size 1024K, 2 young (2048K), 1 survivors (1024K)
 Metaspace       used 11751K, committed 11968K, reserved 1064960K
  class space    used 1077K, committed 1152K, reserved 1048576K
}
Event: 6459.703 GC heap after
{Heap after GC invocations=4249 (full 95):
 garbage-first heap   total 239616K, used 99596K [0x0000000082400000, 0x0000000100000000)
  region size 1024K, 1 young (1024K), 1 survivors (1024K)
 Metaspace       used 11751K, committed 11968K, reserved 1064960K
  class space    used 1077K, committed 1152K, reserved 1048576K
}
Event: 6459.720 GC heap before
{Heap before GC invocations=4250 (full 95):
 garbage-first heap   total 239616K, used 101644K [0x0000000082400000, 0x0000000100000000)
  region size 1024K, 3 young (3072K), 1 survivors (1024K)
 Metaspace       used 11751K, committed 11968K, reserved 1064960K
  class space    used 1077K, committed 1152K, reserved 1048576K
}
Event: 6459.720 GC heap after
{Heap after GC invocations=4251 (full 95):
 garbage-first heap   total 239616K, used 84202K [0x0000000082400000, 0x0000000100000000)
  region size 1024K, 1 young (1024K), 1 survivors (1024K)
 Metaspace       used 11751K, committed 11968K, reserved 1064960K
  class space    used 1077K, committed 1152K, reserved 1048576K
}
Event: 6459.754 GC heap before
{Heap before GC invocations=4252 (full 95):
 garbage-first heap   total 239616K, used 89322K [0x0000000082400000, 0x0000000100000000)
  region size 1024K, 3 young (3072K), 1 survivors (1024K)
 Metaspace       used 11751K, committed 11968K, reserved 1064960K
  class space    used 1077K, committed 1152K, reserved 1048576K
}

Deoptimization events (20 events):
Event: 6247.924 Thread 0x000002271729f620 DEOPT PACKING pc=0x000002270081f26c sp=0x00000054b39fdc60
Event: 6247.924 Thread 0x000002271729f620 DEOPT UNPACKING pc=0x0000022700052b43 sp=0x00000054b39fd180 mode 1
Event: 6247.924 Thread 0x000002271729f620 DEOPT PACKING pc=0x000002270081e0cc sp=0x00000054b39fdd40
Event: 6247.924 Thread 0x000002271729f620 DEOPT UNPACKING pc=0x0000022700052b43 sp=0x00000054b39fd1e0 mode 1
Event: 6247.924 Thread 0x000002271729f620 DEOPT PACKING pc=0x000002270063940c sp=0x00000054b39fdd80
Event: 6247.924 Thread 0x000002271729f620 DEOPT UNPACKING pc=0x0000022700052b43 sp=0x00000054b39fd1e0 mode 1
Event: 6247.924 Thread 0x000002271729f620 DEOPT PACKING pc=0x000002270082a244 sp=0x00000054b39fde10
Event: 6247.924 Thread 0x000002271729f620 DEOPT UNPACKING pc=0x0000022700052b43 sp=0x00000054b39fd300 mode 1
Event: 6247.927 Thread 0x000002271729c130 DEOPT PACKING pc=0x00000227006ca9ec sp=0x00000054b3afadc0
Event: 6247.927 Thread 0x000002271729c130 DEOPT UNPACKING pc=0x0000022700052b43 sp=0x00000054b3afa270 mode 1
Event: 6247.928 Thread 0x000002271729c130 DEOPT PACKING pc=0x00000227006ca9ec sp=0x00000054b3afadc0
Event: 6247.928 Thread 0x000002271729c130 DEOPT UNPACKING pc=0x0000022700052b43 sp=0x00000054b3afa270 mode 1
Event: 6247.929 Thread 0x000002271729c130 DEOPT PACKING pc=0x00000227006ca9ec sp=0x00000054b3afadc0
Event: 6247.929 Thread 0x000002271729c130 DEOPT UNPACKING pc=0x0000022700052b43 sp=0x00000054b3afa270 mode 1
Event: 6247.930 Thread 0x000002271729c130 DEOPT PACKING pc=0x00000227006ca9ec sp=0x00000054b3afadc0
Event: 6247.930 Thread 0x000002271729c130 DEOPT UNPACKING pc=0x0000022700052b43 sp=0x00000054b3afa270 mode 1
Event: 6459.534 Thread 0x000002271729c130 DEOPT PACKING pc=0x0000022707cc7878 sp=0x00000054b3aff1a0
Event: 6459.534 Thread 0x000002271729c130 DEOPT UNPACKING pc=0x0000022700052b43 sp=0x00000054b3afe620 mode 1
Event: 6459.534 Thread 0x000002271729c130 DEOPT PACKING pc=0x0000022707d5d464 sp=0x00000054b3aff1d0
Event: 6459.534 Thread 0x000002271729c130 DEOPT UNPACKING pc=0x0000022700052b43 sp=0x00000054b3afe588 mode 1

Classes unloaded (20 events):
Event: 5222.555 Thread 0x0000022715d978b0 Unloading class 0x0000000800c09400 'java/lang/invoke/LambdaForm$MH+0x0000000800c09400'
Event: 5222.555 Thread 0x0000022715d978b0 Unloading class 0x0000000800c09000 'java/lang/invoke/LambdaForm$MH+0x0000000800c09000'
Event: 5222.555 Thread 0x0000022715d978b0 Unloading class 0x0000000800c04800 'java/lang/invoke/LambdaForm$MH+0x0000000800c04800'
Event: 5222.555 Thread 0x0000022715d978b0 Unloading class 0x0000000800c02000 'java/lang/invoke/LambdaForm$MH+0x0000000800c02000'
Event: 5222.555 Thread 0x0000022715d978b0 Unloading class 0x0000000800c03400 'java/lang/invoke/LambdaForm$MH+0x0000000800c03400'
Event: 5222.555 Thread 0x0000022715d978b0 Unloading class 0x0000000800c03800 'java/lang/invoke/LambdaForm$MH+0x0000000800c03800'
Event: 5222.555 Thread 0x0000022715d978b0 Unloading class 0x0000000800c04000 'java/lang/invoke/LambdaForm$MH+0x0000000800c04000'
Event: 5222.555 Thread 0x0000022715d978b0 Unloading class 0x0000000800c07000 'java/lang/invoke/LambdaForm$MH+0x0000000800c07000'
Event: 6165.761 Thread 0x0000022715d978b0 Unloading class 0x0000000800c05328 'Signal'
Event: 6165.761 Thread 0x0000022715d978b0 Unloading class 0x0000000800c05000 'Quiz'
Event: 6165.761 Thread 0x0000022715d978b0 Unloading class 0x0000000800c02000 'Car'
Event: 6165.761 Thread 0x0000022715d978b0 Unloading class 0x0000000800c04800 'MyWorld'
Event: 6171.665 Thread 0x0000022715d978b0 Unloading class 0x0000000800c09328 'Signal'
Event: 6171.665 Thread 0x0000022715d978b0 Unloading class 0x0000000800c09000 'Quiz'
Event: 6171.665 Thread 0x0000022715d978b0 Unloading class 0x0000000800c03800 'Car'
Event: 6171.665 Thread 0x0000022715d978b0 Unloading class 0x0000000800c03400 'MyWorld'
Event: 6247.964 Thread 0x0000022715d978b0 Unloading class 0x0000000800d10328 'Signal'
Event: 6247.964 Thread 0x0000022715d978b0 Unloading class 0x0000000800d10000 'Quiz'
Event: 6247.964 Thread 0x0000022715d978b0 Unloading class 0x0000000800c07000 'Car'
Event: 6247.964 Thread 0x0000022715d978b0 Unloading class 0x0000000800c04000 'MyWorld'

Classes redefined (0 events):
No events

Internal exceptions (20 events):
Event: 4349.230 Thread 0x000002271729c130 Exception <a 'java/lang/InterruptedException'{0x0000000096087a70}: sleep interrupted> (0x0000000096087a70) 
thrown [s\src\hotspot\share\prims\jvm.cpp, line 3070]
Event: 4550.110 Thread 0x000002271729c130 Exception <a 'java/lang/reflect/InvocationTargetException'{0x000000008aaf87b8}> (0x000000008aaf87b8) 
thrown [s\src\hotspot\share\runtime\reflection.cpp, line 1121]
Event: 4550.216 Thread 0x000002271729c130 Exception <a 'java/lang/reflect/InvocationTargetException'{0x0000000089182ac8}> (0x0000000089182ac8) 
thrown [s\src\hotspot\share\runtime\reflection.cpp, line 1121]
Event: 4556.392 Thread 0x000002271729c130 Exception <a 'java/lang/reflect/InvocationTargetException'{0x0000000089182ac8}> (0x0000000089182ac8) 
thrown [s\src\hotspot\share\runtime\reflection.cpp, line 1121]
Event: 4557.670 Thread 0x000002271729c130 Exception <a 'java/lang/reflect/InvocationTargetException'{0x0000000089182ac8}> (0x0000000089182ac8) 
thrown [s\src\hotspot\share\runtime\reflection.cpp, line 1121]
Event: 4558.181 Thread 0x000002271729c130 Exception <a 'java/lang/reflect/InvocationTargetException'{0x0000000089182ac8}> (0x0000000089182ac8) 
thrown [s\src\hotspot\share\runtime\reflection.cpp, line 1121]
Event: 4558.821 Thread 0x000002271729c130 Exception <a 'java/lang/reflect/InvocationTargetException'{0x0000000089182ac8}> (0x0000000089182ac8) 
thrown [s\src\hotspot\share\runtime\reflection.cpp, line 1121]
Event: 4560.926 Thread 0x000002271729c130 Exception <a 'java/lang/reflect/InvocationTargetException'{0x0000000089182ac8}> (0x0000000089182ac8) 
thrown [s\src\hotspot\share\runtime\reflection.cpp, line 1121]
Event: 4561.683 Thread 0x000002271729c130 Exception <a 'java/lang/reflect/InvocationTargetException'{0x0000000089182ac8}> (0x0000000089182ac8) 
thrown [s\src\hotspot\share\runtime\reflection.cpp, line 1121]
Event: 4563.037 Thread 0x000002271729c130 Exception <a 'java/lang/reflect/InvocationTargetException'{0x0000000089002cc8}> (0x0000000089002cc8) 
thrown [s\src\hotspot\share\runtime\reflection.cpp, line 1121]
Event: 4564.904 Thread 0x000002271729c130 Exception <a 'java/lang/reflect/InvocationTargetException'{0x0000000089002d20}> (0x0000000089002d20) 
thrown [s\src\hotspot\share\runtime\reflection.cpp, line 1121]
Event: 4567.782 Thread 0x000002271729c130 Exception <a 'java/lang/reflect/InvocationTargetException'{0x0000000089182ac8}> (0x0000000089182ac8) 
thrown [s\src\hotspot\share\runtime\reflection.cpp, line 1121]
Event: 4568.389 Thread 0x000002271729c130 Exception <a 'java/lang/reflect/InvocationTargetException'{0x0000000089182ac8}> (0x0000000089182ac8) 
thrown [s\src\hotspot\share\runtime\reflection.cpp, line 1121]
Event: 4572.592 Thread 0x000002271729c130 Exception <a 'java/lang/reflect/InvocationTargetException'{0x0000000089002cc8}> (0x0000000089002cc8) 
thrown [s\src\hotspot\share\runtime\reflection.cpp, line 1121]
Event: 4604.814 Thread 0x000002271729c130 Exception <a 'java/lang/InterruptedException'{0x000000008ff7f5f8}: sleep interrupted> (0x000000008ff7f5f8) 
thrown [s\src\hotspot\share\prims\jvm.cpp, line 3070]
Event: 4608.087 Thread 0x000002271729c130 Exception <a 'java/lang/InterruptedException'{0x000000009b080710}: sleep interrupted> (0x000000009b080710) 
thrown [s\src\hotspot\share\prims\jvm.cpp, line 3070]
Event: 4695.311 Thread 0x000002271729c130 Exception <a 'java/lang/InterruptedException'{0x0000000095d80640}: sleep interrupted> (0x0000000095d80640) 
thrown [s\src\hotspot\share\prims\jvm.cpp, line 3070]
Event: 4734.461 Thread 0x000002271729c130 Exception <a 'java/lang/InterruptedException'{0x000000009c811270}: sleep interrupted> (0x000000009c811270) 
thrown [s\src\hotspot\share\prims\jvm.cpp, line 3070]
Event: 5237.119 Thread 0x000002271729c130 Exception <a 'java/lang/InterruptedException'{0x00000000a6581ff8}: sleep interrupted> (0x00000000a6581ff8) 
thrown [s\src\hotspot\share\prims\jvm.cpp, line 3070]
Event: 6459.534 Thread 0x000002271729c130 Exception <a 'java/lang/InterruptedException'{0x00000000ae9a0970}: sleep interrupted> (0x00000000ae9a0970) 
thrown [s\src\hotspot\share\prims\jvm.cpp, line 3070]

VM Operations (20 events):
Event: 6459.664 Executing VM operation: G1TryInitiateConcMark done
Event: 6459.665 Executing VM operation: G1TryInitiateConcMark
Event: 6459.666 Executing VM operation: G1TryInitiateConcMark done
Event: 6459.673 Executing VM operation: G1Concurrent
Event: 6459.677 Executing VM operation: G1Concurrent done
Event: 6459.685 Executing VM operation: G1Concurrent
Event: 6459.687 Executing VM operation: G1Concurrent done
Event: 6459.701 Executing VM operation: G1TryInitiateConcMark
Event: 6459.703 Executing VM operation: G1TryInitiateConcMark done
Event: 6459.711 Executing VM operation: G1Concurrent
Event: 6459.713 Executing VM operation: G1Concurrent done
Event: 6459.716 Executing VM operation: G1Concurrent
Event: 6459.716 Executing VM operation: G1Concurrent done
Event: 6459.719 Executing VM operation: G1TryInitiateConcMark
Event: 6459.720 Executing VM operation: G1TryInitiateConcMark done
Event: 6459.741 Executing VM operation: G1Concurrent
Event: 6459.744 Executing VM operation: G1Concurrent done
Event: 6459.748 Executing VM operation: G1Concurrent
Event: 6459.748 Executing VM operation: G1Concurrent done
Event: 6459.754 Executing VM operation: G1TryInitiateConcMark

Events (20 events):
Event: 4697.471 Thread 0x000002271826e350 Thread added: 0x000002271826e350
Event: 4697.471 Thread 0x00000227182726b0 Thread exited: 0x00000227182726b0
Event: 5176.038 Thread 0x000002271826f1c0 Thread added: 0x000002271826f1c0
Event: 5177.065 Thread 0x000002271826f1c0 Thread exited: 0x000002271826f1c0
Event: 5349.997 Thread 0x000002271826fb60 Thread added: 0x000002271826fb60
Event: 5351.000 Thread 0x000002271826fb60 Thread exited: 0x000002271826fb60
Event: 5458.647 Thread 0x0000022718271d10 Thread added: 0x0000022718271d10
Event: 5459.679 Thread 0x0000022718271d10 Thread exited: 0x0000022718271d10
Event: 5737.735 Thread 0x000002271826f690 Thread added: 0x000002271826f690
Event: 5738.750 Thread 0x000002271826f690 Thread exited: 0x000002271826f690
Event: 5744.337 Thread 0x0000022718273520 Thread added: 0x0000022718273520
Event: 5745.505 Thread 0x0000022718273520 Thread exited: 0x0000022718273520
Event: 5869.862 Thread 0x0000022718270ea0 Thread added: 0x0000022718270ea0
Event: 5870.863 Thread 0x0000022718270ea0 Thread exited: 0x0000022718270ea0
Event: 6091.847 Thread 0x00000227182709d0 Thread added: 0x00000227182709d0
Event: 6092.897 Thread 0x00000227182709d0 Thread exited: 0x00000227182709d0
Event: 6330.697 Thread 0x0000022718271d10 Thread added: 0x0000022718271d10
Event: 6331.708 Thread 0x0000022718271d10 Thread exited: 0x0000022718271d10
Event: 6332.171 Thread 0x0000022718274d30 Thread added: 0x0000022718274d30
Event: 6333.180 Thread 0x0000022718274d30 Thread exited: 0x0000022718274d30


Dynamic libraries:
0x00007ff799a60000 - 0x00007ff799a6e000 	C:\Program Files\Greenfoot\jdk\bin\java.exe
0x00007ff84b510000 - 0x00007ff84b726000 	C:\WINDOWS\SYSTEM32\ntdll.dll
0x00007ff849970000 - 0x00007ff849a34000 	C:\WINDOWS\System32\KERNEL32.DLL
0x00007ff848c50000 - 0x00007ff848ff7000 	C:\WINDOWS\System32\KERNELBASE.dll
0x00007ff848b30000 - 0x00007ff848c41000 	C:\WINDOWS\System32\ucrtbase.dll
0x00007ff841ba0000 - 0x00007ff841bb9000 	C:\Program Files\Greenfoot\jdk\bin\VCRUNTIME140.dll
0x00007ff835fb0000 - 0x00007ff835fc8000 	C:\Program Files\Greenfoot\jdk\bin\jli.dll
0x00007ff84ada0000 - 0x00007ff84af4e000 	C:\WINDOWS\System32\USER32.dll
0x00007ff848830000 - 0x00007ff848856000 	C:\WINDOWS\System32\win32u.dll
0x00007ff849940000 - 0x00007ff849969000 	C:\WINDOWS\System32\GDI32.dll
0x00007ff849000000 - 0x00007ff849119000 	C:\WINDOWS\System32\gdi32full.dll
0x00007ff8491a0000 - 0x00007ff84923a000 	C:\WINDOWS\System32\msvcp_win.dll
0x00007ff83d230000 - 0x00007ff83d4c3000 	C:\WINDOWS\WinSxS\amd64_microsoft.windows.common-controls_6595b64144ccf1df_6.0.22621.3235_none_270f74e173860f98\COMCTL32.dll
0x00007ff84b250000 - 0x00007ff84b2f7000 	C:\WINDOWS\System32\msvcrt.dll
0x00007ff84af50000 - 0x00007ff84af81000 	C:\WINDOWS\System32\IMM32.DLL
0x00007ff8430e0000 - 0x00007ff8430ec000 	C:\Program Files\Greenfoot\jdk\bin\vcruntime140_1.dll
0x00007ff8257e0000 - 0x00007ff825871000 	C:\Program Files\Greenfoot\jdk\bin\msvcp140.dll
0x00007ff805730000 - 0x00007ff806376000 	C:\Program Files\Greenfoot\jdk\bin\server\jvm.dll
0x00007ff84b410000 - 0x00007ff84b4c2000 	C:\WINDOWS\System32\ADVAPI32.dll
0x00007ff84a5e0000 - 0x00007ff84a688000 	C:\WINDOWS\System32\sechost.dll
0x00007ff8488d0000 - 0x00007ff8488f8000 	C:\WINDOWS\System32\bcrypt.dll
0x00007ff84a4c0000 - 0x00007ff84a5d5000 	C:\WINDOWS\System32\RPCRT4.dll
0x00007ff84ab40000 - 0x00007ff84ab48000 	C:\WINDOWS\System32\PSAPI.DLL
0x00007ff841b90000 - 0x00007ff841b99000 	C:\WINDOWS\SYSTEM32\WSOCK32.dll
0x00007ff84b390000 - 0x00007ff84b401000 	C:\WINDOWS\System32\WS2_32.dll
0x00007ff842b40000 - 0x00007ff842b74000 	C:\WINDOWS\SYSTEM32\WINMM.dll
0x00007ff841d60000 - 0x00007ff841d6a000 	C:\WINDOWS\SYSTEM32\VERSION.dll
0x00007ff847870000 - 0x00007ff847888000 	C:\WINDOWS\SYSTEM32\kernel.appcore.dll
0x00007ff83a6d0000 - 0x00007ff83a6da000 	C:\Program Files\Greenfoot\jdk\bin\jimage.dll
0x00007ff846310000 - 0x00007ff846543000 	C:\WINDOWS\SYSTEM32\DBGHELP.DLL
0x00007ff84a740000 - 0x00007ff84aac8000 	C:\WINDOWS\System32\combase.dll
0x00007ff84ac60000 - 0x00007ff84ad37000 	C:\WINDOWS\System32\OLEAUT32.dll
0x00007ff841e60000 - 0x00007ff841e92000 	C:\WINDOWS\SYSTEM32\dbgcore.DLL
0x00007ff849120000 - 0x00007ff849199000 	C:\WINDOWS\System32\bcryptPrimitives.dll
0x00007ff821080000 - 0x00007ff8210bb000 	C:\Program Files\Greenfoot\jdk\bin\jdwp.dll
0x00007ff832400000 - 0x00007ff832425000 	C:\Program Files\Greenfoot\jdk\bin\java.dll
0x00007ff820950000 - 0x00007ff820a26000 	C:\Program Files\Greenfoot\jdk\bin\jsvml.dll
0x00007ff849a40000 - 0x00007ff84a29c000 	C:\WINDOWS\System32\SHELL32.dll
0x00007ff846790000 - 0x00007ff847089000 	C:\WINDOWS\SYSTEM32\windows.storage.dll
0x00007ff846650000 - 0x00007ff84678e000 	C:\WINDOWS\SYSTEM32\wintypes.dll
0x00007ff84af90000 - 0x00007ff84b083000 	C:\WINDOWS\System32\SHCORE.dll
0x00007ff84ad40000 - 0x00007ff84ad9e000 	C:\WINDOWS\System32\shlwapi.dll
0x00007ff848760000 - 0x00007ff848781000 	C:\WINDOWS\SYSTEM32\profapi.dll
0x00007ff8394f0000 - 0x00007ff8394fb000 	C:\Program Files\Greenfoot\jdk\bin\dt_shmem.dll
0x00007ff830d40000 - 0x00007ff830d59000 	C:\Program Files\Greenfoot\jdk\bin\net.dll
0x00007ff842a00000 - 0x00007ff842b36000 	C:\WINDOWS\SYSTEM32\WINHTTP.dll
0x00007ff847ce0000 - 0x00007ff847d49000 	C:\WINDOWS\system32\mswsock.dll
0x00007ff830d20000 - 0x00007ff830d35000 	C:\Program Files\Greenfoot\jdk\bin\nio.dll
0x00007ff830d00000 - 0x00007ff830d18000 	C:\Program Files\Greenfoot\jdk\bin\zip.dll
0x00007ff80c5a0000 - 0x00007ff80c72e000 	C:\Program Files\Greenfoot\jdk\bin\awt.dll
0x00007ff845830000 - 0x00007ff8458c7000 	C:\WINDOWS\SYSTEM32\apphelp.dll
0x00007ff8459c0000 - 0x00007ff845a6b000 	C:\WINDOWS\system32\uxtheme.dll
0x00007ff84b090000 - 0x00007ff84b1e3000 	C:\WINDOWS\System32\MSCTF.dll
0x00007ff84a310000 - 0x00007ff84a4b5000 	C:\WINDOWS\System32\ole32.dll
0x00007ff847f40000 - 0x00007ff847f5b000 	C:\WINDOWS\SYSTEM32\CRYPTSP.dll
0x00007ff8477d0000 - 0x00007ff847805000 	C:\WINDOWS\system32\rsaenh.dll
0x00007ff847de0000 - 0x00007ff847e08000 	C:\WINDOWS\SYSTEM32\USERENV.dll
0x00007ff847f60000 - 0x00007ff847f6c000 	C:\WINDOWS\SYSTEM32\CRYPTBASE.dll
0x00007ff8472f0000 - 0x00007ff84731d000 	C:\WINDOWS\SYSTEM32\IPHLPAPI.DLL
0x00007ff84ab50000 - 0x00007ff84ab59000 	C:\WINDOWS\System32\NSI.dll
0x00007ff842840000 - 0x00007ff842859000 	C:\WINDOWS\SYSTEM32\dhcpcsvc6.DLL
0x00007ff842820000 - 0x00007ff84283f000 	C:\WINDOWS\SYSTEM32\dhcpcsvc.DLL
0x00007ff847360000 - 0x00007ff847459000 	C:\WINDOWS\SYSTEM32\DNSAPI.dll
0x00007ff845df0000 - 0x00007ff845e1b000 	C:\WINDOWS\system32\DWMAPI.DLL
0x00007ff82f4d0000 - 0x00007ff82f5d0000 	C:\WINDOWS\system32\opengl32.dll
0x00007ff840c70000 - 0x00007ff840c9d000 	C:\WINDOWS\SYSTEM32\GLU32.dll
0x00007ff845ac0000 - 0x00007ff845af9000 	C:\WINDOWS\SYSTEM32\dxcore.dll
0x0000022717590000 - 0x0000022717593000 	C:\Users\elena\.openjfx\cache\20.0.1+2\amd64\api-ms-win-core-console-l1-1-0.dll
0x00000227175a0000 - 0x00000227175a3000 	C:\Users\elena\.openjfx\cache\20.0.1+2\amd64\api-ms-win-core-console-l1-2-0.dll
0x00000227175b0000 - 0x00000227175b3000 	C:\Users\elena\.openjfx\cache\20.0.1+2\amd64\api-ms-win-core-datetime-l1-1-0.dll
0x00000227175c0000 - 0x00000227175c3000 	C:\Users\elena\.openjfx\cache\20.0.1+2\amd64\api-ms-win-core-debug-l1-1-0.dll
0x00000227175d0000 - 0x00000227175d3000 	C:\Users\elena\.openjfx\cache\20.0.1+2\amd64\api-ms-win-core-errorhandling-l1-1-0.dll
0x00000227175e0000 - 0x00000227175e4000 	C:\Users\elena\.openjfx\cache\20.0.1+2\amd64\api-ms-win-core-file-l1-1-0.dll
0x00000227175f0000 - 0x00000227175f3000 	C:\Users\elena\.openjfx\cache\20.0.1+2\amd64\api-ms-win-core-file-l1-2-0.dll
0x0000022717600000 - 0x0000022717603000 	C:\Users\elena\.openjfx\cache\20.0.1+2\amd64\api-ms-win-core-file-l2-1-0.dll
0x0000022717610000 - 0x0000022717613000 	C:\Users\elena\.openjfx\cache\20.0.1+2\amd64\api-ms-win-core-handle-l1-1-0.dll
0x0000022717620000 - 0x0000022717623000 	C:\Users\elena\.openjfx\cache\20.0.1+2\amd64\api-ms-win-core-heap-l1-1-0.dll
0x0000022717630000 - 0x0000022717633000 	C:\Users\elena\.openjfx\cache\20.0.1+2\amd64\api-ms-win-core-interlocked-l1-1-0.dll
0x0000022717a80000 - 0x0000022717a83000 	C:\Users\elena\.openjfx\cache\20.0.1+2\amd64\api-ms-win-core-libraryloader-l1-1-0.dll
0x0000022717a90000 - 0x0000022717a93000 	C:\Users\elena\.openjfx\cache\20.0.1+2\amd64\api-ms-win-core-localization-l1-2-0.dll
0x0000022717aa0000 - 0x0000022717aa3000 	C:\Users\elena\.openjfx\cache\20.0.1+2\amd64\api-ms-win-core-memory-l1-1-0.dll
0x0000022717ab0000 - 0x0000022717ab3000 	C:\Users\elena\.openjfx\cache\20.0.1+2\amd64\api-ms-win-core-namedpipe-l1-1-0.dll
0x0000022717ac0000 - 0x0000022717ac3000 	C:\Users\elena\.openjfx\cache\20.0.1+2\amd64\api-ms-win-core-processenvironment-l1-1-0.dll
0x0000022717ad0000 - 0x0000022717ad3000 	C:\Users\elena\.openjfx\cache\20.0.1+2\amd64\api-ms-win-core-processthreads-l1-1-0.dll
0x0000022717ae0000 - 0x0000022717ae3000 	C:\Users\elena\.openjfx\cache\20.0.1+2\amd64\api-ms-win-core-processthreads-l1-1-1.dll
0x0000022717af0000 - 0x0000022717af3000 	C:\Users\elena\.openjfx\cache\20.0.1+2\amd64\api-ms-win-core-profile-l1-1-0.dll
0x0000022717b00000 - 0x0000022717b03000 	C:\Users\elena\.openjfx\cache\20.0.1+2\amd64\api-ms-win-core-rtlsupport-l1-1-0.dll
0x0000022717b10000 - 0x0000022717b13000 	C:\Users\elena\.openjfx\cache\20.0.1+2\amd64\api-ms-win-core-string-l1-1-0.dll
0x0000022717b20000 - 0x0000022717b23000 	C:\Users\elena\.openjfx\cache\20.0.1+2\amd64\api-ms-win-core-synch-l1-1-0.dll
0x0000022717b30000 - 0x0000022717b33000 	C:\Users\elena\.openjfx\cache\20.0.1+2\amd64\api-ms-win-core-synch-l1-2-0.dll
0x0000022717b40000 - 0x0000022717b43000 	C:\Users\elena\.openjfx\cache\20.0.1+2\amd64\api-ms-win-core-sysinfo-l1-1-0.dll
0x0000022717b50000 - 0x0000022717b53000 	C:\Users\elena\.openjfx\cache\20.0.1+2\amd64\api-ms-win-core-timezone-l1-1-0.dll
0x0000022717b60000 - 0x0000022717b63000 	C:\Users\elena\.openjfx\cache\20.0.1+2\amd64\api-ms-win-core-util-l1-1-0.dll
0x0000022717b70000 - 0x0000022717b73000 	C:\Users\elena\.openjfx\cache\20.0.1+2\amd64\api-ms-win-crt-conio-l1-1-0.dll
0x0000022717b80000 - 0x0000022717b84000 	C:\Users\elena\.openjfx\cache\20.0.1+2\amd64\api-ms-win-crt-convert-l1-1-0.dll
0x0000022717b90000 - 0x0000022717b93000 	C:\Users\elena\.openjfx\cache\20.0.1+2\amd64\api-ms-win-crt-environment-l1-1-0.dll
0x0000022717ba0000 - 0x0000022717ba3000 	C:\Users\elena\.openjfx\cache\20.0.1+2\amd64\api-ms-win-crt-filesystem-l1-1-0.dll
0x0000022717bb0000 - 0x0000022717bb3000 	C:\Users\elena\.openjfx\cache\20.0.1+2\amd64\api-ms-win-crt-heap-l1-1-0.dll
0x0000022717bc0000 - 0x0000022717bc3000 	C:\Users\elena\.openjfx\cache\20.0.1+2\amd64\api-ms-win-crt-locale-l1-1-0.dll
0x0000022717bd0000 - 0x0000022717bd5000 	C:\Users\elena\.openjfx\cache\20.0.1+2\amd64\api-ms-win-crt-math-l1-1-0.dll
0x0000022717be0000 - 0x0000022717be5000 	C:\Users\elena\.openjfx\cache\20.0.1+2\amd64\api-ms-win-crt-multibyte-l1-1-0.dll
0x0000022717bf0000 - 0x0000022717c00000 	C:\Users\elena\.openjfx\cache\20.0.1+2\amd64\api-ms-win-crt-private-l1-1-0.dll
0x0000022717c00000 - 0x0000022717c03000 	C:\Users\elena\.openjfx\cache\20.0.1+2\amd64\api-ms-win-crt-process-l1-1-0.dll
0x0000022717c10000 - 0x0000022717c14000 	C:\Users\elena\.openjfx\cache\20.0.1+2\amd64\api-ms-win-crt-runtime-l1-1-0.dll
0x0000022717c20000 - 0x0000022717c24000 	C:\Users\elena\.openjfx\cache\20.0.1+2\amd64\api-ms-win-crt-stdio-l1-1-0.dll
0x0000022717c30000 - 0x0000022717c34000 	C:\Users\elena\.openjfx\cache\20.0.1+2\amd64\api-ms-win-crt-string-l1-1-0.dll
0x0000022717c40000 - 0x0000022717c43000 	C:\Users\elena\.openjfx\cache\20.0.1+2\amd64\api-ms-win-crt-time-l1-1-0.dll
0x0000022717c50000 - 0x0000022717c53000 	C:\Users\elena\.openjfx\cache\20.0.1+2\amd64\api-ms-win-crt-utility-l1-1-0.dll
0x00007ff813650000 - 0x00007ff81374c000 	C:\Users\elena\.openjfx\cache\20.0.1+2\amd64\ucrtbase.dll
0x00007ff830b70000 - 0x00007ff830b8b000 	C:\Users\elena\.openjfx\cache\20.0.1+2\amd64\vcruntime140.dll
0x00007ff83a540000 - 0x00007ff83a54c000 	C:\Users\elena\.openjfx\cache\20.0.1+2\amd64\vcruntime140_1.dll
0x00007ff813450000 - 0x00007ff8134de000 	C:\Users\elena\.openjfx\cache\20.0.1+2\amd64\msvcp140.dll
0x00007ff83a150000 - 0x00007ff83a159000 	C:\Users\elena\.openjfx\cache\20.0.1+2\amd64\msvcp140_1.dll
0x00007ff8309d0000 - 0x00007ff830a00000 	C:\Users\elena\.openjfx\cache\20.0.1+2\amd64\msvcp140_2.dll
0x00007ff8309a0000 - 0x00007ff8309cf000 	C:\Users\elena\.openjfx\cache\20.0.1+2\amd64\prism_d3d.dll
0x00007ff8112f0000 - 0x00007ff811499000 	C:\WINDOWS\system32\d3d9.dll
0x00007ff80d050000 - 0x00007ff80d1b3000 	C:\WINDOWS\System32\DriverStore\FileRepository\iigd_dch.inf_amd64_e9b40d45ab4dc6b8\igdumdim64.dll
0x00007fffbcd70000 - 0x00007fffc0774000 	C:\WINDOWS\System32\DriverStore\FileRepository\iigd_dch.inf_amd64_e9b40d45ab4dc6b8\igd9dxva64.dll
0x00007ff849240000 - 0x00007ff8496b4000 	C:\WINDOWS\System32\SETUPAPI.dll
0x00007ff848400000 - 0x00007ff84844e000 	C:\WINDOWS\SYSTEM32\cfgmgr32.dll
0x00007ff82ce70000 - 0x00007ff82d0af000 	C:\WINDOWS\System32\DriverStore\FileRepository\iigd_dch.inf_amd64_e9b40d45ab4dc6b8\igdgmm64.dll
0x00007ff831990000 - 0x00007ff8319da000 	C:\WINDOWS\SYSTEM32\directxdatabasehelper.dll
0x00007ff824140000 - 0x00007ff824182000 	C:\Users\elena\.openjfx\cache\20.0.1+2\amd64\glass.dll
0x00007ff84ab60000 - 0x00007ff84ac59000 	C:\WINDOWS\System32\COMDLG32.dll
0x00007ff8264a0000 - 0x00007ff8264c7000 	C:\WINDOWS\System32\DriverStore\FileRepository\iigd_dch.inf_amd64_e9b40d45ab4dc6b8\igdinfo64.dll
0x00007ff82a040000 - 0x00007ff82cca2000 	C:\WINDOWS\System32\DriverStore\FileRepository\iigd_dch.inf_amd64_e9b40d45ab4dc6b8\igc64.dll
0x00007ff830c70000 - 0x00007ff830cf6000 	C:\Program Files\Greenfoot\jdk\bin\freetype.dll
0x00007ff81ea50000 - 0x00007ff81eaf8000 	C:\Program Files\Greenfoot\jdk\bin\fontmanager.dll

dbghelp: loaded successfully - version: 4.0.5 - missing functions: none
symbol engine: initialized successfully - sym options: 0x614 - pdb path: .;C:\Program Files\Greenfoot\jdk\bin;C:\WINDOWS\SYSTEM32;C:\WINDOWS\WinSxS\amd64_microsoft.windows.common-controls_6595b64144ccf1df_6.0.22621.3235_none_270f74e173860f98;C:\Program Files\Greenfoot\jdk\bin\server;C:\Users\elena\.openjfx\cache\20.0.1+2\amd64;C:\WINDOWS\System32\DriverStore\FileRepository\iigd_dch.inf_amd64_e9b40d45ab4dc6b8

VM Arguments:
jvm_args: -XX:MaxGCPauseMillis=50 -agentlib:jdwp=transport=dt_shmem,address=javadebug -Dfile.encoding=UTF-8 
java_command: bluej.runtime.ExecServer UTF-8
java_class_path (initial): C:\Program Files\Greenfoot\lib\greenfoot.jar;C:\Program Files\Greenfoot\lib\javafx-base-20.0.1-win.jar;C:\Program Files\Greenfoot\lib\javafx-base-20.0.1.jar;C:\Program Files\Greenfoot\lib\javafx-controls-20.0.1-win.jar;C:\Program Files\Greenfoot\lib\javafx-controls-20.0.1.jar;C:\Program Files\Greenfoot\lib\javafx-fxml-20.0.1-win.jar;C:\Program Files\Greenfoot\lib\javafx-graphics-20.0.1-win.jar;C:\Program Files\Greenfoot\lib\javafx-graphics-20.0.1.jar;C:\Program Files\Greenfoot\lib\javafx-media-20.0.1-win.jar;C:\Program Files\Greenfoot\lib\javafx-media-20.0.1.jar;C:\Program Files\Greenfoot\lib\javafx-swing-20.0.1-win.jar;C:\Program Files\Greenfoot\lib\javafx-web-20.0.1-win.jar;C:\Program Files\Greenfoot\lib\junit-4.12.jar;C:\Program Files\Greenfoot\lib\junit-jupiter-5.5.2.jar;C:\Program Files\Greenfoot\lib\junit-jupiter-api-5.5.2.jar;C:\Program Files\Greenfoot\lib\junit-jupiter-engine-5.5.2.jar;C:\Program Files\Greenfoot\lib\junit-jupiter-params-5.5.2.jar;C:\Program Files\Greenfoot\lib\junit-platform-commons-1.5.2.jar;C:\Program Files\Greenfoot\lib\junit-platform-engine-1.5.2.jar;C:\Program Files\Greenfoot\lib\junit-platform-launcher-1.5.2.jar;C:\Program Files\Greenfoot\lib\junit-platform-suite-api-1.5.2.jar;C:\Program Files\Greenfoot\lib\junit-vintage-engine-5.5.2.jar;C:\Program Files\Greenfoot\lib\hamcrest-core-1.3.jar;C:\Program Files\Greenfoot\lib\opentest4j-1.2.0.jar;C:\Program Files\Greenfoot\lib\bluej.jar;C:\Program Files\Greenfoot\lib\classgraph-4.8.90.jar;C:\Program Files\Greenfoot\lib\diffutils-1.2.1.jar;C:\Program Files\Greenfoot\lib\commons-logging-1.2.jar;C:\Program Files\Greenfoot\lib\jl1.0.1.jar;C:\Program Files\Greenfoot\lib\opencsv-2.3.jar;C:\Program Files\Greenfoot\lib\opencsv-2.4.jar;C:\Program Files\Greenfoot\lib\xom-1.3.7.jar;C:\Program Files\Greenfoot\lib\lang-stride.jar;C:\Program Files\Greenfoot\lib\nsmenufx-2.1.8.jar;C:\Program Files\Greenfoot\lib\wellbehavedfx-0.3.3.jar;C:\Program Files\Greenfoot\lib\guava-17.0.j
Launcher Type: SUN_STANDARD

[Global flags]
     intx CICompilerCount                          = 4                                         {product} {ergonomic}
     uint ConcGCThreads                            = 2                                         {product} {ergonomic}
     uint G1ConcRefinementThreads                  = 8                                         {product} {ergonomic}
   size_t G1HeapRegionSize                         = 1048576                                   {product} {ergonomic}
    uintx GCDrainStackTargetSize                   = 64                                        {product} {ergonomic}
   size_t InitialHeapSize                          = 132120576                                 {product} {ergonomic}
   size_t MarkStackSize                            = 4194304                                   {product} {ergonomic}
    uintx MaxGCPauseMillis                         = 50                                        {product} {command line}
   size_t MaxHeapSize                              = 2109734912                                {product} {ergonomic}
   size_t MaxNewSize                               = 1265631232                                {product} {ergonomic}
   size_t MinHeapDeltaBytes                        = 1048576                                   {product} {ergonomic}
   size_t MinHeapSize                              = 8388608                                   {product} {ergonomic}
    uintx NonNMethodCodeHeapSize                   = 5839372                                {pd product} {ergonomic}
    uintx NonProfiledCodeHeapSize                  = 122909434                              {pd product} {ergonomic}
    uintx ProfiledCodeHeapSize                     = 122909434                              {pd product} {ergonomic}
    uintx ReservedCodeCacheSize                    = 251658240                              {pd product} {ergonomic}
     bool SegmentedCodeCache                       = true                                      {product} {ergonomic}
   size_t SoftMaxHeapSize                          = 2109734912                             {manageable} {ergonomic}
     bool UseCompressedClassPointers               = true                           {product lp64_product} {ergonomic}
     bool UseCompressedOops                        = true                           {product lp64_product} {ergonomic}
     bool UseG1GC                                  = true                                      {product} {ergonomic}
     bool UseLargePagesIndividualAllocation        = false                                  {pd product} {ergonomic}

Logging:
Log output configuration:
 #0: stdout all=warning uptime,level,tags
 #1: stderr all=off uptime,level,tags

Environment Variables:
PATH=C:\Python312\Scripts\;C:\Python312\;C:\Program Files (x86)\Common Files\Oracle\Java\javapath;C:\ProgramData\Oracle\Java\javapath;C:\WINDOWS\system32;C:\WINDOWS;C:\WINDOWS\System32\Wbem;C:\WINDOWS\System32\WindowsPowerShell\v1.0\;C:\WINDOWS\System32\OpenSSH\;C:\Program Files\Common Files\Autodesk Shared\;C:\Program Files\Microsoft SQL Server\120\Tools\Binn\;C:\Program Files\nodejs\;C:\ProgramData\chocolatey\bin;C:\Program Files\Git\cmd;C:\Users\elena\AppData\Local\Microsoft\WindowsApps;;C:\Users\elena\AppData\Local\Programs\Microsoft VS Code\bin;C:\Users\elena\AppData\Roaming\npm
USERNAME=elena
OS=Windows_NT
PROCESSOR_IDENTIFIER=Intel64 Family 6 Model 142 Stepping 11, GenuineIntel
TMP=C:\Users\elena\AppData\Local\Temp
TEMP=C:\Users\elena\AppData\Local\Temp



---------------  S Y S T E M  ---------------

OS:
 Windows 11 , 64 bit Build 22621 (10.0.22621.3374)
OS uptime: 24 days 18:03 hours

CPU: total 8 (initial active 8) (4 cores per cpu, 2 threads per core) family 6 model 142 stepping 11 microcode 0xde, cx8, cmov, fxsr, ht, mmx, 3dnowpref, sse, sse2, sse3, ssse3, sse4.1, sse4.2, popcnt, lzcnt, tsc, tscinvbit, avx, avx2, aes, erms, clmul, bmi1, bmi2, adx, fma, vzeroupper, clflush, clflushopt

Memory: 4k page, system-wide physical 8043M (481M free)
TotalPageFile size 9944M (AvailPageFile size 165M)
current process WorkingSet (physical memory assigned to process): 302M, peak: 319M
current process commit charge ("private bytes"): 395M, peak: 888M

vm_info: OpenJDK 64-Bit Server VM (17.0.4.1+1) for windows-amd64 JRE (17.0.4.1+1), built on Aug 17 2022 07:42:43 by "temurin" with MS VC++ 16.7 (VS2019)

END.
